------------------------------------------------------------------------------------------------------------------------

[2022-03-16 21:46:08 #1 store] 
Database 'C:\Users\alejo\git\Bets21\src\main\resources\bets.temp' has been recovered (tr. 1-7)

[2022-03-16 21:46:08 #2 store] 
Database 'C:\Users\alejo\git\Bets21\src\main\resources\bets.temp' is opened by 12156@LAPTOP-PFPBTTRT

[2022-03-16 21:47:17 #3 store] 
Database 'C:\Users\alejo\git\Bets21\src\main\resources\bets.temp' is closed by 12156@LAPTOP-PFPBTTRT

------------------------------------------------------------------------------------------------------------------------

[2022-03-16 21:47:52 #1 server] 
Server on port 6136 has started by 16756@LAPTOP-PFPBTTRT

------------------------------------------------------------------------------------------------------------------------

[2022-03-16 21:47:54 #1 store] 
Database 'C:\Users\alejo\git\Bets21\src\main\resources\bets.temp' has been recovered (tr. 1-7)

[2022-03-16 21:47:54 #2 store] 
Database 'C:\Users\alejo\git\Bets21\src\main\resources\bets.temp' is opened by 8672@LAPTOP-PFPBTTRT

[2022-03-16 21:48:10 #3 store] 
Database 'C:\Users\alejo\git\Bets21\src\main\resources\bets.temp' is closed by 8672@LAPTOP-PFPBTTRT

------------------------------------------------------------------------------------------------------------------------

[2022-03-16 21:50:18 #1 store] 
Database 'C:\Users\alejo\git\Bets21\src\main\resources\bets.temp' has been recovered (tr. 1-8)

[2022-03-16 21:50:18 #2 store] 
Database 'C:\Users\alejo\git\Bets21\src\main\resources\bets.temp' is opened by 16452@LAPTOP-PFPBTTRT

[2022-03-16 21:50:29 #3 store] 
Database 'C:\Users\alejo\git\Bets21\src\main\resources\bets.temp' is closed by 16452@LAPTOP-PFPBTTRT

