------------------------------------------------------------------------------------------------------------------------

[2022-04-22 19:05:38 #1 store] 
Database 'C:\Users\alejo\git\Bet21_3iterazioa\Bets21\src\main\resources\bets.temp' has been recovered (tr. 9-12)

[2022-04-22 19:05:38 #2 store] 
Database 'C:\Users\alejo\git\Bet21_3iterazioa\Bets21\src\main\resources\bets.temp' is opened by 12116@LAPTOP-PFPBTTRT

[2022-04-22 19:06:35 #3 store] 
Database 'C:\Users\alejo\git\Bet21_3iterazioa\Bets21\src\main\resources\bets.temp' is closed by 12116@LAPTOP-PFPBTTRT

------------------------------------------------------------------------------------------------------------------------

[2022-04-22 23:30:36 #1 store] 
Database 'C:\Users\alejo\git\Bet21_3iterazioa\Bets21\src\main\resources\bets.temp' has been recovered (tr. 17-32)

[2022-04-22 23:30:36 #2 store] 
Database 'C:\Users\alejo\git\Bet21_3iterazioa\Bets21\src\main\resources\bets.temp' is opened by 1608@LAPTOP-PFPBTTRT

[2022-04-22 23:30:59 #3 store] 
Database 'C:\Users\alejo\git\Bet21_3iterazioa\Bets21\src\main\resources\bets.temp' is closed by 1608@LAPTOP-PFPBTTRT

------------------------------------------------------------------------------------------------------------------------

[2022-04-22 23:34:14 #1 store] 
Database 'C:\Users\alejo\git\Bet21_3iterazioa\Bets21\src\main\resources\bets.temp' has been recovered (tr. 33-34)

[2022-04-22 23:34:14 #2 store] 
Database 'C:\Users\alejo\git\Bet21_3iterazioa\Bets21\src\main\resources\bets.temp' is opened by 3112@LAPTOP-PFPBTTRT

[2022-04-22 23:34:56 #3 store] 
Database 'C:\Users\alejo\git\Bet21_3iterazioa\Bets21\src\main\resources\bets.temp' is closed by 3112@LAPTOP-PFPBTTRT

