------------------------------------------------------------------------------------------------------------------------

[2022-04-26 19:03:28 #1 store] 
Database 'C:\Users\alejo\git\Bet21_3iterazioa\Bets21\src\main\resources\bets.temp' has been recovered (tr. 1-8)

[2022-04-26 19:03:28 #2 store] 
Database 'C:\Users\alejo\git\Bet21_3iterazioa\Bets21\src\main\resources\bets.temp' is opened by 18336@LAPTOP-PFPBTTRT

[2022-04-26 19:05:27 #3 store] 
Database 'C:\Users\alejo\git\Bet21_3iterazioa\Bets21\src\main\resources\bets.temp' is closed by 18336@LAPTOP-PFPBTTRT

------------------------------------------------------------------------------------------------------------------------

[2022-04-26 20:50:43 #1 store] 
Database 'C:\Users\alejo\git\Bet21_3iterazioa\Bets21\src\main\resources\bets.temp' has been recovered (tr. 24-25)

[2022-04-26 20:50:44 #2 store] 
Database 'C:\Users\alejo\git\Bet21_3iterazioa\Bets21\src\main\resources\bets.temp' is opened by 5828@LAPTOP-PFPBTTRT

[2022-04-26 21:15:12 #3 store] 
Database 'C:\Users\alejo\git\Bet21_3iterazioa\Bets21\src\main\resources\bets.temp' is closed by 5828@LAPTOP-PFPBTTRT

------------------------------------------------------------------------------------------------------------------------

[2022-04-26 22:02:36 #1 store] 
Database 'C:\Users\alejo\git\Bet21_3iterazioa\Bets21\src\main\resources\bets.temp' has been recovered (tr. 1-8)

[2022-04-26 22:02:36 #2 store] 
Database 'C:\Users\alejo\git\Bet21_3iterazioa\Bets21\src\main\resources\bets.temp' is opened by 12924@LAPTOP-PFPBTTRT

[2022-04-26 22:04:15 #3 store] 
Database 'C:\Users\alejo\git\Bet21_3iterazioa\Bets21\src\main\resources\bets.temp' is closed by 12924@LAPTOP-PFPBTTRT

