------------------------------------------------------------------------------------------------------------------------

[2022-04-05 10:49:18 #1 store] 
Database 'D:\git\Bet21\Bets21\src\main\resources\bets.temp' has been recovered (tr. 132-132)

[2022-04-05 10:49:18 #2 store] 
Database 'D:\git\Bet21\Bets21\src\main\resources\bets.temp' is opened by 10364@LAPTOP-PFPBTTRT

[2022-04-05 10:49:29 #3 store] 
Database 'D:\git\Bet21\Bets21\src\main\resources\bets.temp' is closed by 10364@LAPTOP-PFPBTTRT

------------------------------------------------------------------------------------------------------------------------

[2022-04-05 11:09:21 #1 store] 
Database 'D:\git\Bet21\Bets21\src\main\resources\bets.temp' has been recovered (tr. 1-9)

[2022-04-05 11:09:21 #2 store] 
Database 'D:\git\Bet21\Bets21\src\main\resources\bets.temp' is opened by 8156@LAPTOP-PFPBTTRT

[2022-04-05 11:09:59 #3 store] 
Database 'D:\git\Bet21\Bets21\src\main\resources\bets.temp' is closed by 8156@LAPTOP-PFPBTTRT

------------------------------------------------------------------------------------------------------------------------

[2022-04-05 11:15:48 #1 store] 
Database 'D:\git\Bet21\Bets21\src\main\resources\bets.temp' has been recovered (tr. 1-9)

[2022-04-05 11:15:49 #2 store] 
Database 'D:\git\Bet21\Bets21\src\main\resources\bets.temp' is opened by 13168@LAPTOP-PFPBTTRT

[2022-04-05 11:16:00 #3 store] 
Database 'D:\git\Bet21\Bets21\src\main\resources\bets.temp' is closed by 13168@LAPTOP-PFPBTTRT

------------------------------------------------------------------------------------------------------------------------

[2022-04-05 11:22:49 #1 store] 
Database 'D:\git\Bet21\Bets21\src\main\resources\bets.temp' has been recovered (tr. 1-9)

[2022-04-05 11:22:49 #2 store] 
Database 'D:\git\Bet21\Bets21\src\main\resources\bets.temp' is opened by 7948@LAPTOP-PFPBTTRT

[2022-04-05 11:23:00 #3 store] 
Database 'D:\git\Bet21\Bets21\src\main\resources\bets.temp' is closed by 7948@LAPTOP-PFPBTTRT

------------------------------------------------------------------------------------------------------------------------

[2022-04-05 22:49:29 #1 store] 
Database 'D:\workspace eclipse\SIProiektua2\Bets213\src\main\resources\bets.temp' has been recovered (tr. 134-136)

[2022-04-05 22:49:29 #2 store] 
Database 'D:\workspace eclipse\SIProiektua2\Bets213\src\main\resources\bets.temp' is opened by 3016@LAPTOP-PFPBTTRT

[2022-04-05 22:49:48 #3 store] 
Database 'D:\workspace eclipse\SIProiektua2\Bets213\src\main\resources\bets.temp' is closed by 3016@LAPTOP-PFPBTTRT

