------------------------------------------------------------------------------------------------------------------------

[2022-04-23 00:08:41 #1 store] 
Database 'C:\Users\alejo\git\Bet21_3iterazioa\Bets21\src\main\resources\bets.temp' has been recovered (tr. 10-21)

[2022-04-23 00:08:41 #2 store] 
Database 'C:\Users\alejo\git\Bet21_3iterazioa\Bets21\src\main\resources\bets.temp' is opened by 15188@LAPTOP-PFPBTTRT

[2022-04-23 00:09:33 #3 store] 
Database 'C:\Users\alejo\git\Bet21_3iterazioa\Bets21\src\main\resources\bets.temp' is closed by 15188@LAPTOP-PFPBTTRT

------------------------------------------------------------------------------------------------------------------------

[2022-04-23 00:14:18 #1 store] 
Database 'C:\Users\alejo\git\Bet21_3iterazioa\Bets21\src\main\resources\bets.temp' is opened by 19292@LAPTOP-PFPBTTRT

[2022-04-23 00:14:31 #2 type.registry] 
New type java.lang.Object[]

[2022-04-23 00:15:12 #3 store] 
Database 'C:\Users\alejo\git\Bet21_3iterazioa\Bets21\src\main\resources\bets.temp' is closed by 19292@LAPTOP-PFPBTTRT

------------------------------------------------------------------------------------------------------------------------

[2022-04-23 00:16:46 #1 store] 
Database 'C:\Users\alejo\git\Bet21_3iterazioa\Bets21\src\main\resources\bets.temp' is opened by 4280@LAPTOP-PFPBTTRT

[2022-04-23 00:17:24 #2 store] 
Database 'C:\Users\alejo\git\Bet21_3iterazioa\Bets21\src\main\resources\bets.temp' is closed by 4280@LAPTOP-PFPBTTRT

------------------------------------------------------------------------------------------------------------------------

[2022-04-23 00:23:13 #1 store] 
Database 'C:\Users\alejo\git\Bet21_3iterazioa\Bets21\src\main\resources\bets.temp' is opened by 8404@LAPTOP-PFPBTTRT

[2022-04-23 00:24:00 #2 store] 
Database 'C:\Users\alejo\git\Bet21_3iterazioa\Bets21\src\main\resources\bets.temp' is closed by 8404@LAPTOP-PFPBTTRT

------------------------------------------------------------------------------------------------------------------------

[2022-04-23 13:38:53 #1 store] 
Database 'C:\Users\alejo\git\Bet21_3iterazioa\Bets21\src\main\resources\bets.temp' is opened by 17288@LAPTOP-PFPBTTRT

[2022-04-23 13:39:53 #2 store] 
Database 'C:\Users\alejo\git\Bet21_3iterazioa\Bets21\src\main\resources\bets.temp' is closed by 17288@LAPTOP-PFPBTTRT

------------------------------------------------------------------------------------------------------------------------

[2022-04-23 13:42:55 #1 store] 
Database 'C:\Users\alejo\git\Bet21_3iterazioa\Bets21\src\main\resources\bets.temp' has been recovered (tr. 11-12)

[2022-04-23 13:42:56 #2 store] 
Database 'C:\Users\alejo\git\Bet21_3iterazioa\Bets21\src\main\resources\bets.temp' is opened by 15184@LAPTOP-PFPBTTRT

[2022-04-23 13:44:18 #3 store] 
Database 'C:\Users\alejo\git\Bet21_3iterazioa\Bets21\src\main\resources\bets.temp' is closed by 15184@LAPTOP-PFPBTTRT

------------------------------------------------------------------------------------------------------------------------

[2022-04-23 13:44:49 #1 store] 
Database 'C:\Users\alejo\git\Bet21_3iterazioa\Bets21\src\main\resources\bets.temp' has been recovered (tr. 1-10)

[2022-04-23 13:44:49 #2 store] 
Database 'C:\Users\alejo\git\Bet21_3iterazioa\Bets21\src\main\resources\bets.temp' is opened by 18348@LAPTOP-PFPBTTRT

[2022-04-23 13:45:39 #3 store] 
Database 'C:\Users\alejo\git\Bet21_3iterazioa\Bets21\src\main\resources\bets.temp' is closed by 18348@LAPTOP-PFPBTTRT

------------------------------------------------------------------------------------------------------------------------

[2022-04-23 13:53:36 #1 store] 
Database 'C:\Users\alejo\git\Bet21_3iterazioa\Bets21\src\main\resources\bets.temp' has been recovered (tr. 1-10)

[2022-04-23 13:53:36 #2 store] 
Database 'C:\Users\alejo\git\Bet21_3iterazioa\Bets21\src\main\resources\bets.temp' is opened by 4744@LAPTOP-PFPBTTRT

[2022-04-23 13:54:44 #3 store] 
Database 'C:\Users\alejo\git\Bet21_3iterazioa\Bets21\src\main\resources\bets.temp' is closed by 4744@LAPTOP-PFPBTTRT

