------------------------------------------------------------------------------------------------------------------------

[2022-05-15 00:31:57 #1 store] 
Database 'C:\Users\alejo\git\Bet21_3iterazioa\Bets21\src\main\resources\bets.temp' is opened by 3068@LAPTOP-PFPBTTRT

[2022-05-15 00:31:57 #2 type] 
Type domain.Question is not enhanced.

[2022-05-15 00:31:57 #3 type] 
Type domain.Cuote is not enhanced.

[2022-05-15 00:31:57 #4 type] 
Type domain.Event is not enhanced.

[2022-05-15 00:31:57 #5 type] 
Type domain.Bet is not enhanced.

[2022-05-15 00:31:57 #6 type] 
Type domain.User is not enhanced.

[2022-05-15 00:31:57 #7 type] 
Type domain.Chat is not enhanced.

[2022-05-15 00:31:57 #8 type] 
Type domain.Message is not enhanced.

[2022-05-15 00:31:57 #9 type] 
Type domain.NormalUser is not enhanced.

[2022-05-15 00:31:57 #10 type] 
Type domain.Transaction is not enhanced.

[2022-05-15 00:31:57 #11 type] 
Type domain.Admin is not enhanced.

[2022-05-15 00:31:57 #12 type] 
Type domain.Group is not enhanced.

------------------------------------------------------------------------------------------------------------------------

[2022-05-15 00:33:11 #1 store] 
Database 'C:\Users\alejo\git\Bet21_3iterazioa\Bets21\src\main\resources\bets.temp' is opened by 15352@LAPTOP-PFPBTTRT

[2022-05-15 00:33:12 #2 type] 
Type domain.Question is not enhanced.

[2022-05-15 00:33:12 #3 type] 
Type domain.Cuote is not enhanced.

[2022-05-15 00:33:12 #4 type] 
Type domain.Event is not enhanced.

[2022-05-15 00:33:12 #5 type] 
Type domain.Bet is not enhanced.

[2022-05-15 00:33:12 #6 type] 
Type domain.User is not enhanced.

[2022-05-15 00:33:12 #7 type] 
Type domain.Chat is not enhanced.

[2022-05-15 00:33:12 #8 type] 
Type domain.Message is not enhanced.

[2022-05-15 00:33:12 #9 type] 
Type domain.NormalUser is not enhanced.

[2022-05-15 00:33:12 #10 type] 
Type domain.Transaction is not enhanced.

[2022-05-15 00:33:12 #11 type] 
Type domain.Admin is not enhanced.

[2022-05-15 00:33:12 #12 type] 
Type domain.Group is not enhanced.

------------------------------------------------------------------------------------------------------------------------

[2022-05-15 00:43:32 #1 store] 
Database 'C:\Users\alejo\git\Bet21_3iterazioa\Bets21\src\main\resources\bets.temp' is opened by 9932@LAPTOP-PFPBTTRT

[2022-05-15 00:43:33 #2 type] 
Type domain.Question is not enhanced.

[2022-05-15 00:43:33 #3 type] 
Type domain.Cuote is not enhanced.

[2022-05-15 00:43:33 #4 type] 
Type domain.Event is not enhanced.

[2022-05-15 00:43:33 #5 type] 
Type domain.Bet is not enhanced.

[2022-05-15 00:43:33 #6 type] 
Type domain.User is not enhanced.

[2022-05-15 00:43:33 #7 type] 
Type domain.Chat is not enhanced.

[2022-05-15 00:43:33 #8 type] 
Type domain.Message is not enhanced.

[2022-05-15 00:43:33 #9 type] 
Type domain.NormalUser is not enhanced.

[2022-05-15 00:43:33 #10 type] 
Type domain.Transaction is not enhanced.

[2022-05-15 00:43:33 #11 type] 
Type domain.Admin is not enhanced.

[2022-05-15 00:43:33 #12 type] 
Type domain.Group is not enhanced.

------------------------------------------------------------------------------------------------------------------------

[2022-05-15 00:44:13 #1 store] 
Database 'C:\Users\alejo\git\Bet21_3iterazioa\Bets21\src\main\resources\bets.temp' is opened by 11620@LAPTOP-PFPBTTRT

[2022-05-15 00:44:14 #2 type] 
Type domain.Question is not enhanced.

[2022-05-15 00:44:14 #3 type] 
Type domain.Cuote is not enhanced.

[2022-05-15 00:44:14 #4 type] 
Type domain.Event is not enhanced.

[2022-05-15 00:44:14 #5 type] 
Type domain.Bet is not enhanced.

[2022-05-15 00:44:14 #6 type] 
Type domain.User is not enhanced.

[2022-05-15 00:44:14 #7 type] 
Type domain.Chat is not enhanced.

[2022-05-15 00:44:14 #8 type] 
Type domain.Message is not enhanced.

[2022-05-15 00:44:14 #9 type] 
Type domain.NormalUser is not enhanced.

[2022-05-15 00:44:14 #10 type] 
Type domain.Transaction is not enhanced.

[2022-05-15 00:44:14 #11 type] 
Type domain.Admin is not enhanced.

[2022-05-15 00:44:14 #12 type] 
Type domain.Group is not enhanced.

------------------------------------------------------------------------------------------------------------------------

[2022-05-15 00:45:54 #1 store] 
Database 'C:\Users\alejo\git\Bet21_3iterazioa\Bets21\src\main\resources\bets.temp' has been recovered (tr. 61-61)

[2022-05-15 00:45:54 #2 store] 
Database 'C:\Users\alejo\git\Bet21_3iterazioa\Bets21\src\main\resources\bets.temp' is opened by 12328@LAPTOP-PFPBTTRT

[2022-05-15 00:45:54 #3 type] 
Type domain.Question is not enhanced.

[2022-05-15 00:45:54 #4 type] 
Type domain.Cuote is not enhanced.

[2022-05-15 00:45:54 #5 type] 
Type domain.Event is not enhanced.

[2022-05-15 00:45:54 #6 type] 
Type domain.Bet is not enhanced.

[2022-05-15 00:45:54 #7 type] 
Type domain.User is not enhanced.

[2022-05-15 00:45:54 #8 type] 
Type domain.Chat is not enhanced.

[2022-05-15 00:45:54 #9 type] 
Type domain.Message is not enhanced.

[2022-05-15 00:45:54 #10 type] 
Type domain.NormalUser is not enhanced.

[2022-05-15 00:45:54 #11 type] 
Type domain.Transaction is not enhanced.

[2022-05-15 00:45:54 #12 type] 
Type domain.Admin is not enhanced.

[2022-05-15 00:45:54 #13 type] 
Type domain.Group is not enhanced.

------------------------------------------------------------------------------------------------------------------------

[2022-05-15 00:52:53 #1 store] 
Database 'C:\Users\alejo\git\Bet21_3iterazioa\Bets21\src\main\resources\bets.temp' is opened by 9528@LAPTOP-PFPBTTRT

[2022-05-15 00:52:53 #2 type] 
Type domain.Question is not enhanced.

[2022-05-15 00:52:53 #3 type] 
Type domain.Cuote is not enhanced.

[2022-05-15 00:52:53 #4 type] 
Type domain.Event is not enhanced.

[2022-05-15 00:52:53 #5 type] 
Type domain.Bet is not enhanced.

[2022-05-15 00:52:53 #6 type] 
Type domain.User is not enhanced.

[2022-05-15 00:52:53 #7 type] 
Type domain.Chat is not enhanced.

[2022-05-15 00:52:53 #8 type] 
Type domain.Message is not enhanced.

[2022-05-15 00:52:53 #9 type] 
Type domain.NormalUser is not enhanced.

[2022-05-15 00:52:53 #10 type] 
Type domain.Transaction is not enhanced.

[2022-05-15 00:52:53 #11 type] 
Type domain.Admin is not enhanced.

[2022-05-15 00:52:53 #12 type] 
Type domain.Group is not enhanced.

------------------------------------------------------------------------------------------------------------------------

[2022-05-15 00:55:42 #1 store] 
Database 'C:\Users\alejo\git\Bet21_3iterazioa\Bets21\src\main\resources\bets.temp' is opened by 10496@LAPTOP-PFPBTTRT

[2022-05-15 00:55:42 #2 type] 
Type domain.Question is not enhanced.

[2022-05-15 00:55:42 #3 type] 
Type domain.Cuote is not enhanced.

[2022-05-15 00:55:42 #4 type] 
Type domain.Event is not enhanced.

[2022-05-15 00:55:42 #5 type] 
Type domain.Bet is not enhanced.

[2022-05-15 00:55:42 #6 type] 
Type domain.User is not enhanced.

[2022-05-15 00:55:42 #7 type] 
Type domain.Chat is not enhanced.

[2022-05-15 00:55:42 #8 type] 
Type domain.Message is not enhanced.

[2022-05-15 00:55:42 #9 type] 
Type domain.NormalUser is not enhanced.

[2022-05-15 00:55:42 #10 type] 
Type domain.Transaction is not enhanced.

[2022-05-15 00:55:42 #11 type] 
Type domain.Admin is not enhanced.

[2022-05-15 00:55:42 #12 type] 
Type domain.Group is not enhanced.

------------------------------------------------------------------------------------------------------------------------

[2022-05-15 01:05:24 #1 store] 
Database 'C:\Users\alejo\git\Bet21_3iterazioa\Bets21\src\main\resources\bets.temp' is opened by 4348@LAPTOP-PFPBTTRT

[2022-05-15 01:05:24 #2 type] 
Type domain.Question is not enhanced.

[2022-05-15 01:05:24 #3 type] 
Type domain.Cuote is not enhanced.

[2022-05-15 01:05:24 #4 type] 
Type domain.Event is not enhanced.

[2022-05-15 01:05:24 #5 type] 
Type domain.Bet is not enhanced.

[2022-05-15 01:05:25 #6 type] 
Type domain.User is not enhanced.

[2022-05-15 01:05:25 #7 type] 
Type domain.Chat is not enhanced.

[2022-05-15 01:05:25 #8 type] 
Type domain.Message is not enhanced.

[2022-05-15 01:05:25 #9 type] 
Type domain.NormalUser is not enhanced.

[2022-05-15 01:05:25 #10 type] 
Type domain.Transaction is not enhanced.

[2022-05-15 01:05:25 #11 type] 
Type domain.Admin is not enhanced.

[2022-05-15 01:05:25 #12 type] 
Type domain.Group is not enhanced.

------------------------------------------------------------------------------------------------------------------------

[2022-05-15 01:06:23 #1 store] 
Database 'C:\Users\alejo\git\Bet21_3iterazioa\Bets21\src\main\resources\bets.temp' is opened by 12596@LAPTOP-PFPBTTRT

[2022-05-15 01:06:23 #2 type] 
Type domain.Question is not enhanced.

[2022-05-15 01:06:23 #3 type] 
Type domain.Cuote is not enhanced.

[2022-05-15 01:06:23 #4 type] 
Type domain.Event is not enhanced.

[2022-05-15 01:06:23 #5 type] 
Type domain.Bet is not enhanced.

[2022-05-15 01:06:23 #6 type] 
Type domain.User is not enhanced.

[2022-05-15 01:06:23 #7 type] 
Type domain.Chat is not enhanced.

[2022-05-15 01:06:23 #8 type] 
Type domain.Message is not enhanced.

[2022-05-15 01:06:23 #9 type] 
Type domain.NormalUser is not enhanced.

[2022-05-15 01:06:23 #10 type] 
Type domain.Transaction is not enhanced.

[2022-05-15 01:06:23 #11 type] 
Type domain.Admin is not enhanced.

[2022-05-15 01:06:23 #12 type] 
Type domain.Group is not enhanced.

------------------------------------------------------------------------------------------------------------------------

[2022-05-15 01:13:13 #1 store] 
Database 'C:\Users\alejo\git\Bet21_3iterazioa\Bets21\src\main\resources\bets.temp' is opened by 15440@LAPTOP-PFPBTTRT

[2022-05-15 01:13:13 #2 type] 
Type domain.Question is not enhanced.

[2022-05-15 01:13:13 #3 type] 
Type domain.Cuote is not enhanced.

[2022-05-15 01:13:13 #4 type] 
Type domain.Event is not enhanced.

[2022-05-15 01:13:13 #5 type] 
Type domain.Bet is not enhanced.

[2022-05-15 01:13:13 #6 type] 
Type domain.User is not enhanced.

[2022-05-15 01:13:13 #7 type] 
Type domain.Chat is not enhanced.

[2022-05-15 01:13:13 #8 type] 
Type domain.Message is not enhanced.

[2022-05-15 01:13:13 #9 type] 
Type domain.NormalUser is not enhanced.

[2022-05-15 01:13:13 #10 type] 
Type domain.Transaction is not enhanced.

[2022-05-15 01:13:13 #11 type] 
Type domain.Admin is not enhanced.

[2022-05-15 01:13:13 #12 type] 
Type domain.Group is not enhanced.

------------------------------------------------------------------------------------------------------------------------

[2022-05-15 01:17:06 #1 store] 
Database 'C:\Users\alejo\git\Bet21_3iterazioa\Bets21\src\main\resources\bets.temp' is opened by 3732@LAPTOP-PFPBTTRT

[2022-05-15 01:17:06 #2 type] 
Type domain.Question is not enhanced.

[2022-05-15 01:17:06 #3 type] 
Type domain.Cuote is not enhanced.

[2022-05-15 01:17:06 #4 type] 
Type domain.Event is not enhanced.

[2022-05-15 01:17:06 #5 type] 
Type domain.Bet is not enhanced.

[2022-05-15 01:17:06 #6 type] 
Type domain.User is not enhanced.

[2022-05-15 01:17:06 #7 type] 
Type domain.Chat is not enhanced.

[2022-05-15 01:17:06 #8 type] 
Type domain.Message is not enhanced.

[2022-05-15 01:17:06 #9 type] 
Type domain.NormalUser is not enhanced.

[2022-05-15 01:17:06 #10 type] 
Type domain.Transaction is not enhanced.

[2022-05-15 01:17:06 #11 type] 
Type domain.Admin is not enhanced.

[2022-05-15 01:17:06 #12 type] 
Type domain.Group is not enhanced.

------------------------------------------------------------------------------------------------------------------------

[2022-05-15 01:20:32 #1 store] 
Database 'C:\Users\alejo\git\Bet21_3iterazioa\Bets21\src\main\resources\bets.temp' is opened by 1124@LAPTOP-PFPBTTRT

[2022-05-15 01:20:33 #2 type] 
Type domain.Question is not enhanced.

[2022-05-15 01:20:33 #3 type] 
Type domain.Cuote is not enhanced.

[2022-05-15 01:20:33 #4 type] 
Type domain.Event is not enhanced.

[2022-05-15 01:20:33 #5 type] 
Type domain.Bet is not enhanced.

[2022-05-15 01:20:33 #6 type] 
Type domain.User is not enhanced.

[2022-05-15 01:20:33 #7 type] 
Type domain.Chat is not enhanced.

[2022-05-15 01:20:33 #8 type] 
Type domain.Message is not enhanced.

[2022-05-15 01:20:33 #9 type] 
Type domain.NormalUser is not enhanced.

[2022-05-15 01:20:33 #10 type] 
Type domain.Transaction is not enhanced.

[2022-05-15 01:20:33 #11 type] 
Type domain.Admin is not enhanced.

[2022-05-15 01:20:33 #12 type] 
Type domain.Group is not enhanced.

------------------------------------------------------------------------------------------------------------------------

[2022-05-15 01:21:20 #1 store] 
Database 'C:\Users\alejo\git\Bet21_3iterazioa\Bets21\src\main\resources\bets.temp' is opened by 16480@LAPTOP-PFPBTTRT

[2022-05-15 01:21:20 #2 type] 
Type domain.Question is not enhanced.

[2022-05-15 01:21:20 #3 type] 
Type domain.Cuote is not enhanced.

[2022-05-15 01:21:20 #4 type] 
Type domain.Event is not enhanced.

[2022-05-15 01:21:20 #5 type] 
Type domain.Bet is not enhanced.

[2022-05-15 01:21:20 #6 type] 
Type domain.User is not enhanced.

[2022-05-15 01:21:20 #7 type] 
Type domain.Chat is not enhanced.

[2022-05-15 01:21:20 #8 type] 
Type domain.Message is not enhanced.

[2022-05-15 01:21:20 #9 type] 
Type domain.NormalUser is not enhanced.

[2022-05-15 01:21:20 #10 type] 
Type domain.Transaction is not enhanced.

[2022-05-15 01:21:20 #11 type] 
Type domain.Admin is not enhanced.

[2022-05-15 01:21:20 #12 type] 
Type domain.Group is not enhanced.

------------------------------------------------------------------------------------------------------------------------

[2022-05-15 01:25:11 #1 store] 
Database 'C:\Users\alejo\git\Bet21_3iterazioa\Bets21\src\main\resources\bets.temp' is opened by 10244@LAPTOP-PFPBTTRT

[2022-05-15 01:25:11 #2 type] 
Type domain.Question is not enhanced.

[2022-05-15 01:25:11 #3 type] 
Type domain.Cuote is not enhanced.

[2022-05-15 01:25:11 #4 type] 
Type domain.Event is not enhanced.

[2022-05-15 01:25:11 #5 type] 
Type domain.Bet is not enhanced.

[2022-05-15 01:25:11 #6 type] 
Type domain.User is not enhanced.

[2022-05-15 01:25:11 #7 type] 
Type domain.Chat is not enhanced.

[2022-05-15 01:25:11 #8 type] 
Type domain.Message is not enhanced.

[2022-05-15 01:25:11 #9 type] 
Type domain.NormalUser is not enhanced.

[2022-05-15 01:25:11 #10 type] 
Type domain.Transaction is not enhanced.

[2022-05-15 01:25:11 #11 type] 
Type domain.Admin is not enhanced.

[2022-05-15 01:25:11 #12 type] 
Type domain.Group is not enhanced.

------------------------------------------------------------------------------------------------------------------------

[2022-05-15 01:30:06 #1 store] 
Database 'C:\Users\alejo\git\Bet21_3iterazioa\Bets21\src\main\resources\bets.temp' has been recovered (tr. 62-67)

[2022-05-15 01:30:06 #2 store] 
Database 'C:\Users\alejo\git\Bet21_3iterazioa\Bets21\src\main\resources\bets.temp' is opened by 7220@LAPTOP-PFPBTTRT

[2022-05-15 01:30:06 #3 type] 
Type domain.Question is not enhanced.

[2022-05-15 01:30:06 #4 type] 
Type domain.Cuote is not enhanced.

[2022-05-15 01:30:06 #5 type] 
Type domain.Event is not enhanced.

[2022-05-15 01:30:06 #6 type] 
Type domain.Bet is not enhanced.

[2022-05-15 01:30:06 #7 type] 
Type domain.User is not enhanced.

[2022-05-15 01:30:06 #8 type] 
Type domain.Chat is not enhanced.

[2022-05-15 01:30:06 #9 type] 
Type domain.Message is not enhanced.

[2022-05-15 01:30:06 #10 type] 
Type domain.NormalUser is not enhanced.

[2022-05-15 01:30:06 #11 type] 
Type domain.Transaction is not enhanced.

[2022-05-15 01:30:06 #12 type] 
Type domain.Admin is not enhanced.

[2022-05-15 01:30:06 #13 type] 
Type domain.Group is not enhanced.

------------------------------------------------------------------------------------------------------------------------

[2022-05-15 01:30:57 #1 store] 
Database 'C:\Users\alejo\git\Bet21_3iterazioa\Bets21\src\main\resources\bets.temp' has been recovered (tr. 68-74)

[2022-05-15 01:30:57 #2 store] 
Database 'C:\Users\alejo\git\Bet21_3iterazioa\Bets21\src\main\resources\bets.temp' is opened by 4876@LAPTOP-PFPBTTRT

[2022-05-15 01:30:57 #3 type] 
Type domain.Question is not enhanced.

[2022-05-15 01:30:57 #4 type] 
Type domain.Cuote is not enhanced.

[2022-05-15 01:30:57 #5 type] 
Type domain.Event is not enhanced.

[2022-05-15 01:30:57 #6 type] 
Type domain.Bet is not enhanced.

[2022-05-15 01:30:57 #7 type] 
Type domain.User is not enhanced.

[2022-05-15 01:30:57 #8 type] 
Type domain.Chat is not enhanced.

[2022-05-15 01:30:57 #9 type] 
Type domain.Message is not enhanced.

[2022-05-15 01:30:57 #10 type] 
Type domain.NormalUser is not enhanced.

[2022-05-15 01:30:57 #11 type] 
Type domain.Transaction is not enhanced.

[2022-05-15 01:30:57 #12 type] 
Type domain.Admin is not enhanced.

[2022-05-15 01:30:57 #13 type] 
Type domain.Group is not enhanced.

------------------------------------------------------------------------------------------------------------------------

[2022-05-15 10:42:19 #1 store] 
Database 'C:\Users\alejo\git\Bet21_3iterazioa\Bets21\src\main\resources\bets.temp' has been recovered (tr. 75-75)

[2022-05-15 10:42:19 #2 store] 
Database 'C:\Users\alejo\git\Bet21_3iterazioa\Bets21\src\main\resources\bets.temp' is opened by 17164@LAPTOP-PFPBTTRT

[2022-05-15 10:42:19 #3 type] 
Type domain.Question is not enhanced.

[2022-05-15 10:42:19 #4 type] 
Type domain.Cuote is not enhanced.

[2022-05-15 10:42:19 #5 type] 
Type domain.Event is not enhanced.

[2022-05-15 10:42:19 #6 type] 
Type domain.Bet is not enhanced.

[2022-05-15 10:42:19 #7 type] 
Type domain.User is not enhanced.

[2022-05-15 10:42:19 #8 type] 
Type domain.Chat is not enhanced.

[2022-05-15 10:42:19 #9 type] 
Type domain.Message is not enhanced.

[2022-05-15 10:42:19 #10 type] 
Type domain.NormalUser is not enhanced.

[2022-05-15 10:42:19 #11 type] 
Type domain.Transaction is not enhanced.

[2022-05-15 10:42:19 #12 type] 
Type domain.Admin is not enhanced.

[2022-05-15 10:42:19 #13 type] 
Type domain.Group is not enhanced.

------------------------------------------------------------------------------------------------------------------------

[2022-05-15 10:43:37 #1 store] 
Database 'C:\Users\alejo\git\Bet21_3iterazioa\Bets21\src\main\resources\bets.temp' has been recovered (tr. 76-76)

[2022-05-15 10:43:38 #2 store] 
Database 'C:\Users\alejo\git\Bet21_3iterazioa\Bets21\src\main\resources\bets.temp' is opened by 8480@LAPTOP-PFPBTTRT

[2022-05-15 10:43:38 #3 type] 
Type domain.Question is not enhanced.

[2022-05-15 10:43:38 #4 type] 
Type domain.Cuote is not enhanced.

[2022-05-15 10:43:38 #5 type] 
Type domain.Event is not enhanced.

[2022-05-15 10:43:38 #6 type] 
Type domain.Bet is not enhanced.

[2022-05-15 10:43:38 #7 type] 
Type domain.User is not enhanced.

[2022-05-15 10:43:38 #8 type] 
Type domain.Chat is not enhanced.

[2022-05-15 10:43:38 #9 type] 
Type domain.Message is not enhanced.

[2022-05-15 10:43:38 #10 type] 
Type domain.NormalUser is not enhanced.

[2022-05-15 10:43:38 #11 type] 
Type domain.Transaction is not enhanced.

[2022-05-15 10:43:38 #12 type] 
Type domain.Admin is not enhanced.

[2022-05-15 10:43:38 #13 type] 
Type domain.Group is not enhanced.

------------------------------------------------------------------------------------------------------------------------

[2022-05-15 10:59:24 #1 store] 
Database 'C:\Users\alejo\git\Bet21_3iterazioa\Bets21\src\main\resources\bets.temp' has been recovered (tr. 77-84)

[2022-05-15 10:59:25 #2 store] 
Database 'C:\Users\alejo\git\Bet21_3iterazioa\Bets21\src\main\resources\bets.temp' is opened by 17256@LAPTOP-PFPBTTRT

[2022-05-15 10:59:25 #3 type] 
Type domain.Question is not enhanced.

[2022-05-15 10:59:25 #4 type] 
Type domain.Cuote is not enhanced.

[2022-05-15 10:59:25 #5 type] 
Type domain.Event is not enhanced.

[2022-05-15 10:59:25 #6 type] 
Type domain.Bet is not enhanced.

[2022-05-15 10:59:25 #7 type] 
Type domain.User is not enhanced.

[2022-05-15 10:59:25 #8 type] 
Type domain.Chat is not enhanced.

[2022-05-15 10:59:25 #9 type] 
Type domain.Message is not enhanced.

[2022-05-15 10:59:25 #10 type] 
Type domain.NormalUser is not enhanced.

[2022-05-15 10:59:25 #11 type] 
Type domain.Transaction is not enhanced.

[2022-05-15 10:59:25 #12 type] 
Type domain.Admin is not enhanced.

[2022-05-15 10:59:25 #13 type] 
Type domain.Group is not enhanced.

------------------------------------------------------------------------------------------------------------------------

[2022-05-15 11:02:22 #1 store] 
Database 'C:\Users\alejo\git\Bet21_3iterazioa\Bets21\src\main\resources\bets.temp' has been recovered (tr. 85-85)

[2022-05-15 11:02:22 #2 store] 
Database 'C:\Users\alejo\git\Bet21_3iterazioa\Bets21\src\main\resources\bets.temp' is opened by 2896@LAPTOP-PFPBTTRT

[2022-05-15 11:02:23 #3 type] 
Type domain.Question is not enhanced.

[2022-05-15 11:02:23 #4 type] 
Type domain.Cuote is not enhanced.

[2022-05-15 11:02:23 #5 type] 
Type domain.Event is not enhanced.

[2022-05-15 11:02:23 #6 type] 
Type domain.Bet is not enhanced.

[2022-05-15 11:02:23 #7 type] 
Type domain.User is not enhanced.

[2022-05-15 11:02:23 #8 type] 
Type domain.Chat is not enhanced.

[2022-05-15 11:02:23 #9 type] 
Type domain.Message is not enhanced.

[2022-05-15 11:02:23 #10 type] 
Type domain.NormalUser is not enhanced.

[2022-05-15 11:02:23 #11 type] 
Type domain.Transaction is not enhanced.

[2022-05-15 11:02:23 #12 type] 
Type domain.Admin is not enhanced.

[2022-05-15 11:02:23 #13 type] 
Type domain.Group is not enhanced.

------------------------------------------------------------------------------------------------------------------------

[2022-05-15 11:07:50 #1 store] 
Database 'C:\Users\alejo\git\Bet21_3iterazioa\Bets21\src\main\resources\bets.temp' has been recovered (tr. 87-88)

[2022-05-15 11:07:50 #2 store] 
Database 'C:\Users\alejo\git\Bet21_3iterazioa\Bets21\src\main\resources\bets.temp' is opened by 2644@LAPTOP-PFPBTTRT

[2022-05-15 11:07:50 #3 type] 
Type domain.Question is not enhanced.

[2022-05-15 11:07:50 #4 type] 
Type domain.Cuote is not enhanced.

[2022-05-15 11:07:50 #5 type] 
Type domain.Event is not enhanced.

[2022-05-15 11:07:50 #6 type] 
Type domain.Bet is not enhanced.

[2022-05-15 11:07:50 #7 type] 
Type domain.User is not enhanced.

[2022-05-15 11:07:50 #8 type] 
Type domain.Chat is not enhanced.

[2022-05-15 11:07:50 #9 type] 
Type domain.Message is not enhanced.

[2022-05-15 11:07:50 #10 type] 
Type domain.NormalUser is not enhanced.

[2022-05-15 11:07:50 #11 type] 
Type domain.Transaction is not enhanced.

[2022-05-15 11:07:50 #12 type] 
Type domain.Admin is not enhanced.

[2022-05-15 11:07:50 #13 type] 
Type domain.Group is not enhanced.

------------------------------------------------------------------------------------------------------------------------

[2022-05-15 11:09:42 #1 store] 
Database 'C:\Users\alejo\git\Bet21_3iterazioa\Bets21\src\main\resources\bets.temp' has been recovered (tr. 89-90)

[2022-05-15 11:09:42 #2 store] 
Database 'C:\Users\alejo\git\Bet21_3iterazioa\Bets21\src\main\resources\bets.temp' is opened by 10640@LAPTOP-PFPBTTRT

[2022-05-15 11:09:42 #3 type] 
Type domain.Question is not enhanced.

[2022-05-15 11:09:42 #4 type] 
Type domain.Cuote is not enhanced.

[2022-05-15 11:09:42 #5 type] 
Type domain.Event is not enhanced.

[2022-05-15 11:09:42 #6 type] 
Type domain.Bet is not enhanced.

[2022-05-15 11:09:42 #7 type] 
Type domain.User is not enhanced.

[2022-05-15 11:09:42 #8 type] 
Type domain.Chat is not enhanced.

[2022-05-15 11:09:42 #9 type] 
Type domain.Message is not enhanced.

[2022-05-15 11:09:42 #10 type] 
Type domain.NormalUser is not enhanced.

[2022-05-15 11:09:42 #11 type] 
Type domain.Transaction is not enhanced.

[2022-05-15 11:09:42 #12 type] 
Type domain.Admin is not enhanced.

[2022-05-15 11:09:42 #13 type] 
Type domain.Group is not enhanced.

------------------------------------------------------------------------------------------------------------------------

[2022-05-15 11:22:16 #1 store] 
Database 'C:\Users\alejo\git\Bet21_3iterazioa\Bets21\src\main\resources\bets.temp' is opened by 9396@LAPTOP-PFPBTTRT

[2022-05-15 11:22:17 #2 type] 
Type domain.Question is not enhanced.

[2022-05-15 11:22:17 #3 type] 
Type domain.Cuote is not enhanced.

[2022-05-15 11:22:17 #4 type] 
Type domain.Event is not enhanced.

[2022-05-15 11:22:17 #5 type] 
Type domain.Bet is not enhanced.

[2022-05-15 11:22:17 #6 type] 
Type domain.User is not enhanced.

[2022-05-15 11:22:17 #7 type] 
Type domain.Chat is not enhanced.

[2022-05-15 11:22:17 #8 type] 
Type domain.Message is not enhanced.

[2022-05-15 11:22:17 #9 type] 
Type domain.NormalUser is not enhanced.

[2022-05-15 11:22:17 #10 type] 
Type domain.Transaction is not enhanced.

[2022-05-15 11:22:17 #11 type] 
Type domain.Admin is not enhanced.

[2022-05-15 11:22:17 #12 type] 
Type domain.Group is not enhanced.

------------------------------------------------------------------------------------------------------------------------

[2022-05-15 11:23:08 #1 store] 
Database 'C:\Users\alejo\git\Bet21_3iterazioa\Bets21\src\main\resources\bets.temp' has been recovered (tr. 91-91)

[2022-05-15 11:23:08 #2 store] 
Database 'C:\Users\alejo\git\Bet21_3iterazioa\Bets21\src\main\resources\bets.temp' is opened by 12560@LAPTOP-PFPBTTRT

[2022-05-15 11:23:08 #3 type] 
Type domain.Question is not enhanced.

[2022-05-15 11:23:08 #4 type] 
Type domain.Cuote is not enhanced.

[2022-05-15 11:23:08 #5 type] 
Type domain.Event is not enhanced.

[2022-05-15 11:23:08 #6 type] 
Type domain.Bet is not enhanced.

[2022-05-15 11:23:08 #7 type] 
Type domain.User is not enhanced.

[2022-05-15 11:23:08 #8 type] 
Type domain.Chat is not enhanced.

[2022-05-15 11:23:08 #9 type] 
Type domain.Message is not enhanced.

[2022-05-15 11:23:08 #10 type] 
Type domain.NormalUser is not enhanced.

[2022-05-15 11:23:08 #11 type] 
Type domain.Transaction is not enhanced.

[2022-05-15 11:23:08 #12 type] 
Type domain.Admin is not enhanced.

[2022-05-15 11:23:08 #13 type] 
Type domain.Group is not enhanced.

------------------------------------------------------------------------------------------------------------------------

[2022-05-15 11:25:25 #1 store] 
Database 'C:\Users\alejo\git\Bet21_3iterazioa\Bets21\src\main\resources\bets.temp' is opened by 13228@LAPTOP-PFPBTTRT

[2022-05-15 11:25:25 #2 type] 
Type domain.Question is not enhanced.

[2022-05-15 11:25:25 #3 type] 
Type domain.Cuote is not enhanced.

[2022-05-15 11:25:25 #4 type] 
Type domain.Event is not enhanced.

[2022-05-15 11:25:25 #5 type] 
Type domain.Bet is not enhanced.

[2022-05-15 11:25:25 #6 type] 
Type domain.User is not enhanced.

[2022-05-15 11:25:25 #7 type] 
Type domain.Chat is not enhanced.

[2022-05-15 11:25:25 #8 type] 
Type domain.Message is not enhanced.

[2022-05-15 11:25:25 #9 type] 
Type domain.NormalUser is not enhanced.

[2022-05-15 11:25:25 #10 type] 
Type domain.Transaction is not enhanced.

[2022-05-15 11:25:25 #11 type] 
Type domain.Admin is not enhanced.

[2022-05-15 11:25:25 #12 type] 
Type domain.Group is not enhanced.

------------------------------------------------------------------------------------------------------------------------

[2022-05-15 11:25:56 #1 store] 
Database 'C:\Users\alejo\git\Bet21_3iterazioa\Bets21\src\main\resources\bets.temp' is opened by 15076@LAPTOP-PFPBTTRT

[2022-05-15 11:25:56 #2 type] 
Type domain.Question is not enhanced.

[2022-05-15 11:25:56 #3 type] 
Type domain.Cuote is not enhanced.

[2022-05-15 11:25:56 #4 type] 
Type domain.Event is not enhanced.

[2022-05-15 11:25:56 #5 type] 
Type domain.Bet is not enhanced.

[2022-05-15 11:25:56 #6 type] 
Type domain.User is not enhanced.

[2022-05-15 11:25:56 #7 type] 
Type domain.Chat is not enhanced.

[2022-05-15 11:25:56 #8 type] 
Type domain.Message is not enhanced.

[2022-05-15 11:25:56 #9 type] 
Type domain.NormalUser is not enhanced.

[2022-05-15 11:25:56 #10 type] 
Type domain.Transaction is not enhanced.

[2022-05-15 11:25:56 #11 type] 
Type domain.Admin is not enhanced.

[2022-05-15 11:25:56 #12 type] 
Type domain.Group is not enhanced.

------------------------------------------------------------------------------------------------------------------------

[2022-05-15 11:27:37 #1 store] 
Database 'C:\Users\alejo\git\Bet21_3iterazioa\Bets21\src\main\resources\bets.temp' is opened by 18392@LAPTOP-PFPBTTRT

[2022-05-15 11:27:37 #2 type] 
Type domain.Question is not enhanced.

[2022-05-15 11:27:37 #3 type] 
Type domain.Cuote is not enhanced.

[2022-05-15 11:27:37 #4 type] 
Type domain.Event is not enhanced.

[2022-05-15 11:27:37 #5 type] 
Type domain.Bet is not enhanced.

[2022-05-15 11:27:38 #6 type] 
Type domain.User is not enhanced.

[2022-05-15 11:27:38 #7 type] 
Type domain.Chat is not enhanced.

[2022-05-15 11:27:38 #8 type] 
Type domain.Message is not enhanced.

[2022-05-15 11:27:38 #9 type] 
Type domain.NormalUser is not enhanced.

[2022-05-15 11:27:38 #10 type] 
Type domain.Transaction is not enhanced.

[2022-05-15 11:27:38 #11 type] 
Type domain.Admin is not enhanced.

[2022-05-15 11:27:38 #12 type] 
Type domain.Group is not enhanced.

------------------------------------------------------------------------------------------------------------------------

[2022-05-15 11:44:32 #1 store] 
Database 'C:\Users\alejo\git\Bet21_3iterazioa\Bets21\src\main\resources\bets.temp' has been recovered (tr. 92-94)

[2022-05-15 11:44:32 #2 store] 
Database 'C:\Users\alejo\git\Bet21_3iterazioa\Bets21\src\main\resources\bets.temp' is opened by 10248@LAPTOP-PFPBTTRT

[2022-05-15 11:44:32 #3 type] 
Type domain.Question is not enhanced.

[2022-05-15 11:44:32 #4 type] 
Type domain.Cuote is not enhanced.

[2022-05-15 11:44:32 #5 type] 
Type domain.Event is not enhanced.

[2022-05-15 11:44:32 #6 type] 
Type domain.Bet is not enhanced.

[2022-05-15 11:44:32 #7 type] 
Type domain.User is not enhanced.

[2022-05-15 11:44:32 #8 type] 
Type domain.Chat is not enhanced.

[2022-05-15 11:44:32 #9 type] 
Type domain.Message is not enhanced.

[2022-05-15 11:44:32 #10 type] 
Type domain.NormalUser is not enhanced.

[2022-05-15 11:44:32 #11 type] 
Type domain.Transaction is not enhanced.

[2022-05-15 11:44:32 #12 type] 
Type domain.Admin is not enhanced.

[2022-05-15 11:44:32 #13 type] 
Type domain.Group is not enhanced.

------------------------------------------------------------------------------------------------------------------------

[2022-05-15 11:47:01 #1 store] 
Database 'C:\Users\alejo\git\Bet21_3iterazioa\Bets21\src\main\resources\bets.temp' has been recovered (tr. 95-95)

[2022-05-15 11:47:01 #2 store] 
Database 'C:\Users\alejo\git\Bet21_3iterazioa\Bets21\src\main\resources\bets.temp' is opened by 9268@LAPTOP-PFPBTTRT

[2022-05-15 11:47:01 #3 type] 
Type domain.Question is not enhanced.

[2022-05-15 11:47:01 #4 type] 
Type domain.Cuote is not enhanced.

[2022-05-15 11:47:01 #5 type] 
Type domain.Event is not enhanced.

[2022-05-15 11:47:01 #6 type] 
Type domain.Bet is not enhanced.

[2022-05-15 11:47:01 #7 type] 
Type domain.User is not enhanced.

[2022-05-15 11:47:01 #8 type] 
Type domain.Chat is not enhanced.

[2022-05-15 11:47:01 #9 type] 
Type domain.Message is not enhanced.

[2022-05-15 11:47:01 #10 type] 
Type domain.NormalUser is not enhanced.

[2022-05-15 11:47:01 #11 type] 
Type domain.Transaction is not enhanced.

[2022-05-15 11:47:01 #12 type] 
Type domain.Admin is not enhanced.

[2022-05-15 11:47:01 #13 type] 
Type domain.Group is not enhanced.

------------------------------------------------------------------------------------------------------------------------

[2022-05-15 11:50:01 #1 store] 
Database 'C:\Users\alejo\git\Bet21_3iterazioa\Bets21\src\main\resources\bets.temp' has been recovered (tr. 96-98)

[2022-05-15 11:50:01 #2 store] 
Database 'C:\Users\alejo\git\Bet21_3iterazioa\Bets21\src\main\resources\bets.temp' is opened by 3880@LAPTOP-PFPBTTRT

[2022-05-15 11:50:01 #3 type] 
Type domain.Question is not enhanced.

[2022-05-15 11:50:01 #4 type] 
Type domain.Cuote is not enhanced.

[2022-05-15 11:50:01 #5 type] 
Type domain.Event is not enhanced.

[2022-05-15 11:50:01 #6 type] 
Type domain.Bet is not enhanced.

[2022-05-15 11:50:01 #7 type] 
Type domain.User is not enhanced.

[2022-05-15 11:50:01 #8 type] 
Type domain.Chat is not enhanced.

[2022-05-15 11:50:01 #9 type] 
Type domain.Message is not enhanced.

[2022-05-15 11:50:01 #10 type] 
Type domain.NormalUser is not enhanced.

[2022-05-15 11:50:01 #11 type] 
Type domain.Transaction is not enhanced.

[2022-05-15 11:50:01 #12 type] 
Type domain.Admin is not enhanced.

[2022-05-15 11:50:01 #13 type] 
Type domain.Group is not enhanced.

------------------------------------------------------------------------------------------------------------------------

[2022-05-15 12:04:39 #1 store] 
Database 'C:\Users\alejo\git\Bet21_3iterazioa\Bets21\src\main\resources\bets.temp' is opened by 2036@LAPTOP-PFPBTTRT

[2022-05-15 12:04:39 #2 type] 
Type domain.Question is not enhanced.

[2022-05-15 12:04:39 #3 type] 
Type domain.Cuote is not enhanced.

[2022-05-15 12:04:39 #4 type] 
Type domain.Event is not enhanced.

[2022-05-15 12:04:39 #5 type] 
Type domain.Bet is not enhanced.

[2022-05-15 12:04:39 #6 type] 
Type domain.User is not enhanced.

[2022-05-15 12:04:39 #7 type] 
Type domain.Chat is not enhanced.

[2022-05-15 12:04:39 #8 type] 
Type domain.Message is not enhanced.

[2022-05-15 12:04:39 #9 type] 
Type domain.NormalUser is not enhanced.

[2022-05-15 12:04:39 #10 type] 
Type domain.Transaction is not enhanced.

[2022-05-15 12:04:39 #11 type] 
Type domain.Admin is not enhanced.

[2022-05-15 12:04:39 #12 type] 
Type domain.Group is not enhanced.

------------------------------------------------------------------------------------------------------------------------

[2022-05-15 12:05:49 #1 store] 
Database 'C:\Users\alejo\git\Bet21_3iterazioa\Bets21\src\main\resources\bets.temp' is opened by 8740@LAPTOP-PFPBTTRT

[2022-05-15 12:05:49 #2 type] 
Type domain.Question is not enhanced.

[2022-05-15 12:05:49 #3 type] 
Type domain.Cuote is not enhanced.

[2022-05-15 12:05:49 #4 type] 
Type domain.Event is not enhanced.

[2022-05-15 12:05:49 #5 type] 
Type domain.Bet is not enhanced.

[2022-05-15 12:05:49 #6 type] 
Type domain.User is not enhanced.

[2022-05-15 12:05:49 #7 type] 
Type domain.Chat is not enhanced.

[2022-05-15 12:05:49 #8 type] 
Type domain.Message is not enhanced.

[2022-05-15 12:05:49 #9 type] 
Type domain.NormalUser is not enhanced.

[2022-05-15 12:05:49 #10 type] 
Type domain.Transaction is not enhanced.

[2022-05-15 12:05:49 #11 type] 
Type domain.Admin is not enhanced.

[2022-05-15 12:05:49 #12 type] 
Type domain.Group is not enhanced.

------------------------------------------------------------------------------------------------------------------------

[2022-05-15 12:06:36 #1 store] 
Database 'C:\Users\alejo\git\Bet21_3iterazioa\Bets21\src\main\resources\bets.temp' is opened by 632@LAPTOP-PFPBTTRT

[2022-05-15 12:06:36 #2 type] 
Type domain.Question is not enhanced.

[2022-05-15 12:06:36 #3 type] 
Type domain.Cuote is not enhanced.

[2022-05-15 12:06:36 #4 type] 
Type domain.Event is not enhanced.

[2022-05-15 12:06:36 #5 type] 
Type domain.Bet is not enhanced.

[2022-05-15 12:06:36 #6 type] 
Type domain.User is not enhanced.

[2022-05-15 12:06:36 #7 type] 
Type domain.Chat is not enhanced.

[2022-05-15 12:06:36 #8 type] 
Type domain.Message is not enhanced.

[2022-05-15 12:06:36 #9 type] 
Type domain.NormalUser is not enhanced.

[2022-05-15 12:06:36 #10 type] 
Type domain.Transaction is not enhanced.

[2022-05-15 12:06:36 #11 type] 
Type domain.Admin is not enhanced.

[2022-05-15 12:06:36 #12 type] 
Type domain.Group is not enhanced.

------------------------------------------------------------------------------------------------------------------------

[2022-05-15 12:09:20 #1 store] 
Database 'C:\Users\alejo\git\Bet21_3iterazioa\Bets21\src\main\resources\bets.temp' has been recovered (tr. 99-99)

[2022-05-15 12:09:20 #2 store] 
Database 'C:\Users\alejo\git\Bet21_3iterazioa\Bets21\src\main\resources\bets.temp' is opened by 3524@LAPTOP-PFPBTTRT

[2022-05-15 12:09:20 #3 type] 
Type domain.Question is not enhanced.

[2022-05-15 12:09:20 #4 type] 
Type domain.Cuote is not enhanced.

[2022-05-15 12:09:20 #5 type] 
Type domain.Event is not enhanced.

[2022-05-15 12:09:20 #6 type] 
Type domain.Bet is not enhanced.

[2022-05-15 12:09:20 #7 type] 
Type domain.User is not enhanced.

[2022-05-15 12:09:20 #8 type] 
Type domain.Chat is not enhanced.

[2022-05-15 12:09:20 #9 type] 
Type domain.Message is not enhanced.

[2022-05-15 12:09:20 #10 type] 
Type domain.NormalUser is not enhanced.

[2022-05-15 12:09:20 #11 type] 
Type domain.Transaction is not enhanced.

[2022-05-15 12:09:20 #12 type] 
Type domain.Admin is not enhanced.

[2022-05-15 12:09:20 #13 type] 
Type domain.Group is not enhanced.

------------------------------------------------------------------------------------------------------------------------

[2022-05-15 12:10:38 #1 store] 
Database 'C:\Users\alejo\git\Bet21_3iterazioa\Bets21\src\main\resources\bets.temp' is opened by 9476@LAPTOP-PFPBTTRT

[2022-05-15 12:10:38 #2 type] 
Type domain.Question is not enhanced.

[2022-05-15 12:10:38 #3 type] 
Type domain.Cuote is not enhanced.

[2022-05-15 12:10:38 #4 type] 
Type domain.Event is not enhanced.

[2022-05-15 12:10:38 #5 type] 
Type domain.Bet is not enhanced.

[2022-05-15 12:10:38 #6 type] 
Type domain.User is not enhanced.

[2022-05-15 12:10:38 #7 type] 
Type domain.Chat is not enhanced.

[2022-05-15 12:10:38 #8 type] 
Type domain.Message is not enhanced.

[2022-05-15 12:10:38 #9 type] 
Type domain.NormalUser is not enhanced.

[2022-05-15 12:10:38 #10 type] 
Type domain.Transaction is not enhanced.

[2022-05-15 12:10:38 #11 type] 
Type domain.Admin is not enhanced.

[2022-05-15 12:10:38 #12 type] 
Type domain.Group is not enhanced.

------------------------------------------------------------------------------------------------------------------------

[2022-05-15 12:12:32 #1 store] 
Database 'C:\Users\alejo\git\Bet21_3iterazioa\Bets21\src\main\resources\bets.temp' has been recovered (tr. 100-100)

[2022-05-15 12:12:32 #2 store] 
Database 'C:\Users\alejo\git\Bet21_3iterazioa\Bets21\src\main\resources\bets.temp' is opened by 10140@LAPTOP-PFPBTTRT

[2022-05-15 12:12:32 #3 type] 
Type domain.Question is not enhanced.

[2022-05-15 12:12:32 #4 type] 
Type domain.Cuote is not enhanced.

[2022-05-15 12:12:32 #5 type] 
Type domain.Event is not enhanced.

[2022-05-15 12:12:32 #6 type] 
Type domain.Bet is not enhanced.

[2022-05-15 12:12:32 #7 type] 
Type domain.User is not enhanced.

[2022-05-15 12:12:32 #8 type] 
Type domain.Chat is not enhanced.

[2022-05-15 12:12:32 #9 type] 
Type domain.Message is not enhanced.

[2022-05-15 12:12:32 #10 type] 
Type domain.NormalUser is not enhanced.

[2022-05-15 12:12:32 #11 type] 
Type domain.Transaction is not enhanced.

[2022-05-15 12:12:32 #12 type] 
Type domain.Admin is not enhanced.

[2022-05-15 12:12:32 #13 type] 
Type domain.Group is not enhanced.

------------------------------------------------------------------------------------------------------------------------

[2022-05-15 12:23:06 #1 store] 
Database 'C:\Users\alejo\git\Bet21_3iterazioa\Bets21\src\main\resources\bets.temp' is opened by 5768@LAPTOP-PFPBTTRT

[2022-05-15 12:23:06 #2 type] 
Type domain.Question is not enhanced.

[2022-05-15 12:23:06 #3 type] 
Type domain.Cuote is not enhanced.

[2022-05-15 12:23:06 #4 type] 
Type domain.Event is not enhanced.

[2022-05-15 12:23:06 #5 type] 
Type domain.Bet is not enhanced.

[2022-05-15 12:23:06 #6 type] 
Type domain.User is not enhanced.

[2022-05-15 12:23:06 #7 type] 
Type domain.Chat is not enhanced.

[2022-05-15 12:23:06 #8 type] 
Type domain.Message is not enhanced.

[2022-05-15 12:23:06 #9 type] 
Type domain.NormalUser is not enhanced.

[2022-05-15 12:23:06 #10 type] 
Type domain.Transaction is not enhanced.

[2022-05-15 12:23:06 #11 type] 
Type domain.Admin is not enhanced.

[2022-05-15 12:23:06 #12 type] 
Type domain.Group is not enhanced.

------------------------------------------------------------------------------------------------------------------------

[2022-05-15 12:36:16 #1 store] 
Database 'C:\Users\alejo\git\Bet21_3iterazioa\Bets21\src\main\resources\bets.temp' is opened by 16980@LAPTOP-PFPBTTRT

[2022-05-15 12:36:16 #2 type] 
Type domain.Question is not enhanced.

[2022-05-15 12:36:16 #3 type] 
Type domain.Cuote is not enhanced.

[2022-05-15 12:36:16 #4 type] 
Type domain.Event is not enhanced.

[2022-05-15 12:36:16 #5 type] 
Type domain.Bet is not enhanced.

[2022-05-15 12:36:16 #6 type] 
Type domain.User is not enhanced.

[2022-05-15 12:36:16 #7 type] 
Type domain.Chat is not enhanced.

[2022-05-15 12:36:16 #8 type] 
Type domain.Message is not enhanced.

[2022-05-15 12:36:16 #9 type] 
Type domain.NormalUser is not enhanced.

[2022-05-15 12:36:16 #10 type] 
Type domain.Transaction is not enhanced.

[2022-05-15 12:36:16 #11 type] 
Type domain.Admin is not enhanced.

[2022-05-15 12:36:16 #12 type] 
Type domain.Group is not enhanced.

------------------------------------------------------------------------------------------------------------------------

[2022-05-15 12:37:37 #1 store] 
Database 'C:\Users\alejo\git\Bet21_3iterazioa\Bets21\src\main\resources\bets.temp' is opened by 8720@LAPTOP-PFPBTTRT

[2022-05-15 12:37:37 #2 type] 
Type domain.Question is not enhanced.

[2022-05-15 12:37:37 #3 type] 
Type domain.Cuote is not enhanced.

[2022-05-15 12:37:37 #4 type] 
Type domain.Event is not enhanced.

[2022-05-15 12:37:37 #5 type] 
Type domain.Bet is not enhanced.

[2022-05-15 12:37:37 #6 type] 
Type domain.User is not enhanced.

[2022-05-15 12:37:37 #7 type] 
Type domain.Chat is not enhanced.

[2022-05-15 12:37:37 #8 type] 
Type domain.Message is not enhanced.

[2022-05-15 12:37:37 #9 type] 
Type domain.NormalUser is not enhanced.

[2022-05-15 12:37:37 #10 type] 
Type domain.Transaction is not enhanced.

[2022-05-15 12:37:37 #11 type] 
Type domain.Admin is not enhanced.

[2022-05-15 12:37:37 #12 type] 
Type domain.Group is not enhanced.

------------------------------------------------------------------------------------------------------------------------

[2022-05-15 12:39:37 #1 store] 
Database 'C:\Users\alejo\git\Bet21_3iterazioa\Bets21\src\main\resources\bets.temp' is opened by 15492@LAPTOP-PFPBTTRT

[2022-05-15 12:39:38 #2 type] 
Type domain.Question is not enhanced.

[2022-05-15 12:39:38 #3 type] 
Type domain.Cuote is not enhanced.

[2022-05-15 12:39:38 #4 type] 
Type domain.Event is not enhanced.

[2022-05-15 12:39:38 #5 type] 
Type domain.Bet is not enhanced.

[2022-05-15 12:39:38 #6 type] 
Type domain.User is not enhanced.

[2022-05-15 12:39:38 #7 type] 
Type domain.Chat is not enhanced.

[2022-05-15 12:39:38 #8 type] 
Type domain.Message is not enhanced.

[2022-05-15 12:39:38 #9 type] 
Type domain.NormalUser is not enhanced.

[2022-05-15 12:39:38 #10 type] 
Type domain.Transaction is not enhanced.

[2022-05-15 12:39:38 #11 type] 
Type domain.Admin is not enhanced.

[2022-05-15 12:39:38 #12 type] 
Type domain.Group is not enhanced.

------------------------------------------------------------------------------------------------------------------------

[2022-05-15 12:41:43 #1 store] 
Database 'C:\Users\alejo\git\Bet21_3iterazioa\Bets21\src\main\resources\bets.temp' has been recovered (tr. 101-101)

[2022-05-15 12:41:43 #2 store] 
Database 'C:\Users\alejo\git\Bet21_3iterazioa\Bets21\src\main\resources\bets.temp' is opened by 8788@LAPTOP-PFPBTTRT

[2022-05-15 12:41:43 #3 type] 
Type domain.Question is not enhanced.

[2022-05-15 12:41:43 #4 type] 
Type domain.Cuote is not enhanced.

[2022-05-15 12:41:43 #5 type] 
Type domain.Event is not enhanced.

[2022-05-15 12:41:43 #6 type] 
Type domain.Bet is not enhanced.

[2022-05-15 12:41:43 #7 type] 
Type domain.User is not enhanced.

[2022-05-15 12:41:43 #8 type] 
Type domain.Chat is not enhanced.

[2022-05-15 12:41:43 #9 type] 
Type domain.Message is not enhanced.

[2022-05-15 12:41:43 #10 type] 
Type domain.NormalUser is not enhanced.

[2022-05-15 12:41:43 #11 type] 
Type domain.Transaction is not enhanced.

[2022-05-15 12:41:43 #12 type] 
Type domain.Admin is not enhanced.

[2022-05-15 12:41:43 #13 type] 
Type domain.Group is not enhanced.

------------------------------------------------------------------------------------------------------------------------

[2022-05-15 12:43:03 #1 store] 
Database 'C:\Users\alejo\git\Bet21_3iterazioa\Bets21\src\main\resources\bets.temp' has been recovered (tr. 102-102)

[2022-05-15 12:43:03 #2 store] 
Database 'C:\Users\alejo\git\Bet21_3iterazioa\Bets21\src\main\resources\bets.temp' is opened by 11872@LAPTOP-PFPBTTRT

[2022-05-15 12:43:03 #3 type] 
Type domain.Question is not enhanced.

[2022-05-15 12:43:03 #4 type] 
Type domain.Cuote is not enhanced.

[2022-05-15 12:43:03 #5 type] 
Type domain.Event is not enhanced.

[2022-05-15 12:43:03 #6 type] 
Type domain.Bet is not enhanced.

[2022-05-15 12:43:03 #7 type] 
Type domain.User is not enhanced.

[2022-05-15 12:43:03 #8 type] 
Type domain.Chat is not enhanced.

[2022-05-15 12:43:03 #9 type] 
Type domain.Message is not enhanced.

[2022-05-15 12:43:03 #10 type] 
Type domain.NormalUser is not enhanced.

[2022-05-15 12:43:03 #11 type] 
Type domain.Transaction is not enhanced.

[2022-05-15 12:43:03 #12 type] 
Type domain.Admin is not enhanced.

[2022-05-15 12:43:03 #13 type] 
Type domain.Group is not enhanced.

------------------------------------------------------------------------------------------------------------------------

[2022-05-15 12:45:02 #1 store] 
Database 'C:\Users\alejo\git\Bet21_3iterazioa\Bets21\src\main\resources\bets.temp' is opened by 2304@LAPTOP-PFPBTTRT

[2022-05-15 12:45:02 #2 type] 
Type domain.Question is not enhanced.

[2022-05-15 12:45:02 #3 type] 
Type domain.Cuote is not enhanced.

[2022-05-15 12:45:02 #4 type] 
Type domain.Event is not enhanced.

[2022-05-15 12:45:02 #5 type] 
Type domain.Bet is not enhanced.

[2022-05-15 12:45:03 #6 type] 
Type domain.User is not enhanced.

[2022-05-15 12:45:03 #7 type] 
Type domain.Chat is not enhanced.

[2022-05-15 12:45:03 #8 type] 
Type domain.Message is not enhanced.

[2022-05-15 12:45:03 #9 type] 
Type domain.NormalUser is not enhanced.

[2022-05-15 12:45:03 #10 type] 
Type domain.Transaction is not enhanced.

[2022-05-15 12:45:03 #11 type] 
Type domain.Admin is not enhanced.

[2022-05-15 12:45:03 #12 type] 
Type domain.Group is not enhanced.

------------------------------------------------------------------------------------------------------------------------

[2022-05-15 12:52:48 #1 store] 
Database 'C:\Users\alejo\git\Bet21_3iterazioa\Bets21\src\main\resources\bets.temp' is opened by 10252@LAPTOP-PFPBTTRT

[2022-05-15 12:52:48 #2 type] 
Type domain.Question is not enhanced.

[2022-05-15 12:52:48 #3 type] 
Type domain.Cuote is not enhanced.

[2022-05-15 12:52:48 #4 type] 
Type domain.Event is not enhanced.

[2022-05-15 12:52:48 #5 type] 
Type domain.Bet is not enhanced.

[2022-05-15 12:52:48 #6 type] 
Type domain.User is not enhanced.

[2022-05-15 12:52:48 #7 type] 
Type domain.Chat is not enhanced.

[2022-05-15 12:52:48 #8 type] 
Type domain.Message is not enhanced.

[2022-05-15 12:52:48 #9 type] 
Type domain.NormalUser is not enhanced.

[2022-05-15 12:52:48 #10 type] 
Type domain.Transaction is not enhanced.

[2022-05-15 12:52:48 #11 type] 
Type domain.Admin is not enhanced.

[2022-05-15 12:52:48 #12 type] 
Type domain.Group is not enhanced.

------------------------------------------------------------------------------------------------------------------------

[2022-05-15 12:56:10 #1 store] 
Database 'C:\Users\alejo\git\Bet21_3iterazioa\Bets21\src\main\resources\bets.temp' has been recovered (tr. 103-103)

[2022-05-15 12:56:10 #2 store] 
Database 'C:\Users\alejo\git\Bet21_3iterazioa\Bets21\src\main\resources\bets.temp' is opened by 17872@LAPTOP-PFPBTTRT

[2022-05-15 12:56:10 #3 type] 
Type domain.Question is not enhanced.

[2022-05-15 12:56:10 #4 type] 
Type domain.Cuote is not enhanced.

[2022-05-15 12:56:10 #5 type] 
Type domain.Event is not enhanced.

[2022-05-15 12:56:10 #6 type] 
Type domain.Bet is not enhanced.

[2022-05-15 12:56:10 #7 type] 
Type domain.User is not enhanced.

[2022-05-15 12:56:10 #8 type] 
Type domain.Chat is not enhanced.

[2022-05-15 12:56:10 #9 type] 
Type domain.Message is not enhanced.

[2022-05-15 12:56:10 #10 type] 
Type domain.NormalUser is not enhanced.

[2022-05-15 12:56:10 #11 type] 
Type domain.Transaction is not enhanced.

[2022-05-15 12:56:10 #12 type] 
Type domain.Admin is not enhanced.

[2022-05-15 12:56:10 #13 type] 
Type domain.Group is not enhanced.

------------------------------------------------------------------------------------------------------------------------

[2022-05-15 13:06:58 #1 store] 
Database 'C:\Users\alejo\git\Bet21_3iterazioa\Bets21\src\main\resources\bets.temp' has been recovered (tr. 104-104)

[2022-05-15 13:06:58 #2 store] 
Database 'C:\Users\alejo\git\Bet21_3iterazioa\Bets21\src\main\resources\bets.temp' is opened by 11516@LAPTOP-PFPBTTRT

[2022-05-15 13:06:59 #3 type] 
Type domain.Question is not enhanced.

[2022-05-15 13:06:59 #4 type] 
Type domain.Cuote is not enhanced.

[2022-05-15 13:06:59 #5 type] 
Type domain.Event is not enhanced.

[2022-05-15 13:06:59 #6 type] 
Type domain.Bet is not enhanced.

[2022-05-15 13:06:59 #7 type] 
Type domain.User is not enhanced.

[2022-05-15 13:06:59 #8 type] 
Type domain.Chat is not enhanced.

[2022-05-15 13:06:59 #9 type] 
Type domain.Message is not enhanced.

[2022-05-15 13:06:59 #10 type] 
Type domain.NormalUser is not enhanced.

[2022-05-15 13:06:59 #11 type] 
Type domain.Transaction is not enhanced.

[2022-05-15 13:06:59 #12 type] 
Type domain.Admin is not enhanced.

[2022-05-15 13:06:59 #13 type] 
Type domain.Group is not enhanced.

------------------------------------------------------------------------------------------------------------------------

[2022-05-15 13:07:56 #1 store] 
Database 'C:\Users\alejo\git\Bet21_3iterazioa\Bets21\src\main\resources\bets.temp' has been recovered (tr. 105-105)

[2022-05-15 13:07:56 #2 store] 
Database 'C:\Users\alejo\git\Bet21_3iterazioa\Bets21\src\main\resources\bets.temp' is opened by 2448@LAPTOP-PFPBTTRT

[2022-05-15 13:07:56 #3 type] 
Type domain.Question is not enhanced.

[2022-05-15 13:07:56 #4 type] 
Type domain.Cuote is not enhanced.

[2022-05-15 13:07:56 #5 type] 
Type domain.Event is not enhanced.

[2022-05-15 13:07:56 #6 type] 
Type domain.Bet is not enhanced.

[2022-05-15 13:07:56 #7 type] 
Type domain.User is not enhanced.

[2022-05-15 13:07:56 #8 type] 
Type domain.Chat is not enhanced.

[2022-05-15 13:07:56 #9 type] 
Type domain.Message is not enhanced.

[2022-05-15 13:07:56 #10 type] 
Type domain.NormalUser is not enhanced.

[2022-05-15 13:07:56 #11 type] 
Type domain.Transaction is not enhanced.

[2022-05-15 13:07:56 #12 type] 
Type domain.Admin is not enhanced.

[2022-05-15 13:07:56 #13 type] 
Type domain.Group is not enhanced.

------------------------------------------------------------------------------------------------------------------------

[2022-05-15 13:09:16 #1 store] 
Database 'C:\Users\alejo\git\Bet21_3iterazioa\Bets21\src\main\resources\bets.temp' has been recovered (tr. 106-106)

[2022-05-15 13:09:16 #2 store] 
Database 'C:\Users\alejo\git\Bet21_3iterazioa\Bets21\src\main\resources\bets.temp' is opened by 8624@LAPTOP-PFPBTTRT

[2022-05-15 13:09:16 #3 type] 
Type domain.Question is not enhanced.

[2022-05-15 13:09:16 #4 type] 
Type domain.Cuote is not enhanced.

[2022-05-15 13:09:16 #5 type] 
Type domain.Event is not enhanced.

[2022-05-15 13:09:16 #6 type] 
Type domain.Bet is not enhanced.

[2022-05-15 13:09:16 #7 type] 
Type domain.User is not enhanced.

[2022-05-15 13:09:16 #8 type] 
Type domain.Chat is not enhanced.

[2022-05-15 13:09:16 #9 type] 
Type domain.Message is not enhanced.

[2022-05-15 13:09:16 #10 type] 
Type domain.NormalUser is not enhanced.

[2022-05-15 13:09:16 #11 type] 
Type domain.Transaction is not enhanced.

[2022-05-15 13:09:16 #12 type] 
Type domain.Admin is not enhanced.

[2022-05-15 13:09:16 #13 type] 
Type domain.Group is not enhanced.

------------------------------------------------------------------------------------------------------------------------

[2022-05-15 13:12:17 #1 store] 
Database 'C:\Users\alejo\git\Bet21_3iterazioa\Bets21\src\main\resources\bets.temp' is opened by 6748@LAPTOP-PFPBTTRT

[2022-05-15 13:12:17 #2 type] 
Type domain.Question is not enhanced.

[2022-05-15 13:12:17 #3 type] 
Type domain.Cuote is not enhanced.

[2022-05-15 13:12:17 #4 type] 
Type domain.Event is not enhanced.

[2022-05-15 13:12:17 #5 type] 
Type domain.Bet is not enhanced.

[2022-05-15 13:12:17 #6 type] 
Type domain.User is not enhanced.

[2022-05-15 13:12:17 #7 type] 
Type domain.Chat is not enhanced.

[2022-05-15 13:12:17 #8 type] 
Type domain.Message is not enhanced.

[2022-05-15 13:12:17 #9 type] 
Type domain.NormalUser is not enhanced.

[2022-05-15 13:12:17 #10 type] 
Type domain.Transaction is not enhanced.

[2022-05-15 13:12:17 #11 type] 
Type domain.Admin is not enhanced.

[2022-05-15 13:12:17 #12 type] 
Type domain.Group is not enhanced.

------------------------------------------------------------------------------------------------------------------------

[2022-05-15 13:15:13 #1 store] 
Database 'C:\Users\alejo\git\Bet21_3iterazioa\Bets21\src\main\resources\bets.temp' is opened by 5348@LAPTOP-PFPBTTRT

[2022-05-15 13:15:13 #2 type] 
Type domain.Question is not enhanced.

[2022-05-15 13:15:13 #3 type] 
Type domain.Cuote is not enhanced.

[2022-05-15 13:15:13 #4 type] 
Type domain.Event is not enhanced.

[2022-05-15 13:15:13 #5 type] 
Type domain.Bet is not enhanced.

[2022-05-15 13:15:13 #6 type] 
Type domain.User is not enhanced.

[2022-05-15 13:15:13 #7 type] 
Type domain.Chat is not enhanced.

[2022-05-15 13:15:13 #8 type] 
Type domain.Message is not enhanced.

[2022-05-15 13:15:13 #9 type] 
Type domain.NormalUser is not enhanced.

[2022-05-15 13:15:13 #10 type] 
Type domain.Transaction is not enhanced.

[2022-05-15 13:15:13 #11 type] 
Type domain.Admin is not enhanced.

[2022-05-15 13:15:13 #12 type] 
Type domain.Group is not enhanced.

------------------------------------------------------------------------------------------------------------------------

[2022-05-15 13:20:01 #1 store] 
Database 'C:\Users\alejo\git\Bet21_3iterazioa\Bets21\src\main\resources\bets.temp' has been recovered (tr. 107-108)

[2022-05-15 13:20:01 #2 store] 
Database 'C:\Users\alejo\git\Bet21_3iterazioa\Bets21\src\main\resources\bets.temp' is opened by 10040@LAPTOP-PFPBTTRT

[2022-05-15 13:20:01 #3 type] 
Type domain.Question is not enhanced.

[2022-05-15 13:20:01 #4 type] 
Type domain.Cuote is not enhanced.

[2022-05-15 13:20:01 #5 type] 
Type domain.Event is not enhanced.

[2022-05-15 13:20:01 #6 type] 
Type domain.Bet is not enhanced.

[2022-05-15 13:20:01 #7 type] 
Type domain.User is not enhanced.

[2022-05-15 13:20:01 #8 type] 
Type domain.Chat is not enhanced.

[2022-05-15 13:20:01 #9 type] 
Type domain.Message is not enhanced.

[2022-05-15 13:20:01 #10 type] 
Type domain.NormalUser is not enhanced.

[2022-05-15 13:20:01 #11 type] 
Type domain.Transaction is not enhanced.

[2022-05-15 13:20:01 #12 type] 
Type domain.Admin is not enhanced.

[2022-05-15 13:20:01 #13 type] 
Type domain.Group is not enhanced.

------------------------------------------------------------------------------------------------------------------------

[2022-05-15 13:20:43 #1 store] 
Database 'C:\Users\alejo\git\Bet21_3iterazioa\Bets21\src\main\resources\bets.temp' is opened by 1168@LAPTOP-PFPBTTRT

[2022-05-15 13:20:43 #2 type] 
Type domain.Question is not enhanced.

[2022-05-15 13:20:43 #3 type] 
Type domain.Cuote is not enhanced.

[2022-05-15 13:20:43 #4 type] 
Type domain.Event is not enhanced.

[2022-05-15 13:20:43 #5 type] 
Type domain.Bet is not enhanced.

[2022-05-15 13:20:43 #6 type] 
Type domain.User is not enhanced.

[2022-05-15 13:20:43 #7 type] 
Type domain.Chat is not enhanced.

[2022-05-15 13:20:43 #8 type] 
Type domain.Message is not enhanced.

[2022-05-15 13:20:43 #9 type] 
Type domain.NormalUser is not enhanced.

[2022-05-15 13:20:43 #10 type] 
Type domain.Transaction is not enhanced.

[2022-05-15 13:20:43 #11 type] 
Type domain.Admin is not enhanced.

[2022-05-15 13:20:43 #12 type] 
Type domain.Group is not enhanced.

------------------------------------------------------------------------------------------------------------------------

[2022-05-15 13:22:02 #1 store] 
Database 'C:\Users\alejo\git\Bet21_3iterazioa\Bets21\src\main\resources\bets.temp' is opened by 11684@LAPTOP-PFPBTTRT

[2022-05-15 13:22:03 #2 type] 
Type domain.Question is not enhanced.

[2022-05-15 13:22:03 #3 type] 
Type domain.Cuote is not enhanced.

[2022-05-15 13:22:03 #4 type] 
Type domain.Event is not enhanced.

[2022-05-15 13:22:03 #5 type] 
Type domain.Bet is not enhanced.

[2022-05-15 13:22:03 #6 type] 
Type domain.User is not enhanced.

[2022-05-15 13:22:03 #7 type] 
Type domain.Chat is not enhanced.

[2022-05-15 13:22:03 #8 type] 
Type domain.Message is not enhanced.

[2022-05-15 13:22:03 #9 type] 
Type domain.NormalUser is not enhanced.

[2022-05-15 13:22:03 #10 type] 
Type domain.Transaction is not enhanced.

[2022-05-15 13:22:03 #11 type] 
Type domain.Admin is not enhanced.

[2022-05-15 13:22:03 #12 type] 
Type domain.Group is not enhanced.

------------------------------------------------------------------------------------------------------------------------

[2022-05-15 13:22:59 #1 store] 
Database 'C:\Users\alejo\git\Bet21_3iterazioa\Bets21\src\main\resources\bets.temp' is opened by 11104@LAPTOP-PFPBTTRT

[2022-05-15 13:23:00 #2 type] 
Type domain.Question is not enhanced.

[2022-05-15 13:23:00 #3 type] 
Type domain.Cuote is not enhanced.

[2022-05-15 13:23:00 #4 type] 
Type domain.Event is not enhanced.

[2022-05-15 13:23:00 #5 type] 
Type domain.Bet is not enhanced.

[2022-05-15 13:23:00 #6 type] 
Type domain.User is not enhanced.

[2022-05-15 13:23:00 #7 type] 
Type domain.Chat is not enhanced.

[2022-05-15 13:23:00 #8 type] 
Type domain.Message is not enhanced.

[2022-05-15 13:23:00 #9 type] 
Type domain.NormalUser is not enhanced.

[2022-05-15 13:23:00 #10 type] 
Type domain.Transaction is not enhanced.

[2022-05-15 13:23:00 #11 type] 
Type domain.Admin is not enhanced.

[2022-05-15 13:23:00 #12 type] 
Type domain.Group is not enhanced.

------------------------------------------------------------------------------------------------------------------------

[2022-05-15 13:28:41 #1 store] 
Database 'C:\Users\alejo\git\Bet21_3iterazioa\Bets21\src\main\resources\bets.temp' is opened by 12764@LAPTOP-PFPBTTRT

[2022-05-15 13:28:41 #2 type] 
Type domain.Question is not enhanced.

[2022-05-15 13:28:41 #3 type] 
Type domain.Cuote is not enhanced.

[2022-05-15 13:28:41 #4 type] 
Type domain.Event is not enhanced.

[2022-05-15 13:28:41 #5 type] 
Type domain.Bet is not enhanced.

[2022-05-15 13:28:41 #6 type] 
Type domain.User is not enhanced.

[2022-05-15 13:28:41 #7 type] 
Type domain.Chat is not enhanced.

[2022-05-15 13:28:41 #8 type] 
Type domain.Message is not enhanced.

[2022-05-15 13:28:41 #9 type] 
Type domain.NormalUser is not enhanced.

[2022-05-15 13:28:41 #10 type] 
Type domain.Transaction is not enhanced.

[2022-05-15 13:28:41 #11 type] 
Type domain.Admin is not enhanced.

[2022-05-15 13:28:41 #12 type] 
Type domain.Group is not enhanced.

------------------------------------------------------------------------------------------------------------------------

[2022-05-15 13:34:11 #1 store] 
Database 'C:\Users\alejo\git\Bet21_3iterazioa\Bets21\src\main\resources\bets.temp' is opened by 16076@LAPTOP-PFPBTTRT

[2022-05-15 13:34:11 #2 type] 
Type domain.Question is not enhanced.

[2022-05-15 13:34:11 #3 type] 
Type domain.Cuote is not enhanced.

[2022-05-15 13:34:11 #4 type] 
Type domain.Event is not enhanced.

[2022-05-15 13:34:11 #5 type] 
Type domain.Bet is not enhanced.

[2022-05-15 13:34:11 #6 type] 
Type domain.User is not enhanced.

[2022-05-15 13:34:11 #7 type] 
Type domain.Chat is not enhanced.

[2022-05-15 13:34:11 #8 type] 
Type domain.Message is not enhanced.

[2022-05-15 13:34:11 #9 type] 
Type domain.NormalUser is not enhanced.

[2022-05-15 13:34:11 #10 type] 
Type domain.Transaction is not enhanced.

[2022-05-15 13:34:11 #11 type] 
Type domain.Admin is not enhanced.

[2022-05-15 13:34:11 #12 type] 
Type domain.Group is not enhanced.

------------------------------------------------------------------------------------------------------------------------

[2022-05-15 13:52:36 #1 store] 
Database 'C:\Users\alejo\git\Bet21_3iterazioa\Bets21\src\main\resources\bets.temp' is opened by 15356@LAPTOP-PFPBTTRT

[2022-05-15 13:52:37 #2 type] 
Type domain.Question is not enhanced.

[2022-05-15 13:52:37 #3 type] 
Type domain.Cuote is not enhanced.

[2022-05-15 13:52:37 #4 type] 
Type domain.Event is not enhanced.

[2022-05-15 13:52:37 #5 type] 
Type domain.Bet is not enhanced.

[2022-05-15 13:52:37 #6 type] 
Type domain.User is not enhanced.

[2022-05-15 13:52:37 #7 type] 
Type domain.Chat is not enhanced.

[2022-05-15 13:52:37 #8 type] 
Type domain.Message is not enhanced.

[2022-05-15 13:52:37 #9 type] 
Type domain.NormalUser is not enhanced.

[2022-05-15 13:52:37 #10 type] 
Type domain.Transaction is not enhanced.

[2022-05-15 13:52:37 #11 type] 
Type domain.Admin is not enhanced.

[2022-05-15 13:52:37 #12 type] 
Type domain.Group is not enhanced.

------------------------------------------------------------------------------------------------------------------------

[2022-05-15 13:55:57 #1 store] 
Database 'C:\Users\alejo\git\Bet21_3iterazioa\Bets21\src\main\resources\bets.temp' has been recovered (tr. 109-112)

[2022-05-15 13:55:57 #2 store] 
Database 'C:\Users\alejo\git\Bet21_3iterazioa\Bets21\src\main\resources\bets.temp' is opened by 16504@LAPTOP-PFPBTTRT

[2022-05-15 13:55:57 #3 type] 
Type domain.Question is not enhanced.

[2022-05-15 13:55:57 #4 type] 
Type domain.Cuote is not enhanced.

[2022-05-15 13:55:57 #5 type] 
Type domain.Event is not enhanced.

[2022-05-15 13:55:57 #6 type] 
Type domain.Bet is not enhanced.

[2022-05-15 13:55:57 #7 type] 
Type domain.User is not enhanced.

[2022-05-15 13:55:57 #8 type] 
Type domain.Chat is not enhanced.

[2022-05-15 13:55:57 #9 type] 
Type domain.Message is not enhanced.

[2022-05-15 13:55:57 #10 type] 
Type domain.NormalUser is not enhanced.

[2022-05-15 13:55:57 #11 type] 
Type domain.Transaction is not enhanced.

[2022-05-15 13:55:57 #12 type] 
Type domain.Admin is not enhanced.

[2022-05-15 13:55:57 #13 type] 
Type domain.Group is not enhanced.

------------------------------------------------------------------------------------------------------------------------

[2022-05-15 13:57:12 #1 store] 
Database 'C:\Users\alejo\git\Bet21_3iterazioa\Bets21\src\main\resources\bets.temp' has been recovered (tr. 113-118)

[2022-05-15 13:57:12 #2 store] 
Database 'C:\Users\alejo\git\Bet21_3iterazioa\Bets21\src\main\resources\bets.temp' is opened by 10200@LAPTOP-PFPBTTRT

[2022-05-15 13:57:39 #3 store] 
Database 'C:\Users\alejo\git\Bet21_3iterazioa\Bets21\src\main\resources\bets.temp' is closed by 10200@LAPTOP-PFPBTTRT

------------------------------------------------------------------------------------------------------------------------

[2022-05-15 13:57:47 #1 store] 
Database 'C:\Users\alejo\git\Bet21_3iterazioa\Bets21\src\main\resources\bets.temp' is opened by 7520@LAPTOP-PFPBTTRT

[2022-05-15 13:57:47 #2 type] 
Type domain.Question is not enhanced.

[2022-05-15 13:57:47 #3 type] 
Type domain.Cuote is not enhanced.

[2022-05-15 13:57:47 #4 type] 
Type domain.Event is not enhanced.

[2022-05-15 13:57:47 #5 type] 
Type domain.Bet is not enhanced.

[2022-05-15 13:57:47 #6 type] 
Type domain.User is not enhanced.

[2022-05-15 13:57:47 #7 type] 
Type domain.Chat is not enhanced.

[2022-05-15 13:57:47 #8 type] 
Type domain.Message is not enhanced.

[2022-05-15 13:57:47 #9 type] 
Type domain.NormalUser is not enhanced.

[2022-05-15 13:57:47 #10 type] 
Type domain.Transaction is not enhanced.

[2022-05-15 13:57:47 #11 type] 
Type domain.Admin is not enhanced.

[2022-05-15 13:57:47 #12 type] 
Type domain.Group is not enhanced.

------------------------------------------------------------------------------------------------------------------------

[2022-05-15 14:00:37 #1 store] 
Database 'C:\Users\alejo\git\Bet21_3iterazioa\Bets21\src\main\resources\bets.temp' is opened by 12184@LAPTOP-PFPBTTRT

[2022-05-15 14:00:37 #2 type] 
Type domain.Question is not enhanced.

[2022-05-15 14:00:37 #3 type] 
Type domain.Cuote is not enhanced.

[2022-05-15 14:00:37 #4 type] 
Type domain.Event is not enhanced.

[2022-05-15 14:00:37 #5 type] 
Type domain.Bet is not enhanced.

[2022-05-15 14:00:37 #6 type] 
Type domain.User is not enhanced.

[2022-05-15 14:00:37 #7 type] 
Type domain.Chat is not enhanced.

[2022-05-15 14:00:37 #8 type] 
Type domain.Message is not enhanced.

[2022-05-15 14:00:37 #9 type] 
Type domain.NormalUser is not enhanced.

[2022-05-15 14:00:37 #10 type] 
Type domain.Transaction is not enhanced.

[2022-05-15 14:00:37 #11 type] 
Type domain.Admin is not enhanced.

[2022-05-15 14:00:37 #12 type] 
Type domain.Group is not enhanced.

------------------------------------------------------------------------------------------------------------------------

[2022-05-15 14:01:29 #1 store] 
Database 'C:\Users\alejo\git\Bet21_3iterazioa\Bets21\src\main\resources\bets.temp' has been recovered (tr. 119-119)

[2022-05-15 14:01:29 #2 store] 
Database 'C:\Users\alejo\git\Bet21_3iterazioa\Bets21\src\main\resources\bets.temp' is opened by 2244@LAPTOP-PFPBTTRT

[2022-05-15 14:01:29 #3 type] 
Type domain.Question is not enhanced.

[2022-05-15 14:01:29 #4 type] 
Type domain.Cuote is not enhanced.

[2022-05-15 14:01:29 #5 type] 
Type domain.Event is not enhanced.

[2022-05-15 14:01:29 #6 type] 
Type domain.Bet is not enhanced.

[2022-05-15 14:01:29 #7 type] 
Type domain.User is not enhanced.

[2022-05-15 14:01:29 #8 type] 
Type domain.Chat is not enhanced.

[2022-05-15 14:01:29 #9 type] 
Type domain.Message is not enhanced.

[2022-05-15 14:01:29 #10 type] 
Type domain.NormalUser is not enhanced.

[2022-05-15 14:01:29 #11 type] 
Type domain.Transaction is not enhanced.

[2022-05-15 14:01:29 #12 type] 
Type domain.Admin is not enhanced.

[2022-05-15 14:01:29 #13 type] 
Type domain.Group is not enhanced.

------------------------------------------------------------------------------------------------------------------------

[2022-05-15 19:04:42 #1 store] 
Database 'C:\Users\alejo\git\Bet21_3iterazioa\Bets21\src\main\resources\bets.temp' has been recovered (tr. 120-124)

[2022-05-15 19:04:42 #2 store] 
Database 'C:\Users\alejo\git\Bet21_3iterazioa\Bets21\src\main\resources\bets.temp' is opened by 15728@LAPTOP-PFPBTTRT

[2022-05-15 19:04:42 #3 type] 
Type domain.Question is not enhanced.

[2022-05-15 19:04:42 #4 type] 
Type domain.Cuote is not enhanced.

[2022-05-15 19:04:42 #5 type] 
Type domain.Event is not enhanced.

[2022-05-15 19:04:42 #6 type] 
Type domain.Bet is not enhanced.

[2022-05-15 19:04:42 #7 type] 
Type domain.User is not enhanced.

[2022-05-15 19:04:42 #8 type] 
Type domain.Chat is not enhanced.

[2022-05-15 19:04:42 #9 type] 
Type domain.Message is not enhanced.

[2022-05-15 19:04:42 #10 type] 
Type domain.NormalUser is not enhanced.

[2022-05-15 19:04:42 #11 type] 
Type domain.Transaction is not enhanced.

[2022-05-15 19:04:42 #12 type] 
Type domain.Admin is not enhanced.

[2022-05-15 19:04:42 #13 type] 
Type domain.Group is not enhanced.

------------------------------------------------------------------------------------------------------------------------

[2022-05-15 20:20:52 #1 store] 
Database 'C:\Users\alejo\git\Bet21_3iterazioa\Bets21\src\main\resources\bets.temp' is opened by 10624@LAPTOP-PFPBTTRT

[2022-05-15 20:20:52 #2 type] 
Type domain.Question is not enhanced.

[2022-05-15 20:20:52 #3 type] 
Type domain.Cuote is not enhanced.

[2022-05-15 20:20:52 #4 type] 
Type domain.Event is not enhanced.

[2022-05-15 20:20:52 #5 type] 
Type domain.Bet is not enhanced.

[2022-05-15 20:20:52 #6 type] 
Type domain.User is not enhanced.

[2022-05-15 20:20:52 #7 type] 
Type domain.Chat is not enhanced.

[2022-05-15 20:20:52 #8 type] 
Type domain.Message is not enhanced.

[2022-05-15 20:20:52 #9 type] 
Type domain.NormalUser is not enhanced.

[2022-05-15 20:20:52 #10 type] 
Type domain.Transaction is not enhanced.

[2022-05-15 20:20:52 #11 type] 
Type domain.Admin is not enhanced.

[2022-05-15 20:20:52 #12 type] 
Type domain.Group is not enhanced.

------------------------------------------------------------------------------------------------------------------------

[2022-05-15 23:39:18 #1 store] 
Database 'C:\Users\alejo\git\Bet21_3iterazioa\Bets21\src\main\resources\bets.temp' is opened by 1188@LAPTOP-PFPBTTRT

[2022-05-15 23:39:19 #2 type] 
Type domain.Question is not enhanced.

[2022-05-15 23:39:19 #3 type] 
Type domain.Cuote is not enhanced.

[2022-05-15 23:39:19 #4 type] 
Type domain.Event is not enhanced.

[2022-05-15 23:39:19 #5 type] 
Type domain.Bet is not enhanced.

[2022-05-15 23:39:19 #6 type] 
Type domain.User is not enhanced.

[2022-05-15 23:39:19 #7 type] 
Type domain.Chat is not enhanced.

[2022-05-15 23:39:19 #8 type] 
Type domain.Message is not enhanced.

[2022-05-15 23:39:19 #9 type] 
Type domain.NormalUser is not enhanced.

[2022-05-15 23:39:19 #10 type] 
Type domain.Transaction is not enhanced.

[2022-05-15 23:39:19 #11 type] 
Type domain.Admin is not enhanced.

[2022-05-15 23:39:19 #12 type] 
Type domain.Group is not enhanced.

------------------------------------------------------------------------------------------------------------------------

[2022-05-15 23:40:55 #1 store] 
Database 'C:\Users\alejo\git\Bet21_3iterazioa\Bets21\src\main\resources\bets.temp' is opened by 18344@LAPTOP-PFPBTTRT

[2022-05-15 23:40:55 #2 type.registry] 
New type domain.Question

[2022-05-15 23:40:55 #3 type] 
Type domain.Question is not enhanced.

[2022-05-15 23:40:55 #4 type.registry] 
New type domain.Cuote

[2022-05-15 23:40:55 #5 type.registry] 
New type java.util.ArrayList<domain.Cuote>

[2022-05-15 23:40:55 #6 type.registry] 
New type domain.Event

[2022-05-15 23:40:55 #7 type] 
Type domain.Cuote is not enhanced.

[2022-05-15 23:40:55 #8 type.registry] 
New type domain.Bet

[2022-05-15 23:40:55 #9 type.registry] 
New type java.util.ArrayList<domain.Bet>

[2022-05-15 23:40:55 #10 type] 
Type domain.Event is not enhanced.

[2022-05-15 23:40:55 #11 type.registry] 
New type java.util.Vector<domain.Question>

[2022-05-15 23:40:55 #12 type] 
Type domain.Bet is not enhanced.

[2022-05-15 23:40:55 #13 type.registry] 
New type domain.User

[2022-05-15 23:40:55 #14 type] 
Type domain.User is not enhanced.

[2022-05-15 23:40:55 #15 type.registry] 
New type domain.Chat

[2022-05-15 23:40:55 #16 type.registry] 
New type java.util.ArrayList<domain.Chat>

[2022-05-15 23:40:55 #17 type] 
Type domain.Chat is not enhanced.

[2022-05-15 23:40:55 #18 type.registry] 
New type domain.Message

[2022-05-15 23:40:55 #19 type.registry] 
New type java.util.ArrayList<domain.Message>

[2022-05-15 23:40:55 #20 type.registry] 
New type java.util.ArrayList<domain.User>

[2022-05-15 23:40:55 #21 type] 
Type domain.Message is not enhanced.

[2022-05-15 23:40:55 #22 type.registry] 
New type domain.NormalUser

[2022-05-15 23:40:55 #23 type] 
Type domain.NormalUser is not enhanced.

[2022-05-15 23:40:55 #24 type.registry] 
New type domain.Transaction

[2022-05-15 23:40:55 #25 type.registry] 
New type java.util.ArrayList<domain.Transaction>

[2022-05-15 23:40:55 #26 type] 
Type domain.Transaction is not enhanced.

[2022-05-15 23:40:55 #27 type.registry] 
New type domain.Admin

[2022-05-15 23:40:55 #28 type] 
Type domain.Admin is not enhanced.

[2022-05-15 23:40:55 #29 type.registry] 
New type domain.Group

[2022-05-15 23:40:55 #30 type] 
Type domain.Group is not enhanced.

[2022-05-15 23:40:55 #31 type.registry] 
New type java.util.ArrayList<java.lang.Object>

[2022-05-15 23:40:55 #32 type.registry] 
New type java.util.Vector<java.lang.Object>

------------------------------------------------------------------------------------------------------------------------

[2022-05-15 23:41:03 #1 store] 
Database 'C:\Users\alejo\git\Bet21_3iterazioa\Bets21\src\main\resources\bets.temp' has been recovered (tr. 1-9)

[2022-05-15 23:41:03 #2 store] 
Database 'C:\Users\alejo\git\Bet21_3iterazioa\Bets21\src\main\resources\bets.temp' is opened by 1908@LAPTOP-PFPBTTRT

[2022-05-15 23:41:04 #3 type] 
Type domain.Question is not enhanced.

[2022-05-15 23:41:04 #4 type] 
Type domain.Cuote is not enhanced.

[2022-05-15 23:41:04 #5 type] 
Type domain.Event is not enhanced.

[2022-05-15 23:41:04 #6 type] 
Type domain.Bet is not enhanced.

[2022-05-15 23:41:04 #7 type] 
Type domain.User is not enhanced.

[2022-05-15 23:41:04 #8 type] 
Type domain.Chat is not enhanced.

[2022-05-15 23:41:04 #9 type] 
Type domain.Message is not enhanced.

[2022-05-15 23:41:04 #10 type] 
Type domain.NormalUser is not enhanced.

[2022-05-15 23:41:04 #11 type] 
Type domain.Transaction is not enhanced.

[2022-05-15 23:41:04 #12 type] 
Type domain.Admin is not enhanced.

[2022-05-15 23:41:04 #13 type] 
Type domain.Group is not enhanced.

------------------------------------------------------------------------------------------------------------------------

[2022-05-15 23:43:23 #1 store] 
Database 'C:\Users\alejo\git\Bet21_3iterazioa\Bets21\src\main\resources\bets.temp' is opened by 18388@LAPTOP-PFPBTTRT

[2022-05-15 23:43:23 #2 type] 
Type domain.Question is not enhanced.

[2022-05-15 23:43:23 #3 type] 
Type domain.Cuote is not enhanced.

[2022-05-15 23:43:23 #4 type] 
Type domain.Event is not enhanced.

[2022-05-15 23:43:23 #5 type] 
Type domain.Bet is not enhanced.

[2022-05-15 23:43:23 #6 type] 
Type domain.User is not enhanced.

[2022-05-15 23:43:23 #7 type] 
Type domain.Chat is not enhanced.

[2022-05-15 23:43:23 #8 type] 
Type domain.Message is not enhanced.

[2022-05-15 23:43:23 #9 type] 
Type domain.NormalUser is not enhanced.

[2022-05-15 23:43:23 #10 type] 
Type domain.Transaction is not enhanced.

[2022-05-15 23:43:23 #11 type] 
Type domain.Admin is not enhanced.

[2022-05-15 23:43:23 #12 type] 
Type domain.Group is not enhanced.

------------------------------------------------------------------------------------------------------------------------

[2022-05-15 23:46:41 #1 store] 
Database 'C:\Users\alejo\git\Bet21_3iterazioa\Bets21\src\main\resources\bets.temp' has been recovered (tr. 11-15)

[2022-05-15 23:46:41 #2 store] 
Database 'C:\Users\alejo\git\Bet21_3iterazioa\Bets21\src\main\resources\bets.temp' is opened by 8992@LAPTOP-PFPBTTRT

[2022-05-15 23:46:41 #3 type] 
Type domain.Question is not enhanced.

[2022-05-15 23:46:41 #4 type] 
Type domain.Cuote is not enhanced.

[2022-05-15 23:46:41 #5 type] 
Type domain.Event is not enhanced.

[2022-05-15 23:46:41 #6 type] 
Type domain.Bet is not enhanced.

[2022-05-15 23:46:41 #7 type] 
Type domain.User is not enhanced.

[2022-05-15 23:46:41 #8 type] 
Type domain.Chat is not enhanced.

[2022-05-15 23:46:41 #9 type] 
Type domain.Message is not enhanced.

[2022-05-15 23:46:41 #10 type] 
Type domain.NormalUser is not enhanced.

[2022-05-15 23:46:41 #11 type] 
Type domain.Transaction is not enhanced.

[2022-05-15 23:46:41 #12 type] 
Type domain.Admin is not enhanced.

[2022-05-15 23:46:41 #13 type] 
Type domain.Group is not enhanced.

------------------------------------------------------------------------------------------------------------------------

[2022-05-15 23:50:01 #1 store] 
Database 'C:\Users\alejo\git\Bet21_3iterazioa\Bets21\src\main\resources\bets.temp' is opened by 16168@LAPTOP-PFPBTTRT

[2022-05-15 23:50:01 #2 type.registry] 
New type domain.Question

[2022-05-15 23:50:01 #3 type] 
Type domain.Question is not enhanced.

[2022-05-15 23:50:01 #4 type.registry] 
New type domain.Cuote

[2022-05-15 23:50:01 #5 type.registry] 
New type java.util.ArrayList<domain.Cuote>

[2022-05-15 23:50:01 #6 type.registry] 
New type domain.Event

[2022-05-15 23:50:01 #7 type] 
Type domain.Cuote is not enhanced.

[2022-05-15 23:50:01 #8 type.registry] 
New type domain.Bet

[2022-05-15 23:50:01 #9 type.registry] 
New type java.util.ArrayList<domain.Bet>

[2022-05-15 23:50:01 #10 type] 
Type domain.Event is not enhanced.

[2022-05-15 23:50:01 #11 type.registry] 
New type java.util.Vector<domain.Question>

[2022-05-15 23:50:01 #12 type] 
Type domain.Bet is not enhanced.

[2022-05-15 23:50:01 #13 type.registry] 
New type domain.User

[2022-05-15 23:50:01 #14 type] 
Type domain.User is not enhanced.

[2022-05-15 23:50:01 #15 type.registry] 
New type domain.Chat

[2022-05-15 23:50:01 #16 type.registry] 
New type java.util.ArrayList<domain.Chat>

[2022-05-15 23:50:01 #17 type] 
Type domain.Chat is not enhanced.

[2022-05-15 23:50:01 #18 type.registry] 
New type domain.Message

[2022-05-15 23:50:01 #19 type.registry] 
New type java.util.ArrayList<domain.Message>

[2022-05-15 23:50:01 #20 type.registry] 
New type java.util.ArrayList<domain.User>

[2022-05-15 23:50:01 #21 type] 
Type domain.Message is not enhanced.

[2022-05-15 23:50:01 #22 type.registry] 
New type domain.NormalUser

[2022-05-15 23:50:01 #23 type] 
Type domain.NormalUser is not enhanced.

[2022-05-15 23:50:01 #24 type.registry] 
New type domain.Transaction

[2022-05-15 23:50:01 #25 type.registry] 
New type java.util.ArrayList<domain.Transaction>

[2022-05-15 23:50:01 #26 type] 
Type domain.Transaction is not enhanced.

[2022-05-15 23:50:01 #27 type.registry] 
New type domain.Admin

[2022-05-15 23:50:01 #28 type] 
Type domain.Admin is not enhanced.

[2022-05-15 23:50:01 #29 type.registry] 
New type domain.Group

[2022-05-15 23:50:01 #30 type] 
Type domain.Group is not enhanced.

[2022-05-15 23:50:01 #31 type.registry] 
New type java.util.ArrayList<java.lang.Object>

[2022-05-15 23:50:01 #32 type.registry] 
New type java.util.Vector<java.lang.Object>

------------------------------------------------------------------------------------------------------------------------

[2022-05-15 23:50:25 #1 store] 
Database 'C:\Users\alejo\git\Bet21_3iterazioa\Bets21\src\main\resources\bets.temp' has been recovered (tr. 1-9)

[2022-05-15 23:50:25 #2 store] 
Database 'C:\Users\alejo\git\Bet21_3iterazioa\Bets21\src\main\resources\bets.temp' is opened by 10196@LAPTOP-PFPBTTRT

[2022-05-15 23:50:26 #3 type] 
Type domain.Question is not enhanced.

[2022-05-15 23:50:26 #4 type] 
Type domain.Cuote is not enhanced.

[2022-05-15 23:50:26 #5 type] 
Type domain.Event is not enhanced.

[2022-05-15 23:50:26 #6 type] 
Type domain.Bet is not enhanced.

[2022-05-15 23:50:26 #7 type] 
Type domain.User is not enhanced.

[2022-05-15 23:50:26 #8 type] 
Type domain.Chat is not enhanced.

[2022-05-15 23:50:26 #9 type] 
Type domain.Message is not enhanced.

[2022-05-15 23:50:26 #10 type] 
Type domain.NormalUser is not enhanced.

[2022-05-15 23:50:26 #11 type] 
Type domain.Transaction is not enhanced.

[2022-05-15 23:50:26 #12 type] 
Type domain.Admin is not enhanced.

[2022-05-15 23:50:26 #13 type] 
Type domain.Group is not enhanced.

