------------------------------------------------------------------------------------------------------------------------

[2022-05-04 13:31:54 #1 store] 
Database 'C:\Users\alejo\git\Bet21_3iterazioa\Bets21\src\main\resources\bets.temp' has been recovered (tr. 9-9)

[2022-05-04 13:31:54 #2 store] 
Database 'C:\Users\alejo\git\Bet21_3iterazioa\Bets21\src\main\resources\bets.temp' is opened by 1968@LAPTOP-PFPBTTRT

[2022-05-04 13:32:11 #3 store] 
Database 'C:\Users\alejo\git\Bet21_3iterazioa\Bets21\src\main\resources\bets.temp' is closed by 1968@LAPTOP-PFPBTTRT

------------------------------------------------------------------------------------------------------------------------

[2022-05-04 14:10:41 #1 store] 
Database 'C:\Users\alejo\git\Bet21_3iterazioa\Bets21\src\main\resources\bets.temp' has been recovered (tr. 10-12)

[2022-05-04 14:10:42 #2 store] 
Database 'C:\Users\alejo\git\Bet21_3iterazioa\Bets21\src\main\resources\bets.temp' is opened by 18368@LAPTOP-PFPBTTRT

[2022-05-04 14:12:45 #3 store] 
Database 'C:\Users\alejo\git\Bet21_3iterazioa\Bets21\src\main\resources\bets.temp' is closed by 18368@LAPTOP-PFPBTTRT

------------------------------------------------------------------------------------------------------------------------

[2022-05-04 14:35:33 #1 store] 
Database 'C:\Users\alejo\git\Bet21_3iterazioa\Bets21\src\main\resources\bets.temp' has been recovered (tr. 13-13)

[2022-05-04 14:35:33 #2 store] 
Database 'C:\Users\alejo\git\Bet21_3iterazioa\Bets21\src\main\resources\bets.temp' is opened by 10728@LAPTOP-PFPBTTRT

[2022-05-04 16:20:26 #3 store] 
Database 'C:\Users\alejo\git\Bet21_3iterazioa\Bets21\src\main\resources\bets.temp' is closed by 10728@LAPTOP-PFPBTTRT

------------------------------------------------------------------------------------------------------------------------

[2022-05-04 16:20:57 #1 store] 
Database 'C:\Users\alejo\git\Bet21_3iterazioa\Bets21\src\main\resources\bets.temp' has been recovered (tr. 14-15)

[2022-05-04 16:20:57 #2 store] 
Database 'C:\Users\alejo\git\Bet21_3iterazioa\Bets21\src\main\resources\bets.temp' is opened by 400@LAPTOP-PFPBTTRT

[2022-05-04 16:21:20 #3 store] 
Database 'C:\Users\alejo\git\Bet21_3iterazioa\Bets21\src\main\resources\bets.temp' is closed by 400@LAPTOP-PFPBTTRT

------------------------------------------------------------------------------------------------------------------------

[2022-05-04 17:34:38 #1 store] 
Database 'C:\Users\alejo\git\Bet21_3iterazioa\Bets21\src\main\resources\bets.temp' has been recovered (tr. 16-16)

[2022-05-04 17:34:38 #2 store] 
Database 'C:\Users\alejo\git\Bet21_3iterazioa\Bets21\src\main\resources\bets.temp' is opened by 20460@LAPTOP-PFPBTTRT

[2022-05-04 17:35:05 #3 store] 
Database 'C:\Users\alejo\git\Bet21_3iterazioa\Bets21\src\main\resources\bets.temp' is closed by 20460@LAPTOP-PFPBTTRT

------------------------------------------------------------------------------------------------------------------------

[2022-05-04 19:13:57 #1 store] 
Database 'C:\Users\alejo\git\Bet21_3iterazioa\Bets21\src\main\resources\bets.temp' has been recovered (tr. 27-29)

[2022-05-04 19:13:57 #2 store] 
Database 'C:\Users\alejo\git\Bet21_3iterazioa\Bets21\src\main\resources\bets.temp' is opened by 11872@LAPTOP-PFPBTTRT

[2022-05-04 19:14:27 #3 store] 
Database 'C:\Users\alejo\git\Bet21_3iterazioa\Bets21\src\main\resources\bets.temp' is closed by 11872@LAPTOP-PFPBTTRT

------------------------------------------------------------------------------------------------------------------------

[2022-05-04 19:19:47 #1 store] 
Database 'C:\Users\alejo\git\Bet21_3iterazioa\Bets21\src\main\resources\bets.temp' has been recovered (tr. 30-33)

[2022-05-04 19:19:47 #2 store] 
Database 'C:\Users\alejo\git\Bet21_3iterazioa\Bets21\src\main\resources\bets.temp' is opened by 10480@LAPTOP-PFPBTTRT

[2022-05-04 19:20:21 #3 store] 
Database 'C:\Users\alejo\git\Bet21_3iterazioa\Bets21\src\main\resources\bets.temp' is closed by 10480@LAPTOP-PFPBTTRT

------------------------------------------------------------------------------------------------------------------------

[2022-05-04 19:22:16 #1 server] 
Server on port 6136 has started by 18836@LAPTOP-PFPBTTRT

------------------------------------------------------------------------------------------------------------------------

[2022-05-04 19:22:18 #1 store] 
Database 'C:\Users\alejo\git\Bet21_3iterazioa\Bets21\src\main\resources\bets.temp' has been recovered (tr. 34-34)

[2022-05-04 19:22:18 #2 store] 
Database 'C:\Users\alejo\git\Bet21_3iterazioa\Bets21\src\main\resources\bets.temp' is opened by 16448@LAPTOP-PFPBTTRT

[2022-05-04 19:22:43 #3 store] 
Database 'C:\Users\alejo\git\Bet21_3iterazioa\Bets21\src\main\resources\bets.temp' is closed by 16448@LAPTOP-PFPBTTRT

------------------------------------------------------------------------------------------------------------------------

[2022-05-04 19:23:25 #1 store] 
Database 'C:\Users\alejo\git\Bet21_3iterazioa\Bets21\src\main\resources\bets.temp' is opened by 8412@LAPTOP-PFPBTTRT

[2022-05-04 19:24:23 #2 store] 
Database 'C:\Users\alejo\git\Bet21_3iterazioa\Bets21\src\main\resources\bets.temp' is closed by 8412@LAPTOP-PFPBTTRT

------------------------------------------------------------------------------------------------------------------------

[2022-05-04 20:04:22 #1 store] 
Database 'C:\Users\alejo\git\Bet21_3iterazioa\Bets21\src\main\resources\bets.temp' is opened by 15892@LAPTOP-PFPBTTRT

[2022-05-04 20:07:02 #2 store] 
Database 'C:\Users\alejo\git\Bet21_3iterazioa\Bets21\src\main\resources\bets.temp' is closed by 15892@LAPTOP-PFPBTTRT

------------------------------------------------------------------------------------------------------------------------

[2022-05-04 20:21:01 #1 store] 
Database 'C:\Users\alejo\git\Bet21_3iterazioa\Bets21\src\main\resources\bets.temp' has been recovered (tr. 9-11)

[2022-05-04 20:21:01 #2 store] 
Database 'C:\Users\alejo\git\Bet21_3iterazioa\Bets21\src\main\resources\bets.temp' is opened by 3636@LAPTOP-PFPBTTRT

[2022-05-04 20:22:36 #3 store] 
Database 'C:\Users\alejo\git\Bet21_3iterazioa\Bets21\src\main\resources\bets.temp' is closed by 3636@LAPTOP-PFPBTTRT

------------------------------------------------------------------------------------------------------------------------

[2022-05-04 20:30:14 #1 store] 
Database 'C:\Users\alejo\git\Bet21_3iterazioa\Bets21\src\main\resources\bets.temp' has been recovered (tr. 18-19)

[2022-05-04 20:30:14 #2 store] 
Database 'C:\Users\alejo\git\Bet21_3iterazioa\Bets21\src\main\resources\bets.temp' is opened by 12364@LAPTOP-PFPBTTRT

[2022-05-04 20:32:35 #3 store] 
Database 'C:\Users\alejo\git\Bet21_3iterazioa\Bets21\src\main\resources\bets.temp' is closed by 12364@LAPTOP-PFPBTTRT

------------------------------------------------------------------------------------------------------------------------

[2022-05-04 20:40:14 #1 server] 
java.net.BindException: Address already in use: bind
	at java.base/sun.nio.ch.Net.bind0(Native Method)
	at java.base/sun.nio.ch.Net.bind(Net.java:550)
	at java.base/sun.nio.ch.Net.bind(Net.java:539)
	at java.base/sun.nio.ch.NioSocketImpl.bind(NioSocketImpl.java:643)
	at java.base/java.net.ServerSocket.bind(ServerSocket.java:396)
	at java.base/java.net.ServerSocket.<init>(ServerSocket.java:282)
	at java.base/java.net.ServerSocket.<init>(ServerSocket.java:226)
	at com.objectdb.o.SMR.I(SMR.java:259)
	at com.objectdb.o.SMR.n(SMR.java:159)
	at com.objectdb.o.TOL.run(TOL.java:116)
	at com.objectdb.Server.runCommand(Server.java:193)
	at com.objectdb.Server.run(Server.java:102)
	at com.objectdb.ServerRunner.main(ServerRunner.java:31)

------------------------------------------------------------------------------------------------------------------------

[2022-05-04 20:40:16 #1 store] 
Database 'C:\Users\alejo\git\Bet21_3iterazioa\Bets21\src\main\resources\bets.temp' has been recovered (tr. 1-23)

[2022-05-04 20:40:16 #2 store] 
Database 'C:\Users\alejo\git\Bet21_3iterazioa\Bets21\src\main\resources\bets.temp' is opened by 14884@LAPTOP-PFPBTTRT

[2022-05-04 20:43:35 #3 store] 
Database 'C:\Users\alejo\git\Bet21_3iterazioa\Bets21\src\main\resources\bets.temp' is closed by 14884@LAPTOP-PFPBTTRT

------------------------------------------------------------------------------------------------------------------------

[2022-05-04 20:44:58 #1 store] 
Database 'C:\Users\alejo\git\Bet21_3iterazioa\Bets21\src\main\resources\bets.temp' has been recovered (tr. 24-24)

[2022-05-04 20:44:58 #2 store] 
Database 'C:\Users\alejo\git\Bet21_3iterazioa\Bets21\src\main\resources\bets.temp' is opened by 2860@LAPTOP-PFPBTTRT

[2022-05-04 20:45:14 #3 store] 
Database 'C:\Users\alejo\git\Bet21_3iterazioa\Bets21\src\main\resources\bets.temp' is closed by 2860@LAPTOP-PFPBTTRT

------------------------------------------------------------------------------------------------------------------------

[2022-05-04 20:46:38 #1 store] 
Database 'C:\Users\alejo\git\Bet21_3iterazioa\Bets21\src\main\resources\bets.temp' has been recovered (tr. 25-29)

[2022-05-04 20:46:38 #2 store] 
Database 'C:\Users\alejo\git\Bet21_3iterazioa\Bets21\src\main\resources\bets.temp' is opened by 5388@LAPTOP-PFPBTTRT

[2022-05-04 20:47:03 #3 store] 
Database 'C:\Users\alejo\git\Bet21_3iterazioa\Bets21\src\main\resources\bets.temp' is closed by 5388@LAPTOP-PFPBTTRT

------------------------------------------------------------------------------------------------------------------------

[2022-05-04 20:52:12 #1 store] 
Database 'C:\Users\alejo\git\Bet21_3iterazioa\Bets21\src\main\resources\bets.temp' is opened by 17996@LAPTOP-PFPBTTRT

[2022-05-04 20:53:51 #2 store] 
Database 'C:\Users\alejo\git\Bet21_3iterazioa\Bets21\src\main\resources\bets.temp' is closed by 17996@LAPTOP-PFPBTTRT

