------------------------------------------------------------------------------------------------------------------------

[2022-04-03 15:31:57 #1 store] 
Database 'D:\git\Bet21\Bets21\src\main\resources\bets.temp' has been recovered (tr. 13-20)

[2022-04-03 15:31:58 #2 store] 
Database 'D:\git\Bet21\Bets21\src\main\resources\bets.temp' is opened by 1320@LAPTOP-PFPBTTRT

[2022-04-03 15:32:15 #3 store] 
Database 'D:\git\Bet21\Bets21\src\main\resources\bets.temp' is closed by 1320@LAPTOP-PFPBTTRT

------------------------------------------------------------------------------------------------------------------------

[2022-04-03 19:36:52 #1 store] 
Database 'D:\git\Bet21\Bets21\src\main\resources\bets.temp' has been recovered (tr. 1-8)

[2022-04-03 19:36:52 #2 store] 
Database 'D:\git\Bet21\Bets21\src\main\resources\bets.temp' is opened by 5876@LAPTOP-PFPBTTRT

[2022-04-03 19:37:18 #3 store] 
Database 'D:\git\Bet21\Bets21\src\main\resources\bets.temp' is closed by 5876@LAPTOP-PFPBTTRT

------------------------------------------------------------------------------------------------------------------------

[2022-04-03 19:50:09 #1 store] 
Database 'D:\git\Bet21\Bets21\src\main\resources\bets.temp' has been recovered (tr. 11-12)

[2022-04-03 19:50:09 #2 store] 
Database 'D:\git\Bet21\Bets21\src\main\resources\bets.temp' is opened by 10220@LAPTOP-PFPBTTRT

[2022-04-03 19:50:22 #3 store] 
Database 'D:\git\Bet21\Bets21\src\main\resources\bets.temp' is closed by 10220@LAPTOP-PFPBTTRT

------------------------------------------------------------------------------------------------------------------------

[2022-04-03 19:50:44 #1 store] 
Database 'D:\git\Bet21\Bets21\src\main\resources\bets.temp' has been recovered (tr. 13-13)

[2022-04-03 19:50:44 #2 store] 
Database 'D:\git\Bet21\Bets21\src\main\resources\bets.temp' is opened by 11960@LAPTOP-PFPBTTRT

[2022-04-03 19:50:53 #3 store] 
Database 'D:\git\Bet21\Bets21\src\main\resources\bets.temp' is closed by 11960@LAPTOP-PFPBTTRT

------------------------------------------------------------------------------------------------------------------------

[2022-04-03 19:56:23 #1 store] 
Database 'D:\git\Bet21\Bets21\src\main\resources\bets.temp' has been recovered (tr. 9-9)

[2022-04-03 19:56:23 #2 store] 
Database 'D:\git\Bet21\Bets21\src\main\resources\bets.temp' is opened by 1164@LAPTOP-PFPBTTRT

[2022-04-03 19:56:33 #3 store] 
Database 'D:\git\Bet21\Bets21\src\main\resources\bets.temp' is closed by 1164@LAPTOP-PFPBTTRT

