------------------------------------------------------------------------------------------------------------------------

[2022-03-27 11:55:09 #1 store] 
Database 'C:\Users\alejo\git\Bets21\src\main\resources\bets.temp' has been recovered (tr. 7-8)

[2022-03-27 11:55:09 #2 store] 
Database 'C:\Users\alejo\git\Bets21\src\main\resources\bets.temp' is opened by 19504@LAPTOP-PFPBTTRT

[2022-03-27 11:56:39 #3 store] 
Database 'C:\Users\alejo\git\Bets21\src\main\resources\bets.temp' is closed by 19504@LAPTOP-PFPBTTRT

------------------------------------------------------------------------------------------------------------------------

[2022-03-27 12:03:29 #1 store] 
Database 'C:\Users\alejo\git\Bets21\src\main\resources\bets.temp' has been recovered (tr. 10-10)

[2022-03-27 12:03:29 #2 store] 
Database 'C:\Users\alejo\git\Bets21\src\main\resources\bets.temp' is opened by 7736@LAPTOP-PFPBTTRT

[2022-03-27 12:03:50 #3 store] 
Database 'C:\Users\alejo\git\Bets21\src\main\resources\bets.temp' is closed by 7736@LAPTOP-PFPBTTRT

------------------------------------------------------------------------------------------------------------------------

[2022-03-27 12:07:21 #1 store] 
Database 'C:\Users\alejo\git\Bets21\src\main\resources\bets.temp' has been recovered (tr. 18-19)

[2022-03-27 12:07:21 #2 store] 
Database 'C:\Users\alejo\git\Bets21\src\main\resources\bets.temp' is opened by 7816@LAPTOP-PFPBTTRT

[2022-03-27 12:07:30 #3 store] 
Database 'C:\Users\alejo\git\Bets21\src\main\resources\bets.temp' is closed by 7816@LAPTOP-PFPBTTRT

------------------------------------------------------------------------------------------------------------------------

[2022-03-27 12:34:49 #1 store] 
Database 'C:\Users\alejo\git\Bets21\src\main\resources\bets.temp' is opened by 13620@LAPTOP-PFPBTTRT

[2022-03-27 12:34:59 #2 store] 
Database 'C:\Users\alejo\git\Bets21\src\main\resources\bets.temp' is closed by 13620@LAPTOP-PFPBTTRT

------------------------------------------------------------------------------------------------------------------------

[2022-03-27 13:57:32 #1 store] 
Database 'C:\Users\alejo\git\Bets21\src\main\resources\bets.temp' is opened by 16452@LAPTOP-PFPBTTRT

[2022-03-27 13:57:50 #2 store] 
Database 'C:\Users\alejo\git\Bets21\src\main\resources\bets.temp' is closed by 16452@LAPTOP-PFPBTTRT

------------------------------------------------------------------------------------------------------------------------

[2022-03-27 14:05:59 #1 store] 
Database 'C:\Users\alejo\git\Bets21\src\main\resources\bets.temp' has been recovered (tr. 1-9)

[2022-03-27 14:05:59 #2 store] 
Database 'C:\Users\alejo\git\Bets21\src\main\resources\bets.temp' is opened by 14316@LAPTOP-PFPBTTRT

[2022-03-27 14:06:17 #3 store] 
Database 'C:\Users\alejo\git\Bets21\src\main\resources\bets.temp' is closed by 14316@LAPTOP-PFPBTTRT

------------------------------------------------------------------------------------------------------------------------

[2022-03-27 14:07:49 #1 store] 
Database 'C:\Users\alejo\git\Bets21\src\main\resources\bets.temp' has been recovered (tr. 10-11)

[2022-03-27 14:07:49 #2 store] 
Database 'C:\Users\alejo\git\Bets21\src\main\resources\bets.temp' is opened by 17196@LAPTOP-PFPBTTRT

[2022-03-27 14:07:55 #3 store] 
Database 'C:\Users\alejo\git\Bets21\src\main\resources\bets.temp' is closed by 17196@LAPTOP-PFPBTTRT

