------------------------------------------------------------------------------------------------------------------------

[2022-05-14 00:03:11 #1 store] 
Database 'C:\Users\alejo\git\Bet21_3iterazioa\Bets21\src\main\resources\bets.temp' is opened by 18404@LAPTOP-PFPBTTRT

[2022-05-14 00:03:11 #2 type] 
Type domain.Question is not enhanced.

[2022-05-14 00:03:11 #3 type] 
Type domain.Cuote is not enhanced.

[2022-05-14 00:03:11 #4 type] 
Type domain.Event is not enhanced.

[2022-05-14 00:03:11 #5 type] 
Type domain.Bet is not enhanced.

[2022-05-14 00:03:11 #6 type] 
Type domain.User is not enhanced.

[2022-05-14 00:03:11 #7 type] 
Type domain.Chat is not enhanced.

[2022-05-14 00:03:11 #8 type] 
Type domain.Message is not enhanced.

[2022-05-14 00:03:11 #9 type] 
Type domain.NormalUser is not enhanced.

[2022-05-14 00:03:11 #10 type] 
Type domain.Transaction is not enhanced.

[2022-05-14 00:03:11 #11 type] 
Type domain.Admin is not enhanced.

------------------------------------------------------------------------------------------------------------------------

[2022-05-14 00:04:06 #1 store] 
Database 'C:\Users\alejo\git\Bet21_3iterazioa\Bets21\src\main\resources\bets.temp' is opened by 8260@LAPTOP-PFPBTTRT

[2022-05-14 00:04:06 #2 type] 
Type domain.Question is not enhanced.

[2022-05-14 00:04:06 #3 type] 
Type domain.Cuote is not enhanced.

[2022-05-14 00:04:06 #4 type] 
Type domain.Event is not enhanced.

[2022-05-14 00:04:06 #5 type] 
Type domain.Bet is not enhanced.

[2022-05-14 00:04:06 #6 type] 
Type domain.User is not enhanced.

[2022-05-14 00:04:06 #7 type] 
Type domain.Chat is not enhanced.

[2022-05-14 00:04:06 #8 type] 
Type domain.Message is not enhanced.

[2022-05-14 00:04:06 #9 type] 
Type domain.NormalUser is not enhanced.

[2022-05-14 00:04:06 #10 type] 
Type domain.Transaction is not enhanced.

[2022-05-14 00:04:06 #11 type] 
Type domain.Admin is not enhanced.

------------------------------------------------------------------------------------------------------------------------

[2022-05-14 00:07:52 #1 store] 
Database 'C:\Users\alejo\git\Bet21_3iterazioa\Bets21\src\main\resources\bets.temp' is opened by 14800@LAPTOP-PFPBTTRT

[2022-05-14 00:07:53 #2 type] 
Type domain.Question is not enhanced.

[2022-05-14 00:07:53 #3 type] 
Type domain.Cuote is not enhanced.

[2022-05-14 00:07:53 #4 type] 
Type domain.Event is not enhanced.

[2022-05-14 00:07:53 #5 type] 
Type domain.Bet is not enhanced.

[2022-05-14 00:07:53 #6 type] 
Type domain.User is not enhanced.

[2022-05-14 00:07:53 #7 type] 
Type domain.Chat is not enhanced.

[2022-05-14 00:07:53 #8 type] 
Type domain.Message is not enhanced.

[2022-05-14 00:07:53 #9 type] 
Type domain.NormalUser is not enhanced.

[2022-05-14 00:07:53 #10 type] 
Type domain.Transaction is not enhanced.

[2022-05-14 00:07:53 #11 type] 
Type domain.Admin is not enhanced.

------------------------------------------------------------------------------------------------------------------------

[2022-05-14 00:14:10 #1 store] 
Database 'C:\Users\alejo\git\Bet21_3iterazioa\Bets21\src\main\resources\bets.temp' is opened by 15080@LAPTOP-PFPBTTRT

[2022-05-14 00:14:10 #2 type] 
Type domain.Question is not enhanced.

[2022-05-14 00:14:10 #3 type] 
Type domain.Cuote is not enhanced.

[2022-05-14 00:14:10 #4 type] 
Type domain.Event is not enhanced.

[2022-05-14 00:14:10 #5 type] 
Type domain.Bet is not enhanced.

[2022-05-14 00:14:10 #6 type] 
Type domain.User is not enhanced.

[2022-05-14 00:14:10 #7 type] 
Type domain.Chat is not enhanced.

[2022-05-14 00:14:10 #8 type] 
Type domain.Message is not enhanced.

[2022-05-14 00:14:10 #9 type] 
Type domain.NormalUser is not enhanced.

[2022-05-14 00:14:10 #10 type] 
Type domain.Transaction is not enhanced.

[2022-05-14 00:14:10 #11 type] 
Type domain.Admin is not enhanced.

------------------------------------------------------------------------------------------------------------------------

[2022-05-14 00:16:33 #1 store] 
Database 'C:\Users\alejo\git\Bet21_3iterazioa\Bets21\src\main\resources\bets.temp' is opened by 11280@LAPTOP-PFPBTTRT

[2022-05-14 00:16:34 #2 type] 
Type domain.Question is not enhanced.

[2022-05-14 00:16:34 #3 type] 
Type domain.Cuote is not enhanced.

[2022-05-14 00:16:34 #4 type] 
Type domain.Event is not enhanced.

[2022-05-14 00:16:34 #5 type] 
Type domain.Bet is not enhanced.

[2022-05-14 00:16:34 #6 type] 
Type domain.User is not enhanced.

[2022-05-14 00:16:34 #7 type] 
Type domain.Chat is not enhanced.

[2022-05-14 00:16:34 #8 type] 
Type domain.Message is not enhanced.

[2022-05-14 00:16:34 #9 type] 
Type domain.NormalUser is not enhanced.

[2022-05-14 00:16:34 #10 type] 
Type domain.Transaction is not enhanced.

[2022-05-14 00:16:34 #11 type] 
Type domain.Admin is not enhanced.

------------------------------------------------------------------------------------------------------------------------

[2022-05-14 00:17:36 #1 store] 
Database 'C:\Users\alejo\git\Bet21_3iterazioa\Bets21\src\main\resources\bets.temp' is opened by 13984@LAPTOP-PFPBTTRT

[2022-05-14 00:17:36 #2 type] 
Type domain.Question is not enhanced.

[2022-05-14 00:17:36 #3 type] 
Type domain.Cuote is not enhanced.

[2022-05-14 00:17:36 #4 type] 
Type domain.Event is not enhanced.

[2022-05-14 00:17:36 #5 type] 
Type domain.Bet is not enhanced.

[2022-05-14 00:17:36 #6 type] 
Type domain.User is not enhanced.

[2022-05-14 00:17:36 #7 type] 
Type domain.Chat is not enhanced.

[2022-05-14 00:17:36 #8 type] 
Type domain.Message is not enhanced.

[2022-05-14 00:17:36 #9 type] 
Type domain.NormalUser is not enhanced.

[2022-05-14 00:17:36 #10 type] 
Type domain.Transaction is not enhanced.

[2022-05-14 00:17:36 #11 type] 
Type domain.Admin is not enhanced.

------------------------------------------------------------------------------------------------------------------------

[2022-05-14 00:38:30 #1 store] 
Database 'C:\Users\alejo\git\Bet21_3iterazioa\Bets21\src\main\resources\bets.temp' is opened by 14984@LAPTOP-PFPBTTRT

[2022-05-14 00:38:30 #2 type] 
Type domain.Question is not enhanced.

[2022-05-14 00:38:30 #3 type] 
Type domain.Cuote is not enhanced.

[2022-05-14 00:38:30 #4 type] 
Type domain.Event is not enhanced.

[2022-05-14 00:38:30 #5 type] 
Type domain.Bet is not enhanced.

[2022-05-14 00:38:30 #6 type] 
Type domain.User is not enhanced.

[2022-05-14 00:38:30 #7 type] 
Type domain.Chat is not enhanced.

[2022-05-14 00:38:30 #8 type] 
Type domain.Message is not enhanced.

[2022-05-14 00:38:30 #9 type] 
Type domain.NormalUser is not enhanced.

[2022-05-14 00:38:30 #10 type] 
Type domain.Transaction is not enhanced.

[2022-05-14 00:38:30 #11 type] 
Type domain.Admin is not enhanced.

------------------------------------------------------------------------------------------------------------------------

[2022-05-14 00:59:05 #1 store] 
Database 'C:\Users\alejo\git\Bet21_3iterazioa\Bets21\src\main\resources\bets.temp' is opened by 4728@LAPTOP-PFPBTTRT

[2022-05-14 00:59:05 #2 type] 
Type domain.Question is not enhanced.

[2022-05-14 00:59:05 #3 type] 
Type domain.Cuote is not enhanced.

[2022-05-14 00:59:05 #4 type] 
Type domain.Event is not enhanced.

[2022-05-14 00:59:05 #5 type] 
Type domain.Bet is not enhanced.

[2022-05-14 00:59:06 #6 type] 
Type domain.User is not enhanced.

[2022-05-14 00:59:06 #7 type] 
Type domain.Chat is not enhanced.

[2022-05-14 00:59:06 #8 type] 
Type domain.Message is not enhanced.

[2022-05-14 00:59:06 #9 type] 
Type domain.NormalUser is not enhanced.

[2022-05-14 00:59:06 #10 type] 
Type domain.Transaction is not enhanced.

[2022-05-14 00:59:06 #11 type] 
Type domain.Admin is not enhanced.

------------------------------------------------------------------------------------------------------------------------

[2022-05-14 01:16:55 #1 server] 
Server on port 6136 has started by 17360@LAPTOP-PFPBTTRT

