------------------------------------------------------------------------------------------------------------------------

[2022-04-02 18:04:19 #1 store] 
Database 'D:\git\Bet21\Bets21\src\main\resources\bets.temp' has been recovered (tr. 20-21)

[2022-04-02 18:04:19 #2 store] 
Database 'D:\git\Bet21\Bets21\src\main\resources\bets.temp' is opened by 16168@LAPTOP-PFPBTTRT

[2022-04-02 18:04:20 #3 type] 
Type domain.Question is not enhanced.

[2022-04-02 18:04:20 #4 type] 
Type domain.Cuote is not enhanced.

[2022-04-02 18:04:20 #5 type] 
Type domain.Event is not enhanced.

[2022-04-02 18:04:20 #6 type] 
Type domain.Bet is not enhanced.

[2022-04-02 18:04:20 #7 type] 
Type domain.User is not enhanced.

[2022-04-02 18:04:20 #8 type] 
Type domain.Transaction is not enhanced.

------------------------------------------------------------------------------------------------------------------------

[2022-04-02 18:07:36 #1 store] 
Database 'D:\git\Bet21\Bets21\src\main\resources\bets.temp' is opened by 8684@LAPTOP-PFPBTTRT

[2022-04-02 18:07:36 #2 type] 
Type domain.Question is not enhanced.

[2022-04-02 18:07:36 #3 type] 
Type domain.Cuote is not enhanced.

[2022-04-02 18:07:36 #4 type] 
Type domain.Event is not enhanced.

[2022-04-02 18:07:36 #5 type] 
Type domain.Bet is not enhanced.

[2022-04-02 18:07:36 #6 type] 
Type domain.User is not enhanced.

[2022-04-02 18:07:36 #7 type] 
Type domain.Transaction is not enhanced.

------------------------------------------------------------------------------------------------------------------------

[2022-04-02 18:08:29 #1 store] 
Database 'D:\git\Bet21\Bets21\src\main\resources\bets.temp' is opened by 13936@LAPTOP-PFPBTTRT

[2022-04-02 18:08:29 #2 type] 
Type domain.Question is not enhanced.

[2022-04-02 18:08:29 #3 type] 
Type domain.Cuote is not enhanced.

[2022-04-02 18:08:29 #4 type] 
Type domain.Event is not enhanced.

[2022-04-02 18:08:29 #5 type] 
Type domain.Bet is not enhanced.

[2022-04-02 18:08:29 #6 type] 
Type domain.User is not enhanced.

[2022-04-02 18:08:29 #7 type] 
Type domain.Transaction is not enhanced.

------------------------------------------------------------------------------------------------------------------------

[2022-04-02 18:10:06 #1 store] 
Database 'D:\git\Bet21\Bets21\src\main\resources\bets.temp' has been recovered (tr. 22-22)

[2022-04-02 18:10:06 #2 store] 
Database 'D:\git\Bet21\Bets21\src\main\resources\bets.temp' is opened by 15676@LAPTOP-PFPBTTRT

[2022-04-02 18:10:06 #3 type] 
Type domain.Question is not enhanced.

[2022-04-02 18:10:06 #4 type] 
Type domain.Cuote is not enhanced.

[2022-04-02 18:10:06 #5 type] 
Type domain.Event is not enhanced.

[2022-04-02 18:10:06 #6 type] 
Type domain.Bet is not enhanced.

[2022-04-02 18:10:06 #7 type] 
Type domain.User is not enhanced.

[2022-04-02 18:10:06 #8 type] 
Type domain.Transaction is not enhanced.

------------------------------------------------------------------------------------------------------------------------

[2022-04-02 18:17:49 #1 store] 
Database 'D:\git\Bet21\Bets21\src\main\resources\bets.temp' is opened by 14412@LAPTOP-PFPBTTRT

[2022-04-02 18:17:49 #2 type] 
Type domain.Question is not enhanced.

[2022-04-02 18:17:49 #3 type] 
Type domain.Cuote is not enhanced.

[2022-04-02 18:17:49 #4 type] 
Type domain.Event is not enhanced.

[2022-04-02 18:17:49 #5 type] 
Type domain.Bet is not enhanced.

[2022-04-02 18:17:49 #6 type] 
Type domain.User is not enhanced.

[2022-04-02 18:17:49 #7 type] 
Type domain.Transaction is not enhanced.

------------------------------------------------------------------------------------------------------------------------

[2022-04-02 18:20:23 #1 store] 
Database 'D:\git\Bet21\Bets21\src\main\resources\bets.temp' is opened by 9320@LAPTOP-PFPBTTRT

[2022-04-02 18:20:23 #2 type] 
Type domain.Question is not enhanced.

[2022-04-02 18:20:23 #3 type] 
Type domain.Cuote is not enhanced.

[2022-04-02 18:20:23 #4 type] 
Type domain.Event is not enhanced.

[2022-04-02 18:20:23 #5 type] 
Type domain.Bet is not enhanced.

[2022-04-02 18:20:23 #6 type] 
Type domain.User is not enhanced.

[2022-04-02 18:20:23 #7 type] 
Type domain.Transaction is not enhanced.

------------------------------------------------------------------------------------------------------------------------

[2022-04-02 18:20:42 #1 store] 
Database 'D:\git\Bet21\Bets21\src\main\resources\bets.temp' has been recovered (tr. 23-24)

[2022-04-02 18:20:42 #2 store] 
Database 'D:\git\Bet21\Bets21\src\main\resources\bets.temp' is opened by 16204@LAPTOP-PFPBTTRT

[2022-04-02 18:20:42 #3 type] 
Type domain.Question is not enhanced.

[2022-04-02 18:20:42 #4 type] 
Type domain.Cuote is not enhanced.

[2022-04-02 18:20:42 #5 type] 
Type domain.Event is not enhanced.

[2022-04-02 18:20:42 #6 type] 
Type domain.Bet is not enhanced.

[2022-04-02 18:20:42 #7 type] 
Type domain.User is not enhanced.

[2022-04-02 18:20:42 #8 type] 
Type domain.Transaction is not enhanced.

------------------------------------------------------------------------------------------------------------------------

[2022-04-02 18:23:27 #1 store] 
Database 'D:\git\Bet21\Bets21\src\main\resources\bets.temp' has been recovered (tr. 25-34)

[2022-04-02 18:23:27 #2 store] 
Database 'D:\git\Bet21\Bets21\src\main\resources\bets.temp' is opened by 7768@LAPTOP-PFPBTTRT

[2022-04-02 18:23:27 #3 type] 
Type domain.Question is not enhanced.

[2022-04-02 18:23:27 #4 type] 
Type domain.Cuote is not enhanced.

[2022-04-02 18:23:27 #5 type] 
Type domain.Event is not enhanced.

[2022-04-02 18:23:27 #6 type] 
Type domain.Bet is not enhanced.

[2022-04-02 18:23:27 #7 type] 
Type domain.User is not enhanced.

[2022-04-02 18:23:27 #8 type] 
Type domain.Transaction is not enhanced.

------------------------------------------------------------------------------------------------------------------------

[2022-04-02 18:24:45 #1 store] 
Database 'D:\git\Bet21\Bets21\src\main\resources\bets.temp' has been recovered (tr. 35-37)

[2022-04-02 18:24:45 #2 store] 
Database 'D:\git\Bet21\Bets21\src\main\resources\bets.temp' is opened by 10220@LAPTOP-PFPBTTRT

[2022-04-02 18:24:45 #3 type] 
Type domain.Question is not enhanced.

[2022-04-02 18:24:45 #4 type] 
Type domain.Cuote is not enhanced.

[2022-04-02 18:24:45 #5 type] 
Type domain.Event is not enhanced.

[2022-04-02 18:24:45 #6 type] 
Type domain.Bet is not enhanced.

[2022-04-02 18:24:45 #7 type] 
Type domain.User is not enhanced.

[2022-04-02 18:24:45 #8 type] 
Type domain.Transaction is not enhanced.

------------------------------------------------------------------------------------------------------------------------

[2022-04-02 18:24:55 #1 store] 
Database 'D:\git\Bet21\Bets21\src\main\resources\bets.temp' is opened by 9960@LAPTOP-PFPBTTRT

[2022-04-02 18:24:56 #2 type] 
Type domain.Question is not enhanced.

[2022-04-02 18:24:56 #3 type] 
Type domain.Cuote is not enhanced.

[2022-04-02 18:24:56 #4 type] 
Type domain.Event is not enhanced.

[2022-04-02 18:24:56 #5 type] 
Type domain.Bet is not enhanced.

[2022-04-02 18:24:56 #6 type] 
Type domain.User is not enhanced.

[2022-04-02 18:24:56 #7 type] 
Type domain.Transaction is not enhanced.

------------------------------------------------------------------------------------------------------------------------

[2022-04-02 18:26:29 #1 store] 
Database 'D:\git\Bet21\Bets21\src\main\resources\bets.temp' has been recovered (tr. 38-40)

[2022-04-02 18:26:29 #2 store] 
Database 'D:\git\Bet21\Bets21\src\main\resources\bets.temp' is opened by 9444@LAPTOP-PFPBTTRT

[2022-04-02 18:26:30 #3 type] 
Type domain.Question is not enhanced.

[2022-04-02 18:26:30 #4 type] 
Type domain.Cuote is not enhanced.

[2022-04-02 18:26:30 #5 type] 
Type domain.Event is not enhanced.

[2022-04-02 18:26:30 #6 type] 
Type domain.Bet is not enhanced.

[2022-04-02 18:26:30 #7 type] 
Type domain.User is not enhanced.

[2022-04-02 18:26:30 #8 type] 
Type domain.Transaction is not enhanced.

------------------------------------------------------------------------------------------------------------------------

[2022-04-02 18:28:47 #1 store] 
Database 'D:\git\Bet21\Bets21\src\main\resources\bets.temp' is opened by 6148@LAPTOP-PFPBTTRT

[2022-04-02 18:28:47 #2 type] 
Type domain.Question is not enhanced.

[2022-04-02 18:28:47 #3 type] 
Type domain.Cuote is not enhanced.

[2022-04-02 18:28:47 #4 type] 
Type domain.Event is not enhanced.

[2022-04-02 18:28:47 #5 type] 
Type domain.Bet is not enhanced.

[2022-04-02 18:28:47 #6 type] 
Type domain.User is not enhanced.

[2022-04-02 18:28:47 #7 type] 
Type domain.Transaction is not enhanced.

------------------------------------------------------------------------------------------------------------------------

[2022-04-02 22:08:42 #1 store] 
Database 'D:\git\Bet21\Bets21\src\main\resources\bets.temp' is opened by 3312@LAPTOP-PFPBTTRT

[2022-04-02 22:08:42 #2 type] 
Type domain.Question is not enhanced.

[2022-04-02 22:08:42 #3 type] 
Type domain.Cuote is not enhanced.

[2022-04-02 22:08:42 #4 type] 
Type domain.Event is not enhanced.

[2022-04-02 22:08:42 #5 type] 
Type domain.Bet is not enhanced.

[2022-04-02 22:08:42 #6 type] 
Type domain.User is not enhanced.

[2022-04-02 22:08:42 #7 type] 
Type domain.Transaction is not enhanced.

------------------------------------------------------------------------------------------------------------------------

[2022-04-02 22:25:44 #1 store] 
Database 'D:\git\Bet21\Bets21\src\main\resources\bets.temp' has been recovered (tr. 41-41)

[2022-04-02 22:25:44 #2 store] 
Database 'D:\git\Bet21\Bets21\src\main\resources\bets.temp' is opened by 3428@LAPTOP-PFPBTTRT

[2022-04-02 22:25:44 #3 type] 
Type domain.Question is not enhanced.

[2022-04-02 22:25:44 #4 type] 
Type domain.Cuote is not enhanced.

[2022-04-02 22:25:44 #5 type] 
Type domain.Event is not enhanced.

[2022-04-02 22:25:44 #6 type] 
Type domain.Bet is not enhanced.

[2022-04-02 22:25:44 #7 type] 
Type domain.User is not enhanced.

[2022-04-02 22:25:44 #8 type] 
Type domain.Transaction is not enhanced.

------------------------------------------------------------------------------------------------------------------------

[2022-04-02 22:28:26 #1 store] 
Database 'D:\git\Bet21\Bets21\src\main\resources\bets.temp' is opened by 10896@LAPTOP-PFPBTTRT

[2022-04-02 22:28:26 #2 type] 
Type domain.Question is not enhanced.

[2022-04-02 22:28:26 #3 type] 
Type domain.Cuote is not enhanced.

[2022-04-02 22:28:26 #4 type] 
Type domain.Event is not enhanced.

[2022-04-02 22:28:26 #5 type] 
Type domain.Bet is not enhanced.

[2022-04-02 22:28:26 #6 type] 
Type domain.User is not enhanced.

[2022-04-02 22:28:26 #7 type] 
Type domain.Transaction is not enhanced.

------------------------------------------------------------------------------------------------------------------------

[2022-04-02 22:29:34 #1 store] 
Database 'D:\git\Bet21\Bets21\src\main\resources\bets.temp' is opened by 7568@LAPTOP-PFPBTTRT

[2022-04-02 22:29:34 #2 type] 
Type domain.Question is not enhanced.

[2022-04-02 22:29:34 #3 type] 
Type domain.Cuote is not enhanced.

[2022-04-02 22:29:34 #4 type] 
Type domain.Event is not enhanced.

[2022-04-02 22:29:34 #5 type] 
Type domain.Bet is not enhanced.

[2022-04-02 22:29:34 #6 type] 
Type domain.User is not enhanced.

[2022-04-02 22:29:34 #7 type] 
Type domain.Transaction is not enhanced.

------------------------------------------------------------------------------------------------------------------------

[2022-04-02 22:32:41 #1 store] 
Database 'D:\git\Bet21\Bets21\src\main\resources\bets.temp' is opened by 10044@LAPTOP-PFPBTTRT

[2022-04-02 22:32:41 #2 type] 
Type domain.Question is not enhanced.

[2022-04-02 22:32:41 #3 type] 
Type domain.Cuote is not enhanced.

[2022-04-02 22:32:41 #4 type] 
Type domain.Event is not enhanced.

[2022-04-02 22:32:41 #5 type] 
Type domain.Bet is not enhanced.

[2022-04-02 22:32:41 #6 type] 
Type domain.User is not enhanced.

[2022-04-02 22:32:41 #7 type] 
Type domain.Transaction is not enhanced.

------------------------------------------------------------------------------------------------------------------------

[2022-04-02 22:33:00 #1 store] 
Database 'D:\git\Bet21\Bets21\src\main\resources\bets.temp' is opened by 8364@LAPTOP-PFPBTTRT

[2022-04-02 22:33:01 #2 type.registry] 
New type domain.Question

[2022-04-02 22:33:01 #3 type] 
Type domain.Question is not enhanced.

[2022-04-02 22:33:01 #4 type.registry] 
New type domain.Cuote

[2022-04-02 22:33:01 #5 type.registry] 
New type java.util.ArrayList<domain.Cuote>

[2022-04-02 22:33:01 #6 type.registry] 
New type domain.Event

[2022-04-02 22:33:01 #7 type] 
Type domain.Cuote is not enhanced.

[2022-04-02 22:33:01 #8 type.registry] 
New type domain.Bet

[2022-04-02 22:33:01 #9 type.registry] 
New type java.util.ArrayList<domain.Bet>

[2022-04-02 22:33:01 #10 type] 
Type domain.Event is not enhanced.

[2022-04-02 22:33:01 #11 type.registry] 
New type java.util.Vector<domain.Question>

[2022-04-02 22:33:01 #12 type] 
Type domain.Bet is not enhanced.

[2022-04-02 22:33:01 #13 type.registry] 
New type domain.User

[2022-04-02 22:33:01 #14 type] 
Type domain.User is not enhanced.

[2022-04-02 22:33:01 #15 type.registry] 
New type domain.Transaction

[2022-04-02 22:33:01 #16 type.registry] 
New type java.util.ArrayList<domain.Transaction>

[2022-04-02 22:33:01 #17 type] 
Type domain.Transaction is not enhanced.

[2022-04-02 22:33:01 #18 type.registry] 
New type java.util.ArrayList<java.lang.Object>

[2022-04-02 22:33:01 #19 type.registry] 
New type java.util.Vector<java.lang.Object>

------------------------------------------------------------------------------------------------------------------------

[2022-04-02 22:34:56 #1 store] 
Database 'D:\git\Bet21\Bets21\src\main\resources\bets.temp' is opened by 18348@LAPTOP-PFPBTTRT

[2022-04-02 22:34:56 #2 type.registry] 
New type domain.Question

[2022-04-02 22:34:56 #3 type] 
Type domain.Question is not enhanced.

[2022-04-02 22:34:56 #4 type.registry] 
New type domain.Cuote

[2022-04-02 22:34:56 #5 type.registry] 
New type java.util.ArrayList<domain.Cuote>

[2022-04-02 22:34:56 #6 type.registry] 
New type domain.Event

[2022-04-02 22:34:56 #7 type] 
Type domain.Cuote is not enhanced.

[2022-04-02 22:34:56 #8 type.registry] 
New type domain.Bet

[2022-04-02 22:34:56 #9 type.registry] 
New type java.util.ArrayList<domain.Bet>

[2022-04-02 22:34:56 #10 type] 
Type domain.Event is not enhanced.

[2022-04-02 22:34:56 #11 type.registry] 
New type java.util.Vector<domain.Question>

[2022-04-02 22:34:56 #12 type] 
Type domain.Bet is not enhanced.

[2022-04-02 22:34:56 #13 type.registry] 
New type domain.User

[2022-04-02 22:34:56 #14 type] 
Type domain.User is not enhanced.

[2022-04-02 22:34:56 #15 type.registry] 
New type domain.Transaction

[2022-04-02 22:34:56 #16 type.registry] 
New type java.util.ArrayList<domain.Transaction>

[2022-04-02 22:34:56 #17 type] 
Type domain.Transaction is not enhanced.

[2022-04-02 22:34:56 #18 type.registry] 
New type java.util.ArrayList<java.lang.Object>

[2022-04-02 22:34:56 #19 type.registry] 
New type java.util.Vector<java.lang.Object>

------------------------------------------------------------------------------------------------------------------------

[2022-04-02 22:36:32 #1 store] 
Database 'D:\git\Bet21\Bets21\src\main\resources\bets.temp' has been recovered (tr. 1-7)

[2022-04-02 22:36:32 #2 store] 
Database 'D:\git\Bet21\Bets21\src\main\resources\bets.temp' is opened by 18672@LAPTOP-PFPBTTRT

[2022-04-02 22:36:32 #3 type] 
Type domain.Question is not enhanced.

[2022-04-02 22:36:32 #4 type] 
Type domain.Cuote is not enhanced.

[2022-04-02 22:36:32 #5 type] 
Type domain.Event is not enhanced.

[2022-04-02 22:36:32 #6 type] 
Type domain.Bet is not enhanced.

[2022-04-02 22:36:32 #7 type] 
Type domain.User is not enhanced.

[2022-04-02 22:36:32 #8 type] 
Type domain.Transaction is not enhanced.

------------------------------------------------------------------------------------------------------------------------

[2022-04-02 23:12:26 #1 store] 
Database 'D:\git\Bet21\Bets21\src\main\resources\bets.temp' is opened by 1488@LAPTOP-PFPBTTRT

[2022-04-02 23:12:26 #2 type] 
Type domain.Question is not enhanced.

[2022-04-02 23:12:26 #3 type] 
Type domain.Cuote is not enhanced.

[2022-04-02 23:12:26 #4 type] 
Type domain.Event is not enhanced.

[2022-04-02 23:12:26 #5 type] 
Type domain.Bet is not enhanced.

[2022-04-02 23:12:26 #6 type] 
Type domain.User is not enhanced.

[2022-04-02 23:12:26 #7 type] 
Type domain.Transaction is not enhanced.

------------------------------------------------------------------------------------------------------------------------

[2022-04-02 23:18:25 #1 store] 
Database 'D:\git\Bet21\Bets21\src\main\resources\bets.temp' has been recovered (tr. 14-15)

[2022-04-02 23:18:25 #2 store] 
Database 'D:\git\Bet21\Bets21\src\main\resources\bets.temp' is opened by 4232@LAPTOP-PFPBTTRT

[2022-04-02 23:18:26 #3 type] 
Type domain.Question is not enhanced.

[2022-04-02 23:18:26 #4 type] 
Type domain.Cuote is not enhanced.

[2022-04-02 23:18:26 #5 type] 
Type domain.Event is not enhanced.

[2022-04-02 23:18:26 #6 type] 
Type domain.Bet is not enhanced.

[2022-04-02 23:18:26 #7 type] 
Type domain.User is not enhanced.

[2022-04-02 23:18:26 #8 type] 
Type domain.Transaction is not enhanced.

------------------------------------------------------------------------------------------------------------------------

[2022-04-02 23:21:38 #1 store] 
Database 'D:\git\Bet21\Bets21\src\main\resources\bets.temp' is opened by 18852@LAPTOP-PFPBTTRT

[2022-04-02 23:21:38 #2 type] 
Type domain.Question is not enhanced.

[2022-04-02 23:21:38 #3 type] 
Type domain.Cuote is not enhanced.

[2022-04-02 23:21:38 #4 type] 
Type domain.Event is not enhanced.

[2022-04-02 23:21:38 #5 type] 
Type domain.Bet is not enhanced.

[2022-04-02 23:21:38 #6 type] 
Type domain.User is not enhanced.

[2022-04-02 23:21:38 #7 type] 
Type domain.Transaction is not enhanced.

------------------------------------------------------------------------------------------------------------------------

[2022-04-02 23:25:39 #1 store] 
Database 'D:\git\Bet21\Bets21\src\main\resources\bets.temp' is opened by 6192@LAPTOP-PFPBTTRT

[2022-04-02 23:25:39 #2 type] 
Type domain.Question is not enhanced.

[2022-04-02 23:25:39 #3 type] 
Type domain.Cuote is not enhanced.

[2022-04-02 23:25:39 #4 type] 
Type domain.Event is not enhanced.

[2022-04-02 23:25:39 #5 type] 
Type domain.Bet is not enhanced.

[2022-04-02 23:25:39 #6 type] 
Type domain.User is not enhanced.

[2022-04-02 23:25:39 #7 type] 
Type domain.Transaction is not enhanced.

------------------------------------------------------------------------------------------------------------------------

[2022-04-02 23:26:17 #1 store] 
Database 'D:\git\Bet21\Bets21\src\main\resources\bets.temp' has been recovered (tr. 16-16)

[2022-04-02 23:26:17 #2 store] 
Database 'D:\git\Bet21\Bets21\src\main\resources\bets.temp' is opened by 5648@LAPTOP-PFPBTTRT

[2022-04-02 23:26:17 #3 type] 
Type domain.Question is not enhanced.

[2022-04-02 23:26:17 #4 type] 
Type domain.Cuote is not enhanced.

[2022-04-02 23:26:17 #5 type] 
Type domain.Event is not enhanced.

[2022-04-02 23:26:17 #6 type] 
Type domain.Bet is not enhanced.

[2022-04-02 23:26:17 #7 type] 
Type domain.User is not enhanced.

[2022-04-02 23:26:17 #8 type] 
Type domain.Transaction is not enhanced.

------------------------------------------------------------------------------------------------------------------------

[2022-04-02 23:27:38 #1 store] 
Database 'D:\git\Bet21\Bets21\src\main\resources\bets.temp' is opened by 15056@LAPTOP-PFPBTTRT

[2022-04-02 23:27:38 #2 type] 
Type domain.Question is not enhanced.

[2022-04-02 23:27:38 #3 type] 
Type domain.Cuote is not enhanced.

[2022-04-02 23:27:38 #4 type] 
Type domain.Event is not enhanced.

[2022-04-02 23:27:38 #5 type] 
Type domain.Bet is not enhanced.

[2022-04-02 23:27:38 #6 type] 
Type domain.User is not enhanced.

[2022-04-02 23:27:38 #7 type] 
Type domain.Transaction is not enhanced.

------------------------------------------------------------------------------------------------------------------------

[2022-04-02 23:30:25 #1 store] 
Database 'D:\git\Bet21\Bets21\src\main\resources\bets.temp' is opened by 12252@LAPTOP-PFPBTTRT

[2022-04-02 23:30:25 #2 type] 
Type domain.Question is not enhanced.

[2022-04-02 23:30:25 #3 type] 
Type domain.Cuote is not enhanced.

[2022-04-02 23:30:25 #4 type] 
Type domain.Event is not enhanced.

[2022-04-02 23:30:25 #5 type] 
Type domain.Bet is not enhanced.

[2022-04-02 23:30:25 #6 type] 
Type domain.User is not enhanced.

[2022-04-02 23:30:25 #7 type] 
Type domain.Transaction is not enhanced.

------------------------------------------------------------------------------------------------------------------------

[2022-04-02 23:34:42 #1 store] 
Database 'D:\git\Bet21\Bets21\src\main\resources\bets.temp' is opened by 2152@LAPTOP-PFPBTTRT

[2022-04-02 23:34:42 #2 type] 
Type domain.Question is not enhanced.

[2022-04-02 23:34:42 #3 type] 
Type domain.Cuote is not enhanced.

[2022-04-02 23:34:42 #4 type] 
Type domain.Event is not enhanced.

[2022-04-02 23:34:42 #5 type] 
Type domain.Bet is not enhanced.

[2022-04-02 23:34:42 #6 type] 
Type domain.User is not enhanced.

[2022-04-02 23:34:42 #7 type] 
Type domain.Transaction is not enhanced.

------------------------------------------------------------------------------------------------------------------------

[2022-04-02 23:35:34 #1 store] 
Database 'D:\git\Bet21\Bets21\src\main\resources\bets.temp' is opened by 4328@LAPTOP-PFPBTTRT

[2022-04-02 23:35:34 #2 type] 
Type domain.Question is not enhanced.

[2022-04-02 23:35:34 #3 type] 
Type domain.Cuote is not enhanced.

[2022-04-02 23:35:34 #4 type] 
Type domain.Event is not enhanced.

[2022-04-02 23:35:34 #5 type] 
Type domain.Bet is not enhanced.

[2022-04-02 23:35:34 #6 type] 
Type domain.User is not enhanced.

[2022-04-02 23:35:34 #7 type] 
Type domain.Transaction is not enhanced.

------------------------------------------------------------------------------------------------------------------------

[2022-04-02 23:35:55 #1 store] 
Database 'D:\git\Bet21\Bets21\src\main\resources\bets.temp' is opened by 15940@LAPTOP-PFPBTTRT

[2022-04-02 23:35:55 #2 type] 
Type domain.Question is not enhanced.

[2022-04-02 23:35:56 #3 type] 
Type domain.Cuote is not enhanced.

[2022-04-02 23:35:56 #4 type] 
Type domain.Event is not enhanced.

[2022-04-02 23:35:56 #5 type] 
Type domain.Bet is not enhanced.

[2022-04-02 23:35:56 #6 type] 
Type domain.User is not enhanced.

[2022-04-02 23:35:56 #7 type] 
Type domain.Transaction is not enhanced.

------------------------------------------------------------------------------------------------------------------------

[2022-04-02 23:42:11 #1 store] 
Database 'D:\git\Bet21\Bets21\src\main\resources\bets.temp' has been recovered (tr. 17-19)

[2022-04-02 23:42:11 #2 store] 
Database 'D:\git\Bet21\Bets21\src\main\resources\bets.temp' is opened by 4592@LAPTOP-PFPBTTRT

[2022-04-02 23:42:11 #3 type] 
Type domain.Question is not enhanced.

[2022-04-02 23:42:11 #4 type] 
Type domain.Cuote is not enhanced.

[2022-04-02 23:42:11 #5 type] 
Type domain.Event is not enhanced.

[2022-04-02 23:42:11 #6 type] 
Type domain.Bet is not enhanced.

[2022-04-02 23:42:11 #7 type] 
Type domain.User is not enhanced.

[2022-04-02 23:42:11 #8 type] 
Type domain.Transaction is not enhanced.

------------------------------------------------------------------------------------------------------------------------

[2022-04-02 23:54:02 #1 store] 
Database 'D:\git\Bet21\Bets21\src\main\resources\bets.temp' is opened by 4284@LAPTOP-PFPBTTRT

[2022-04-02 23:54:02 #2 type] 
Type domain.Question is not enhanced.

[2022-04-02 23:54:02 #3 type] 
Type domain.Cuote is not enhanced.

[2022-04-02 23:54:02 #4 type] 
Type domain.Event is not enhanced.

[2022-04-02 23:54:02 #5 type] 
Type domain.Bet is not enhanced.

[2022-04-02 23:54:02 #6 type] 
Type domain.User is not enhanced.

[2022-04-02 23:54:02 #7 type] 
Type domain.Transaction is not enhanced.

------------------------------------------------------------------------------------------------------------------------

[2022-04-02 23:56:26 #1 store] 
Database 'D:\git\Bet21\Bets21\src\main\resources\bets.temp' has been recovered (tr. 20-22)

[2022-04-02 23:56:26 #2 store] 
Database 'D:\git\Bet21\Bets21\src\main\resources\bets.temp' is opened by 3784@LAPTOP-PFPBTTRT

[2022-04-02 23:56:26 #3 type] 
Type domain.Question is not enhanced.

[2022-04-02 23:56:26 #4 type] 
Type domain.Cuote is not enhanced.

[2022-04-02 23:56:26 #5 type] 
Type domain.Event is not enhanced.

[2022-04-02 23:56:26 #6 type] 
Type domain.Bet is not enhanced.

[2022-04-02 23:56:26 #7 type] 
Type domain.User is not enhanced.

[2022-04-02 23:56:26 #8 type] 
Type domain.Transaction is not enhanced.

