------------------------------------------------------------------------------------------------------------------------

[2022-03-30 09:08:59 #1 store] 
Database 'D:\git\Bet21\Bets21\src\main\resources\bets.temp' is opened by 4140@LAPTOP-PFPBTTRT

[2022-03-30 09:08:59 #2 type] 
Type domain.Question is not enhanced.

[2022-03-30 09:08:59 #3 type] 
Type domain.Cuote is not enhanced.

[2022-03-30 09:08:59 #4 type] 
Type domain.Event is not enhanced.

[2022-03-30 09:08:59 #5 type] 
Type domain.Bet is not enhanced.

[2022-03-30 09:08:59 #6 type] 
Type domain.User is not enhanced.

[2022-03-30 09:08:59 #7 type] 
Type domain.Transaction is not enhanced.

------------------------------------------------------------------------------------------------------------------------

[2022-03-30 20:45:41 #1 store] 
Database 'D:\git\Bet21\Bets21\src\main\resources\bets.temp' is opened by 11636@LAPTOP-PFPBTTRT

[2022-03-30 20:45:41 #2 type] 
Type domain.Question is not enhanced.

[2022-03-30 20:45:41 #3 type] 
Type domain.Cuote is not enhanced.

[2022-03-30 20:45:41 #4 type] 
Type domain.Event is not enhanced.

[2022-03-30 20:45:41 #5 type] 
Type domain.Bet is not enhanced.

[2022-03-30 20:45:41 #6 type] 
Type domain.User is not enhanced.

[2022-03-30 20:45:41 #7 type] 
Type domain.Transaction is not enhanced.

------------------------------------------------------------------------------------------------------------------------

[2022-03-30 20:46:41 #1 store] 
Database 'D:\git\Bet21\Bets21\src\main\resources\bets.temp' is opened by 8620@LAPTOP-PFPBTTRT

[2022-03-30 20:46:41 #2 type] 
Type domain.Question is not enhanced.

[2022-03-30 20:46:41 #3 type] 
Type domain.Cuote is not enhanced.

[2022-03-30 20:46:41 #4 type] 
Type domain.Event is not enhanced.

[2022-03-30 20:46:41 #5 type] 
Type domain.Bet is not enhanced.

[2022-03-30 20:46:41 #6 type] 
Type domain.User is not enhanced.

[2022-03-30 20:46:41 #7 type] 
Type domain.Transaction is not enhanced.

------------------------------------------------------------------------------------------------------------------------

[2022-03-30 20:48:34 #1 store] 
Database 'D:\git\Bet21\Bets21\src\main\resources\bets.temp' is opened by 19096@LAPTOP-PFPBTTRT

[2022-03-30 20:48:34 #2 type] 
Type domain.Question is not enhanced.

[2022-03-30 20:48:34 #3 type] 
Type domain.Cuote is not enhanced.

[2022-03-30 20:48:34 #4 type] 
Type domain.Event is not enhanced.

[2022-03-30 20:48:34 #5 type] 
Type domain.Bet is not enhanced.

[2022-03-30 20:48:34 #6 type] 
Type domain.User is not enhanced.

[2022-03-30 20:48:34 #7 type] 
Type domain.Transaction is not enhanced.

------------------------------------------------------------------------------------------------------------------------

[2022-03-30 21:01:52 #1 store] 
Database 'D:\git\Bet21\Bets21\src\main\resources\bets.temp' has been recovered (tr. 26-26)

[2022-03-30 21:01:52 #2 store] 
Database 'D:\git\Bet21\Bets21\src\main\resources\bets.temp' is opened by 12444@LAPTOP-PFPBTTRT

[2022-03-30 21:01:52 #3 type] 
Type domain.Question is not enhanced.

[2022-03-30 21:01:52 #4 type] 
Type domain.Cuote is not enhanced.

[2022-03-30 21:01:52 #5 type] 
Type domain.Event is not enhanced.

[2022-03-30 21:01:52 #6 type] 
Type domain.Bet is not enhanced.

[2022-03-30 21:01:52 #7 type] 
Type domain.User is not enhanced.

[2022-03-30 21:01:52 #8 type] 
Type domain.Transaction is not enhanced.

------------------------------------------------------------------------------------------------------------------------

[2022-03-30 21:06:43 #1 store] 
Database 'D:\git\Bet21\Bets21\src\main\resources\bets.temp' has been recovered (tr. 27-50)

[2022-03-30 21:06:43 #2 store] 
Database 'D:\git\Bet21\Bets21\src\main\resources\bets.temp' is opened by 6580@LAPTOP-PFPBTTRT

[2022-03-30 21:06:43 #3 type] 
Type domain.Question is not enhanced.

[2022-03-30 21:06:43 #4 type] 
Type domain.Cuote is not enhanced.

[2022-03-30 21:06:43 #5 type] 
Type domain.Event is not enhanced.

[2022-03-30 21:06:43 #6 type] 
Type domain.Bet is not enhanced.

[2022-03-30 21:06:43 #7 type] 
Type domain.User is not enhanced.

[2022-03-30 21:06:43 #8 type] 
Type domain.Transaction is not enhanced.

------------------------------------------------------------------------------------------------------------------------

[2022-03-30 21:09:52 #1 store] 
Database 'D:\git\Bet21\Bets21\src\main\resources\bets.temp' is opened by 8112@LAPTOP-PFPBTTRT

[2022-03-30 21:09:52 #2 type] 
Type domain.Question is not enhanced.

[2022-03-30 21:09:52 #3 type] 
Type domain.Cuote is not enhanced.

[2022-03-30 21:09:52 #4 type] 
Type domain.Event is not enhanced.

[2022-03-30 21:09:52 #5 type] 
Type domain.Bet is not enhanced.

[2022-03-30 21:09:52 #6 type] 
Type domain.User is not enhanced.

[2022-03-30 21:09:52 #7 type] 
Type domain.Transaction is not enhanced.

------------------------------------------------------------------------------------------------------------------------

[2022-03-30 21:11:10 #1 store] 
Database 'D:\git\Bet21\Bets21\src\main\resources\bets.temp' has been recovered (tr. 51-52)

[2022-03-30 21:11:10 #2 store] 
Database 'D:\git\Bet21\Bets21\src\main\resources\bets.temp' is opened by 9120@LAPTOP-PFPBTTRT

[2022-03-30 21:11:10 #3 type] 
Type domain.Question is not enhanced.

[2022-03-30 21:11:10 #4 type] 
Type domain.Cuote is not enhanced.

[2022-03-30 21:11:10 #5 type] 
Type domain.Event is not enhanced.

[2022-03-30 21:11:10 #6 type] 
Type domain.Bet is not enhanced.

[2022-03-30 21:11:10 #7 type] 
Type domain.User is not enhanced.

[2022-03-30 21:11:10 #8 type] 
Type domain.Transaction is not enhanced.

------------------------------------------------------------------------------------------------------------------------

[2022-03-30 21:11:42 #1 store] 
Database 'D:\git\Bet21\Bets21\src\main\resources\bets.temp' has been recovered (tr. 53-54)

[2022-03-30 21:11:42 #2 store] 
Database 'D:\git\Bet21\Bets21\src\main\resources\bets.temp' is opened by 13000@LAPTOP-PFPBTTRT

[2022-03-30 21:11:42 #3 type] 
Type domain.Question is not enhanced.

[2022-03-30 21:11:42 #4 type] 
Type domain.Cuote is not enhanced.

[2022-03-30 21:11:43 #5 type] 
Type domain.Event is not enhanced.

[2022-03-30 21:11:43 #6 type] 
Type domain.Bet is not enhanced.

[2022-03-30 21:11:43 #7 type] 
Type domain.User is not enhanced.

[2022-03-30 21:11:43 #8 type] 
Type domain.Transaction is not enhanced.

------------------------------------------------------------------------------------------------------------------------

[2022-03-30 21:12:34 #1 store] 
Database 'D:\git\Bet21\Bets21\src\main\resources\bets.temp' has been recovered (tr. 55-58)

[2022-03-30 21:12:34 #2 store] 
Database 'D:\git\Bet21\Bets21\src\main\resources\bets.temp' is opened by 6616@LAPTOP-PFPBTTRT

[2022-03-30 21:12:34 #3 type] 
Type domain.Question is not enhanced.

[2022-03-30 21:12:34 #4 type] 
Type domain.Cuote is not enhanced.

[2022-03-30 21:12:34 #5 type] 
Type domain.Event is not enhanced.

[2022-03-30 21:12:34 #6 type] 
Type domain.Bet is not enhanced.

[2022-03-30 21:12:34 #7 type] 
Type domain.User is not enhanced.

[2022-03-30 21:12:34 #8 type] 
Type domain.Transaction is not enhanced.

------------------------------------------------------------------------------------------------------------------------

[2022-03-30 21:13:50 #1 store] 
Database 'D:\git\Bet21\Bets21\src\main\resources\bets.temp' has been recovered (tr. 59-60)

[2022-03-30 21:13:50 #2 store] 
Database 'D:\git\Bet21\Bets21\src\main\resources\bets.temp' is opened by 3572@LAPTOP-PFPBTTRT

[2022-03-30 21:13:50 #3 type] 
Type domain.Question is not enhanced.

[2022-03-30 21:13:50 #4 type] 
Type domain.Cuote is not enhanced.

[2022-03-30 21:13:50 #5 type] 
Type domain.Event is not enhanced.

[2022-03-30 21:13:50 #6 type] 
Type domain.Bet is not enhanced.

[2022-03-30 21:13:50 #7 type] 
Type domain.User is not enhanced.

[2022-03-30 21:13:50 #8 type] 
Type domain.Transaction is not enhanced.

------------------------------------------------------------------------------------------------------------------------

[2022-03-30 21:34:11 #1 store] 
Database 'D:\git\Bet21\Bets21\src\main\resources\bets.temp' has been recovered (tr. 61-63)

[2022-03-30 21:34:11 #2 store] 
Database 'D:\git\Bet21\Bets21\src\main\resources\bets.temp' is opened by 8868@LAPTOP-PFPBTTRT

[2022-03-30 21:34:11 #3 type] 
Type domain.Question is not enhanced.

[2022-03-30 21:34:11 #4 type] 
Type domain.Cuote is not enhanced.

[2022-03-30 21:34:11 #5 type] 
Type domain.Event is not enhanced.

[2022-03-30 21:34:11 #6 type] 
Type domain.Bet is not enhanced.

[2022-03-30 21:34:11 #7 type] 
Type domain.User is not enhanced.

[2022-03-30 21:34:11 #8 type] 
Type domain.Transaction is not enhanced.

------------------------------------------------------------------------------------------------------------------------

[2022-03-30 21:36:36 #1 store] 
Database 'D:\git\Bet21\Bets21\src\main\resources\bets.temp' has been recovered (tr. 64-66)

[2022-03-30 21:36:36 #2 store] 
Database 'D:\git\Bet21\Bets21\src\main\resources\bets.temp' is opened by 8056@LAPTOP-PFPBTTRT

[2022-03-30 21:36:36 #3 type] 
Type domain.Question is not enhanced.

[2022-03-30 21:36:36 #4 type] 
Type domain.Cuote is not enhanced.

[2022-03-30 21:36:36 #5 type] 
Type domain.Event is not enhanced.

[2022-03-30 21:36:36 #6 type] 
Type domain.Bet is not enhanced.

[2022-03-30 21:36:36 #7 type] 
Type domain.User is not enhanced.

[2022-03-30 21:36:36 #8 type] 
Type domain.Transaction is not enhanced.

------------------------------------------------------------------------------------------------------------------------

[2022-03-30 21:37:34 #1 store] 
Database 'D:\git\Bet21\Bets21\src\main\resources\bets.temp' has been recovered (tr. 67-67)

[2022-03-30 21:37:34 #2 store] 
Database 'D:\git\Bet21\Bets21\src\main\resources\bets.temp' is opened by 6952@LAPTOP-PFPBTTRT

[2022-03-30 21:37:34 #3 type] 
Type domain.Question is not enhanced.

[2022-03-30 21:37:34 #4 type] 
Type domain.Cuote is not enhanced.

[2022-03-30 21:37:34 #5 type] 
Type domain.Event is not enhanced.

[2022-03-30 21:37:34 #6 type] 
Type domain.Bet is not enhanced.

[2022-03-30 21:37:34 #7 type] 
Type domain.User is not enhanced.

[2022-03-30 21:37:34 #8 type] 
Type domain.Transaction is not enhanced.

------------------------------------------------------------------------------------------------------------------------

[2022-03-30 21:41:26 #1 store] 
Database 'D:\git\Bet21\Bets21\src\main\resources\bets.temp' is opened by 14364@LAPTOP-PFPBTTRT

[2022-03-30 21:41:26 #2 type] 
Type domain.Question is not enhanced.

[2022-03-30 21:41:26 #3 type] 
Type domain.Cuote is not enhanced.

[2022-03-30 21:41:26 #4 type] 
Type domain.Event is not enhanced.

[2022-03-30 21:41:26 #5 type] 
Type domain.Bet is not enhanced.

[2022-03-30 21:41:26 #6 type] 
Type domain.User is not enhanced.

[2022-03-30 21:41:26 #7 type] 
Type domain.Transaction is not enhanced.

------------------------------------------------------------------------------------------------------------------------

[2022-03-30 21:42:18 #1 store] 
Database 'D:\git\Bet21\Bets21\src\main\resources\bets.temp' has been recovered (tr. 68-68)

[2022-03-30 21:42:19 #2 store] 
Database 'D:\git\Bet21\Bets21\src\main\resources\bets.temp' is opened by 8668@LAPTOP-PFPBTTRT

[2022-03-30 21:42:19 #3 type] 
Type domain.Question is not enhanced.

[2022-03-30 21:42:19 #4 type] 
Type domain.Cuote is not enhanced.

[2022-03-30 21:42:19 #5 type] 
Type domain.Event is not enhanced.

[2022-03-30 21:42:19 #6 type] 
Type domain.Bet is not enhanced.

[2022-03-30 21:42:19 #7 type] 
Type domain.User is not enhanced.

[2022-03-30 21:42:19 #8 type] 
Type domain.Transaction is not enhanced.

------------------------------------------------------------------------------------------------------------------------

[2022-03-30 21:43:31 #1 store] 
Database 'D:\git\Bet21\Bets21\src\main\resources\bets.temp' has been recovered (tr. 69-69)

[2022-03-30 21:43:31 #2 store] 
Database 'D:\git\Bet21\Bets21\src\main\resources\bets.temp' is opened by 10892@LAPTOP-PFPBTTRT

[2022-03-30 21:43:31 #3 type] 
Type domain.Question is not enhanced.

[2022-03-30 21:43:31 #4 type] 
Type domain.Cuote is not enhanced.

[2022-03-30 21:43:31 #5 type] 
Type domain.Event is not enhanced.

[2022-03-30 21:43:31 #6 type] 
Type domain.Bet is not enhanced.

[2022-03-30 21:43:31 #7 type] 
Type domain.User is not enhanced.

[2022-03-30 21:43:31 #8 type] 
Type domain.Transaction is not enhanced.

------------------------------------------------------------------------------------------------------------------------

[2022-03-30 21:44:14 #1 store] 
Database 'D:\git\Bet21\Bets21\src\main\resources\bets.temp' has been recovered (tr. 70-70)

[2022-03-30 21:44:14 #2 store] 
Database 'D:\git\Bet21\Bets21\src\main\resources\bets.temp' is opened by 9720@LAPTOP-PFPBTTRT

[2022-03-30 21:44:14 #3 type] 
Type domain.Question is not enhanced.

[2022-03-30 21:44:14 #4 type] 
Type domain.Cuote is not enhanced.

[2022-03-30 21:44:14 #5 type] 
Type domain.Event is not enhanced.

[2022-03-30 21:44:14 #6 type] 
Type domain.Bet is not enhanced.

[2022-03-30 21:44:14 #7 type] 
Type domain.User is not enhanced.

[2022-03-30 21:44:14 #8 type] 
Type domain.Transaction is not enhanced.

------------------------------------------------------------------------------------------------------------------------

[2022-03-30 21:50:16 #1 store] 
Database 'D:\git\Bet21\Bets21\src\main\resources\bets.temp' has been recovered (tr. 71-71)

[2022-03-30 21:50:16 #2 store] 
Database 'D:\git\Bet21\Bets21\src\main\resources\bets.temp' is opened by 2672@LAPTOP-PFPBTTRT

[2022-03-30 21:50:16 #3 type] 
Type domain.Question is not enhanced.

[2022-03-30 21:50:16 #4 type] 
Type domain.Cuote is not enhanced.

[2022-03-30 21:50:16 #5 type] 
Type domain.Event is not enhanced.

[2022-03-30 21:50:16 #6 type] 
Type domain.Bet is not enhanced.

[2022-03-30 21:50:16 #7 type] 
Type domain.User is not enhanced.

[2022-03-30 21:50:16 #8 type] 
Type domain.Transaction is not enhanced.

------------------------------------------------------------------------------------------------------------------------

[2022-03-30 21:51:22 #1 store] 
Database 'D:\git\Bet21\Bets21\src\main\resources\bets.temp' has been recovered (tr. 72-72)

[2022-03-30 21:51:22 #2 store] 
Database 'D:\git\Bet21\Bets21\src\main\resources\bets.temp' is opened by 3608@LAPTOP-PFPBTTRT

[2022-03-30 21:51:22 #3 type] 
Type domain.Question is not enhanced.

[2022-03-30 21:51:22 #4 type] 
Type domain.Cuote is not enhanced.

[2022-03-30 21:51:22 #5 type] 
Type domain.Event is not enhanced.

[2022-03-30 21:51:22 #6 type] 
Type domain.Bet is not enhanced.

[2022-03-30 21:51:22 #7 type] 
Type domain.User is not enhanced.

[2022-03-30 21:51:22 #8 type] 
Type domain.Transaction is not enhanced.

------------------------------------------------------------------------------------------------------------------------

[2022-03-30 21:53:12 #1 store] 
Database 'D:\git\Bet21\Bets21\src\main\resources\bets.temp' has been recovered (tr. 73-73)

[2022-03-30 21:53:12 #2 store] 
Database 'D:\git\Bet21\Bets21\src\main\resources\bets.temp' is opened by 17964@LAPTOP-PFPBTTRT

[2022-03-30 21:53:12 #3 type] 
Type domain.Question is not enhanced.

[2022-03-30 21:53:12 #4 type] 
Type domain.Cuote is not enhanced.

[2022-03-30 21:53:12 #5 type] 
Type domain.Event is not enhanced.

[2022-03-30 21:53:12 #6 type] 
Type domain.Bet is not enhanced.

[2022-03-30 21:53:12 #7 type] 
Type domain.User is not enhanced.

[2022-03-30 21:53:12 #8 type] 
Type domain.Transaction is not enhanced.

------------------------------------------------------------------------------------------------------------------------

[2022-03-30 21:57:33 #1 store] 
Database 'D:\git\Bet21\Bets21\src\main\resources\bets.temp' has been recovered (tr. 74-74)

[2022-03-30 21:57:34 #2 store] 
Database 'D:\git\Bet21\Bets21\src\main\resources\bets.temp' is opened by 10300@LAPTOP-PFPBTTRT

[2022-03-30 21:57:34 #3 type] 
Type domain.Question is not enhanced.

[2022-03-30 21:57:34 #4 type] 
Type domain.Cuote is not enhanced.

[2022-03-30 21:57:34 #5 type] 
Type domain.Event is not enhanced.

[2022-03-30 21:57:34 #6 type] 
Type domain.Bet is not enhanced.

[2022-03-30 21:57:34 #7 type] 
Type domain.User is not enhanced.

[2022-03-30 21:57:34 #8 type] 
Type domain.Transaction is not enhanced.

------------------------------------------------------------------------------------------------------------------------

[2022-03-30 21:59:52 #1 store] 
Database 'D:\git\Bet21\Bets21\src\main\resources\bets.temp' has been recovered (tr. 75-75)

[2022-03-30 21:59:52 #2 store] 
Database 'D:\git\Bet21\Bets21\src\main\resources\bets.temp' is opened by 15400@LAPTOP-PFPBTTRT

[2022-03-30 21:59:53 #3 type] 
Type domain.Question is not enhanced.

[2022-03-30 21:59:53 #4 type] 
Type domain.Cuote is not enhanced.

[2022-03-30 21:59:53 #5 type] 
Type domain.Event is not enhanced.

[2022-03-30 21:59:53 #6 type] 
Type domain.Bet is not enhanced.

[2022-03-30 21:59:53 #7 type] 
Type domain.User is not enhanced.

[2022-03-30 21:59:53 #8 type] 
Type domain.Transaction is not enhanced.

------------------------------------------------------------------------------------------------------------------------

[2022-03-30 22:07:41 #1 store] 
Database 'D:\git\Bet21\Bets21\src\main\resources\bets.temp' has been recovered (tr. 76-76)

[2022-03-30 22:07:41 #2 store] 
Database 'D:\git\Bet21\Bets21\src\main\resources\bets.temp' is opened by 2080@LAPTOP-PFPBTTRT

[2022-03-30 22:07:41 #3 type] 
Type domain.Question is not enhanced.

[2022-03-30 22:07:41 #4 type] 
Type domain.Cuote is not enhanced.

[2022-03-30 22:07:41 #5 type] 
Type domain.Event is not enhanced.

[2022-03-30 22:07:41 #6 type] 
Type domain.Bet is not enhanced.

[2022-03-30 22:07:41 #7 type] 
Type domain.User is not enhanced.

[2022-03-30 22:07:41 #8 type] 
Type domain.Transaction is not enhanced.

------------------------------------------------------------------------------------------------------------------------

[2022-03-30 22:09:21 #1 store] 
Database 'D:\git\Bet21\Bets21\src\main\resources\bets.temp' has been recovered (tr. 77-78)

[2022-03-30 22:09:21 #2 store] 
Database 'D:\git\Bet21\Bets21\src\main\resources\bets.temp' is opened by 2684@LAPTOP-PFPBTTRT

[2022-03-30 22:09:21 #3 type] 
Type domain.Question is not enhanced.

[2022-03-30 22:09:21 #4 type] 
Type domain.Cuote is not enhanced.

[2022-03-30 22:09:21 #5 type] 
Type domain.Event is not enhanced.

[2022-03-30 22:09:21 #6 type] 
Type domain.Bet is not enhanced.

[2022-03-30 22:09:21 #7 type] 
Type domain.User is not enhanced.

[2022-03-30 22:09:21 #8 type] 
Type domain.Transaction is not enhanced.

------------------------------------------------------------------------------------------------------------------------

[2022-03-30 22:09:50 #1 store] 
Database 'D:\git\Bet21\Bets21\src\main\resources\bets.temp' is opened by 4728@LAPTOP-PFPBTTRT

[2022-03-30 22:09:51 #2 type] 
Type domain.Question is not enhanced.

[2022-03-30 22:09:51 #3 type] 
Type domain.Cuote is not enhanced.

[2022-03-30 22:09:51 #4 type] 
Type domain.Event is not enhanced.

[2022-03-30 22:09:51 #5 type] 
Type domain.Bet is not enhanced.

[2022-03-30 22:09:51 #6 type] 
Type domain.User is not enhanced.

[2022-03-30 22:09:51 #7 type] 
Type domain.Transaction is not enhanced.

------------------------------------------------------------------------------------------------------------------------

[2022-03-30 22:10:13 #1 store] 
Database 'D:\git\Bet21\Bets21\src\main\resources\bets.temp' is opened by 6740@LAPTOP-PFPBTTRT

[2022-03-30 22:10:13 #2 type] 
Type domain.Question is not enhanced.

[2022-03-30 22:10:13 #3 type] 
Type domain.Cuote is not enhanced.

[2022-03-30 22:10:13 #4 type] 
Type domain.Event is not enhanced.

[2022-03-30 22:10:13 #5 type] 
Type domain.Bet is not enhanced.

[2022-03-30 22:10:13 #6 type] 
Type domain.User is not enhanced.

[2022-03-30 22:10:13 #7 type] 
Type domain.Transaction is not enhanced.

------------------------------------------------------------------------------------------------------------------------

[2022-03-30 22:18:39 #1 store] 
Database 'D:\git\Bet21\Bets21\src\main\resources\bets.temp' is opened by 13908@LAPTOP-PFPBTTRT

[2022-03-30 22:18:39 #2 type] 
Type domain.Question is not enhanced.

[2022-03-30 22:18:39 #3 type] 
Type domain.Cuote is not enhanced.

[2022-03-30 22:18:39 #4 type] 
Type domain.Event is not enhanced.

[2022-03-30 22:18:39 #5 type] 
Type domain.Bet is not enhanced.

[2022-03-30 22:18:39 #6 type] 
Type domain.User is not enhanced.

[2022-03-30 22:18:39 #7 type] 
Type domain.Transaction is not enhanced.

------------------------------------------------------------------------------------------------------------------------

[2022-03-30 22:18:57 #1 store] 
Database 'D:\git\Bet21\Bets21\src\main\resources\bets.temp' is opened by 8604@LAPTOP-PFPBTTRT

[2022-03-30 22:18:58 #2 type] 
Type domain.Question is not enhanced.

[2022-03-30 22:18:58 #3 type] 
Type domain.Cuote is not enhanced.

[2022-03-30 22:18:58 #4 type] 
Type domain.Event is not enhanced.

[2022-03-30 22:18:58 #5 type] 
Type domain.Bet is not enhanced.

[2022-03-30 22:18:58 #6 type] 
Type domain.User is not enhanced.

[2022-03-30 22:18:58 #7 type] 
Type domain.Transaction is not enhanced.

------------------------------------------------------------------------------------------------------------------------

[2022-03-30 22:21:50 #1 store] 
Database 'D:\git\Bet21\Bets21\src\main\resources\bets.temp' is opened by 10724@LAPTOP-PFPBTTRT

[2022-03-30 22:21:50 #2 type] 
Type domain.Question is not enhanced.

[2022-03-30 22:21:50 #3 type] 
Type domain.Cuote is not enhanced.

[2022-03-30 22:21:50 #4 type] 
Type domain.Event is not enhanced.

[2022-03-30 22:21:50 #5 type] 
Type domain.Bet is not enhanced.

[2022-03-30 22:21:50 #6 type] 
Type domain.User is not enhanced.

[2022-03-30 22:21:50 #7 type] 
Type domain.Transaction is not enhanced.

------------------------------------------------------------------------------------------------------------------------

[2022-03-30 22:23:38 #1 store] 
Database 'D:\git\Bet21\Bets21\src\main\resources\bets.temp' is opened by 13084@LAPTOP-PFPBTTRT

[2022-03-30 22:23:38 #2 type] 
Type domain.Question is not enhanced.

[2022-03-30 22:23:38 #3 type] 
Type domain.Cuote is not enhanced.

[2022-03-30 22:23:38 #4 type] 
Type domain.Event is not enhanced.

[2022-03-30 22:23:38 #5 type] 
Type domain.Bet is not enhanced.

[2022-03-30 22:23:38 #6 type] 
Type domain.User is not enhanced.

[2022-03-30 22:23:38 #7 type] 
Type domain.Transaction is not enhanced.

------------------------------------------------------------------------------------------------------------------------

[2022-03-30 22:24:16 #1 store] 
Database 'D:\git\Bet21\Bets21\src\main\resources\bets.temp' is opened by 5868@LAPTOP-PFPBTTRT

[2022-03-30 22:24:17 #2 type] 
Type domain.Question is not enhanced.

[2022-03-30 22:24:17 #3 type] 
Type domain.Cuote is not enhanced.

[2022-03-30 22:24:17 #4 type] 
Type domain.Event is not enhanced.

[2022-03-30 22:24:17 #5 type] 
Type domain.Bet is not enhanced.

[2022-03-30 22:24:17 #6 type] 
Type domain.User is not enhanced.

[2022-03-30 22:24:17 #7 type] 
Type domain.Transaction is not enhanced.

------------------------------------------------------------------------------------------------------------------------

[2022-03-30 22:25:10 #1 store] 
Database 'D:\git\Bet21\Bets21\src\main\resources\bets.temp' is opened by 10532@LAPTOP-PFPBTTRT

[2022-03-30 22:25:10 #2 type] 
Type domain.Question is not enhanced.

[2022-03-30 22:25:10 #3 type] 
Type domain.Cuote is not enhanced.

[2022-03-30 22:25:10 #4 type] 
Type domain.Event is not enhanced.

[2022-03-30 22:25:10 #5 type] 
Type domain.Bet is not enhanced.

[2022-03-30 22:25:10 #6 type] 
Type domain.User is not enhanced.

[2022-03-30 22:25:10 #7 type] 
Type domain.Transaction is not enhanced.

------------------------------------------------------------------------------------------------------------------------

[2022-03-30 22:25:45 #1 store] 
Database 'D:\git\Bet21\Bets21\src\main\resources\bets.temp' is opened by 15908@LAPTOP-PFPBTTRT

[2022-03-30 22:25:45 #2 type] 
Type domain.Question is not enhanced.

[2022-03-30 22:25:45 #3 type] 
Type domain.Cuote is not enhanced.

[2022-03-30 22:25:45 #4 type] 
Type domain.Event is not enhanced.

[2022-03-30 22:25:45 #5 type] 
Type domain.Bet is not enhanced.

[2022-03-30 22:25:45 #6 type] 
Type domain.User is not enhanced.

[2022-03-30 22:25:45 #7 type] 
Type domain.Transaction is not enhanced.

------------------------------------------------------------------------------------------------------------------------

[2022-03-30 22:27:25 #1 store] 
Database 'D:\git\Bet21\Bets21\src\main\resources\bets.temp' is opened by 18952@LAPTOP-PFPBTTRT

[2022-03-30 22:27:25 #2 type] 
Type domain.Question is not enhanced.

[2022-03-30 22:27:25 #3 type] 
Type domain.Cuote is not enhanced.

[2022-03-30 22:27:25 #4 type] 
Type domain.Event is not enhanced.

[2022-03-30 22:27:25 #5 type] 
Type domain.Bet is not enhanced.

[2022-03-30 22:27:25 #6 type] 
Type domain.User is not enhanced.

[2022-03-30 22:27:25 #7 type] 
Type domain.Transaction is not enhanced.

------------------------------------------------------------------------------------------------------------------------

[2022-03-30 22:27:50 #1 store] 
Database 'D:\git\Bet21\Bets21\src\main\resources\bets.temp' is opened by 8612@LAPTOP-PFPBTTRT

[2022-03-30 22:27:50 #2 type] 
Type domain.Question is not enhanced.

[2022-03-30 22:27:50 #3 type] 
Type domain.Cuote is not enhanced.

[2022-03-30 22:27:50 #4 type] 
Type domain.Event is not enhanced.

[2022-03-30 22:27:50 #5 type] 
Type domain.Bet is not enhanced.

[2022-03-30 22:27:50 #6 type] 
Type domain.User is not enhanced.

[2022-03-30 22:27:50 #7 type] 
Type domain.Transaction is not enhanced.

------------------------------------------------------------------------------------------------------------------------

[2022-03-30 22:28:47 #1 store] 
Database 'D:\git\Bet21\Bets21\src\main\resources\bets.temp' is opened by 18928@LAPTOP-PFPBTTRT

[2022-03-30 22:28:47 #2 type] 
Type domain.Question is not enhanced.

[2022-03-30 22:28:47 #3 type] 
Type domain.Cuote is not enhanced.

[2022-03-30 22:28:47 #4 type] 
Type domain.Event is not enhanced.

[2022-03-30 22:28:47 #5 type] 
Type domain.Bet is not enhanced.

[2022-03-30 22:28:47 #6 type] 
Type domain.User is not enhanced.

[2022-03-30 22:28:47 #7 type] 
Type domain.Transaction is not enhanced.

------------------------------------------------------------------------------------------------------------------------

[2022-03-30 22:29:21 #1 store] 
Database 'D:\git\Bet21\Bets21\src\main\resources\bets.temp' is opened by 12016@LAPTOP-PFPBTTRT

[2022-03-30 22:29:22 #2 type] 
Type domain.Question is not enhanced.

[2022-03-30 22:29:22 #3 type] 
Type domain.Cuote is not enhanced.

[2022-03-30 22:29:22 #4 type] 
Type domain.Event is not enhanced.

[2022-03-30 22:29:22 #5 type] 
Type domain.Bet is not enhanced.

[2022-03-30 22:29:22 #6 type] 
Type domain.User is not enhanced.

[2022-03-30 22:29:22 #7 type] 
Type domain.Transaction is not enhanced.

------------------------------------------------------------------------------------------------------------------------

[2022-03-30 22:29:51 #1 store] 
Database 'D:\git\Bet21\Bets21\src\main\resources\bets.temp' is opened by 3428@LAPTOP-PFPBTTRT

[2022-03-30 22:29:51 #2 type] 
Type domain.Question is not enhanced.

[2022-03-30 22:29:51 #3 type] 
Type domain.Cuote is not enhanced.

[2022-03-30 22:29:51 #4 type] 
Type domain.Event is not enhanced.

[2022-03-30 22:29:51 #5 type] 
Type domain.Bet is not enhanced.

[2022-03-30 22:29:51 #6 type] 
Type domain.User is not enhanced.

[2022-03-30 22:29:51 #7 type] 
Type domain.Transaction is not enhanced.

------------------------------------------------------------------------------------------------------------------------

[2022-03-30 22:30:19 #1 store] 
Database 'D:\git\Bet21\Bets21\src\main\resources\bets.temp' is opened by 11696@LAPTOP-PFPBTTRT

[2022-03-30 22:30:19 #2 type] 
Type domain.Question is not enhanced.

[2022-03-30 22:30:19 #3 type] 
Type domain.Cuote is not enhanced.

[2022-03-30 22:30:19 #4 type] 
Type domain.Event is not enhanced.

[2022-03-30 22:30:19 #5 type] 
Type domain.Bet is not enhanced.

[2022-03-30 22:30:19 #6 type] 
Type domain.User is not enhanced.

[2022-03-30 22:30:19 #7 type] 
Type domain.Transaction is not enhanced.

------------------------------------------------------------------------------------------------------------------------

[2022-03-30 22:31:22 #1 store] 
Database 'D:\git\Bet21\Bets21\src\main\resources\bets.temp' is opened by 6680@LAPTOP-PFPBTTRT

[2022-03-30 22:31:22 #2 type] 
Type domain.Question is not enhanced.

[2022-03-30 22:31:22 #3 type] 
Type domain.Cuote is not enhanced.

[2022-03-30 22:31:22 #4 type] 
Type domain.Event is not enhanced.

[2022-03-30 22:31:22 #5 type] 
Type domain.Bet is not enhanced.

[2022-03-30 22:31:22 #6 type] 
Type domain.User is not enhanced.

[2022-03-30 22:31:22 #7 type] 
Type domain.Transaction is not enhanced.

------------------------------------------------------------------------------------------------------------------------

[2022-03-30 22:32:04 #1 store] 
Database 'D:\git\Bet21\Bets21\src\main\resources\bets.temp' is opened by 3612@LAPTOP-PFPBTTRT

[2022-03-30 22:32:04 #2 type] 
Type domain.Question is not enhanced.

[2022-03-30 22:32:04 #3 type] 
Type domain.Cuote is not enhanced.

[2022-03-30 22:32:04 #4 type] 
Type domain.Event is not enhanced.

[2022-03-30 22:32:04 #5 type] 
Type domain.Bet is not enhanced.

[2022-03-30 22:32:04 #6 type] 
Type domain.User is not enhanced.

[2022-03-30 22:32:04 #7 type] 
Type domain.Transaction is not enhanced.

------------------------------------------------------------------------------------------------------------------------

[2022-03-30 22:33:11 #1 store] 
Database 'D:\git\Bet21\Bets21\src\main\resources\bets.temp' is opened by 3424@LAPTOP-PFPBTTRT

[2022-03-30 22:33:11 #2 type] 
Type domain.Question is not enhanced.

[2022-03-30 22:33:11 #3 type] 
Type domain.Cuote is not enhanced.

[2022-03-30 22:33:11 #4 type] 
Type domain.Event is not enhanced.

[2022-03-30 22:33:11 #5 type] 
Type domain.Bet is not enhanced.

[2022-03-30 22:33:11 #6 type] 
Type domain.User is not enhanced.

[2022-03-30 22:33:11 #7 type] 
Type domain.Transaction is not enhanced.

------------------------------------------------------------------------------------------------------------------------

[2022-03-30 22:34:04 #1 store] 
Database 'D:\git\Bet21\Bets21\src\main\resources\bets.temp' is opened by 14740@LAPTOP-PFPBTTRT

[2022-03-30 22:34:05 #2 type] 
Type domain.Question is not enhanced.

[2022-03-30 22:34:05 #3 type] 
Type domain.Cuote is not enhanced.

[2022-03-30 22:34:05 #4 type] 
Type domain.Event is not enhanced.

[2022-03-30 22:34:05 #5 type] 
Type domain.Bet is not enhanced.

[2022-03-30 22:34:05 #6 type] 
Type domain.User is not enhanced.

[2022-03-30 22:34:05 #7 type] 
Type domain.Transaction is not enhanced.

------------------------------------------------------------------------------------------------------------------------

[2022-03-30 22:36:14 #1 store] 
Database 'D:\git\Bet21\Bets21\src\main\resources\bets.temp' is opened by 14564@LAPTOP-PFPBTTRT

[2022-03-30 22:36:14 #2 type] 
Type domain.Question is not enhanced.

[2022-03-30 22:36:14 #3 type] 
Type domain.Cuote is not enhanced.

[2022-03-30 22:36:14 #4 type] 
Type domain.Event is not enhanced.

[2022-03-30 22:36:14 #5 type] 
Type domain.Bet is not enhanced.

[2022-03-30 22:36:14 #6 type] 
Type domain.User is not enhanced.

[2022-03-30 22:36:14 #7 type] 
Type domain.Transaction is not enhanced.

------------------------------------------------------------------------------------------------------------------------

[2022-03-30 22:36:43 #1 store] 
Database 'D:\git\Bet21\Bets21\src\main\resources\bets.temp' is opened by 13080@LAPTOP-PFPBTTRT

[2022-03-30 22:36:44 #2 type] 
Type domain.Question is not enhanced.

[2022-03-30 22:36:44 #3 type] 
Type domain.Cuote is not enhanced.

[2022-03-30 22:36:44 #4 type] 
Type domain.Event is not enhanced.

[2022-03-30 22:36:44 #5 type] 
Type domain.Bet is not enhanced.

[2022-03-30 22:36:44 #6 type] 
Type domain.User is not enhanced.

[2022-03-30 22:36:44 #7 type] 
Type domain.Transaction is not enhanced.

------------------------------------------------------------------------------------------------------------------------

[2022-03-30 22:38:57 #1 store] 
Database 'D:\git\Bet21\Bets21\src\main\resources\bets.temp' is opened by 10428@LAPTOP-PFPBTTRT

[2022-03-30 22:38:57 #2 type] 
Type domain.Question is not enhanced.

[2022-03-30 22:38:57 #3 type] 
Type domain.Cuote is not enhanced.

[2022-03-30 22:38:57 #4 type] 
Type domain.Event is not enhanced.

[2022-03-30 22:38:57 #5 type] 
Type domain.Bet is not enhanced.

[2022-03-30 22:38:57 #6 type] 
Type domain.User is not enhanced.

[2022-03-30 22:38:57 #7 type] 
Type domain.Transaction is not enhanced.

------------------------------------------------------------------------------------------------------------------------

[2022-03-30 22:41:18 #1 store] 
Database 'D:\git\Bet21\Bets21\src\main\resources\bets.temp' is opened by 17164@LAPTOP-PFPBTTRT

[2022-03-30 22:41:18 #2 type] 
Type domain.Question is not enhanced.

[2022-03-30 22:41:18 #3 type] 
Type domain.Cuote is not enhanced.

[2022-03-30 22:41:18 #4 type] 
Type domain.Event is not enhanced.

[2022-03-30 22:41:18 #5 type] 
Type domain.Bet is not enhanced.

[2022-03-30 22:41:18 #6 type] 
Type domain.User is not enhanced.

[2022-03-30 22:41:18 #7 type] 
Type domain.Transaction is not enhanced.

------------------------------------------------------------------------------------------------------------------------

[2022-03-30 22:42:19 #1 store] 
Database 'D:\git\Bet21\Bets21\src\main\resources\bets.temp' is opened by 10612@LAPTOP-PFPBTTRT

[2022-03-30 22:42:19 #2 type] 
Type domain.Question is not enhanced.

[2022-03-30 22:42:19 #3 type] 
Type domain.Cuote is not enhanced.

[2022-03-30 22:42:19 #4 type] 
Type domain.Event is not enhanced.

[2022-03-30 22:42:19 #5 type] 
Type domain.Bet is not enhanced.

[2022-03-30 22:42:19 #6 type] 
Type domain.User is not enhanced.

[2022-03-30 22:42:19 #7 type] 
Type domain.Transaction is not enhanced.

------------------------------------------------------------------------------------------------------------------------

[2022-03-30 22:43:27 #1 store] 
Database 'D:\git\Bet21\Bets21\src\main\resources\bets.temp' is opened by 16420@LAPTOP-PFPBTTRT

[2022-03-30 22:43:27 #2 type] 
Type domain.Question is not enhanced.

[2022-03-30 22:43:27 #3 type] 
Type domain.Cuote is not enhanced.

[2022-03-30 22:43:27 #4 type] 
Type domain.Event is not enhanced.

[2022-03-30 22:43:27 #5 type] 
Type domain.Bet is not enhanced.

[2022-03-30 22:43:27 #6 type] 
Type domain.User is not enhanced.

[2022-03-30 22:43:27 #7 type] 
Type domain.Transaction is not enhanced.

------------------------------------------------------------------------------------------------------------------------

[2022-03-30 22:44:53 #1 store] 
Database 'D:\git\Bet21\Bets21\src\main\resources\bets.temp' is opened by 2096@LAPTOP-PFPBTTRT

[2022-03-30 22:44:53 #2 type] 
Type domain.Question is not enhanced.

[2022-03-30 22:44:53 #3 type] 
Type domain.Cuote is not enhanced.

[2022-03-30 22:44:53 #4 type] 
Type domain.Event is not enhanced.

[2022-03-30 22:44:53 #5 type] 
Type domain.Bet is not enhanced.

[2022-03-30 22:44:53 #6 type] 
Type domain.User is not enhanced.

[2022-03-30 22:44:53 #7 type] 
Type domain.Transaction is not enhanced.

------------------------------------------------------------------------------------------------------------------------

[2022-03-30 22:45:44 #1 store] 
Database 'D:\git\Bet21\Bets21\src\main\resources\bets.temp' is opened by 10536@LAPTOP-PFPBTTRT

[2022-03-30 22:45:44 #2 type] 
Type domain.Question is not enhanced.

[2022-03-30 22:45:44 #3 type] 
Type domain.Cuote is not enhanced.

[2022-03-30 22:45:44 #4 type] 
Type domain.Event is not enhanced.

[2022-03-30 22:45:44 #5 type] 
Type domain.Bet is not enhanced.

[2022-03-30 22:45:44 #6 type] 
Type domain.User is not enhanced.

[2022-03-30 22:45:44 #7 type] 
Type domain.Transaction is not enhanced.

------------------------------------------------------------------------------------------------------------------------

[2022-03-30 22:46:37 #1 store] 
Database 'D:\git\Bet21\Bets21\src\main\resources\bets.temp' is opened by 5820@LAPTOP-PFPBTTRT

[2022-03-30 22:46:37 #2 type] 
Type domain.Question is not enhanced.

[2022-03-30 22:46:37 #3 type] 
Type domain.Cuote is not enhanced.

[2022-03-30 22:46:37 #4 type] 
Type domain.Event is not enhanced.

[2022-03-30 22:46:37 #5 type] 
Type domain.Bet is not enhanced.

[2022-03-30 22:46:37 #6 type] 
Type domain.User is not enhanced.

[2022-03-30 22:46:37 #7 type] 
Type domain.Transaction is not enhanced.

------------------------------------------------------------------------------------------------------------------------

[2022-03-30 22:48:26 #1 store] 
Database 'D:\git\Bet21\Bets21\src\main\resources\bets.temp' is opened by 1300@LAPTOP-PFPBTTRT

[2022-03-30 22:48:26 #2 type] 
Type domain.Question is not enhanced.

[2022-03-30 22:48:26 #3 type] 
Type domain.Cuote is not enhanced.

[2022-03-30 22:48:26 #4 type] 
Type domain.Event is not enhanced.

[2022-03-30 22:48:26 #5 type] 
Type domain.Bet is not enhanced.

[2022-03-30 22:48:26 #6 type] 
Type domain.User is not enhanced.

[2022-03-30 22:48:26 #7 type] 
Type domain.Transaction is not enhanced.

