------------------------------------------------------------------------------------------------------------------------

[2022-03-05 11:00:19 #1 store] 
Database 'C:\Users\alejo\git\Bets21\src\main\resources\bets.temp' is opened by 11048@LAPTOP-PFPBTTRT

[2022-03-05 11:00:19 #2 type] 
Type domain.Question is not enhanced.

[2022-03-05 11:00:19 #3 type] 
Type domain.Event is not enhanced.

[2022-03-05 11:00:19 #4 type] 
Type domain.User is not enhanced.

[2022-03-05 11:00:19 #5 type] 
Type domain.Cuote is not enhanced.

------------------------------------------------------------------------------------------------------------------------

[2022-03-05 11:04:44 #1 store] 
Database 'C:\Users\alejo\git\Bets21\src\main\resources\bets.temp' has been recovered (tr. 33-33)

[2022-03-05 11:04:44 #2 store] 
Database 'C:\Users\alejo\git\Bets21\src\main\resources\bets.temp' is opened by 10020@LAPTOP-PFPBTTRT

[2022-03-05 11:04:44 #3 type] 
Type domain.Question is not enhanced.

[2022-03-05 11:04:44 #4 type] 
Type domain.Event is not enhanced.

[2022-03-05 11:04:44 #5 type] 
Type domain.User is not enhanced.

[2022-03-05 11:04:44 #6 type] 
Type domain.Cuote is not enhanced.

------------------------------------------------------------------------------------------------------------------------

[2022-03-05 11:06:22 #1 store] 
Database 'C:\Users\alejo\git\Bets21\src\main\resources\bets.temp' is opened by 16808@LAPTOP-PFPBTTRT

[2022-03-05 11:06:22 #2 type] 
Type domain.Question is not enhanced.

[2022-03-05 11:06:22 #3 type] 
Type domain.Event is not enhanced.

[2022-03-05 11:06:22 #4 type] 
Type domain.User is not enhanced.

[2022-03-05 11:06:22 #5 type] 
Type domain.Cuote is not enhanced.

------------------------------------------------------------------------------------------------------------------------

[2022-03-05 11:15:23 #1 store] 
Database 'C:\Users\alejo\git\Bets21\src\main\resources\bets.temp' is opened by 10708@LAPTOP-PFPBTTRT

[2022-03-05 11:15:23 #2 type] 
Type domain.Question is not enhanced.

[2022-03-05 11:15:23 #3 type] 
Type domain.Event is not enhanced.

[2022-03-05 11:15:23 #4 type] 
Type domain.User is not enhanced.

[2022-03-05 11:15:23 #5 type] 
Type domain.Cuote is not enhanced.

------------------------------------------------------------------------------------------------------------------------

[2022-03-05 11:15:56 #1 store] 
Database 'C:\Users\alejo\git\Bets21\src\main\resources\bets.temp' is opened by 8292@LAPTOP-PFPBTTRT

[2022-03-05 11:15:57 #2 type] 
Type domain.Question is not enhanced.

[2022-03-05 11:15:57 #3 type] 
Type domain.Event is not enhanced.

[2022-03-05 11:15:57 #4 type] 
Type domain.User is not enhanced.

[2022-03-05 11:15:57 #5 type] 
Type domain.Cuote is not enhanced.

------------------------------------------------------------------------------------------------------------------------

[2022-03-05 11:16:58 #1 store] 
Database 'C:\Users\alejo\git\Bets21\src\main\resources\bets.temp' is opened by 13120@LAPTOP-PFPBTTRT

[2022-03-05 11:16:58 #2 type] 
Type domain.Question is not enhanced.

[2022-03-05 11:16:58 #3 type] 
Type domain.Event is not enhanced.

[2022-03-05 11:16:58 #4 type] 
Type domain.User is not enhanced.

[2022-03-05 11:16:58 #5 type] 
Type domain.Cuote is not enhanced.

------------------------------------------------------------------------------------------------------------------------

[2022-03-05 11:19:03 #1 store] 
Database 'C:\Users\alejo\git\Bets21\src\main\resources\bets.temp' is opened by 8980@LAPTOP-PFPBTTRT

[2022-03-05 11:19:04 #2 type] 
Type domain.Question is not enhanced.

[2022-03-05 11:19:04 #3 type] 
Type domain.Event is not enhanced.

[2022-03-05 11:19:04 #4 type] 
Type domain.User is not enhanced.

[2022-03-05 11:19:04 #5 type] 
Type domain.Cuote is not enhanced.

------------------------------------------------------------------------------------------------------------------------

[2022-03-05 11:19:33 #1 store] 
Database 'C:\Users\alejo\git\Bets21\src\main\resources\bets.temp' is opened by 19292@LAPTOP-PFPBTTRT

[2022-03-05 11:19:33 #2 type] 
Type domain.Question is not enhanced.

[2022-03-05 11:19:33 #3 type] 
Type domain.Event is not enhanced.

[2022-03-05 11:19:33 #4 type] 
Type domain.User is not enhanced.

[2022-03-05 11:19:33 #5 type] 
Type domain.Cuote is not enhanced.

------------------------------------------------------------------------------------------------------------------------

[2022-03-05 11:20:27 #1 store] 
Database 'C:\Users\alejo\git\Bets21\src\main\resources\bets.temp' is opened by 14240@LAPTOP-PFPBTTRT

[2022-03-05 11:20:27 #2 type] 
Type domain.Question is not enhanced.

[2022-03-05 11:20:27 #3 type] 
Type domain.Event is not enhanced.

[2022-03-05 11:20:27 #4 type] 
Type domain.User is not enhanced.

[2022-03-05 11:20:27 #5 type] 
Type domain.Cuote is not enhanced.

------------------------------------------------------------------------------------------------------------------------

[2022-03-05 11:20:46 #1 store] 
Database 'C:\Users\alejo\git\Bets21\src\main\resources\bets.temp' is opened by 15700@LAPTOP-PFPBTTRT

[2022-03-05 11:20:46 #2 type] 
Type domain.Question is not enhanced.

[2022-03-05 11:20:46 #3 type] 
Type domain.Event is not enhanced.

[2022-03-05 11:20:46 #4 type] 
Type domain.User is not enhanced.

[2022-03-05 11:20:46 #5 type] 
Type domain.Cuote is not enhanced.

------------------------------------------------------------------------------------------------------------------------

[2022-03-05 11:21:44 #1 store] 
Database 'C:\Users\alejo\git\Bets21\src\main\resources\bets.temp' is opened by 16936@LAPTOP-PFPBTTRT

[2022-03-05 11:21:44 #2 type] 
Type domain.Question is not enhanced.

[2022-03-05 11:21:44 #3 type] 
Type domain.Event is not enhanced.

[2022-03-05 11:21:44 #4 type] 
Type domain.User is not enhanced.

[2022-03-05 11:21:44 #5 type] 
Type domain.Cuote is not enhanced.

------------------------------------------------------------------------------------------------------------------------

[2022-03-05 11:22:01 #1 store] 
Database 'C:\Users\alejo\git\Bets21\src\main\resources\bets.temp' is opened by 6816@LAPTOP-PFPBTTRT

[2022-03-05 11:22:01 #2 type] 
Type domain.Question is not enhanced.

[2022-03-05 11:22:01 #3 type] 
Type domain.Event is not enhanced.

[2022-03-05 11:22:01 #4 type] 
Type domain.User is not enhanced.

[2022-03-05 11:22:01 #5 type] 
Type domain.Cuote is not enhanced.

------------------------------------------------------------------------------------------------------------------------

[2022-03-05 11:22:59 #1 store] 
Database 'C:\Users\alejo\git\Bets21\src\main\resources\bets.temp' is opened by 10412@LAPTOP-PFPBTTRT

[2022-03-05 11:23:00 #2 type] 
Type domain.Question is not enhanced.

[2022-03-05 11:23:00 #3 type] 
Type domain.Event is not enhanced.

[2022-03-05 11:23:00 #4 type] 
Type domain.User is not enhanced.

[2022-03-05 11:23:00 #5 type] 
Type domain.Cuote is not enhanced.

------------------------------------------------------------------------------------------------------------------------

[2022-03-05 11:33:13 #1 store] 
Database 'C:\Users\alejo\git\Bets21\src\main\resources\bets.temp' is opened by 15236@LAPTOP-PFPBTTRT

[2022-03-05 11:33:13 #2 type] 
Type domain.Question is not enhanced.

[2022-03-05 11:33:13 #3 type] 
Type domain.Event is not enhanced.

[2022-03-05 11:33:13 #4 type] 
Type domain.User is not enhanced.

[2022-03-05 11:33:13 #5 type] 
Type domain.Cuote is not enhanced.

------------------------------------------------------------------------------------------------------------------------

[2022-03-05 12:01:08 #1 store] 
Database 'C:\Users\alejo\git\Bets21\src\main\resources\bets.temp' is opened by 3056@LAPTOP-PFPBTTRT

[2022-03-05 12:01:08 #2 type] 
Type domain.Question is not enhanced.

[2022-03-05 12:01:08 #3 type] 
Type domain.Event is not enhanced.

[2022-03-05 12:01:08 #4 type] 
Type domain.User is not enhanced.

[2022-03-05 12:01:08 #5 type] 
Type domain.Cuote is not enhanced.

------------------------------------------------------------------------------------------------------------------------

[2022-03-05 12:01:45 #1 store] 
Database 'C:\Users\alejo\git\Bets21\src\main\resources\bets.temp' is opened by 5704@LAPTOP-PFPBTTRT

[2022-03-05 12:01:45 #2 type] 
Type domain.Question is not enhanced.

[2022-03-05 12:01:45 #3 type] 
Type domain.Event is not enhanced.

[2022-03-05 12:01:45 #4 type] 
Type domain.User is not enhanced.

[2022-03-05 12:01:45 #5 type] 
Type domain.Cuote is not enhanced.

------------------------------------------------------------------------------------------------------------------------

[2022-03-05 12:02:50 #1 store] 
Database 'C:\Users\alejo\git\Bets21\src\main\resources\bets.temp' is opened by 14620@LAPTOP-PFPBTTRT

[2022-03-05 12:02:50 #2 type] 
Type domain.Question is not enhanced.

[2022-03-05 12:02:50 #3 type] 
Type domain.Event is not enhanced.

[2022-03-05 12:02:50 #4 type] 
Type domain.User is not enhanced.

[2022-03-05 12:02:50 #5 type] 
Type domain.Cuote is not enhanced.

------------------------------------------------------------------------------------------------------------------------

[2022-03-05 12:13:12 #1 store] 
Database 'C:\Users\alejo\git\Bets21\src\main\resources\bets.temp' is opened by 16312@LAPTOP-PFPBTTRT

[2022-03-05 12:13:12 #2 type] 
Type domain.Question is not enhanced.

[2022-03-05 12:13:12 #3 type] 
Type domain.Event is not enhanced.

[2022-03-05 12:13:12 #4 type] 
Type domain.User is not enhanced.

[2022-03-05 12:13:12 #5 type] 
Type domain.Cuote is not enhanced.

------------------------------------------------------------------------------------------------------------------------

[2022-03-05 12:15:07 #1 store] 
Database 'C:\Users\alejo\git\Bets21\src\main\resources\bets.temp' is opened by 15248@LAPTOP-PFPBTTRT

[2022-03-05 12:15:07 #2 type] 
Type domain.Question is not enhanced.

[2022-03-05 12:15:07 #3 type] 
Type domain.Event is not enhanced.

[2022-03-05 12:15:07 #4 type] 
Type domain.User is not enhanced.

[2022-03-05 12:15:07 #5 type] 
Type domain.Cuote is not enhanced.

------------------------------------------------------------------------------------------------------------------------

[2022-03-05 12:15:18 #1 store] 
Database 'C:\Users\alejo\git\Bets21\src\main\resources\bets.temp' is opened by 8716@LAPTOP-PFPBTTRT

[2022-03-05 12:15:18 #2 type] 
Type domain.Question is not enhanced.

[2022-03-05 12:15:18 #3 type] 
Type domain.Event is not enhanced.

[2022-03-05 12:15:18 #4 type] 
Type domain.User is not enhanced.

[2022-03-05 12:15:18 #5 type] 
Type domain.Cuote is not enhanced.

------------------------------------------------------------------------------------------------------------------------

[2022-03-05 12:15:55 #1 store] 
Database 'C:\Users\alejo\git\Bets21\src\main\resources\bets.temp' is opened by 10676@LAPTOP-PFPBTTRT

[2022-03-05 12:15:55 #2 type] 
Type domain.Question is not enhanced.

[2022-03-05 12:15:55 #3 type] 
Type domain.Event is not enhanced.

[2022-03-05 12:15:55 #4 type] 
Type domain.User is not enhanced.

[2022-03-05 12:15:55 #5 type] 
Type domain.Cuote is not enhanced.

------------------------------------------------------------------------------------------------------------------------

[2022-03-05 12:38:08 #1 store] 
Database 'C:\Users\alejo\git\Bets21\src\main\resources\bets.temp' is opened by 14704@LAPTOP-PFPBTTRT

[2022-03-05 12:38:08 #2 type] 
Type domain.Question is not enhanced.

[2022-03-05 12:38:08 #3 type] 
Type domain.Event is not enhanced.

[2022-03-05 12:38:08 #4 type] 
Type domain.User is not enhanced.

[2022-03-05 12:38:08 #5 type] 
Type domain.Cuote is not enhanced.

------------------------------------------------------------------------------------------------------------------------

[2022-03-05 12:38:26 #1 store] 
Database 'C:\Users\alejo\git\Bets21\src\main\resources\bets.temp' is opened by 9084@LAPTOP-PFPBTTRT

[2022-03-05 12:38:26 #2 type] 
Type domain.Question is not enhanced.

[2022-03-05 12:38:26 #3 type] 
Type domain.Event is not enhanced.

[2022-03-05 12:38:26 #4 type] 
Type domain.User is not enhanced.

[2022-03-05 12:38:26 #5 type] 
Type domain.Cuote is not enhanced.

------------------------------------------------------------------------------------------------------------------------

[2022-03-05 12:38:43 #1 store] 
Database 'C:\Users\alejo\git\Bets21\src\main\resources\bets.temp' is opened by 8572@LAPTOP-PFPBTTRT

[2022-03-05 12:38:43 #2 type] 
Type domain.Question is not enhanced.

[2022-03-05 12:38:43 #3 type] 
Type domain.Event is not enhanced.

[2022-03-05 12:38:43 #4 type] 
Type domain.User is not enhanced.

[2022-03-05 12:38:43 #5 type] 
Type domain.Cuote is not enhanced.

------------------------------------------------------------------------------------------------------------------------

[2022-03-05 12:56:08 #1 store] 
Database 'C:\Users\alejo\git\Bets21\src\main\resources\bets.temp' is opened by 13464@LAPTOP-PFPBTTRT

[2022-03-05 12:56:09 #2 type] 
Type domain.Question is not enhanced.

[2022-03-05 12:56:09 #3 type] 
Type domain.Event is not enhanced.

[2022-03-05 12:56:09 #4 type] 
Type domain.User is not enhanced.

[2022-03-05 12:56:09 #5 type] 
Type domain.Cuote is not enhanced.

------------------------------------------------------------------------------------------------------------------------

[2022-03-05 13:00:29 #1 store] 
Database 'C:\Users\alejo\git\Bets21\src\main\resources\bets.temp' is opened by 19300@LAPTOP-PFPBTTRT

[2022-03-05 13:00:29 #2 type] 
Type domain.Question is not enhanced.

[2022-03-05 13:00:29 #3 type] 
Type domain.Event is not enhanced.

[2022-03-05 13:00:29 #4 type] 
Type domain.User is not enhanced.

[2022-03-05 13:00:29 #5 type] 
Type domain.Cuote is not enhanced.

------------------------------------------------------------------------------------------------------------------------

[2022-03-05 13:07:31 #1 store] 
Database 'C:\Users\alejo\git\Bets21\src\main\resources\bets.temp' is opened by 17724@LAPTOP-PFPBTTRT

[2022-03-05 13:07:31 #2 type] 
Type domain.Question is not enhanced.

[2022-03-05 13:07:31 #3 type] 
Type domain.Event is not enhanced.

[2022-03-05 13:07:31 #4 type] 
Type domain.User is not enhanced.

[2022-03-05 13:07:31 #5 type] 
Type domain.Cuote is not enhanced.

------------------------------------------------------------------------------------------------------------------------

[2022-03-05 13:09:42 #1 store] 
Database 'C:\Users\alejo\git\Bets21\src\main\resources\bets.temp' is opened by 11336@LAPTOP-PFPBTTRT

[2022-03-05 13:09:42 #2 type] 
Type domain.Question is not enhanced.

[2022-03-05 13:09:42 #3 type] 
Type domain.Event is not enhanced.

[2022-03-05 13:09:42 #4 type] 
Type domain.User is not enhanced.

[2022-03-05 13:09:42 #5 type] 
Type domain.Cuote is not enhanced.

------------------------------------------------------------------------------------------------------------------------

[2022-03-05 13:12:12 #1 store] 
Database 'C:\Users\alejo\git\Bets21\src\main\resources\bets.temp' is opened by 8460@LAPTOP-PFPBTTRT

[2022-03-05 13:12:12 #2 type] 
Type domain.Question is not enhanced.

[2022-03-05 13:12:12 #3 type] 
Type domain.Event is not enhanced.

[2022-03-05 13:12:12 #4 type] 
Type domain.User is not enhanced.

[2022-03-05 13:12:12 #5 type] 
Type domain.Cuote is not enhanced.

------------------------------------------------------------------------------------------------------------------------

[2022-03-05 13:19:39 #1 store] 
Database 'C:\Users\alejo\git\Bets21\src\main\resources\bets.temp' is opened by 9892@LAPTOP-PFPBTTRT

[2022-03-05 13:19:40 #2 type] 
Type domain.Question is not enhanced.

[2022-03-05 13:19:40 #3 type] 
Type domain.Event is not enhanced.

[2022-03-05 13:19:40 #4 type] 
Type domain.User is not enhanced.

[2022-03-05 13:19:40 #5 type] 
Type domain.Cuote is not enhanced.

------------------------------------------------------------------------------------------------------------------------

[2022-03-05 13:27:12 #1 store] 
Database 'C:\Users\alejo\git\Bets21\src\main\resources\bets.temp' is opened by 7320@LAPTOP-PFPBTTRT

[2022-03-05 13:27:13 #2 type] 
Type domain.Question is not enhanced.

[2022-03-05 13:27:13 #3 type] 
Type domain.Event is not enhanced.

[2022-03-05 13:27:13 #4 type] 
Type domain.User is not enhanced.

[2022-03-05 13:27:13 #5 type] 
Type domain.Cuote is not enhanced.

------------------------------------------------------------------------------------------------------------------------

[2022-03-05 13:29:41 #1 store] 
Database 'C:\Users\alejo\git\Bets21\src\main\resources\bets.temp' is opened by 15532@LAPTOP-PFPBTTRT

[2022-03-05 13:29:41 #2 type] 
Type domain.Question is not enhanced.

[2022-03-05 13:29:41 #3 type] 
Type domain.Event is not enhanced.

[2022-03-05 13:29:41 #4 type] 
Type domain.User is not enhanced.

[2022-03-05 13:29:41 #5 type] 
Type domain.Cuote is not enhanced.

------------------------------------------------------------------------------------------------------------------------

[2022-03-05 13:31:36 #1 store] 
Database 'C:\Users\alejo\git\Bets21\src\main\resources\bets.temp' has been recovered (tr. 34-34)

[2022-03-05 13:31:36 #2 store] 
Database 'C:\Users\alejo\git\Bets21\src\main\resources\bets.temp' is opened by 8420@LAPTOP-PFPBTTRT

[2022-03-05 13:31:36 #3 type] 
Type domain.Question is not enhanced.

[2022-03-05 13:31:36 #4 type] 
Type domain.Event is not enhanced.

[2022-03-05 13:31:36 #5 type] 
Type domain.User is not enhanced.

[2022-03-05 13:31:36 #6 type] 
Type domain.Cuote is not enhanced.

------------------------------------------------------------------------------------------------------------------------

[2022-03-05 13:32:34 #1 store] 
Database 'C:\Users\alejo\git\Bets21\src\main\resources\bets.temp' is opened by 15888@LAPTOP-PFPBTTRT

[2022-03-05 13:32:34 #2 type] 
Type domain.Question is not enhanced.

[2022-03-05 13:32:34 #3 type] 
Type domain.Event is not enhanced.

[2022-03-05 13:32:34 #4 type] 
Type domain.User is not enhanced.

[2022-03-05 13:32:34 #5 type] 
Type domain.Cuote is not enhanced.

------------------------------------------------------------------------------------------------------------------------

[2022-03-05 13:34:41 #1 store] 
Database 'C:\Users\alejo\git\Bets21\src\main\resources\bets.temp' is opened by 19392@LAPTOP-PFPBTTRT

[2022-03-05 13:34:42 #2 type] 
Type domain.Question is not enhanced.

[2022-03-05 13:34:42 #3 type] 
Type domain.Event is not enhanced.

[2022-03-05 13:34:42 #4 type] 
Type domain.User is not enhanced.

[2022-03-05 13:34:42 #5 type] 
Type domain.Cuote is not enhanced.

------------------------------------------------------------------------------------------------------------------------

[2022-03-05 13:35:25 #1 store] 
Database 'C:\Users\alejo\git\Bets21\src\main\resources\bets.temp' is opened by 16340@LAPTOP-PFPBTTRT

[2022-03-05 13:35:25 #2 type] 
Type domain.Question is not enhanced.

[2022-03-05 13:35:25 #3 type] 
Type domain.Event is not enhanced.

[2022-03-05 13:35:25 #4 type] 
Type domain.User is not enhanced.

[2022-03-05 13:35:25 #5 type] 
Type domain.Cuote is not enhanced.

------------------------------------------------------------------------------------------------------------------------

[2022-03-05 13:40:11 #1 store] 
Database 'C:\Users\alejo\git\Bets21\src\main\resources\bets.temp' is opened by 5628@LAPTOP-PFPBTTRT

[2022-03-05 13:40:12 #2 type] 
Type domain.Question is not enhanced.

[2022-03-05 13:40:12 #3 type] 
Type domain.Event is not enhanced.

[2022-03-05 13:40:12 #4 type] 
Type domain.User is not enhanced.

[2022-03-05 13:40:12 #5 type] 
Type domain.Cuote is not enhanced.

------------------------------------------------------------------------------------------------------------------------

[2022-03-05 13:40:46 #1 store] 
Database 'C:\Users\alejo\git\Bets21\src\main\resources\bets.temp' is opened by 17416@LAPTOP-PFPBTTRT

[2022-03-05 13:40:46 #2 type] 
Type domain.Question is not enhanced.

[2022-03-05 13:40:46 #3 type] 
Type domain.Event is not enhanced.

[2022-03-05 13:40:46 #4 type] 
Type domain.User is not enhanced.

[2022-03-05 13:40:46 #5 type] 
Type domain.Cuote is not enhanced.

------------------------------------------------------------------------------------------------------------------------

[2022-03-05 13:45:01 #1 store] 
Database 'C:\Users\alejo\git\Bets21\src\main\resources\bets.temp' is opened by 11568@LAPTOP-PFPBTTRT

[2022-03-05 13:45:01 #2 type] 
Type domain.Question is not enhanced.

[2022-03-05 13:45:01 #3 type] 
Type domain.Event is not enhanced.

[2022-03-05 13:45:01 #4 type] 
Type domain.User is not enhanced.

[2022-03-05 13:45:01 #5 type] 
Type domain.Cuote is not enhanced.

------------------------------------------------------------------------------------------------------------------------

[2022-03-05 13:46:33 #1 store] 
Database 'C:\Users\alejo\git\Bets21\src\main\resources\bets.temp' is opened by 10524@LAPTOP-PFPBTTRT

[2022-03-05 13:46:33 #2 type] 
Type domain.Question is not enhanced.

[2022-03-05 13:46:33 #3 type] 
Type domain.Event is not enhanced.

[2022-03-05 13:46:33 #4 type] 
Type domain.User is not enhanced.

[2022-03-05 13:46:33 #5 type] 
Type domain.Cuote is not enhanced.

------------------------------------------------------------------------------------------------------------------------

[2022-03-05 13:49:59 #1 store] 
Database 'C:\Users\alejo\git\Bets21\src\main\resources\bets.temp' is opened by 1940@LAPTOP-PFPBTTRT

[2022-03-05 13:49:59 #2 type] 
Type domain.Question is not enhanced.

[2022-03-05 13:49:59 #3 type] 
Type domain.Event is not enhanced.

[2022-03-05 13:49:59 #4 type] 
Type domain.User is not enhanced.

[2022-03-05 13:49:59 #5 type] 
Type domain.Cuote is not enhanced.

------------------------------------------------------------------------------------------------------------------------

[2022-03-05 13:55:47 #1 store] 
Database 'C:\Users\alejo\git\Bets21\src\main\resources\bets.temp' is opened by 9944@LAPTOP-PFPBTTRT

[2022-03-05 13:55:47 #2 type] 
Type domain.Question is not enhanced.

[2022-03-05 13:55:47 #3 type] 
Type domain.Event is not enhanced.

[2022-03-05 13:55:47 #4 type] 
Type domain.User is not enhanced.

[2022-03-05 13:55:47 #5 type] 
Type domain.Cuote is not enhanced.

------------------------------------------------------------------------------------------------------------------------

[2022-03-05 13:59:34 #1 store] 
Database 'C:\Users\alejo\git\Bets21\src\main\resources\bets.temp' is opened by 17272@LAPTOP-PFPBTTRT

[2022-03-05 13:59:35 #2 type] 
Type domain.Question is not enhanced.

[2022-03-05 13:59:35 #3 type] 
Type domain.Event is not enhanced.

[2022-03-05 13:59:35 #4 type] 
Type domain.User is not enhanced.

[2022-03-05 13:59:35 #5 type] 
Type domain.Cuote is not enhanced.

------------------------------------------------------------------------------------------------------------------------

[2022-03-05 14:09:08 #1 store] 
Database 'C:\Users\alejo\git\Bets21\src\main\resources\bets.temp' is opened by 15144@LAPTOP-PFPBTTRT

[2022-03-05 14:09:08 #2 type] 
Type domain.Question is not enhanced.

[2022-03-05 14:09:08 #3 type] 
Type domain.Event is not enhanced.

[2022-03-05 14:09:08 #4 type] 
Type domain.User is not enhanced.

[2022-03-05 14:09:08 #5 type] 
Type domain.Cuote is not enhanced.

------------------------------------------------------------------------------------------------------------------------

[2022-03-05 14:09:27 #1 store] 
Database 'C:\Users\alejo\git\Bets21\src\main\resources\bets.temp' is opened by 18760@LAPTOP-PFPBTTRT

[2022-03-05 14:09:28 #2 type] 
Type domain.Question is not enhanced.

[2022-03-05 14:09:28 #3 type] 
Type domain.Event is not enhanced.

[2022-03-05 14:09:28 #4 type] 
Type domain.User is not enhanced.

[2022-03-05 14:09:28 #5 type] 
Type domain.Cuote is not enhanced.

------------------------------------------------------------------------------------------------------------------------

[2022-03-05 14:09:56 #1 store] 
Database 'C:\Users\alejo\git\Bets21\src\main\resources\bets.temp' is opened by 3636@LAPTOP-PFPBTTRT

[2022-03-05 14:09:56 #2 type] 
Type domain.Question is not enhanced.

[2022-03-05 14:09:56 #3 type] 
Type domain.Event is not enhanced.

[2022-03-05 14:09:56 #4 type] 
Type domain.User is not enhanced.

[2022-03-05 14:09:56 #5 type] 
Type domain.Cuote is not enhanced.

------------------------------------------------------------------------------------------------------------------------

[2022-03-05 14:12:44 #1 store] 
Database 'C:\Users\alejo\git\Bets21\src\main\resources\bets.temp' is opened by 18932@LAPTOP-PFPBTTRT

[2022-03-05 14:12:44 #2 type] 
Type domain.Question is not enhanced.

[2022-03-05 14:12:44 #3 type] 
Type domain.Event is not enhanced.

[2022-03-05 14:12:44 #4 type] 
Type domain.User is not enhanced.

[2022-03-05 14:12:44 #5 type] 
Type domain.Cuote is not enhanced.

------------------------------------------------------------------------------------------------------------------------

[2022-03-05 14:13:12 #1 store] 
Database 'C:\Users\alejo\git\Bets21\src\main\resources\bets.temp' is opened by 4224@LAPTOP-PFPBTTRT

[2022-03-05 14:13:12 #2 type] 
Type domain.Question is not enhanced.

[2022-03-05 14:13:12 #3 type] 
Type domain.Event is not enhanced.

[2022-03-05 14:13:12 #4 type] 
Type domain.User is not enhanced.

[2022-03-05 14:13:12 #5 type] 
Type domain.Cuote is not enhanced.

------------------------------------------------------------------------------------------------------------------------

[2022-03-05 14:15:22 #1 store] 
Database 'C:\Users\alejo\git\Bets21\src\main\resources\bets.temp' has been recovered (tr. 35-35)

[2022-03-05 14:15:22 #2 store] 
Database 'C:\Users\alejo\git\Bets21\src\main\resources\bets.temp' is opened by 16192@LAPTOP-PFPBTTRT

[2022-03-05 14:15:22 #3 type] 
Type domain.Question is not enhanced.

[2022-03-05 14:15:22 #4 type] 
Type domain.Event is not enhanced.

[2022-03-05 14:15:22 #5 type] 
Type domain.User is not enhanced.

[2022-03-05 14:15:22 #6 type] 
Type domain.Cuote is not enhanced.

------------------------------------------------------------------------------------------------------------------------

[2022-03-05 14:16:33 #1 store] 
Database 'C:\Users\alejo\git\Bets21\src\main\resources\bets.temp' is opened by 8480@LAPTOP-PFPBTTRT

[2022-03-05 14:16:33 #2 type] 
Type domain.Question is not enhanced.

[2022-03-05 14:16:33 #3 type] 
Type domain.Event is not enhanced.

[2022-03-05 14:16:33 #4 type] 
Type domain.User is not enhanced.

[2022-03-05 14:16:33 #5 type] 
Type domain.Cuote is not enhanced.

------------------------------------------------------------------------------------------------------------------------

[2022-03-05 14:25:44 #1 store] 
Database 'C:\Users\alejo\git\Bets21\src\main\resources\bets.temp' has been recovered (tr. 37-37)

[2022-03-05 14:25:44 #2 store] 
Database 'C:\Users\alejo\git\Bets21\src\main\resources\bets.temp' is opened by 10664@LAPTOP-PFPBTTRT

[2022-03-05 14:25:44 #3 type] 
Type domain.Question is not enhanced.

[2022-03-05 14:25:44 #4 type] 
Type domain.Event is not enhanced.

[2022-03-05 14:25:44 #5 type] 
Type domain.User is not enhanced.

[2022-03-05 14:25:44 #6 type] 
Type domain.Cuote is not enhanced.

------------------------------------------------------------------------------------------------------------------------

[2022-03-05 14:28:57 #1 store] 
Database 'C:\Users\alejo\git\Bets21\src\main\resources\bets.temp' has been recovered (tr. 38-38)

[2022-03-05 14:28:57 #2 store] 
Database 'C:\Users\alejo\git\Bets21\src\main\resources\bets.temp' is opened by 10048@LAPTOP-PFPBTTRT

[2022-03-05 14:28:57 #3 type] 
Type domain.Question is not enhanced.

[2022-03-05 14:28:57 #4 type] 
Type domain.Event is not enhanced.

[2022-03-05 14:28:57 #5 type] 
Type domain.User is not enhanced.

[2022-03-05 14:28:58 #6 type] 
Type domain.Cuote is not enhanced.

------------------------------------------------------------------------------------------------------------------------

[2022-03-05 14:30:42 #1 store] 
Database 'C:\Users\alejo\git\Bets21\src\main\resources\bets.temp' is opened by 19332@LAPTOP-PFPBTTRT

[2022-03-05 14:30:42 #2 type] 
Type domain.Question is not enhanced.

[2022-03-05 14:30:42 #3 type.registry] 
New type java.util.ArrayList<domain.Cuote>

[2022-03-05 14:30:42 #4 type] 
Type domain.Event is not enhanced.

[2022-03-05 14:30:42 #5 type] 
Type domain.User is not enhanced.

[2022-03-05 14:30:42 #6 type] 
Type domain.Cuote is not enhanced.

------------------------------------------------------------------------------------------------------------------------

[2022-03-05 14:31:57 #1 store] 
Database 'C:\Users\alejo\git\Bets21\src\main\resources\bets.temp' has been recovered (tr. 39-39)

[2022-03-05 14:31:57 #2 store] 
Database 'C:\Users\alejo\git\Bets21\src\main\resources\bets.temp' is opened by 10864@LAPTOP-PFPBTTRT

[2022-03-05 14:31:58 #3 type] 
Type domain.Question is not enhanced.

[2022-03-05 14:31:58 #4 type] 
Type domain.Event is not enhanced.

[2022-03-05 14:31:58 #5 type] 
Type domain.User is not enhanced.

[2022-03-05 14:31:58 #6 type] 
Type domain.Cuote is not enhanced.

------------------------------------------------------------------------------------------------------------------------

[2022-03-05 14:33:57 #1 store] 
Database 'C:\Users\alejo\git\Bets21\src\main\resources\bets.temp' is opened by 13944@LAPTOP-PFPBTTRT

[2022-03-05 14:33:57 #2 type] 
Type domain.Question is not enhanced.

[2022-03-05 14:33:57 #3 type] 
Type domain.Event is not enhanced.

[2022-03-05 14:33:57 #4 type] 
Type domain.User is not enhanced.

[2022-03-05 14:33:57 #5 type] 
Type domain.Cuote is not enhanced.

------------------------------------------------------------------------------------------------------------------------

[2022-03-05 14:34:51 #1 store] 
Database 'C:\Users\alejo\git\Bets21\src\main\resources\bets.temp' is opened by 15404@LAPTOP-PFPBTTRT

[2022-03-05 14:34:51 #2 type] 
Type domain.Question is not enhanced.

[2022-03-05 14:34:51 #3 type] 
Type domain.Event is not enhanced.

[2022-03-05 14:34:51 #4 type] 
Type domain.User is not enhanced.

[2022-03-05 14:34:51 #5 type] 
Type domain.Cuote is not enhanced.

------------------------------------------------------------------------------------------------------------------------

[2022-03-05 14:37:17 #1 store] 
Database 'C:\Users\alejo\git\Bets21\src\main\resources\bets.temp' is opened by 10256@LAPTOP-PFPBTTRT

[2022-03-05 14:37:17 #2 type] 
Type domain.Question is not enhanced.

[2022-03-05 14:37:17 #3 type] 
Type domain.Event is not enhanced.

[2022-03-05 14:37:17 #4 type] 
Type domain.User is not enhanced.

[2022-03-05 14:37:17 #5 type] 
Type domain.Cuote is not enhanced.

------------------------------------------------------------------------------------------------------------------------

[2022-03-05 14:38:14 #1 store] 
Database 'C:\Users\alejo\git\Bets21\src\main\resources\bets.temp' is opened by 4604@LAPTOP-PFPBTTRT

[2022-03-05 14:38:15 #2 type] 
Type domain.Question is not enhanced.

[2022-03-05 14:38:15 #3 type] 
Type domain.Event is not enhanced.

[2022-03-05 14:38:15 #4 type] 
Type domain.User is not enhanced.

[2022-03-05 14:38:15 #5 type] 
Type domain.Cuote is not enhanced.

------------------------------------------------------------------------------------------------------------------------

[2022-03-05 14:39:08 #1 store] 
Database 'C:\Users\alejo\git\Bets21\src\main\resources\bets.temp' is opened by 10208@LAPTOP-PFPBTTRT

[2022-03-05 14:39:09 #2 type] 
Type domain.Question is not enhanced.

[2022-03-05 14:39:09 #3 type] 
Type domain.Event is not enhanced.

[2022-03-05 14:39:09 #4 type] 
Type domain.User is not enhanced.

[2022-03-05 14:39:09 #5 type] 
Type domain.Cuote is not enhanced.

------------------------------------------------------------------------------------------------------------------------

[2022-03-05 14:40:48 #1 store] 
Database 'C:\Users\alejo\git\Bets21\src\main\resources\bets.temp' is opened by 2824@LAPTOP-PFPBTTRT

[2022-03-05 14:40:48 #2 type] 
Type domain.Question is not enhanced.

[2022-03-05 14:40:48 #3 type] 
Type domain.Event is not enhanced.

[2022-03-05 14:40:48 #4 type] 
Type domain.User is not enhanced.

[2022-03-05 14:40:48 #5 type] 
Type domain.Cuote is not enhanced.

------------------------------------------------------------------------------------------------------------------------

[2022-03-05 14:41:02 #1 store] 
Database 'C:\Users\alejo\git\Bets21\src\main\resources\bets.temp' is opened by 16060@LAPTOP-PFPBTTRT

[2022-03-05 14:41:02 #2 type] 
Type domain.Question is not enhanced.

[2022-03-05 14:41:02 #3 type] 
Type domain.Event is not enhanced.

[2022-03-05 14:41:02 #4 type] 
Type domain.User is not enhanced.

[2022-03-05 14:41:02 #5 type] 
Type domain.Cuote is not enhanced.

------------------------------------------------------------------------------------------------------------------------

[2022-03-05 14:42:18 #1 store] 
Database 'C:\Users\alejo\git\Bets21\src\main\resources\bets.temp' is opened by 18720@LAPTOP-PFPBTTRT

[2022-03-05 14:42:18 #2 type.registry] 
New type domain.Question

[2022-03-05 14:42:18 #3 type] 
Type domain.Question is not enhanced.

[2022-03-05 14:42:18 #4 type.registry] 
New type domain.Cuote

[2022-03-05 14:42:18 #5 type.registry] 
New type java.util.ArrayList<domain.Cuote>

[2022-03-05 14:42:18 #6 type.registry] 
New type domain.Event

[2022-03-05 14:42:18 #7 type] 
Type domain.Cuote is not enhanced.

[2022-03-05 14:42:18 #8 type] 
Type domain.Event is not enhanced.

[2022-03-05 14:42:18 #9 type.registry] 
New type java.util.Vector<domain.Question>

[2022-03-05 14:42:18 #10 type.registry] 
New type domain.User

[2022-03-05 14:42:18 #11 type] 
Type domain.User is not enhanced.

[2022-03-05 14:42:18 #12 type.registry] 
New type java.util.ArrayList<java.lang.Object>

[2022-03-05 14:42:18 #13 type.registry] 
New type java.util.Vector<java.lang.Object>

------------------------------------------------------------------------------------------------------------------------

[2022-03-05 14:44:03 #1 store] 
Database 'C:\Users\alejo\git\Bets21\src\main\resources\bets.temp' is opened by 8836@LAPTOP-PFPBTTRT

[2022-03-05 14:44:04 #2 type.registry] 
New type domain.Question

[2022-03-05 14:44:04 #3 type] 
Type domain.Question is not enhanced.

[2022-03-05 14:44:04 #4 type.registry] 
New type domain.Cuote

[2022-03-05 14:44:04 #5 type.registry] 
New type java.util.ArrayList<domain.Cuote>

[2022-03-05 14:44:04 #6 type.registry] 
New type domain.Event

[2022-03-05 14:44:04 #7 type] 
Type domain.Cuote is not enhanced.

[2022-03-05 14:44:04 #8 type] 
Type domain.Event is not enhanced.

[2022-03-05 14:44:04 #9 type.registry] 
New type java.util.Vector<domain.Question>

[2022-03-05 14:44:04 #10 type.registry] 
New type domain.User

[2022-03-05 14:44:04 #11 type] 
Type domain.User is not enhanced.

[2022-03-05 14:44:04 #12 type.registry] 
New type java.util.ArrayList<java.lang.Object>

[2022-03-05 14:44:04 #13 type.registry] 
New type java.util.Vector<java.lang.Object>

------------------------------------------------------------------------------------------------------------------------

[2022-03-05 14:44:55 #1 store] 
Database 'C:\Users\alejo\git\Bets21\src\main\resources\bets.temp' is opened by 4480@LAPTOP-PFPBTTRT

[2022-03-05 14:44:55 #2 type.registry] 
New type domain.Question

[2022-03-05 14:44:55 #3 type] 
Type domain.Question is not enhanced.

[2022-03-05 14:44:55 #4 type.registry] 
New type domain.Cuote

[2022-03-05 14:44:55 #5 type.registry] 
New type java.util.ArrayList<domain.Cuote>

[2022-03-05 14:44:55 #6 type.registry] 
New type domain.Event

[2022-03-05 14:44:55 #7 type] 
Type domain.Cuote is not enhanced.

[2022-03-05 14:44:55 #8 type] 
Type domain.Event is not enhanced.

[2022-03-05 14:44:55 #9 type.registry] 
New type java.util.Vector<domain.Question>

[2022-03-05 14:44:55 #10 type.registry] 
New type domain.User

[2022-03-05 14:44:55 #11 type] 
Type domain.User is not enhanced.

[2022-03-05 14:44:55 #12 type.registry] 
New type java.util.ArrayList<java.lang.Object>

[2022-03-05 14:44:55 #13 type.registry] 
New type java.util.Vector<java.lang.Object>

