------------------------------------------------------------------------------------------------------------------------

[2022-04-03 14:42:05 #1 store] 
Database 'D:\git\Bet21\Bets21\src\main\resources\bets.temp' is opened by 3588@LAPTOP-PFPBTTRT

[2022-04-03 14:42:05 #2 type] 
Type domain.Question is not enhanced.

[2022-04-03 14:42:05 #3 type] 
Type domain.Cuote is not enhanced.

[2022-04-03 14:42:05 #4 type] 
Type domain.Event is not enhanced.

[2022-04-03 14:42:05 #5 type] 
Type domain.Bet is not enhanced.

[2022-04-03 14:42:05 #6 type] 
Type domain.User is not enhanced.

[2022-04-03 14:42:05 #7 type] 
Type domain.Transaction is not enhanced.

------------------------------------------------------------------------------------------------------------------------

[2022-04-03 14:46:13 #1 store] 
Database 'D:\git\Bet21\Bets21\src\main\resources\bets.temp' is opened by 19176@LAPTOP-PFPBTTRT

[2022-04-03 14:46:13 #2 type] 
Type domain.Question is not enhanced.

[2022-04-03 14:46:13 #3 type] 
Type domain.Cuote is not enhanced.

[2022-04-03 14:46:13 #4 type] 
Type domain.Event is not enhanced.

[2022-04-03 14:46:13 #5 type] 
Type domain.Bet is not enhanced.

[2022-04-03 14:46:13 #6 type] 
Type domain.User is not enhanced.

[2022-04-03 14:46:13 #7 type] 
Type domain.Transaction is not enhanced.

------------------------------------------------------------------------------------------------------------------------

[2022-04-03 14:47:26 #1 store] 
Database 'D:\git\Bet21\Bets21\src\main\resources\bets.temp' is opened by 11596@LAPTOP-PFPBTTRT

[2022-04-03 14:47:26 #2 type] 
Type domain.Question is not enhanced.

[2022-04-03 14:47:26 #3 type] 
Type domain.Cuote is not enhanced.

[2022-04-03 14:47:26 #4 type] 
Type domain.Event is not enhanced.

[2022-04-03 14:47:26 #5 type] 
Type domain.Bet is not enhanced.

[2022-04-03 14:47:26 #6 type] 
Type domain.User is not enhanced.

[2022-04-03 14:47:26 #7 type] 
Type domain.Transaction is not enhanced.

------------------------------------------------------------------------------------------------------------------------

[2022-04-03 14:50:11 #1 store] 
Database 'D:\git\Bet21\Bets21\src\main\resources\bets.temp' is opened by 6872@LAPTOP-PFPBTTRT

[2022-04-03 14:50:12 #2 type] 
Type domain.Question is not enhanced.

[2022-04-03 14:50:12 #3 type] 
Type domain.Cuote is not enhanced.

[2022-04-03 14:50:12 #4 type] 
Type domain.Event is not enhanced.

[2022-04-03 14:50:12 #5 type] 
Type domain.Bet is not enhanced.

[2022-04-03 14:50:12 #6 type] 
Type domain.User is not enhanced.

[2022-04-03 14:50:12 #7 type] 
Type domain.Transaction is not enhanced.

------------------------------------------------------------------------------------------------------------------------

[2022-04-03 14:50:50 #1 store] 
Database 'D:\git\Bet21\Bets21\src\main\resources\bets.temp' has been recovered (tr. 23-24)

[2022-04-03 14:50:50 #2 store] 
Database 'D:\git\Bet21\Bets21\src\main\resources\bets.temp' is opened by 8572@LAPTOP-PFPBTTRT

[2022-04-03 14:50:50 #3 type] 
Type domain.Question is not enhanced.

[2022-04-03 14:50:50 #4 type] 
Type domain.Cuote is not enhanced.

[2022-04-03 14:50:50 #5 type] 
Type domain.Event is not enhanced.

[2022-04-03 14:50:50 #6 type] 
Type domain.Bet is not enhanced.

[2022-04-03 14:50:50 #7 type] 
Type domain.User is not enhanced.

[2022-04-03 14:50:50 #8 type] 
Type domain.Transaction is not enhanced.

------------------------------------------------------------------------------------------------------------------------

[2022-04-03 14:51:11 #1 store] 
Database 'D:\git\Bet21\Bets21\src\main\resources\bets.temp' has been recovered (tr. 25-25)

[2022-04-03 14:51:11 #2 store] 
Database 'D:\git\Bet21\Bets21\src\main\resources\bets.temp' is opened by 5496@LAPTOP-PFPBTTRT

[2022-04-03 14:51:11 #3 type] 
Type domain.Question is not enhanced.

[2022-04-03 14:51:12 #4 type] 
Type domain.Cuote is not enhanced.

[2022-04-03 14:51:12 #5 type] 
Type domain.Event is not enhanced.

[2022-04-03 14:51:12 #6 type] 
Type domain.Bet is not enhanced.

[2022-04-03 14:51:12 #7 type] 
Type domain.User is not enhanced.

[2022-04-03 14:51:12 #8 type] 
Type domain.Transaction is not enhanced.

------------------------------------------------------------------------------------------------------------------------

[2022-04-03 14:52:10 #1 store] 
Database 'D:\git\Bet21\Bets21\src\main\resources\bets.temp' is opened by 15576@LAPTOP-PFPBTTRT

[2022-04-03 14:52:10 #2 type] 
Type domain.Question is not enhanced.

[2022-04-03 14:52:10 #3 type] 
Type domain.Cuote is not enhanced.

[2022-04-03 14:52:10 #4 type] 
Type domain.Event is not enhanced.

[2022-04-03 14:52:10 #5 type] 
Type domain.Bet is not enhanced.

[2022-04-03 14:52:10 #6 type] 
Type domain.User is not enhanced.

[2022-04-03 14:52:10 #7 type] 
Type domain.Transaction is not enhanced.

------------------------------------------------------------------------------------------------------------------------

[2022-04-03 14:52:27 #1 store] 
Database 'D:\git\Bet21\Bets21\src\main\resources\bets.temp' has been recovered (tr. 26-26)

[2022-04-03 14:52:27 #2 store] 
Database 'D:\git\Bet21\Bets21\src\main\resources\bets.temp' is opened by 9724@LAPTOP-PFPBTTRT

[2022-04-03 14:52:28 #3 type] 
Type domain.Question is not enhanced.

[2022-04-03 14:52:28 #4 type] 
Type domain.Cuote is not enhanced.

[2022-04-03 14:52:28 #5 type] 
Type domain.Event is not enhanced.

[2022-04-03 14:52:28 #6 type] 
Type domain.Bet is not enhanced.

[2022-04-03 14:52:28 #7 type] 
Type domain.User is not enhanced.

[2022-04-03 14:52:28 #8 type] 
Type domain.Transaction is not enhanced.

------------------------------------------------------------------------------------------------------------------------

[2022-04-03 14:53:43 #1 store] 
Database 'D:\git\Bet21\Bets21\src\main\resources\bets.temp' is opened by 15204@LAPTOP-PFPBTTRT

[2022-04-03 14:53:43 #2 type] 
Type domain.Question is not enhanced.

[2022-04-03 14:53:43 #3 type] 
Type domain.Cuote is not enhanced.

[2022-04-03 14:53:43 #4 type] 
Type domain.Event is not enhanced.

[2022-04-03 14:53:43 #5 type] 
Type domain.Bet is not enhanced.

[2022-04-03 14:53:43 #6 type] 
Type domain.User is not enhanced.

[2022-04-03 14:53:43 #7 type] 
Type domain.Transaction is not enhanced.

------------------------------------------------------------------------------------------------------------------------

[2022-04-03 14:54:10 #1 store] 
Database 'D:\git\Bet21\Bets21\src\main\resources\bets.temp' has been recovered (tr. 27-27)

[2022-04-03 14:54:10 #2 store] 
Database 'D:\git\Bet21\Bets21\src\main\resources\bets.temp' is opened by 4616@LAPTOP-PFPBTTRT

[2022-04-03 14:54:10 #3 type] 
Type domain.Question is not enhanced.

[2022-04-03 14:54:10 #4 type] 
Type domain.Cuote is not enhanced.

[2022-04-03 14:54:10 #5 type] 
Type domain.Event is not enhanced.

[2022-04-03 14:54:10 #6 type] 
Type domain.Bet is not enhanced.

[2022-04-03 14:54:10 #7 type] 
Type domain.User is not enhanced.

[2022-04-03 14:54:10 #8 type] 
Type domain.Transaction is not enhanced.

------------------------------------------------------------------------------------------------------------------------

[2022-04-03 14:54:23 #1 store] 
Database 'D:\git\Bet21\Bets21\src\main\resources\bets.temp' is opened by 10048@LAPTOP-PFPBTTRT

[2022-04-03 14:54:23 #2 type] 
Type domain.Question is not enhanced.

[2022-04-03 14:54:23 #3 type] 
Type domain.Cuote is not enhanced.

[2022-04-03 14:54:23 #4 type] 
Type domain.Event is not enhanced.

[2022-04-03 14:54:23 #5 type] 
Type domain.Bet is not enhanced.

[2022-04-03 14:54:23 #6 type] 
Type domain.User is not enhanced.

[2022-04-03 14:54:23 #7 type] 
Type domain.Transaction is not enhanced.

------------------------------------------------------------------------------------------------------------------------

[2022-04-03 14:54:33 #1 store] 
Database 'D:\git\Bet21\Bets21\src\main\resources\bets.temp' is opened by 13888@LAPTOP-PFPBTTRT

[2022-04-03 14:54:33 #2 type] 
Type domain.Question is not enhanced.

[2022-04-03 14:54:33 #3 type] 
Type domain.Cuote is not enhanced.

[2022-04-03 14:54:33 #4 type] 
Type domain.Event is not enhanced.

[2022-04-03 14:54:33 #5 type] 
Type domain.Bet is not enhanced.

[2022-04-03 14:54:33 #6 type] 
Type domain.User is not enhanced.

[2022-04-03 14:54:33 #7 type] 
Type domain.Transaction is not enhanced.

------------------------------------------------------------------------------------------------------------------------

[2022-04-03 14:56:17 #1 store] 
Database 'D:\git\Bet21\Bets21\src\main\resources\bets.temp' is opened by 1720@LAPTOP-PFPBTTRT

[2022-04-03 14:56:17 #2 type] 
Type domain.Question is not enhanced.

[2022-04-03 14:56:17 #3 type] 
Type domain.Cuote is not enhanced.

[2022-04-03 14:56:17 #4 type] 
Type domain.Event is not enhanced.

[2022-04-03 14:56:17 #5 type] 
Type domain.Bet is not enhanced.

[2022-04-03 14:56:17 #6 type] 
Type domain.User is not enhanced.

[2022-04-03 14:56:17 #7 type] 
Type domain.Transaction is not enhanced.

------------------------------------------------------------------------------------------------------------------------

[2022-04-03 14:58:43 #1 store] 
Database 'D:\git\Bet21\Bets21\src\main\resources\bets.temp' is opened by 17136@LAPTOP-PFPBTTRT

[2022-04-03 14:58:43 #2 type] 
Type domain.Question is not enhanced.

[2022-04-03 14:58:43 #3 type] 
Type domain.Cuote is not enhanced.

[2022-04-03 14:58:43 #4 type] 
Type domain.Event is not enhanced.

[2022-04-03 14:58:43 #5 type] 
Type domain.Bet is not enhanced.

[2022-04-03 14:58:43 #6 type] 
Type domain.User is not enhanced.

[2022-04-03 14:58:43 #7 type] 
Type domain.Transaction is not enhanced.

------------------------------------------------------------------------------------------------------------------------

[2022-04-03 15:19:04 #1 store] 
Database 'D:\git\Bet21\Bets21\src\main\resources\bets.temp' is opened by 10940@LAPTOP-PFPBTTRT

[2022-04-03 15:19:04 #2 type.registry] 
New type domain.Question

[2022-04-03 15:19:04 #3 type] 
Type domain.Question is not enhanced.

[2022-04-03 15:19:04 #4 type.registry] 
New type domain.Cuote

[2022-04-03 15:19:04 #5 type.registry] 
New type java.util.ArrayList<domain.Cuote>

[2022-04-03 15:19:04 #6 type.registry] 
New type domain.Event

[2022-04-03 15:19:04 #7 type] 
Type domain.Cuote is not enhanced.

[2022-04-03 15:19:04 #8 type.registry] 
New type domain.Bet

[2022-04-03 15:19:04 #9 type.registry] 
New type java.util.ArrayList<domain.Bet>

[2022-04-03 15:19:04 #10 type] 
Type domain.Event is not enhanced.

[2022-04-03 15:19:04 #11 type.registry] 
New type java.util.Vector<domain.Question>

[2022-04-03 15:19:04 #12 type] 
Type domain.Bet is not enhanced.

[2022-04-03 15:19:04 #13 type.registry] 
New type domain.User

[2022-04-03 15:19:04 #14 type] 
Type domain.User is not enhanced.

[2022-04-03 15:19:04 #15 type.registry] 
New type domain.Transaction

[2022-04-03 15:19:04 #16 type.registry] 
New type java.util.ArrayList<domain.Transaction>

[2022-04-03 15:19:04 #17 type] 
Type domain.Transaction is not enhanced.

[2022-04-03 15:19:04 #18 type.registry] 
New type java.util.ArrayList<java.lang.Object>

[2022-04-03 15:19:04 #19 type.registry] 
New type java.util.Vector<java.lang.Object>

------------------------------------------------------------------------------------------------------------------------

[2022-04-03 15:19:13 #1 store] 
Database 'D:\git\Bet21\Bets21\src\main\resources\bets.temp' has been recovered (tr. 1-6)

[2022-04-03 15:19:13 #2 store] 
Database 'D:\git\Bet21\Bets21\src\main\resources\bets.temp' is opened by 10780@LAPTOP-PFPBTTRT

[2022-04-03 15:19:13 #3 type] 
Type domain.Question is not enhanced.

[2022-04-03 15:19:13 #4 type] 
Type domain.Cuote is not enhanced.

[2022-04-03 15:19:13 #5 type] 
Type domain.Event is not enhanced.

[2022-04-03 15:19:13 #6 type] 
Type domain.Bet is not enhanced.

[2022-04-03 15:19:13 #7 type] 
Type domain.User is not enhanced.

[2022-04-03 15:19:13 #8 type] 
Type domain.Transaction is not enhanced.

------------------------------------------------------------------------------------------------------------------------

[2022-04-03 15:21:29 #1 store] 
Database 'D:\git\Bet21\Bets21\src\main\resources\bets.temp' has been recovered (tr. 7-14)

[2022-04-03 15:21:29 #2 store] 
Database 'D:\git\Bet21\Bets21\src\main\resources\bets.temp' is opened by 18664@LAPTOP-PFPBTTRT

[2022-04-03 15:21:29 #3 type] 
Type domain.Question is not enhanced.

[2022-04-03 15:21:29 #4 type] 
Type domain.Cuote is not enhanced.

[2022-04-03 15:21:29 #5 type] 
Type domain.Event is not enhanced.

[2022-04-03 15:21:29 #6 type] 
Type domain.Bet is not enhanced.

[2022-04-03 15:21:29 #7 type] 
Type domain.User is not enhanced.

[2022-04-03 15:21:29 #8 type] 
Type domain.Transaction is not enhanced.

------------------------------------------------------------------------------------------------------------------------

[2022-04-03 15:24:12 #1 store] 
Database 'D:\git\Bet21\Bets21\src\main\resources\bets.temp' is opened by 15140@LAPTOP-PFPBTTRT

[2022-04-03 15:24:12 #2 type.registry] 
New type domain.Question

[2022-04-03 15:24:12 #3 type] 
Type domain.Question is not enhanced.

[2022-04-03 15:24:12 #4 type.registry] 
New type domain.Cuote

[2022-04-03 15:24:12 #5 type.registry] 
New type java.util.ArrayList<domain.Cuote>

[2022-04-03 15:24:12 #6 type.registry] 
New type domain.Event

[2022-04-03 15:24:12 #7 type] 
Type domain.Cuote is not enhanced.

[2022-04-03 15:24:12 #8 type.registry] 
New type domain.Bet

[2022-04-03 15:24:12 #9 type.registry] 
New type java.util.ArrayList<domain.Bet>

[2022-04-03 15:24:12 #10 type] 
Type domain.Event is not enhanced.

[2022-04-03 15:24:12 #11 type.registry] 
New type java.util.Vector<domain.Question>

[2022-04-03 15:24:12 #12 type] 
Type domain.Bet is not enhanced.

[2022-04-03 15:24:12 #13 type.registry] 
New type domain.User

[2022-04-03 15:24:12 #14 type] 
Type domain.User is not enhanced.

[2022-04-03 15:24:12 #15 type.registry] 
New type domain.Transaction

[2022-04-03 15:24:12 #16 type.registry] 
New type java.util.ArrayList<domain.Transaction>

[2022-04-03 15:24:12 #17 type] 
Type domain.Transaction is not enhanced.

[2022-04-03 15:24:12 #18 type.registry] 
New type java.util.ArrayList<java.lang.Object>

[2022-04-03 15:24:12 #19 type.registry] 
New type java.util.Vector<java.lang.Object>

------------------------------------------------------------------------------------------------------------------------

[2022-04-03 15:24:20 #1 store] 
Database 'D:\git\Bet21\Bets21\src\main\resources\bets.temp' has been recovered (tr. 1-6)

[2022-04-03 15:24:20 #2 store] 
Database 'D:\git\Bet21\Bets21\src\main\resources\bets.temp' is opened by 10036@LAPTOP-PFPBTTRT

[2022-04-03 15:24:20 #3 type] 
Type domain.Question is not enhanced.

[2022-04-03 15:24:20 #4 type] 
Type domain.Cuote is not enhanced.

[2022-04-03 15:24:20 #5 type] 
Type domain.Event is not enhanced.

[2022-04-03 15:24:20 #6 type] 
Type domain.Bet is not enhanced.

[2022-04-03 15:24:20 #7 type] 
Type domain.User is not enhanced.

[2022-04-03 15:24:20 #8 type] 
Type domain.Transaction is not enhanced.

------------------------------------------------------------------------------------------------------------------------

[2022-04-03 15:31:16 #1 store] 
Database 'D:\git\Bet21\Bets21\src\main\resources\bets.temp' has been recovered (tr. 7-12)

[2022-04-03 15:31:16 #2 store] 
Database 'D:\git\Bet21\Bets21\src\main\resources\bets.temp' is opened by 17636@LAPTOP-PFPBTTRT

[2022-04-03 15:31:16 #3 type] 
Type domain.Question is not enhanced.

[2022-04-03 15:31:16 #4 type] 
Type domain.Cuote is not enhanced.

[2022-04-03 15:31:16 #5 type] 
Type domain.Event is not enhanced.

[2022-04-03 15:31:16 #6 type] 
Type domain.Bet is not enhanced.

[2022-04-03 15:31:16 #7 type] 
Type domain.User is not enhanced.

[2022-04-03 15:31:16 #8 type] 
Type domain.Transaction is not enhanced.

------------------------------------------------------------------------------------------------------------------------

[2022-04-03 15:33:51 #1 store] 
Database 'D:\git\Bet21\Bets21\src\main\resources\bets.temp' is opened by 1492@LAPTOP-PFPBTTRT

[2022-04-03 15:33:51 #2 type] 
Type domain.Question is not enhanced.

[2022-04-03 15:33:51 #3 type] 
Type domain.Cuote is not enhanced.

[2022-04-03 15:33:51 #4 type] 
Type domain.Event is not enhanced.

[2022-04-03 15:33:51 #5 type] 
Type domain.Bet is not enhanced.

[2022-04-03 15:33:51 #6 type] 
Type domain.User is not enhanced.

[2022-04-03 15:33:51 #7 type] 
Type domain.Transaction is not enhanced.

------------------------------------------------------------------------------------------------------------------------

[2022-04-03 15:34:43 #1 store] 
Database 'D:\git\Bet21\Bets21\src\main\resources\bets.temp' has been recovered (tr. 21-26)

[2022-04-03 15:34:43 #2 store] 
Database 'D:\git\Bet21\Bets21\src\main\resources\bets.temp' is opened by 17800@LAPTOP-PFPBTTRT

[2022-04-03 15:34:43 #3 type] 
Type domain.Question is not enhanced.

[2022-04-03 15:34:43 #4 type] 
Type domain.Cuote is not enhanced.

[2022-04-03 15:34:43 #5 type] 
Type domain.Event is not enhanced.

[2022-04-03 15:34:43 #6 type] 
Type domain.Bet is not enhanced.

[2022-04-03 15:34:43 #7 type] 
Type domain.User is not enhanced.

[2022-04-03 15:34:43 #8 type] 
Type domain.Transaction is not enhanced.

------------------------------------------------------------------------------------------------------------------------

[2022-04-03 15:35:14 #1 store] 
Database 'D:\git\Bet21\Bets21\src\main\resources\bets.temp' has been recovered (tr. 27-28)

[2022-04-03 15:35:14 #2 store] 
Database 'D:\git\Bet21\Bets21\src\main\resources\bets.temp' is opened by 17968@LAPTOP-PFPBTTRT

[2022-04-03 15:35:14 #3 type] 
Type domain.Question is not enhanced.

[2022-04-03 15:35:14 #4 type] 
Type domain.Cuote is not enhanced.

[2022-04-03 15:35:14 #5 type] 
Type domain.Event is not enhanced.

[2022-04-03 15:35:14 #6 type] 
Type domain.Bet is not enhanced.

[2022-04-03 15:35:14 #7 type] 
Type domain.User is not enhanced.

[2022-04-03 15:35:14 #8 type] 
Type domain.Transaction is not enhanced.

------------------------------------------------------------------------------------------------------------------------

[2022-04-03 15:36:57 #1 store] 
Database 'D:\git\Bet21\Bets21\src\main\resources\bets.temp' has been recovered (tr. 29-29)

[2022-04-03 15:36:57 #2 store] 
Database 'D:\git\Bet21\Bets21\src\main\resources\bets.temp' is opened by 11092@LAPTOP-PFPBTTRT

[2022-04-03 15:36:57 #3 type] 
Type domain.Question is not enhanced.

[2022-04-03 15:36:57 #4 type] 
Type domain.Cuote is not enhanced.

[2022-04-03 15:36:57 #5 type] 
Type domain.Event is not enhanced.

[2022-04-03 15:36:57 #6 type] 
Type domain.Bet is not enhanced.

[2022-04-03 15:36:57 #7 type] 
Type domain.User is not enhanced.

[2022-04-03 15:36:57 #8 type] 
Type domain.Transaction is not enhanced.

------------------------------------------------------------------------------------------------------------------------

[2022-04-03 15:37:05 #1 store] 
Database 'D:\git\Bet21\Bets21\src\main\resources\bets.temp' is opened by 8748@LAPTOP-PFPBTTRT

[2022-04-03 15:37:05 #2 type] 
Type domain.Question is not enhanced.

[2022-04-03 15:37:05 #3 type] 
Type domain.Cuote is not enhanced.

[2022-04-03 15:37:05 #4 type] 
Type domain.Event is not enhanced.

[2022-04-03 15:37:05 #5 type] 
Type domain.Bet is not enhanced.

[2022-04-03 15:37:06 #6 type] 
Type domain.User is not enhanced.

[2022-04-03 15:37:06 #7 type] 
Type domain.Transaction is not enhanced.

------------------------------------------------------------------------------------------------------------------------

[2022-04-03 18:42:55 #1 store] 
Database 'D:\git\Bet21\Bets21\src\main\resources\bets.temp' has been recovered (tr. 30-32)

[2022-04-03 18:42:55 #2 store] 
Database 'D:\git\Bet21\Bets21\src\main\resources\bets.temp' is opened by 11832@LAPTOP-PFPBTTRT

[2022-04-03 18:42:55 #3 type] 
Type domain.Question is not enhanced.

[2022-04-03 18:42:55 #4 type] 
Type domain.Cuote is not enhanced.

[2022-04-03 18:42:55 #5 type] 
Type domain.Event is not enhanced.

[2022-04-03 18:42:55 #6 type] 
Type domain.Bet is not enhanced.

[2022-04-03 18:42:55 #7 type] 
Type domain.User is not enhanced.

[2022-04-03 18:42:55 #8 type] 
Type domain.Transaction is not enhanced.

------------------------------------------------------------------------------------------------------------------------

[2022-04-03 19:35:00 #1 store] 
Database 'D:\git\Bet21\Bets21\src\main\resources\bets.temp' has been recovered (tr. 33-36)

[2022-04-03 19:35:00 #2 store] 
Database 'D:\git\Bet21\Bets21\src\main\resources\bets.temp' is opened by 5820@LAPTOP-PFPBTTRT

[2022-04-03 19:35:00 #3 type] 
Type domain.Question is not enhanced.

[2022-04-03 19:35:00 #4 type] 
Type domain.Cuote is not enhanced.

[2022-04-03 19:35:00 #5 type] 
Type domain.Event is not enhanced.

[2022-04-03 19:35:00 #6 type] 
Type domain.Bet is not enhanced.

[2022-04-03 19:35:00 #7 type] 
Type domain.User is not enhanced.

[2022-04-03 19:35:00 #8 type] 
Type domain.Transaction is not enhanced.

------------------------------------------------------------------------------------------------------------------------

[2022-04-03 19:35:44 #1 store] 
Database 'D:\git\Bet21\Bets21\src\main\resources\bets.temp' is opened by 6668@LAPTOP-PFPBTTRT

[2022-04-03 19:35:44 #2 type.registry] 
New type domain.Question

[2022-04-03 19:35:44 #3 type] 
Type domain.Question is not enhanced.

[2022-04-03 19:35:44 #4 type.registry] 
New type domain.Cuote

[2022-04-03 19:35:44 #5 type.registry] 
New type java.util.ArrayList<domain.Cuote>

[2022-04-03 19:35:44 #6 type.registry] 
New type domain.Event

[2022-04-03 19:35:44 #7 type] 
Type domain.Cuote is not enhanced.

[2022-04-03 19:35:44 #8 type.registry] 
New type domain.Bet

[2022-04-03 19:35:44 #9 type.registry] 
New type java.util.ArrayList<domain.Bet>

[2022-04-03 19:35:44 #10 type] 
Type domain.Event is not enhanced.

[2022-04-03 19:35:44 #11 type.registry] 
New type java.util.Vector<domain.Question>

[2022-04-03 19:35:44 #12 type] 
Type domain.Bet is not enhanced.

[2022-04-03 19:35:44 #13 type.registry] 
New type domain.User

[2022-04-03 19:35:44 #14 type] 
Type domain.User is not enhanced.

[2022-04-03 19:35:44 #15 type.registry] 
New type domain.NormalUser

------------------------------------------------------------------------------------------------------------------------

[2022-04-03 19:36:25 #1 store] 
Database 'D:\git\Bet21\Bets21\src\main\resources\bets.temp' is opened by 7984@LAPTOP-PFPBTTRT

[2022-04-03 19:36:25 #2 type.registry] 
New type domain.Question

[2022-04-03 19:36:25 #3 type] 
Type domain.Question is not enhanced.

[2022-04-03 19:36:25 #4 type.registry] 
New type domain.Cuote

[2022-04-03 19:36:25 #5 type.registry] 
New type java.util.ArrayList<domain.Cuote>

[2022-04-03 19:36:25 #6 type.registry] 
New type domain.Event

[2022-04-03 19:36:25 #7 type] 
Type domain.Cuote is not enhanced.

[2022-04-03 19:36:25 #8 type.registry] 
New type domain.Bet

[2022-04-03 19:36:25 #9 type.registry] 
New type java.util.ArrayList<domain.Bet>

[2022-04-03 19:36:25 #10 type] 
Type domain.Event is not enhanced.

[2022-04-03 19:36:25 #11 type.registry] 
New type java.util.Vector<domain.Question>

[2022-04-03 19:36:25 #12 type] 
Type domain.Bet is not enhanced.

[2022-04-03 19:36:25 #13 type.registry] 
New type domain.User

[2022-04-03 19:36:25 #14 type] 
Type domain.User is not enhanced.

[2022-04-03 19:36:25 #15 type.registry] 
New type domain.NormalUser

[2022-04-03 19:36:25 #16 type] 
Type domain.NormalUser is not enhanced.

[2022-04-03 19:36:25 #17 type.registry] 
New type domain.Transaction

[2022-04-03 19:36:25 #18 type.registry] 
New type java.util.ArrayList<domain.Transaction>

[2022-04-03 19:36:25 #19 type] 
Type domain.Transaction is not enhanced.

[2022-04-03 19:36:25 #20 type.registry] 
New type domain.Admin

[2022-04-03 19:36:25 #21 type] 
Type domain.Admin is not enhanced.

[2022-04-03 19:36:25 #22 type.registry] 
New type java.util.ArrayList<java.lang.Object>

[2022-04-03 19:36:25 #23 type.registry] 
New type java.util.Vector<java.lang.Object>

------------------------------------------------------------------------------------------------------------------------

[2022-04-03 19:37:22 #1 store] 
Database 'D:\git\Bet21\Bets21\src\main\resources\bets.temp' is opened by 8260@LAPTOP-PFPBTTRT

[2022-04-03 19:37:22 #2 type] 
Type domain.Question is not enhanced.

[2022-04-03 19:37:22 #3 type] 
Type domain.Cuote is not enhanced.

[2022-04-03 19:37:22 #4 type] 
Type domain.Event is not enhanced.

[2022-04-03 19:37:22 #5 type] 
Type domain.Bet is not enhanced.

[2022-04-03 19:37:22 #6 type] 
Type domain.User is not enhanced.

[2022-04-03 19:37:22 #7 type] 
Type domain.NormalUser is not enhanced.

[2022-04-03 19:37:22 #8 type] 
Type domain.Transaction is not enhanced.

[2022-04-03 19:37:22 #9 type] 
Type domain.Admin is not enhanced.

------------------------------------------------------------------------------------------------------------------------

[2022-04-03 19:39:00 #1 store] 
Database 'D:\git\Bet21\Bets21\src\main\resources\bets.temp' has been recovered (tr. 9-10)

[2022-04-03 19:39:00 #2 store] 
Database 'D:\git\Bet21\Bets21\src\main\resources\bets.temp' is opened by 14444@LAPTOP-PFPBTTRT

[2022-04-03 19:39:00 #3 type] 
Type domain.Question is not enhanced.

[2022-04-03 19:39:00 #4 type] 
Type domain.Cuote is not enhanced.

[2022-04-03 19:39:00 #5 type] 
Type domain.Event is not enhanced.

[2022-04-03 19:39:00 #6 type] 
Type domain.Bet is not enhanced.

[2022-04-03 19:39:00 #7 type] 
Type domain.User is not enhanced.

[2022-04-03 19:39:00 #8 type] 
Type domain.NormalUser is not enhanced.

[2022-04-03 19:39:00 #9 type] 
Type domain.Transaction is not enhanced.

[2022-04-03 19:39:00 #10 type] 
Type domain.Admin is not enhanced.

------------------------------------------------------------------------------------------------------------------------

[2022-04-03 19:39:38 #1 store] 
Database 'D:\git\Bet21\Bets21\src\main\resources\bets.temp' is opened by 1848@LAPTOP-PFPBTTRT

[2022-04-03 19:39:38 #2 type] 
Type domain.Question is not enhanced.

[2022-04-03 19:39:38 #3 type] 
Type domain.Cuote is not enhanced.

[2022-04-03 19:39:38 #4 type] 
Type domain.Event is not enhanced.

[2022-04-03 19:39:38 #5 type] 
Type domain.Bet is not enhanced.

[2022-04-03 19:39:38 #6 type] 
Type domain.User is not enhanced.

[2022-04-03 19:39:38 #7 type] 
Type domain.NormalUser is not enhanced.

[2022-04-03 19:39:38 #8 type] 
Type domain.Transaction is not enhanced.

[2022-04-03 19:39:38 #9 type] 
Type domain.Admin is not enhanced.

------------------------------------------------------------------------------------------------------------------------

[2022-04-03 19:40:04 #1 store] 
Database 'D:\git\Bet21\Bets21\src\main\resources\bets.temp' is opened by 1104@LAPTOP-PFPBTTRT

[2022-04-03 19:40:04 #2 type] 
Type domain.Question is not enhanced.

[2022-04-03 19:40:04 #3 type] 
Type domain.Cuote is not enhanced.

[2022-04-03 19:40:04 #4 type] 
Type domain.Event is not enhanced.

[2022-04-03 19:40:04 #5 type] 
Type domain.Bet is not enhanced.

[2022-04-03 19:40:04 #6 type] 
Type domain.User is not enhanced.

[2022-04-03 19:40:04 #7 type] 
Type domain.NormalUser is not enhanced.

[2022-04-03 19:40:04 #8 type] 
Type domain.Transaction is not enhanced.

[2022-04-03 19:40:04 #9 type] 
Type domain.Admin is not enhanced.

------------------------------------------------------------------------------------------------------------------------

[2022-04-03 19:50:26 #1 store] 
Database 'D:\git\Bet21\Bets21\src\main\resources\bets.temp' is opened by 8852@LAPTOP-PFPBTTRT

[2022-04-03 19:50:26 #2 type] 
Type domain.Question is not enhanced.

[2022-04-03 19:50:26 #3 type] 
Type domain.Cuote is not enhanced.

[2022-04-03 19:50:26 #4 type] 
Type domain.Event is not enhanced.

[2022-04-03 19:50:26 #5 type] 
Type domain.Bet is not enhanced.

[2022-04-03 19:50:26 #6 type] 
Type domain.User is not enhanced.

[2022-04-03 19:50:26 #7 type] 
Type domain.NormalUser is not enhanced.

[2022-04-03 19:50:26 #8 type] 
Type domain.Transaction is not enhanced.

[2022-04-03 19:50:26 #9 type] 
Type domain.Admin is not enhanced.

------------------------------------------------------------------------------------------------------------------------

[2022-04-03 19:55:30 #1 store] 
Database 'D:\git\Bet21\Bets21\src\main\resources\bets.temp' is opened by 4848@LAPTOP-PFPBTTRT

[2022-04-03 19:55:30 #2 type.registry] 
New type domain.Question

[2022-04-03 19:55:30 #3 type] 
Type domain.Question is not enhanced.

[2022-04-03 19:55:30 #4 type.registry] 
New type domain.Cuote

[2022-04-03 19:55:30 #5 type.registry] 
New type java.util.ArrayList<domain.Cuote>

[2022-04-03 19:55:30 #6 type.registry] 
New type domain.Event

[2022-04-03 19:55:30 #7 type] 
Type domain.Cuote is not enhanced.

[2022-04-03 19:55:30 #8 type.registry] 
New type domain.Bet

[2022-04-03 19:55:30 #9 type.registry] 
New type java.util.ArrayList<domain.Bet>

[2022-04-03 19:55:30 #10 type] 
Type domain.Event is not enhanced.

[2022-04-03 19:55:30 #11 type.registry] 
New type java.util.Vector<domain.Question>

[2022-04-03 19:55:30 #12 type] 
Type domain.Bet is not enhanced.

[2022-04-03 19:55:30 #13 type.registry] 
New type domain.User

[2022-04-03 19:55:30 #14 type] 
Type domain.User is not enhanced.

[2022-04-03 19:55:30 #15 type.registry] 
New type domain.NormalUser

[2022-04-03 19:55:30 #16 type] 
Type domain.NormalUser is not enhanced.

[2022-04-03 19:55:30 #17 type.registry] 
New type domain.Transaction

[2022-04-03 19:55:30 #18 type.registry] 
New type java.util.ArrayList<domain.Transaction>

[2022-04-03 19:55:30 #19 type] 
Type domain.Transaction is not enhanced.

[2022-04-03 19:55:30 #20 type.registry] 
New type domain.Admin

[2022-04-03 19:55:30 #21 type] 
Type domain.Admin is not enhanced.

[2022-04-03 19:55:30 #22 type.registry] 
New type java.util.ArrayList<java.lang.Object>

[2022-04-03 19:55:30 #23 type.registry] 
New type java.util.Vector<java.lang.Object>

------------------------------------------------------------------------------------------------------------------------

[2022-04-03 19:55:40 #1 store] 
Database 'D:\git\Bet21\Bets21\src\main\resources\bets.temp' has been recovered (tr. 1-8)

[2022-04-03 19:55:40 #2 store] 
Database 'D:\git\Bet21\Bets21\src\main\resources\bets.temp' is opened by 11488@LAPTOP-PFPBTTRT

[2022-04-03 19:55:40 #3 type] 
Type domain.Question is not enhanced.

[2022-04-03 19:55:40 #4 type] 
Type domain.Cuote is not enhanced.

[2022-04-03 19:55:40 #5 type] 
Type domain.Event is not enhanced.

[2022-04-03 19:55:40 #6 type] 
Type domain.Bet is not enhanced.

[2022-04-03 19:55:40 #7 type] 
Type domain.User is not enhanced.

[2022-04-03 19:55:40 #8 type] 
Type domain.NormalUser is not enhanced.

[2022-04-03 19:55:40 #9 type] 
Type domain.Transaction is not enhanced.

[2022-04-03 19:55:40 #10 type] 
Type domain.Admin is not enhanced.

------------------------------------------------------------------------------------------------------------------------

[2022-04-03 20:42:24 #1 store] 
Database 'D:\git\Bet21\Bets21\src\main\resources\bets.temp' is opened by 18856@LAPTOP-PFPBTTRT

[2022-04-03 20:42:24 #2 type] 
Type domain.Question is not enhanced.

[2022-04-03 20:42:24 #3 type] 
Type domain.Cuote is not enhanced.

[2022-04-03 20:42:24 #4 type] 
Type domain.Event is not enhanced.

[2022-04-03 20:42:24 #5 type] 
Type domain.Bet is not enhanced.

[2022-04-03 20:42:24 #6 type] 
Type domain.User is not enhanced.

[2022-04-03 20:42:24 #7 type] 
Type domain.NormalUser is not enhanced.

[2022-04-03 20:42:24 #8 type] 
Type domain.Transaction is not enhanced.

[2022-04-03 20:42:24 #9 type] 
Type domain.Admin is not enhanced.

------------------------------------------------------------------------------------------------------------------------

[2022-04-03 20:43:43 #1 store] 
Database 'D:\git\Bet21\Bets21\src\main\resources\bets.temp' is opened by 6056@LAPTOP-PFPBTTRT

[2022-04-03 20:43:43 #2 type] 
Type domain.Question is not enhanced.

[2022-04-03 20:43:43 #3 type] 
Type domain.Cuote is not enhanced.

[2022-04-03 20:43:43 #4 type] 
Type domain.Event is not enhanced.

[2022-04-03 20:43:43 #5 type] 
Type domain.Bet is not enhanced.

[2022-04-03 20:43:43 #6 type] 
Type domain.User is not enhanced.

[2022-04-03 20:43:43 #7 type] 
Type domain.NormalUser is not enhanced.

[2022-04-03 20:43:43 #8 type] 
Type domain.Transaction is not enhanced.

[2022-04-03 20:43:43 #9 type] 
Type domain.Admin is not enhanced.

------------------------------------------------------------------------------------------------------------------------

[2022-04-03 20:44:54 #1 store] 
Database 'D:\git\Bet21\Bets21\src\main\resources\bets.temp' is opened by 7504@LAPTOP-PFPBTTRT

[2022-04-03 20:44:54 #2 type] 
Type domain.Question is not enhanced.

[2022-04-03 20:44:54 #3 type] 
Type domain.Cuote is not enhanced.

[2022-04-03 20:44:54 #4 type] 
Type domain.Event is not enhanced.

[2022-04-03 20:44:54 #5 type] 
Type domain.Bet is not enhanced.

[2022-04-03 20:44:54 #6 type] 
Type domain.User is not enhanced.

[2022-04-03 20:44:54 #7 type] 
Type domain.NormalUser is not enhanced.

[2022-04-03 20:44:54 #8 type] 
Type domain.Transaction is not enhanced.

[2022-04-03 20:44:54 #9 type] 
Type domain.Admin is not enhanced.

------------------------------------------------------------------------------------------------------------------------

[2022-04-03 20:45:15 #1 store] 
Database 'D:\git\Bet21\Bets21\src\main\resources\bets.temp' is opened by 3876@LAPTOP-PFPBTTRT

[2022-04-03 20:45:15 #2 type] 
Type domain.Question is not enhanced.

[2022-04-03 20:45:15 #3 type] 
Type domain.Cuote is not enhanced.

[2022-04-03 20:45:15 #4 type] 
Type domain.Event is not enhanced.

[2022-04-03 20:45:15 #5 type] 
Type domain.Bet is not enhanced.

[2022-04-03 20:45:15 #6 type] 
Type domain.User is not enhanced.

[2022-04-03 20:45:15 #7 type] 
Type domain.NormalUser is not enhanced.

[2022-04-03 20:45:15 #8 type] 
Type domain.Transaction is not enhanced.

[2022-04-03 20:45:15 #9 type] 
Type domain.Admin is not enhanced.

------------------------------------------------------------------------------------------------------------------------

[2022-04-03 20:46:35 #1 store] 
Database 'D:\git\Bet21\Bets21\src\main\resources\bets.temp' is opened by 1148@LAPTOP-PFPBTTRT

[2022-04-03 20:46:36 #2 type.registry] 
New type domain.Question

[2022-04-03 20:46:36 #3 type] 
Type domain.Question is not enhanced.

[2022-04-03 20:46:36 #4 type.registry] 
New type domain.Cuote

[2022-04-03 20:46:36 #5 type.registry] 
New type java.util.ArrayList<domain.Cuote>

[2022-04-03 20:46:36 #6 type.registry] 
New type domain.Event

[2022-04-03 20:46:36 #7 type] 
Type domain.Cuote is not enhanced.

[2022-04-03 20:46:36 #8 type.registry] 
New type domain.Bet

[2022-04-03 20:46:36 #9 type.registry] 
New type java.util.ArrayList<domain.Bet>

[2022-04-03 20:46:36 #10 type] 
Type domain.Event is not enhanced.

[2022-04-03 20:46:36 #11 type.registry] 
New type java.util.Vector<domain.Question>

[2022-04-03 20:46:36 #12 type] 
Type domain.Bet is not enhanced.

[2022-04-03 20:46:36 #13 type.registry] 
New type domain.User

[2022-04-03 20:46:36 #14 type] 
Type domain.User is not enhanced.

[2022-04-03 20:46:36 #15 type.registry] 
New type domain.NormalUser

[2022-04-03 20:46:36 #16 type] 
Type domain.NormalUser is not enhanced.

[2022-04-03 20:46:36 #17 type.registry] 
New type domain.Transaction

[2022-04-03 20:46:36 #18 type.registry] 
New type java.util.ArrayList<domain.Transaction>

[2022-04-03 20:46:36 #19 type] 
Type domain.Transaction is not enhanced.

[2022-04-03 20:46:36 #20 type.registry] 
New type domain.Admin

[2022-04-03 20:46:36 #21 type] 
Type domain.Admin is not enhanced.

[2022-04-03 20:46:36 #22 type.registry] 
New type java.util.ArrayList<java.lang.Object>

[2022-04-03 20:46:36 #23 type.registry] 
New type java.util.Vector<java.lang.Object>

------------------------------------------------------------------------------------------------------------------------

[2022-04-03 20:46:44 #1 store] 
Database 'D:\git\Bet21\Bets21\src\main\resources\bets.temp' has been recovered (tr. 1-8)

[2022-04-03 20:46:44 #2 store] 
Database 'D:\git\Bet21\Bets21\src\main\resources\bets.temp' is opened by 4016@LAPTOP-PFPBTTRT

[2022-04-03 20:46:44 #3 type] 
Type domain.Question is not enhanced.

[2022-04-03 20:46:44 #4 type] 
Type domain.Cuote is not enhanced.

[2022-04-03 20:46:44 #5 type] 
Type domain.Event is not enhanced.

[2022-04-03 20:46:44 #6 type] 
Type domain.Bet is not enhanced.

[2022-04-03 20:46:44 #7 type] 
Type domain.User is not enhanced.

[2022-04-03 20:46:44 #8 type] 
Type domain.NormalUser is not enhanced.

[2022-04-03 20:46:44 #9 type] 
Type domain.Transaction is not enhanced.

[2022-04-03 20:46:44 #10 type] 
Type domain.Admin is not enhanced.

------------------------------------------------------------------------------------------------------------------------

[2022-04-03 20:47:31 #1 store] 
Database 'D:\git\Bet21\Bets21\src\main\resources\bets.temp' has been recovered (tr. 9-9)

[2022-04-03 20:47:32 #2 store] 
Database 'D:\git\Bet21\Bets21\src\main\resources\bets.temp' is opened by 14844@LAPTOP-PFPBTTRT

[2022-04-03 20:47:32 #3 type] 
Type domain.Question is not enhanced.

[2022-04-03 20:47:32 #4 type] 
Type domain.Cuote is not enhanced.

[2022-04-03 20:47:32 #5 type] 
Type domain.Event is not enhanced.

[2022-04-03 20:47:32 #6 type] 
Type domain.Bet is not enhanced.

[2022-04-03 20:47:32 #7 type] 
Type domain.User is not enhanced.

[2022-04-03 20:47:32 #8 type] 
Type domain.NormalUser is not enhanced.

[2022-04-03 20:47:32 #9 type] 
Type domain.Transaction is not enhanced.

[2022-04-03 20:47:32 #10 type] 
Type domain.Admin is not enhanced.

------------------------------------------------------------------------------------------------------------------------

[2022-04-03 20:48:09 #1 store] 
Database 'D:\git\Bet21\Bets21\src\main\resources\bets.temp' is opened by 15200@LAPTOP-PFPBTTRT

[2022-04-03 20:48:09 #2 type] 
Type domain.Question is not enhanced.

[2022-04-03 20:48:09 #3 type] 
Type domain.Cuote is not enhanced.

[2022-04-03 20:48:09 #4 type] 
Type domain.Event is not enhanced.

[2022-04-03 20:48:09 #5 type] 
Type domain.Bet is not enhanced.

[2022-04-03 20:48:09 #6 type] 
Type domain.User is not enhanced.

[2022-04-03 20:48:09 #7 type] 
Type domain.NormalUser is not enhanced.

[2022-04-03 20:48:09 #8 type] 
Type domain.Transaction is not enhanced.

[2022-04-03 20:48:09 #9 type] 
Type domain.Admin is not enhanced.

------------------------------------------------------------------------------------------------------------------------

[2022-04-03 20:49:26 #1 store] 
Database 'D:\git\Bet21\Bets21\src\main\resources\bets.temp' is opened by 2084@LAPTOP-PFPBTTRT

[2022-04-03 20:49:26 #2 type] 
Type domain.Question is not enhanced.

[2022-04-03 20:49:26 #3 type] 
Type domain.Cuote is not enhanced.

[2022-04-03 20:49:27 #4 type] 
Type domain.Event is not enhanced.

[2022-04-03 20:49:27 #5 type] 
Type domain.Bet is not enhanced.

[2022-04-03 20:49:27 #6 type] 
Type domain.User is not enhanced.

[2022-04-03 20:49:27 #7 type] 
Type domain.NormalUser is not enhanced.

[2022-04-03 20:49:27 #8 type] 
Type domain.Transaction is not enhanced.

[2022-04-03 20:49:27 #9 type] 
Type domain.Admin is not enhanced.

------------------------------------------------------------------------------------------------------------------------

[2022-04-03 20:50:41 #1 store] 
Database 'D:\git\Bet21\Bets21\src\main\resources\bets.temp' is opened by 19424@LAPTOP-PFPBTTRT

[2022-04-03 20:50:41 #2 type] 
Type domain.Question is not enhanced.

[2022-04-03 20:50:41 #3 type] 
Type domain.Cuote is not enhanced.

[2022-04-03 20:50:41 #4 type] 
Type domain.Event is not enhanced.

[2022-04-03 20:50:41 #5 type] 
Type domain.Bet is not enhanced.

[2022-04-03 20:50:41 #6 type] 
Type domain.User is not enhanced.

[2022-04-03 20:50:41 #7 type] 
Type domain.NormalUser is not enhanced.

[2022-04-03 20:50:41 #8 type] 
Type domain.Transaction is not enhanced.

[2022-04-03 20:50:41 #9 type] 
Type domain.Admin is not enhanced.

------------------------------------------------------------------------------------------------------------------------

[2022-04-03 20:51:34 #1 store] 
Database 'D:\git\Bet21\Bets21\src\main\resources\bets.temp' is opened by 17096@LAPTOP-PFPBTTRT

[2022-04-03 20:51:34 #2 type] 
Type domain.Question is not enhanced.

[2022-04-03 20:51:34 #3 type] 
Type domain.Cuote is not enhanced.

[2022-04-03 20:51:34 #4 type] 
Type domain.Event is not enhanced.

[2022-04-03 20:51:34 #5 type] 
Type domain.Bet is not enhanced.

[2022-04-03 20:51:34 #6 type] 
Type domain.User is not enhanced.

[2022-04-03 20:51:34 #7 type] 
Type domain.NormalUser is not enhanced.

[2022-04-03 20:51:34 #8 type] 
Type domain.Transaction is not enhanced.

[2022-04-03 20:51:34 #9 type] 
Type domain.Admin is not enhanced.

------------------------------------------------------------------------------------------------------------------------

[2022-04-03 20:52:00 #1 store] 
Database 'D:\git\Bet21\Bets21\src\main\resources\bets.temp' is opened by 19312@LAPTOP-PFPBTTRT

[2022-04-03 20:52:00 #2 type] 
Type domain.Question is not enhanced.

[2022-04-03 20:52:00 #3 type] 
Type domain.Cuote is not enhanced.

[2022-04-03 20:52:00 #4 type] 
Type domain.Event is not enhanced.

[2022-04-03 20:52:00 #5 type] 
Type domain.Bet is not enhanced.

[2022-04-03 20:52:00 #6 type] 
Type domain.User is not enhanced.

[2022-04-03 20:52:00 #7 type] 
Type domain.NormalUser is not enhanced.

[2022-04-03 20:52:00 #8 type] 
Type domain.Transaction is not enhanced.

[2022-04-03 20:52:00 #9 type] 
Type domain.Admin is not enhanced.

------------------------------------------------------------------------------------------------------------------------

[2022-04-03 20:52:43 #1 store] 
Database 'D:\git\Bet21\Bets21\src\main\resources\bets.temp' has been recovered (tr. 10-11)

[2022-04-03 20:52:43 #2 store] 
Database 'D:\git\Bet21\Bets21\src\main\resources\bets.temp' is opened by 2008@LAPTOP-PFPBTTRT

[2022-04-03 20:52:44 #3 type] 
Type domain.Question is not enhanced.

[2022-04-03 20:52:44 #4 type] 
Type domain.Cuote is not enhanced.

[2022-04-03 20:52:44 #5 type] 
Type domain.Event is not enhanced.

[2022-04-03 20:52:44 #6 type] 
Type domain.Bet is not enhanced.

[2022-04-03 20:52:44 #7 type] 
Type domain.User is not enhanced.

[2022-04-03 20:52:44 #8 type] 
Type domain.NormalUser is not enhanced.

[2022-04-03 20:52:44 #9 type] 
Type domain.Transaction is not enhanced.

[2022-04-03 20:52:44 #10 type] 
Type domain.Admin is not enhanced.

