------------------------------------------------------------------------------------------------------------------------

[2022-03-31 18:35:28 #1 store] 
Database 'D:\git\Bet21\Bets21\src\main\resources\bets.temp' is opened by 17216@LAPTOP-PFPBTTRT

[2022-03-31 18:35:29 #2 type] 
Type domain.Question is not enhanced.

[2022-03-31 18:35:29 #3 type] 
Type domain.Cuote is not enhanced.

[2022-03-31 18:35:29 #4 type] 
Type domain.Event is not enhanced.

[2022-03-31 18:35:29 #5 type] 
Type domain.Bet is not enhanced.

[2022-03-31 18:35:29 #6 type] 
Type domain.User is not enhanced.

[2022-03-31 18:35:29 #7 type] 
Type domain.Transaction is not enhanced.

------------------------------------------------------------------------------------------------------------------------

[2022-03-31 18:41:58 #1 store] 
Database 'D:\git\Bet21\Bets21\src\main\resources\bets.temp' has been recovered (tr. 79-80)

[2022-03-31 18:41:58 #2 store] 
Database 'D:\git\Bet21\Bets21\src\main\resources\bets.temp' is opened by 2680@LAPTOP-PFPBTTRT

[2022-03-31 18:41:58 #3 type] 
Type domain.Question is not enhanced.

[2022-03-31 18:41:58 #4 type] 
Type domain.Cuote is not enhanced.

[2022-03-31 18:41:58 #5 type] 
Type domain.Event is not enhanced.

[2022-03-31 18:41:58 #6 type] 
Type domain.Bet is not enhanced.

[2022-03-31 18:41:58 #7 type] 
Type domain.User is not enhanced.

[2022-03-31 18:41:58 #8 type] 
Type domain.Transaction is not enhanced.

------------------------------------------------------------------------------------------------------------------------

[2022-03-31 18:42:36 #1 store] 
Database 'D:\git\Bet21\Bets21\src\main\resources\bets.temp' is opened by 268@LAPTOP-PFPBTTRT

[2022-03-31 18:42:36 #2 type] 
Type domain.Question is not enhanced.

[2022-03-31 18:42:36 #3 type] 
Type domain.Cuote is not enhanced.

[2022-03-31 18:42:36 #4 type] 
Type domain.Event is not enhanced.

[2022-03-31 18:42:36 #5 type] 
Type domain.Bet is not enhanced.

[2022-03-31 18:42:36 #6 type] 
Type domain.User is not enhanced.

[2022-03-31 18:42:36 #7 type] 
Type domain.Transaction is not enhanced.

------------------------------------------------------------------------------------------------------------------------

[2022-03-31 19:43:20 #1 store] 
Database 'D:\git\Bet21\Bets21\src\main\resources\bets.temp' is opened by 11228@LAPTOP-PFPBTTRT

[2022-03-31 19:43:21 #2 type] 
Type domain.Question is not enhanced.

[2022-03-31 19:43:21 #3 type] 
Type domain.Cuote is not enhanced.

[2022-03-31 19:43:21 #4 type] 
Type domain.Event is not enhanced.

[2022-03-31 19:43:21 #5 type] 
Type domain.Bet is not enhanced.

[2022-03-31 19:43:21 #6 type] 
Type domain.User is not enhanced.

[2022-03-31 19:43:21 #7 type] 
Type domain.Transaction is not enhanced.

------------------------------------------------------------------------------------------------------------------------

[2022-03-31 22:55:07 #1 store] 
Database 'D:\git\Bet21\Bets21\src\main\resources\bets.temp' is opened by 6956@LAPTOP-PFPBTTRT

[2022-03-31 22:55:07 #2 type] 
Type domain.Question is not enhanced.

[2022-03-31 22:55:07 #3 type] 
Type domain.Cuote is not enhanced.

[2022-03-31 22:55:07 #4 type] 
Type domain.Event is not enhanced.

[2022-03-31 22:55:07 #5 type] 
Type domain.Bet is not enhanced.

[2022-03-31 22:55:07 #6 type] 
Type domain.User is not enhanced.

[2022-03-31 22:55:07 #7 type] 
Type domain.Transaction is not enhanced.

