------------------------------------------------------------------------------------------------------------------------

[2022-05-05 09:05:32 #1 store] 
Database 'C:\Users\alejo\git\Bet21_3iterazioa\Bets21\src\main\resources\bets.temp' has been recovered (tr. 35-36)

[2022-05-05 09:05:32 #2 store] 
Database 'C:\Users\alejo\git\Bet21_3iterazioa\Bets21\src\main\resources\bets.temp' is opened by 18256@LAPTOP-PFPBTTRT

[2022-05-05 09:05:32 #3 type] 
Type domain.Question is not enhanced.

[2022-05-05 09:05:32 #4 type] 
Type domain.Cuote is not enhanced.

[2022-05-05 09:05:32 #5 type] 
Type domain.Event is not enhanced.

[2022-05-05 09:05:32 #6 type] 
Type domain.Bet is not enhanced.

[2022-05-05 09:05:32 #7 type] 
Type domain.User is not enhanced.

[2022-05-05 09:05:32 #8 type] 
Type domain.NormalUser is not enhanced.

[2022-05-05 09:05:32 #9 type] 
Type domain.Transaction is not enhanced.

[2022-05-05 09:05:32 #10 type] 
Type domain.Admin is not enhanced.

------------------------------------------------------------------------------------------------------------------------

[2022-05-05 09:20:18 #1 store] 
Database 'C:\Users\alejo\git\Bet21_3iterazioa\Bets21\src\main\resources\bets.temp' has been recovered (tr. 37-38)

[2022-05-05 09:20:18 #2 store] 
Database 'C:\Users\alejo\git\Bet21_3iterazioa\Bets21\src\main\resources\bets.temp' is opened by 3000@LAPTOP-PFPBTTRT

[2022-05-05 09:20:19 #3 type] 
Type domain.Question is not enhanced.

[2022-05-05 09:20:19 #4 type] 
Type domain.Cuote is not enhanced.

[2022-05-05 09:20:19 #5 type] 
Type domain.Event is not enhanced.

[2022-05-05 09:20:19 #6 type] 
Type domain.Bet is not enhanced.

[2022-05-05 09:20:19 #7 type] 
Type domain.User is not enhanced.

[2022-05-05 09:20:19 #8 type] 
Type domain.NormalUser is not enhanced.

[2022-05-05 09:20:19 #9 type] 
Type domain.Transaction is not enhanced.

[2022-05-05 09:20:19 #10 type] 
Type domain.Admin is not enhanced.

------------------------------------------------------------------------------------------------------------------------

[2022-05-05 09:27:26 #1 store] 
Database 'C:\Users\alejo\git\Bet21_3iterazioa\Bets21\src\main\resources\bets.temp' has been recovered (tr. 39-42)

[2022-05-05 09:27:26 #2 store] 
Database 'C:\Users\alejo\git\Bet21_3iterazioa\Bets21\src\main\resources\bets.temp' is opened by 14128@LAPTOP-PFPBTTRT

[2022-05-05 09:27:27 #3 type] 
Type domain.Question is not enhanced.

[2022-05-05 09:27:27 #4 type] 
Type domain.Cuote is not enhanced.

[2022-05-05 09:27:27 #5 type] 
Type domain.Event is not enhanced.

[2022-05-05 09:27:27 #6 type] 
Type domain.Bet is not enhanced.

[2022-05-05 09:27:27 #7 type] 
Type domain.User is not enhanced.

[2022-05-05 09:27:27 #8 type] 
Type domain.NormalUser is not enhanced.

[2022-05-05 09:27:27 #9 type] 
Type domain.Transaction is not enhanced.

[2022-05-05 09:27:27 #10 type] 
Type domain.Admin is not enhanced.

------------------------------------------------------------------------------------------------------------------------

[2022-05-05 10:19:58 #1 store] 
Database 'C:\Users\alejo\git\Bet21_3iterazioa\Bets21\src\main\resources\bets.temp' has been recovered (tr. 43-44)

[2022-05-05 10:19:58 #2 store] 
Database 'C:\Users\alejo\git\Bet21_3iterazioa\Bets21\src\main\resources\bets.temp' is opened by 17016@LAPTOP-PFPBTTRT

[2022-05-05 10:19:58 #3 type] 
Type domain.Question is not enhanced.

[2022-05-05 10:19:58 #4 type] 
Type domain.Cuote is not enhanced.

[2022-05-05 10:19:58 #5 type] 
Type domain.Event is not enhanced.

[2022-05-05 10:19:58 #6 type] 
Type domain.Bet is not enhanced.

[2022-05-05 10:19:58 #7 type] 
Type domain.User is not enhanced.

[2022-05-05 10:19:58 #8 type] 
Type domain.NormalUser is not enhanced.

[2022-05-05 10:19:58 #9 type] 
Type domain.Transaction is not enhanced.

[2022-05-05 10:19:58 #10 type] 
Type domain.Admin is not enhanced.

------------------------------------------------------------------------------------------------------------------------

[2022-05-05 10:22:04 #1 store] 
Database 'C:\Users\alejo\git\Bet21_3iterazioa\Bets21\src\main\resources\bets.temp' is opened by 10508@LAPTOP-PFPBTTRT

[2022-05-05 10:22:05 #2 type] 
Type domain.Question is not enhanced.

[2022-05-05 10:22:05 #3 type] 
Type domain.Cuote is not enhanced.

[2022-05-05 10:22:05 #4 type] 
Type domain.Event is not enhanced.

[2022-05-05 10:22:05 #5 type] 
Type domain.Bet is not enhanced.

[2022-05-05 10:22:05 #6 type] 
Type domain.User is not enhanced.

[2022-05-05 10:22:05 #7 type] 
Type domain.NormalUser is not enhanced.

[2022-05-05 10:22:05 #8 type] 
Type domain.Transaction is not enhanced.

[2022-05-05 10:22:05 #9 type] 
Type domain.Admin is not enhanced.

------------------------------------------------------------------------------------------------------------------------

[2022-05-05 10:22:56 #1 store] 
Database 'C:\Users\alejo\git\Bet21_3iterazioa\Bets21\src\main\resources\bets.temp' is opened by 16608@LAPTOP-PFPBTTRT

[2022-05-05 10:22:56 #2 type] 
Type domain.Question is not enhanced.

[2022-05-05 10:22:56 #3 type] 
Type domain.Cuote is not enhanced.

[2022-05-05 10:22:56 #4 type] 
Type domain.Event is not enhanced.

[2022-05-05 10:22:56 #5 type] 
Type domain.Bet is not enhanced.

[2022-05-05 10:22:56 #6 type] 
Type domain.User is not enhanced.

[2022-05-05 10:22:56 #7 type] 
Type domain.NormalUser is not enhanced.

[2022-05-05 10:22:56 #8 type] 
Type domain.Transaction is not enhanced.

[2022-05-05 10:22:56 #9 type] 
Type domain.Admin is not enhanced.

------------------------------------------------------------------------------------------------------------------------

[2022-05-05 10:24:20 #1 store] 
Database 'C:\Users\alejo\git\Bet21_3iterazioa\Bets21\src\main\resources\bets.temp' has been recovered (tr. 45-45)

[2022-05-05 10:24:21 #2 store] 
Database 'C:\Users\alejo\git\Bet21_3iterazioa\Bets21\src\main\resources\bets.temp' is opened by 3472@LAPTOP-PFPBTTRT

[2022-05-05 10:24:21 #3 type] 
Type domain.Question is not enhanced.

[2022-05-05 10:24:21 #4 type] 
Type domain.Cuote is not enhanced.

[2022-05-05 10:24:21 #5 type] 
Type domain.Event is not enhanced.

[2022-05-05 10:24:21 #6 type] 
Type domain.Bet is not enhanced.

[2022-05-05 10:24:21 #7 type] 
Type domain.User is not enhanced.

[2022-05-05 10:24:21 #8 type] 
Type domain.NormalUser is not enhanced.

[2022-05-05 10:24:21 #9 type] 
Type domain.Transaction is not enhanced.

[2022-05-05 10:24:21 #10 type] 
Type domain.Admin is not enhanced.

------------------------------------------------------------------------------------------------------------------------

[2022-05-05 10:28:01 #1 store] 
Database 'C:\Users\alejo\git\Bet21_3iterazioa\Bets21\src\main\resources\bets.temp' has been recovered (tr. 46-48)

[2022-05-05 10:28:01 #2 store] 
Database 'C:\Users\alejo\git\Bet21_3iterazioa\Bets21\src\main\resources\bets.temp' is opened by 7500@LAPTOP-PFPBTTRT

[2022-05-05 10:28:02 #3 type] 
Type domain.Question is not enhanced.

[2022-05-05 10:28:02 #4 type] 
Type domain.Cuote is not enhanced.

[2022-05-05 10:28:02 #5 type] 
Type domain.Event is not enhanced.

[2022-05-05 10:28:02 #6 type] 
Type domain.Bet is not enhanced.

[2022-05-05 10:28:02 #7 type] 
Type domain.User is not enhanced.

[2022-05-05 10:28:02 #8 type] 
Type domain.NormalUser is not enhanced.

[2022-05-05 10:28:02 #9 type] 
Type domain.Transaction is not enhanced.

[2022-05-05 10:28:02 #10 type] 
Type domain.Admin is not enhanced.

