------------------------------------------------------------------------------------------------------------------------

[2022-05-06 10:00:42 #1 store] 
Database 'C:\Users\alejo\git\Bet21_3iterazioa\Bets21\src\main\resources\bets.temp' has been recovered (tr. 49-50)

[2022-05-06 10:00:42 #2 store] 
Database 'C:\Users\alejo\git\Bet21_3iterazioa\Bets21\src\main\resources\bets.temp' is opened by 12476@LAPTOP-PFPBTTRT

[2022-05-06 10:00:42 #3 type] 
Type domain.Question is not enhanced.

[2022-05-06 10:00:42 #4 type] 
Type domain.Cuote is not enhanced.

[2022-05-06 10:00:42 #5 type] 
Type domain.Event is not enhanced.

[2022-05-06 10:00:42 #6 type] 
Type domain.Bet is not enhanced.

[2022-05-06 10:00:42 #7 type] 
Type domain.User is not enhanced.

[2022-05-06 10:00:42 #8 type] 
Type domain.NormalUser is not enhanced.

[2022-05-06 10:00:42 #9 type] 
Type domain.Transaction is not enhanced.

[2022-05-06 10:00:42 #10 type] 
Type domain.Admin is not enhanced.

------------------------------------------------------------------------------------------------------------------------

[2022-05-06 10:02:45 #1 store] 
Database 'C:\Users\alejo\git\Bet21_3iterazioa\Bets21\src\main\resources\bets.temp' is opened by 5484@LAPTOP-PFPBTTRT

[2022-05-06 10:02:45 #2 type] 
Type domain.Question is not enhanced.

[2022-05-06 10:02:45 #3 type] 
Type domain.Cuote is not enhanced.

[2022-05-06 10:02:45 #4 type] 
Type domain.Event is not enhanced.

[2022-05-06 10:02:45 #5 type] 
Type domain.Bet is not enhanced.

[2022-05-06 10:02:45 #6 type] 
Type domain.User is not enhanced.

[2022-05-06 10:02:45 #7 type] 
Type domain.NormalUser is not enhanced.

[2022-05-06 10:02:45 #8 type] 
Type domain.Transaction is not enhanced.

[2022-05-06 10:02:45 #9 type] 
Type domain.Admin is not enhanced.

------------------------------------------------------------------------------------------------------------------------

[2022-05-06 10:03:55 #1 store] 
Database 'C:\Users\alejo\git\Bet21_3iterazioa\Bets21\src\main\resources\bets.temp' has been recovered (tr. 54-55)

[2022-05-06 10:03:55 #2 store] 
Database 'C:\Users\alejo\git\Bet21_3iterazioa\Bets21\src\main\resources\bets.temp' is opened by 7908@LAPTOP-PFPBTTRT

[2022-05-06 10:03:55 #3 type] 
Type domain.Question is not enhanced.

[2022-05-06 10:03:55 #4 type] 
Type domain.Cuote is not enhanced.

[2022-05-06 10:03:55 #5 type] 
Type domain.Event is not enhanced.

[2022-05-06 10:03:55 #6 type] 
Type domain.Bet is not enhanced.

[2022-05-06 10:03:55 #7 type] 
Type domain.User is not enhanced.

[2022-05-06 10:03:55 #8 type] 
Type domain.NormalUser is not enhanced.

[2022-05-06 10:03:55 #9 type] 
Type domain.Transaction is not enhanced.

[2022-05-06 10:03:55 #10 type] 
Type domain.Admin is not enhanced.

------------------------------------------------------------------------------------------------------------------------

[2022-05-06 10:07:21 #1 store] 
Database 'C:\Users\alejo\git\Bet21_3iterazioa\Bets21\src\main\resources\bets.temp' has been recovered (tr. 56-56)

[2022-05-06 10:07:21 #2 store] 
Database 'C:\Users\alejo\git\Bet21_3iterazioa\Bets21\src\main\resources\bets.temp' is opened by 6020@LAPTOP-PFPBTTRT

[2022-05-06 10:07:21 #3 type] 
Type domain.Question is not enhanced.

[2022-05-06 10:07:21 #4 type] 
Type domain.Cuote is not enhanced.

[2022-05-06 10:07:21 #5 type] 
Type domain.Event is not enhanced.

[2022-05-06 10:07:21 #6 type] 
Type domain.Bet is not enhanced.

[2022-05-06 10:07:21 #7 type] 
Type domain.User is not enhanced.

[2022-05-06 10:07:21 #8 type] 
Type domain.NormalUser is not enhanced.

[2022-05-06 10:07:21 #9 type] 
Type domain.Transaction is not enhanced.

[2022-05-06 10:07:21 #10 type] 
Type domain.Admin is not enhanced.

------------------------------------------------------------------------------------------------------------------------

[2022-05-06 10:08:47 #1 store] 
Database 'C:\Users\alejo\git\Bet21_3iterazioa\Bets21\src\main\resources\bets.temp' has been recovered (tr. 57-57)

[2022-05-06 10:08:47 #2 store] 
Database 'C:\Users\alejo\git\Bet21_3iterazioa\Bets21\src\main\resources\bets.temp' is opened by 11552@LAPTOP-PFPBTTRT

[2022-05-06 10:08:48 #3 type] 
Type domain.Question is not enhanced.

[2022-05-06 10:08:48 #4 type] 
Type domain.Cuote is not enhanced.

[2022-05-06 10:08:48 #5 type] 
Type domain.Event is not enhanced.

[2022-05-06 10:08:48 #6 type] 
Type domain.Bet is not enhanced.

[2022-05-06 10:08:48 #7 type] 
Type domain.User is not enhanced.

[2022-05-06 10:08:48 #8 type] 
Type domain.NormalUser is not enhanced.

[2022-05-06 10:08:48 #9 type] 
Type domain.Transaction is not enhanced.

[2022-05-06 10:08:48 #10 type] 
Type domain.Admin is not enhanced.

------------------------------------------------------------------------------------------------------------------------

[2022-05-06 10:10:04 #1 store] 
Database 'C:\Users\alejo\git\Bet21_3iterazioa\Bets21\src\main\resources\bets.temp' has been recovered (tr. 58-60)

[2022-05-06 10:10:04 #2 store] 
Database 'C:\Users\alejo\git\Bet21_3iterazioa\Bets21\src\main\resources\bets.temp' is opened by 13168@LAPTOP-PFPBTTRT

[2022-05-06 10:10:05 #3 type] 
Type domain.Question is not enhanced.

[2022-05-06 10:10:05 #4 type] 
Type domain.Cuote is not enhanced.

[2022-05-06 10:10:05 #5 type] 
Type domain.Event is not enhanced.

[2022-05-06 10:10:05 #6 type] 
Type domain.Bet is not enhanced.

[2022-05-06 10:10:05 #7 type] 
Type domain.User is not enhanced.

[2022-05-06 10:10:05 #8 type] 
Type domain.NormalUser is not enhanced.

[2022-05-06 10:10:05 #9 type] 
Type domain.Transaction is not enhanced.

[2022-05-06 10:10:05 #10 type] 
Type domain.Admin is not enhanced.

