------------------------------------------------------------------------------------------------------------------------

[2022-04-01 10:57:32 #1 store] 
Database 'D:\git\Bet21\Bets21\src\main\resources\bets.temp' is opened by 14756@LAPTOP-PFPBTTRT

[2022-04-01 10:57:32 #2 type] 
Type domain.Question is not enhanced.

[2022-04-01 10:57:32 #3 type] 
Type domain.Cuote is not enhanced.

[2022-04-01 10:57:32 #4 type] 
Type domain.Event is not enhanced.

[2022-04-01 10:57:32 #5 type] 
Type domain.Bet is not enhanced.

[2022-04-01 10:57:32 #6 type] 
Type domain.User is not enhanced.

[2022-04-01 10:57:32 #7 type] 
Type domain.Transaction is not enhanced.

------------------------------------------------------------------------------------------------------------------------

<<<<<<< HEAD
[2022-04-01 10:59:08 #1 store] 
Database 'D:\git\Bet21\Bets21\src\main\resources\bets.temp' is opened by 10284@LAPTOP-PFPBTTRT

[2022-04-01 10:59:08 #2 type] 
Type domain.Question is not enhanced.

[2022-04-01 10:59:08 #3 type] 
Type domain.Cuote is not enhanced.

[2022-04-01 10:59:08 #4 type] 
Type domain.Event is not enhanced.

[2022-04-01 10:59:08 #5 type] 
Type domain.Bet is not enhanced.

[2022-04-01 10:59:08 #6 type] 
Type domain.User is not enhanced.

[2022-04-01 10:59:08 #7 type] 
Type domain.Transaction is not enhanced.

------------------------------------------------------------------------------------------------------------------------

[2022-04-01 19:28:19 #1 store] 
Database 'D:\git\Bet21\Bets21\src\main\resources\bets.temp' is opened by 20756@LAPTOP-PFPBTTRT

[2022-04-01 19:28:19 #2 type] 
Type domain.Question is not enhanced.

[2022-04-01 19:28:19 #3 type] 
Type domain.Cuote is not enhanced.

[2022-04-01 19:28:19 #4 type] 
Type domain.Event is not enhanced.

[2022-04-01 19:28:19 #5 type] 
Type domain.Bet is not enhanced.

[2022-04-01 19:28:19 #6 type] 
Type domain.User is not enhanced.

[2022-04-01 19:28:19 #7 type] 
Type domain.Transaction is not enhanced.

------------------------------------------------------------------------------------------------------------------------

[2022-04-01 19:29:21 #1 store] 
Database 'D:\git\Bet21\Bets21\src\main\resources\bets.temp' is opened by 11244@LAPTOP-PFPBTTRT

[2022-04-01 19:29:21 #2 type] 
Type domain.Question is not enhanced.

[2022-04-01 19:29:21 #3 type] 
Type domain.Cuote is not enhanced.

[2022-04-01 19:29:21 #4 type] 
Type domain.Event is not enhanced.

[2022-04-01 19:29:21 #5 type] 
Type domain.Bet is not enhanced.

[2022-04-01 19:29:21 #6 type] 
Type domain.User is not enhanced.

[2022-04-01 19:29:21 #7 type] 
Type domain.Transaction is not enhanced.

------------------------------------------------------------------------------------------------------------------------

[2022-04-01 19:30:59 #1 store] 
Database 'D:\git\Bet21\Bets21\src\main\resources\bets.temp' is opened by 6244@LAPTOP-PFPBTTRT

[2022-04-01 19:31:00 #2 type] 
Type domain.Question is not enhanced.

[2022-04-01 19:31:00 #3 type] 
Type domain.Cuote is not enhanced.

[2022-04-01 19:31:00 #4 type] 
Type domain.Event is not enhanced.

[2022-04-01 19:31:00 #5 type] 
Type domain.Bet is not enhanced.

[2022-04-01 19:31:00 #6 type] 
Type domain.User is not enhanced.

[2022-04-01 19:31:00 #7 type] 
Type domain.Transaction is not enhanced.

------------------------------------------------------------------------------------------------------------------------

[2022-04-01 19:39:22 #1 store] 
Database 'D:\git\Bet21\Bets21\src\main\resources\bets.temp' has been recovered (tr. 81-82)

[2022-04-01 19:39:22 #2 store] 
Database 'D:\git\Bet21\Bets21\src\main\resources\bets.temp' is opened by 4400@LAPTOP-PFPBTTRT

[2022-04-01 19:39:22 #3 type] 
Type domain.Question is not enhanced.

[2022-04-01 19:39:22 #4 type] 
Type domain.Cuote is not enhanced.

[2022-04-01 19:39:22 #5 type] 
Type domain.Event is not enhanced.

[2022-04-01 19:39:22 #6 type] 
Type domain.Bet is not enhanced.

[2022-04-01 19:39:22 #7 type] 
Type domain.User is not enhanced.

[2022-04-01 19:39:22 #8 type] 
Type domain.Transaction is not enhanced.

------------------------------------------------------------------------------------------------------------------------

[2022-04-01 19:45:31 #1 store] 
Database 'D:\git\Bet21\Bets21\src\main\resources\bets.temp' is opened by 5104@LAPTOP-PFPBTTRT

[2022-04-01 19:45:31 #2 type] 
Type domain.Question is not enhanced.

[2022-04-01 19:45:31 #3 type] 
Type domain.Cuote is not enhanced.

[2022-04-01 19:45:31 #4 type] 
Type domain.Event is not enhanced.

[2022-04-01 19:45:31 #5 type] 
Type domain.Bet is not enhanced.

[2022-04-01 19:45:31 #6 type] 
Type domain.User is not enhanced.

[2022-04-01 19:45:31 #7 type] 
Type domain.Transaction is not enhanced.

------------------------------------------------------------------------------------------------------------------------

[2022-04-01 19:51:03 #1 store] 
Database 'D:\git\Bet21\Bets21\src\main\resources\bets.temp' is opened by 4752@LAPTOP-PFPBTTRT

[2022-04-01 19:51:04 #2 type] 
Type domain.Question is not enhanced.

[2022-04-01 19:51:04 #3 type] 
Type domain.Cuote is not enhanced.

[2022-04-01 19:51:04 #4 type] 
Type domain.Event is not enhanced.

[2022-04-01 19:51:04 #5 type] 
Type domain.Bet is not enhanced.

[2022-04-01 19:51:04 #6 type] 
Type domain.User is not enhanced.

[2022-04-01 19:51:04 #7 type] 
Type domain.Transaction is not enhanced.

------------------------------------------------------------------------------------------------------------------------

[2022-04-01 19:53:39 #1 store] 
Database 'D:\git\Bet21\Bets21\src\main\resources\bets.temp' is opened by 19684@LAPTOP-PFPBTTRT

[2022-04-01 19:53:40 #2 type] 
Type domain.Question is not enhanced.

[2022-04-01 19:53:40 #3 type] 
Type domain.Cuote is not enhanced.

[2022-04-01 19:53:40 #4 type] 
Type domain.Event is not enhanced.

[2022-04-01 19:53:40 #5 type] 
Type domain.Bet is not enhanced.

[2022-04-01 19:53:40 #6 type] 
Type domain.User is not enhanced.

[2022-04-01 19:53:40 #7 type] 
Type domain.Transaction is not enhanced.

------------------------------------------------------------------------------------------------------------------------

[2022-04-01 19:54:46 #1 store] 
Database 'D:\git\Bet21\Bets21\src\main\resources\bets.temp' is opened by 8416@LAPTOP-PFPBTTRT

[2022-04-01 19:54:47 #2 type] 
Type domain.Question is not enhanced.

[2022-04-01 19:54:47 #3 type] 
Type domain.Cuote is not enhanced.

[2022-04-01 19:54:47 #4 type] 
Type domain.Event is not enhanced.

[2022-04-01 19:54:47 #5 type] 
Type domain.Bet is not enhanced.

[2022-04-01 19:54:47 #6 type] 
Type domain.User is not enhanced.

[2022-04-01 19:54:47 #7 type] 
Type domain.Transaction is not enhanced.

------------------------------------------------------------------------------------------------------------------------

[2022-04-01 19:57:33 #1 store] 
Database 'D:\git\Bet21\Bets21\src\main\resources\bets.temp' is opened by 8584@LAPTOP-PFPBTTRT

[2022-04-01 19:57:33 #2 type] 
Type domain.Question is not enhanced.

[2022-04-01 19:57:33 #3 type] 
Type domain.Cuote is not enhanced.

[2022-04-01 19:57:33 #4 type] 
Type domain.Event is not enhanced.

[2022-04-01 19:57:33 #5 type] 
Type domain.Bet is not enhanced.

[2022-04-01 19:57:33 #6 type] 
Type domain.User is not enhanced.

[2022-04-01 19:57:33 #7 type] 
Type domain.Transaction is not enhanced.

------------------------------------------------------------------------------------------------------------------------

[2022-04-01 19:58:07 #1 store] 
Database 'D:\git\Bet21\Bets21\src\main\resources\bets.temp' is opened by 6384@LAPTOP-PFPBTTRT

[2022-04-01 19:58:07 #2 type] 
Type domain.Question is not enhanced.

[2022-04-01 19:58:07 #3 type] 
Type domain.Cuote is not enhanced.

[2022-04-01 19:58:07 #4 type] 
Type domain.Event is not enhanced.

[2022-04-01 19:58:07 #5 type] 
Type domain.Bet is not enhanced.

[2022-04-01 19:58:07 #6 type] 
Type domain.User is not enhanced.

[2022-04-01 19:58:07 #7 type] 
Type domain.Transaction is not enhanced.

------------------------------------------------------------------------------------------------------------------------

[2022-04-01 19:58:56 #1 store] 
Database 'D:\git\Bet21\Bets21\src\main\resources\bets.temp' is opened by 11816@LAPTOP-PFPBTTRT

[2022-04-01 19:58:56 #2 type] 
Type domain.Question is not enhanced.

[2022-04-01 19:58:56 #3 type] 
Type domain.Cuote is not enhanced.

[2022-04-01 19:58:56 #4 type] 
Type domain.Event is not enhanced.

[2022-04-01 19:58:56 #5 type] 
Type domain.Bet is not enhanced.

[2022-04-01 19:58:56 #6 type] 
Type domain.User is not enhanced.

[2022-04-01 19:58:56 #7 type] 
=======
[2022-04-01 18:51:33 #1 store] 
Database 'C:\Users\Txomin\git\Bets21\Bets21\src\main\resources\bets.temp' is opened by 7508@DESKTOP-BO37II9

[2022-04-01 18:51:33 #2 type] 
Type domain.Question is not enhanced.

[2022-04-01 18:51:33 #3 type] 
Type domain.Cuote is not enhanced.

[2022-04-01 18:51:33 #4 type] 
Type domain.Event is not enhanced.

[2022-04-01 18:51:33 #5 type] 
Type domain.Bet is not enhanced.

[2022-04-01 18:51:33 #6 type] 
Type domain.User is not enhanced.

[2022-04-01 18:51:33 #7 type] 
Type domain.Transaction is not enhanced.

------------------------------------------------------------------------------------------------------------------------

[2022-04-01 18:58:05 #1 store] 
Database 'C:\Users\Txomin\git\Bets21\Bets21\src\main\resources\bets.temp' is opened by 7960@DESKTOP-BO37II9

[2022-04-01 18:58:05 #2 type] 
Type domain.Question is not enhanced.

[2022-04-01 18:58:05 #3 type] 
Type domain.Cuote is not enhanced.

[2022-04-01 18:58:05 #4 type] 
Type domain.Event is not enhanced.

[2022-04-01 18:58:05 #5 type] 
Type domain.Bet is not enhanced.

[2022-04-01 18:58:05 #6 type] 
Type domain.User is not enhanced.

[2022-04-01 18:58:05 #7 type] 
Type domain.Transaction is not enhanced.

------------------------------------------------------------------------------------------------------------------------

[2022-04-01 19:00:45 #1 store] 
Database 'C:\Users\Txomin\git\Bets21\Bets21\src\main\resources\bets.temp' is opened by 13036@DESKTOP-BO37II9

[2022-04-01 19:00:45 #2 type] 
Type domain.Question is not enhanced.

[2022-04-01 19:00:45 #3 type] 
Type domain.Cuote is not enhanced.

[2022-04-01 19:00:45 #4 type] 
Type domain.Event is not enhanced.

[2022-04-01 19:00:45 #5 type] 
Type domain.Bet is not enhanced.

[2022-04-01 19:00:45 #6 type] 
Type domain.User is not enhanced.

[2022-04-01 19:00:45 #7 type] 
Type domain.Transaction is not enhanced.

------------------------------------------------------------------------------------------------------------------------

[2022-04-01 19:02:21 #1 store] 
Database 'C:\Users\Txomin\git\Bets21\Bets21\src\main\resources\bets.temp' has been recovered (tr. 81-82)

[2022-04-01 19:02:21 #2 store] 
Database 'C:\Users\Txomin\git\Bets21\Bets21\src\main\resources\bets.temp' is opened by 5620@DESKTOP-BO37II9

[2022-04-01 19:02:21 #3 type] 
Type domain.Question is not enhanced.

[2022-04-01 19:02:21 #4 type] 
Type domain.Cuote is not enhanced.

[2022-04-01 19:02:21 #5 type] 
Type domain.Event is not enhanced.

[2022-04-01 19:02:21 #6 type] 
Type domain.Bet is not enhanced.

[2022-04-01 19:02:21 #7 type] 
Type domain.User is not enhanced.

[2022-04-01 19:02:21 #8 type] 
>>>>>>> branch 'master' of https://github.com/Txominerras/Bet21
Type domain.Transaction is not enhanced.

------------------------------------------------------------------------------------------------------------------------

[2022-04-01 20:23:36 #1 store] 
Database 'D:\git\Bet21\Bets21\src\main\resources\bets.temp' is opened by 17496@LAPTOP-PFPBTTRT

[2022-04-01 20:23:40 #2 type.registry] 
New type domain.User

[2022-04-01 20:23:40 #3 type] 
Type domain.User is not enhanced.

[2022-04-01 20:23:40 #4 type.registry] 
New type domain.Bet

[2022-04-01 20:23:40 #5 type.registry] 
New type java.util.ArrayList<domain.Bet>

[2022-04-01 20:23:40 #6 type.registry] 
New type domain.Transaction

[2022-04-01 20:23:40 #7 type.registry] 
New type java.util.ArrayList<domain.Transaction>

[2022-04-01 20:23:40 #8 type] 
Type domain.Bet is not enhanced.

[2022-04-01 20:23:40 #9 type.registry] 
New type domain.Cuote

[2022-04-01 20:23:40 #10 type] 
Type domain.Transaction is not enhanced.

[2022-04-01 20:23:40 #11 type] 
Type domain.Cuote is not enhanced.

[2022-04-01 20:23:40 #12 type.registry] 
New type domain.Question

[2022-04-01 20:23:40 #13 type] 
Type domain.Question is not enhanced.

[2022-04-01 20:23:40 #14 type.registry] 
New type java.util.ArrayList<domain.Cuote>

[2022-04-01 20:23:40 #15 type.registry] 
New type domain.Event

[2022-04-01 20:23:40 #16 type] 
Type domain.Event is not enhanced.

[2022-04-01 20:23:40 #17 type.registry] 
New type java.util.Vector<domain.Question>

------------------------------------------------------------------------------------------------------------------------

[2022-04-01 20:23:49 #1 store] 
Database 'D:\git\Bet21\Bets21\src\main\resources\bets.temp' has been recovered (tr. 1-3)

[2022-04-01 20:23:49 #2 store] 
Database 'D:\git\Bet21\Bets21\src\main\resources\bets.temp' is opened by 19124@LAPTOP-PFPBTTRT

[2022-04-01 20:23:50 #3 type] 
Type domain.User is not enhanced.

[2022-04-01 20:23:50 #4 type] 
Type domain.Bet is not enhanced.

[2022-04-01 20:23:50 #5 type] 
Type domain.Transaction is not enhanced.

[2022-04-01 20:23:50 #6 type] 
Type domain.Cuote is not enhanced.

[2022-04-01 20:23:50 #7 type] 
Type domain.Question is not enhanced.

[2022-04-01 20:23:50 #8 type] 
Type domain.Event is not enhanced.

------------------------------------------------------------------------------------------------------------------------

[2022-04-01 20:24:52 #1 store] 
Database 'D:\git\Bet21\Bets21\src\main\resources\bets.temp' is opened by 20904@LAPTOP-PFPBTTRT

[2022-04-01 20:24:52 #2 type.registry] 
New type domain.Question

[2022-04-01 20:24:52 #3 type] 
Type domain.Question is not enhanced.

[2022-04-01 20:24:52 #4 type.registry] 
New type domain.Cuote

[2022-04-01 20:24:52 #5 type.registry] 
New type java.util.ArrayList<domain.Cuote>

[2022-04-01 20:24:52 #6 type.registry] 
New type domain.Event

[2022-04-01 20:24:52 #7 type] 
Type domain.Cuote is not enhanced.

[2022-04-01 20:24:52 #8 type.registry] 
New type domain.Bet

[2022-04-01 20:24:52 #9 type.registry] 
New type java.util.ArrayList<domain.Bet>

[2022-04-01 20:24:52 #10 type] 
Type domain.Event is not enhanced.

[2022-04-01 20:24:52 #11 type.registry] 
New type java.util.Vector<domain.Question>

[2022-04-01 20:24:52 #12 type] 
Type domain.Bet is not enhanced.

[2022-04-01 20:24:52 #13 type.registry] 
New type domain.User

[2022-04-01 20:24:52 #14 type] 
Type domain.User is not enhanced.

[2022-04-01 20:24:52 #15 type.registry] 
New type domain.Transaction

[2022-04-01 20:24:52 #16 type.registry] 
New type java.util.ArrayList<domain.Transaction>

[2022-04-01 20:24:52 #17 type] 
Type domain.Transaction is not enhanced.

[2022-04-01 20:24:53 #18 type.registry] 
New type java.util.ArrayList<java.lang.Object>

[2022-04-01 20:24:53 #19 type.registry] 
New type java.util.Vector<java.lang.Object>

------------------------------------------------------------------------------------------------------------------------

[2022-04-01 20:25:07 #1 store] 
Database 'D:\git\Bet21\Bets21\src\main\resources\bets.temp' has been recovered (tr. 1-6)

[2022-04-01 20:25:07 #2 store] 
Database 'D:\git\Bet21\Bets21\src\main\resources\bets.temp' is opened by 5248@LAPTOP-PFPBTTRT

[2022-04-01 20:25:07 #3 type] 
Type domain.Question is not enhanced.

[2022-04-01 20:25:07 #4 type] 
Type domain.Cuote is not enhanced.

[2022-04-01 20:25:07 #5 type] 
Type domain.Event is not enhanced.

[2022-04-01 20:25:07 #6 type] 
Type domain.Bet is not enhanced.

[2022-04-01 20:25:07 #7 type] 
Type domain.User is not enhanced.

[2022-04-01 20:25:07 #8 type] 
Type domain.Transaction is not enhanced.

------------------------------------------------------------------------------------------------------------------------

[2022-04-01 21:03:16 #1 store] 
Database 'D:\git\Bet21\Bets21\src\main\resources\bets.temp' has been recovered (tr. 7-8)

[2022-04-01 21:03:16 #2 store] 
Database 'D:\git\Bet21\Bets21\src\main\resources\bets.temp' is opened by 6772@LAPTOP-PFPBTTRT

[2022-04-01 21:03:17 #3 type] 
Type domain.Question is not enhanced.

[2022-04-01 21:03:17 #4 type] 
Type domain.Cuote is not enhanced.

[2022-04-01 21:03:17 #5 type] 
Type domain.Event is not enhanced.

[2022-04-01 21:03:17 #6 type] 
Type domain.Bet is not enhanced.

[2022-04-01 21:03:17 #7 type] 
Type domain.User is not enhanced.

[2022-04-01 21:03:17 #8 type] 
Type domain.Transaction is not enhanced.

------------------------------------------------------------------------------------------------------------------------

[2022-04-01 21:06:33 #1 store] 
Database 'D:\git\Bet21\Bets21\src\main\resources\bets.temp' is opened by 19912@LAPTOP-PFPBTTRT

[2022-04-01 21:06:34 #2 type] 
Type domain.Question is not enhanced.

[2022-04-01 21:06:34 #3 type] 
Type domain.Cuote is not enhanced.

[2022-04-01 21:06:34 #4 type] 
Type domain.Event is not enhanced.

[2022-04-01 21:06:34 #5 type] 
Type domain.Bet is not enhanced.

[2022-04-01 21:06:34 #6 type] 
Type domain.User is not enhanced.

[2022-04-01 21:06:34 #7 type] 
Type domain.Transaction is not enhanced.

------------------------------------------------------------------------------------------------------------------------

[2022-04-01 21:07:38 #1 store] 
Database 'D:\git\Bet21\Bets21\src\main\resources\bets.temp' is opened by 15564@LAPTOP-PFPBTTRT

[2022-04-01 21:07:38 #2 type] 
Type domain.Question is not enhanced.

[2022-04-01 21:07:38 #3 type] 
Type domain.Cuote is not enhanced.

[2022-04-01 21:07:38 #4 type] 
Type domain.Event is not enhanced.

[2022-04-01 21:07:38 #5 type] 
Type domain.Bet is not enhanced.

[2022-04-01 21:07:38 #6 type] 
Type domain.User is not enhanced.

[2022-04-01 21:07:38 #7 type] 
Type domain.Transaction is not enhanced.

------------------------------------------------------------------------------------------------------------------------

[2022-04-01 21:10:32 #1 store] 
Database 'D:\git\Bet21\Bets21\src\main\resources\bets.temp' has been recovered (tr. 16-17)

[2022-04-01 21:10:32 #2 store] 
Database 'D:\git\Bet21\Bets21\src\main\resources\bets.temp' is opened by 4828@LAPTOP-PFPBTTRT

[2022-04-01 21:10:32 #3 type] 
Type domain.Question is not enhanced.

[2022-04-01 21:10:32 #4 type] 
Type domain.Cuote is not enhanced.

[2022-04-01 21:10:32 #5 type] 
Type domain.Event is not enhanced.

[2022-04-01 21:10:32 #6 type] 
Type domain.Bet is not enhanced.

[2022-04-01 21:10:32 #7 type] 
Type domain.User is not enhanced.

[2022-04-01 21:10:32 #8 type] 
Type domain.Transaction is not enhanced.

------------------------------------------------------------------------------------------------------------------------

[2022-04-01 21:12:05 #1 store] 
Database 'D:\git\Bet21\Bets21\src\main\resources\bets.temp' has been recovered (tr. 18-19)

[2022-04-01 21:12:05 #2 store] 
Database 'D:\git\Bet21\Bets21\src\main\resources\bets.temp' is opened by 16468@LAPTOP-PFPBTTRT

[2022-04-01 21:12:05 #3 type] 
Type domain.Question is not enhanced.

[2022-04-01 21:12:05 #4 type] 
Type domain.Cuote is not enhanced.

[2022-04-01 21:12:05 #5 type] 
Type domain.Event is not enhanced.

[2022-04-01 21:12:05 #6 type] 
Type domain.Bet is not enhanced.

[2022-04-01 21:12:05 #7 type] 
Type domain.User is not enhanced.

[2022-04-01 21:12:05 #8 type] 
Type domain.Transaction is not enhanced.

