------------------------------------------------------------------------------------------------------------------------

[2022-03-04 18:33:02 #1 store] 
Database 'C:\Users\alejo\git\Bets21\src\main\resources\bets.temp' is opened by 2184@LAPTOP-PFPBTTRT

[2022-03-04 18:33:02 #2 type] 
Type domain.Question is not enhanced.

[2022-03-04 18:33:02 #3 type] 
Type domain.Event is not enhanced.

[2022-03-04 18:33:02 #4 type] 
Type domain.User is not enhanced.

------------------------------------------------------------------------------------------------------------------------

[2022-03-04 18:46:39 #1 store] 
Database 'C:\Users\alejo\git\Bets21\src\main\resources\bets.temp' is opened by 12052@LAPTOP-PFPBTTRT

[2022-03-04 18:46:40 #2 type] 
Type domain.Question is not enhanced.

[2022-03-04 18:46:40 #3 type] 
Type domain.Event is not enhanced.

[2022-03-04 18:46:40 #4 type] 
Type domain.User is not enhanced.

------------------------------------------------------------------------------------------------------------------------

[2022-03-04 18:57:23 #1 store] 
Database 'C:\Users\alejo\git\Bets21\src\main\resources\bets.temp' is opened by 552@LAPTOP-PFPBTTRT

[2022-03-04 18:57:23 #2 type] 
Type domain.Question is not enhanced.

[2022-03-04 18:57:23 #3 type] 
Type domain.Event is not enhanced.

[2022-03-04 18:57:23 #4 type] 
Type domain.User is not enhanced.

------------------------------------------------------------------------------------------------------------------------

[2022-03-04 19:01:48 #1 store] 
Database 'C:\Users\alejo\git\Bets21\src\main\resources\bets.temp' is opened by 16576@LAPTOP-PFPBTTRT

[2022-03-04 19:01:48 #2 type] 
Type domain.Question is not enhanced.

[2022-03-04 19:01:48 #3 type] 
Type domain.Event is not enhanced.

[2022-03-04 19:01:48 #4 type] 
Type domain.User is not enhanced.

------------------------------------------------------------------------------------------------------------------------

[2022-03-04 19:06:54 #1 store] 
Database 'C:\Users\alejo\git\Bets21\src\main\resources\bets.temp' is opened by 13944@LAPTOP-PFPBTTRT

[2022-03-04 19:06:54 #2 type] 
Type domain.Question is not enhanced.

[2022-03-04 19:06:54 #3 type] 
Type domain.Event is not enhanced.

[2022-03-04 19:06:54 #4 type] 
Type domain.User is not enhanced.

------------------------------------------------------------------------------------------------------------------------

[2022-03-04 19:08:22 #1 store] 
Database 'C:\Users\alejo\git\Bets21\src\main\resources\bets.temp' is opened by 12520@LAPTOP-PFPBTTRT

[2022-03-04 19:08:22 #2 type] 
Type domain.Question is not enhanced.

[2022-03-04 19:08:22 #3 type] 
Type domain.Event is not enhanced.

[2022-03-04 19:08:22 #4 type] 
Type domain.User is not enhanced.

------------------------------------------------------------------------------------------------------------------------

[2022-03-04 19:20:39 #1 store] 
Database 'C:\Users\alejo\git\Bets21\src\main\resources\bets.temp' is opened by 8512@LAPTOP-PFPBTTRT

[2022-03-04 19:20:39 #2 type] 
Type domain.Question is not enhanced.

[2022-03-04 19:20:39 #3 type] 
Type domain.Event is not enhanced.

[2022-03-04 19:20:39 #4 type] 
Type domain.User is not enhanced.

------------------------------------------------------------------------------------------------------------------------

[2022-03-04 19:27:07 #1 store] 
Database 'C:\Users\alejo\git\Bets21\src\main\resources\bets.temp' is opened by 15424@LAPTOP-PFPBTTRT

[2022-03-04 19:27:07 #2 type] 
Type domain.Question is not enhanced.

[2022-03-04 19:27:07 #3 type] 
Type domain.Event is not enhanced.

[2022-03-04 19:27:07 #4 type] 
Type domain.User is not enhanced.

------------------------------------------------------------------------------------------------------------------------

[2022-03-04 19:42:44 #1 store] 
Database 'C:\Users\alejo\git\Bets21\src\main\resources\bets.temp' is opened by 16772@LAPTOP-PFPBTTRT

[2022-03-04 19:42:44 #2 type] 
Type domain.Question is not enhanced.

[2022-03-04 19:42:44 #3 type] 
Type domain.Event is not enhanced.

[2022-03-04 19:42:44 #4 type] 
Type domain.User is not enhanced.

------------------------------------------------------------------------------------------------------------------------

[2022-03-04 19:47:54 #1 store] 
Database 'C:\Users\alejo\git\Bets21\src\main\resources\bets.temp' is opened by 1840@LAPTOP-PFPBTTRT

[2022-03-04 19:47:55 #2 type] 
Type domain.Question is not enhanced.

[2022-03-04 19:47:55 #3 type] 
Type domain.Event is not enhanced.

[2022-03-04 19:47:55 #4 type] 
Type domain.User is not enhanced.

------------------------------------------------------------------------------------------------------------------------

[2022-03-04 19:49:49 #1 store] 
Database 'C:\Users\alejo\git\Bets21\src\main\resources\bets.temp' is opened by 3332@LAPTOP-PFPBTTRT

[2022-03-04 19:49:49 #2 type] 
Type domain.Question is not enhanced.

[2022-03-04 19:49:49 #3 type] 
Type domain.Event is not enhanced.

[2022-03-04 19:49:49 #4 type] 
Type domain.User is not enhanced.

------------------------------------------------------------------------------------------------------------------------

[2022-03-04 19:51:06 #1 store] 
Database 'C:\Users\alejo\git\Bets21\src\main\resources\bets.temp' is opened by 18932@LAPTOP-PFPBTTRT

[2022-03-04 19:51:06 #2 type] 
Type domain.Question is not enhanced.

[2022-03-04 19:51:06 #3 type] 
Type domain.Event is not enhanced.

[2022-03-04 19:51:06 #4 type] 
Type domain.User is not enhanced.

------------------------------------------------------------------------------------------------------------------------

[2022-03-04 19:51:46 #1 store] 
Database 'C:\Users\alejo\git\Bets21\src\main\resources\bets.temp' is opened by 16864@LAPTOP-PFPBTTRT

[2022-03-04 19:51:46 #2 type] 
Type domain.Question is not enhanced.

[2022-03-04 19:51:46 #3 type] 
Type domain.Event is not enhanced.

[2022-03-04 19:51:46 #4 type] 
Type domain.User is not enhanced.

------------------------------------------------------------------------------------------------------------------------

[2022-03-04 19:53:39 #1 store] 
Database 'C:\Users\alejo\git\Bets21\src\main\resources\bets.temp' is opened by 10948@LAPTOP-PFPBTTRT

[2022-03-04 19:53:39 #2 type] 
Type domain.Question is not enhanced.

[2022-03-04 19:53:39 #3 type] 
Type domain.Event is not enhanced.

[2022-03-04 19:53:39 #4 type] 
Type domain.User is not enhanced.

------------------------------------------------------------------------------------------------------------------------

[2022-03-04 19:57:12 #1 store] 
Database 'C:\Users\alejo\git\Bets21\src\main\resources\bets.temp' is opened by 16840@LAPTOP-PFPBTTRT

[2022-03-04 19:57:12 #2 type] 
Type domain.Question is not enhanced.

[2022-03-04 19:57:12 #3 type] 
Type domain.Event is not enhanced.

[2022-03-04 19:57:12 #4 type] 
Type domain.User is not enhanced.

------------------------------------------------------------------------------------------------------------------------

[2022-03-04 19:58:20 #1 store] 
Database 'C:\Users\alejo\git\Bets21\src\main\resources\bets.temp' is opened by 4368@LAPTOP-PFPBTTRT

[2022-03-04 19:58:20 #2 type] 
Type domain.Question is not enhanced.

[2022-03-04 19:58:20 #3 type] 
Type domain.Event is not enhanced.

[2022-03-04 19:58:20 #4 type] 
Type domain.User is not enhanced.

------------------------------------------------------------------------------------------------------------------------

[2022-03-04 20:00:42 #1 store] 
Database 'C:\Users\alejo\git\Bets21\src\main\resources\bets.temp' is opened by 10956@LAPTOP-PFPBTTRT

[2022-03-04 20:00:42 #2 type] 
Type domain.Question is not enhanced.

[2022-03-04 20:00:42 #3 type] 
Type domain.Event is not enhanced.

[2022-03-04 20:00:42 #4 type] 
Type domain.User is not enhanced.

[2022-03-04 20:00:55 #5 type.registry] 
New type domain.Cuote

[2022-03-04 20:00:55 #6 type] 
Type domain.Cuote is not enhanced.

