------------------------------------------------------------------------------------------------------------------------

[2022-05-02 18:42:43 #1 store] 
Database 'C:\Users\alejo\git\Bet21_3iterazioa\Bets21\src\main\resources\bets.temp' is opened by 9912@LAPTOP-PFPBTTRT

[2022-05-02 18:42:43 #2 type.registry] 
New type domain.Question

[2022-05-02 18:42:43 #3 type] 
Type domain.Question is not enhanced.

[2022-05-02 18:42:43 #4 type.registry] 
New type domain.Cuote

[2022-05-02 18:42:43 #5 type.registry] 
New type java.util.ArrayList<domain.Cuote>

[2022-05-02 18:42:43 #6 type.registry] 
New type domain.Event

[2022-05-02 18:42:43 #7 type] 
Type domain.Cuote is not enhanced.

[2022-05-02 18:42:43 #8 type.registry] 
New type domain.Bet

[2022-05-02 18:42:43 #9 type.registry] 
New type java.util.ArrayList<domain.Bet>

[2022-05-02 18:42:43 #10 type] 
Type domain.Event is not enhanced.

[2022-05-02 18:42:43 #11 type.registry] 
New type java.util.Vector<domain.Question>

[2022-05-02 18:42:43 #12 type] 
Type domain.Bet is not enhanced.

[2022-05-02 18:42:43 #13 type.registry] 
New type domain.User

[2022-05-02 18:42:43 #14 type] 
Type domain.User is not enhanced.

[2022-05-02 18:42:43 #15 type.registry] 
New type domain.NormalUser

[2022-05-02 18:42:43 #16 type] 
Type domain.NormalUser is not enhanced.

[2022-05-02 18:42:43 #17 type.registry] 
New type domain.Transaction

[2022-05-02 18:42:43 #18 type.registry] 
New type java.util.ArrayList<domain.Transaction>

[2022-05-02 18:42:43 #19 type] 
Type domain.Transaction is not enhanced.

[2022-05-02 18:42:43 #20 type.registry] 
New type domain.Admin

[2022-05-02 18:42:43 #21 type] 
Type domain.Admin is not enhanced.

[2022-05-02 18:42:43 #22 type.registry] 
New type java.util.ArrayList<java.lang.Object>

[2022-05-02 18:42:43 #23 type.registry] 
New type java.util.Vector<java.lang.Object>

------------------------------------------------------------------------------------------------------------------------

[2022-05-02 18:43:41 #1 store] 
Database 'C:\Users\alejo\git\Bet21_3iterazioa\Bets21\src\main\resources\bets.temp' is opened by 12688@LAPTOP-PFPBTTRT

[2022-05-02 18:43:41 #2 type.registry] 
New type domain.Question

[2022-05-02 18:43:41 #3 type] 
Type domain.Question is not enhanced.

[2022-05-02 18:43:41 #4 type.registry] 
New type domain.Cuote

[2022-05-02 18:43:41 #5 type.registry] 
New type java.util.ArrayList<domain.Cuote>

[2022-05-02 18:43:41 #6 type.registry] 
New type domain.Event

[2022-05-02 18:43:41 #7 type] 
Type domain.Cuote is not enhanced.

[2022-05-02 18:43:41 #8 type.registry] 
New type domain.Bet

[2022-05-02 18:43:41 #9 type.registry] 
New type java.util.ArrayList<domain.Bet>

[2022-05-02 18:43:41 #10 type] 
Type domain.Event is not enhanced.

[2022-05-02 18:43:41 #11 type.registry] 
New type java.util.Vector<domain.Question>

[2022-05-02 18:43:41 #12 type] 
Type domain.Bet is not enhanced.

[2022-05-02 18:43:41 #13 type.registry] 
New type domain.User

[2022-05-02 18:43:41 #14 type] 
Type domain.User is not enhanced.

[2022-05-02 18:43:41 #15 type.registry] 
New type domain.NormalUser

[2022-05-02 18:43:41 #16 type] 
Type domain.NormalUser is not enhanced.

[2022-05-02 18:43:41 #17 type.registry] 
New type domain.Transaction

[2022-05-02 18:43:41 #18 type.registry] 
New type java.util.ArrayList<domain.Transaction>

[2022-05-02 18:43:41 #19 type] 
Type domain.Transaction is not enhanced.

[2022-05-02 18:43:41 #20 type.registry] 
New type domain.Admin

[2022-05-02 18:43:41 #21 type] 
Type domain.Admin is not enhanced.

[2022-05-02 18:43:41 #22 type.registry] 
New type java.util.ArrayList<java.lang.Object>

[2022-05-02 18:43:41 #23 type.registry] 
New type java.util.Vector<java.lang.Object>

------------------------------------------------------------------------------------------------------------------------

[2022-05-02 18:46:48 #1 store] 
Database 'C:\Users\alejo\git\Bet21_3iterazioa\Bets21\src\main\resources\bets.temp' is opened by 8288@LAPTOP-PFPBTTRT

[2022-05-02 18:46:49 #2 type.registry] 
New type domain.Question

[2022-05-02 18:46:49 #3 type] 
Type domain.Question is not enhanced.

[2022-05-02 18:46:49 #4 type.registry] 
New type domain.Cuote

[2022-05-02 18:46:49 #5 type.registry] 
New type java.util.ArrayList<domain.Cuote>

[2022-05-02 18:46:49 #6 type.registry] 
New type domain.Event

[2022-05-02 18:46:49 #7 type] 
Type domain.Cuote is not enhanced.

[2022-05-02 18:46:49 #8 type.registry] 
New type domain.Bet

[2022-05-02 18:46:49 #9 type.registry] 
New type java.util.ArrayList<domain.Bet>

[2022-05-02 18:46:49 #10 type] 
Type domain.Event is not enhanced.

[2022-05-02 18:46:49 #11 type.registry] 
New type java.util.Vector<domain.Question>

[2022-05-02 18:46:49 #12 type] 
Type domain.Bet is not enhanced.

[2022-05-02 18:46:49 #13 type.registry] 
New type domain.User

[2022-05-02 18:46:49 #14 type] 
Type domain.User is not enhanced.

[2022-05-02 18:46:49 #15 type.registry] 
New type domain.NormalUser

[2022-05-02 18:46:49 #16 type] 
Type domain.NormalUser is not enhanced.

[2022-05-02 18:46:49 #17 type.registry] 
New type domain.Transaction

[2022-05-02 18:46:49 #18 type.registry] 
New type java.util.ArrayList<domain.Transaction>

[2022-05-02 18:46:49 #19 type] 
Type domain.Transaction is not enhanced.

[2022-05-02 18:46:49 #20 type.registry] 
New type domain.Admin

[2022-05-02 18:46:49 #21 type] 
Type domain.Admin is not enhanced.

[2022-05-02 18:46:49 #22 type.registry] 
New type java.util.ArrayList<java.lang.Object>

[2022-05-02 18:46:49 #23 type.registry] 
New type java.util.Vector<java.lang.Object>

------------------------------------------------------------------------------------------------------------------------

[2022-05-02 20:32:21 #1 store] 
Database 'C:\Users\alejo\git\Bet21_3iterazioa\Bets21\src\main\resources\bets.temp' is opened by 20160@LAPTOP-PFPBTTRT

[2022-05-02 20:32:21 #2 type.registry] 
New type domain.Question

[2022-05-02 20:32:21 #3 type] 
Type domain.Question is not enhanced.

[2022-05-02 20:32:21 #4 type.registry] 
New type domain.Cuote

[2022-05-02 20:32:21 #5 type.registry] 
New type java.util.ArrayList<domain.Cuote>

[2022-05-02 20:32:21 #6 type.registry] 
New type domain.Event

[2022-05-02 20:32:21 #7 type] 
Type domain.Cuote is not enhanced.

[2022-05-02 20:32:21 #8 type.registry] 
New type domain.Bet

[2022-05-02 20:32:21 #9 type.registry] 
New type java.util.ArrayList<domain.Bet>

[2022-05-02 20:32:21 #10 type] 
Type domain.Event is not enhanced.

[2022-05-02 20:32:21 #11 type.registry] 
New type java.util.Vector<domain.Question>

[2022-05-02 20:32:21 #12 type] 
Type domain.Bet is not enhanced.

[2022-05-02 20:32:21 #13 type.registry] 
New type domain.User

[2022-05-02 20:32:21 #14 type] 
Type domain.User is not enhanced.

[2022-05-02 20:32:21 #15 type.registry] 
New type domain.NormalUser

[2022-05-02 20:32:21 #16 type] 
Type domain.NormalUser is not enhanced.

[2022-05-02 20:32:21 #17 type.registry] 
New type domain.Transaction

[2022-05-02 20:32:21 #18 type.registry] 
New type java.util.ArrayList<domain.Transaction>

[2022-05-02 20:32:21 #19 type] 
Type domain.Transaction is not enhanced.

[2022-05-02 20:32:21 #20 type.registry] 
New type domain.Admin

[2022-05-02 20:32:21 #21 type] 
Type domain.Admin is not enhanced.

[2022-05-02 20:32:21 #22 type.registry] 
New type java.util.ArrayList<java.lang.Object>

[2022-05-02 20:32:22 #23 type.registry] 
New type java.util.Vector<java.lang.Object>

