------------------------------------------------------------------------------------------------------------------------

[2022-02-28 13:35:17 #1 store] 
Database 'C:\Users\alejo\git\Bets21\src\main\resources\bets.temp' is opened by 16248@LAPTOP-PFPBTTRT

[2022-02-28 13:35:17 #2 type] 
Type domain.Question is not enhanced.

[2022-02-28 13:35:17 #3 type] 
Type domain.Event is not enhanced.

[2022-02-28 13:35:17 #4 type] 
Type domain.User is not enhanced.

------------------------------------------------------------------------------------------------------------------------

[2022-02-28 13:46:27 #1 store] 
Database 'C:\Users\alejo\git\Bets21\src\main\resources\bets.temp' is opened by 12600@LAPTOP-PFPBTTRT

[2022-02-28 13:46:27 #2 type] 
Type domain.Question is not enhanced.

[2022-02-28 13:46:27 #3 type] 
Type domain.Event is not enhanced.

[2022-02-28 13:46:27 #4 type] 
Type domain.User is not enhanced.

------------------------------------------------------------------------------------------------------------------------

[2022-02-28 14:04:24 #1 store] 
Database 'C:\Users\alejo\git\Bets21\src\main\resources\bets.temp' is opened by 15136@LAPTOP-PFPBTTRT

[2022-02-28 14:04:24 #2 type] 
Type domain.Question is not enhanced.

[2022-02-28 14:04:24 #3 type] 
Type domain.Event is not enhanced.

[2022-02-28 14:04:24 #4 type] 
Type domain.User is not enhanced.

------------------------------------------------------------------------------------------------------------------------

[2022-02-28 14:15:35 #1 store] 
Database 'C:\Users\alejo\git\Bets21\src\main\resources\bets.temp' has been recovered (tr. 28-29)

[2022-02-28 14:15:35 #2 store] 
Database 'C:\Users\alejo\git\Bets21\src\main\resources\bets.temp' is opened by 9488@LAPTOP-PFPBTTRT

[2022-02-28 14:15:36 #3 type] 
Type domain.Question is not enhanced.

[2022-02-28 14:15:36 #4 type] 
Type domain.Event is not enhanced.

[2022-02-28 14:15:36 #5 type] 
Type domain.User is not enhanced.

------------------------------------------------------------------------------------------------------------------------

[2022-02-28 14:31:14 #1 store] 
Database 'C:\Users\alejo\git\Bets21\src\main\resources\bets.temp' is opened by 3872@LAPTOP-PFPBTTRT

[2022-02-28 14:31:14 #2 type] 
Type domain.Question is not enhanced.

[2022-02-28 14:31:14 #3 type] 
Type domain.Event is not enhanced.

[2022-02-28 14:31:14 #4 type] 
Type domain.User is not enhanced.

------------------------------------------------------------------------------------------------------------------------

[2022-02-28 14:39:44 #1 store] 
Database 'C:\Users\alejo\git\Bets21\src\main\resources\bets.temp' is opened by 13720@LAPTOP-PFPBTTRT

[2022-02-28 14:39:44 #2 type] 
Type domain.Question is not enhanced.

[2022-02-28 14:39:44 #3 type] 
Type domain.Event is not enhanced.

[2022-02-28 14:39:44 #4 type] 
Type domain.User is not enhanced.

