------------------------------------------------------------------------------------------------------------------------

[2022-05-07 15:11:13 #1 store] 
Database 'C:\Users\alejo\git\Bet21_3iterazioa\Bets21\src\main\resources\bets.temp' has been recovered (tr. 61-61)

[2022-05-07 15:11:13 #2 store] 
Database 'C:\Users\alejo\git\Bet21_3iterazioa\Bets21\src\main\resources\bets.temp' is opened by 3296@LAPTOP-PFPBTTRT

[2022-05-07 15:11:13 #3 type] 
Type domain.Question is not enhanced.

[2022-05-07 15:11:13 #4 type] 
Type domain.Cuote is not enhanced.

[2022-05-07 15:11:13 #5 type] 
Type domain.Event is not enhanced.

[2022-05-07 15:11:13 #6 type] 
Type domain.Bet is not enhanced.

[2022-05-07 15:11:13 #7 type] 
Type domain.User is not enhanced.

[2022-05-07 15:11:13 #8 type] 
Type domain.NormalUser is not enhanced.

[2022-05-07 15:11:13 #9 type] 
Type domain.Transaction is not enhanced.

[2022-05-07 15:11:13 #10 type] 
Type domain.Admin is not enhanced.

------------------------------------------------------------------------------------------------------------------------

[2022-05-07 15:12:12 #1 store] 
Database 'C:\Users\alejo\git\Bet21_3iterazioa\Bets21\src\main\resources\bets.temp' has been recovered (tr. 62-63)

[2022-05-07 15:12:12 #2 store] 
Database 'C:\Users\alejo\git\Bet21_3iterazioa\Bets21\src\main\resources\bets.temp' is opened by 14412@LAPTOP-PFPBTTRT

[2022-05-07 15:12:12 #3 type] 
Type domain.Question is not enhanced.

[2022-05-07 15:12:12 #4 type] 
Type domain.Cuote is not enhanced.

[2022-05-07 15:12:12 #5 type] 
Type domain.Event is not enhanced.

[2022-05-07 15:12:12 #6 type] 
Type domain.Bet is not enhanced.

[2022-05-07 15:12:12 #7 type] 
Type domain.User is not enhanced.

[2022-05-07 15:12:12 #8 type] 
Type domain.NormalUser is not enhanced.

[2022-05-07 15:12:12 #9 type] 
Type domain.Transaction is not enhanced.

[2022-05-07 15:12:12 #10 type] 
Type domain.Admin is not enhanced.

------------------------------------------------------------------------------------------------------------------------

[2022-05-07 15:13:25 #1 store] 
Database 'C:\Users\alejo\git\Bet21_3iterazioa\Bets21\src\main\resources\bets.temp' is opened by 15260@LAPTOP-PFPBTTRT

[2022-05-07 15:13:25 #2 type] 
Type domain.Question is not enhanced.

[2022-05-07 15:13:25 #3 type] 
Type domain.Cuote is not enhanced.

[2022-05-07 15:13:25 #4 type] 
Type domain.Event is not enhanced.

[2022-05-07 15:13:25 #5 type] 
Type domain.Bet is not enhanced.

[2022-05-07 15:13:25 #6 type] 
Type domain.User is not enhanced.

[2022-05-07 15:13:25 #7 type] 
Type domain.NormalUser is not enhanced.

[2022-05-07 15:13:25 #8 type] 
Type domain.Transaction is not enhanced.

[2022-05-07 15:13:25 #9 type] 
Type domain.Admin is not enhanced.

------------------------------------------------------------------------------------------------------------------------

[2022-05-07 15:14:12 #1 store] 
Database 'C:\Users\alejo\git\Bet21_3iterazioa\Bets21\src\main\resources\bets.temp' is opened by 3832@LAPTOP-PFPBTTRT

[2022-05-07 15:14:12 #2 type] 
Type domain.Question is not enhanced.

[2022-05-07 15:14:12 #3 type] 
Type domain.Cuote is not enhanced.

[2022-05-07 15:14:12 #4 type] 
Type domain.Event is not enhanced.

[2022-05-07 15:14:12 #5 type] 
Type domain.Bet is not enhanced.

[2022-05-07 15:14:12 #6 type] 
Type domain.User is not enhanced.

[2022-05-07 15:14:12 #7 type] 
Type domain.NormalUser is not enhanced.

[2022-05-07 15:14:12 #8 type] 
Type domain.Transaction is not enhanced.

[2022-05-07 15:14:12 #9 type] 
Type domain.Admin is not enhanced.

