------------------------------------------------------------------------------------------------------------------------

[2022-02-22 10:52:19 #1 store] 
Database 'C:\Users\alejo\git\Bets21\src\main\resources\bets.temp' is opened by 8972@LAPTOP-PFPBTTRT

[2022-02-22 10:52:19 #2 type.registry] 
New type domain.Question

[2022-02-22 10:52:19 #3 type] 
Type domain.Question is not enhanced.

[2022-02-22 10:52:19 #4 type.registry] 
New type domain.Event

[2022-02-22 10:52:19 #5 type] 
Type domain.Event is not enhanced.

[2022-02-22 10:52:19 #6 type.registry] 
New type java.util.Vector<domain.Question>

[2022-02-22 10:52:19 #7 type.registry] 
New type java.util.Vector<java.lang.Object>

------------------------------------------------------------------------------------------------------------------------

[2022-02-22 10:52:44 #1 store] 
Database 'C:\Users\alejo\git\Bets21\src\main\resources\bets.temp' is opened by 7320@LAPTOP-PFPBTTRT

[2022-02-22 10:52:44 #2 type.registry] 
New type domain.Question

[2022-02-22 10:52:44 #3 type] 
Type domain.Question is not enhanced.

[2022-02-22 10:52:44 #4 type.registry] 
New type domain.Event

[2022-02-22 10:52:44 #5 type] 
Type domain.Event is not enhanced.

[2022-02-22 10:52:44 #6 type.registry] 
New type java.util.Vector<domain.Question>

[2022-02-22 10:52:44 #7 type.registry] 
New type java.util.Vector<java.lang.Object>

------------------------------------------------------------------------------------------------------------------------

[2022-02-22 10:54:25 #1 store] 
Database 'C:\Users\alejo\git\Bets21\src\main\resources\bets.temp' is opened by 7656@LAPTOP-PFPBTTRT

[2022-02-22 10:54:25 #2 type.registry] 
New type domain.Question

[2022-02-22 10:54:25 #3 type] 
Type domain.Question is not enhanced.

[2022-02-22 10:54:25 #4 type.registry] 
New type domain.Event

[2022-02-22 10:54:25 #5 type] 
Type domain.Event is not enhanced.

[2022-02-22 10:54:25 #6 type.registry] 
New type java.util.Vector<domain.Question>

[2022-02-22 10:54:25 #7 type.registry] 
New type java.util.Vector<java.lang.Object>

------------------------------------------------------------------------------------------------------------------------

[2022-02-22 10:56:07 #1 store] 
Database 'C:\Users\alejo\git\Bets21\src\main\resources\bets.temp' is opened by 13800@LAPTOP-PFPBTTRT

[2022-02-22 10:56:08 #2 type.registry] 
New type domain.Question

[2022-02-22 10:56:08 #3 type] 
Type domain.Question is not enhanced.

[2022-02-22 10:56:08 #4 type.registry] 
New type domain.Event

[2022-02-22 10:56:08 #5 type] 
Type domain.Event is not enhanced.

[2022-02-22 10:56:08 #6 type.registry] 
New type java.util.Vector<domain.Question>

[2022-02-22 10:56:08 #7 type.registry] 
New type java.util.Vector<java.lang.Object>

------------------------------------------------------------------------------------------------------------------------

[2022-02-22 11:13:39 #1 store] 
Database 'C:\Users\alejo\git\Bets21\src\main\resources\bets.temp' is opened by 2780@LAPTOP-PFPBTTRT

[2022-02-22 11:13:39 #2 type.registry] 
New type domain.Question

[2022-02-22 11:13:39 #3 type] 
Type domain.Question is not enhanced.

[2022-02-22 11:13:39 #4 type.registry] 
New type domain.Event

[2022-02-22 11:13:40 #5 type] 
Type domain.Event is not enhanced.

[2022-02-22 11:13:40 #6 type.registry] 
New type java.util.Vector<domain.Question>

[2022-02-22 11:13:40 #7 type.registry] 
New type java.util.Vector<java.lang.Object>

------------------------------------------------------------------------------------------------------------------------

[2022-02-22 11:14:48 #1 store] 
Database 'C:\Users\alejo\git\Bets21\src\main\resources\bets.temp' is opened by 12936@LAPTOP-PFPBTTRT

[2022-02-22 11:14:48 #2 type.registry] 
New type domain.Question

[2022-02-22 11:14:48 #3 type] 
Type domain.Question is not enhanced.

[2022-02-22 11:14:48 #4 type.registry] 
New type domain.Event

[2022-02-22 11:14:48 #5 type] 
Type domain.Event is not enhanced.

[2022-02-22 11:14:48 #6 type.registry] 
New type java.util.Vector<domain.Question>

[2022-02-22 11:14:48 #7 type.registry] 
New type java.util.Vector<java.lang.Object>

------------------------------------------------------------------------------------------------------------------------

[2022-02-22 11:18:56 #1 store] 
Database 'C:\Users\alejo\git\Bets21\src\main\resources\bets.temp' is opened by 14836@LAPTOP-PFPBTTRT

[2022-02-22 11:18:56 #2 type.registry] 
New type domain.Question

[2022-02-22 11:18:56 #3 type] 
Type domain.Question is not enhanced.

[2022-02-22 11:18:56 #4 type.registry] 
New type domain.Event

[2022-02-22 11:18:56 #5 type] 
Type domain.Event is not enhanced.

[2022-02-22 11:18:56 #6 type.registry] 
New type java.util.Vector<domain.Question>

[2022-02-22 11:18:56 #7 type.registry] 
New type java.util.Vector<java.lang.Object>

------------------------------------------------------------------------------------------------------------------------

[2022-02-22 11:21:00 #1 store] 
Database 'C:\Users\alejo\git\Bets21\src\main\resources\bets.temp' is opened by 15944@LAPTOP-PFPBTTRT

[2022-02-22 11:21:00 #2 type.registry] 
New type domain.Question

[2022-02-22 11:21:00 #3 type] 
Type domain.Question is not enhanced.

[2022-02-22 11:21:00 #4 type.registry] 
New type domain.Event

[2022-02-22 11:21:00 #5 type] 
Type domain.Event is not enhanced.

[2022-02-22 11:21:00 #6 type.registry] 
New type java.util.Vector<domain.Question>

[2022-02-22 11:21:00 #7 type.registry] 
New type java.util.Vector<java.lang.Object>

------------------------------------------------------------------------------------------------------------------------

[2022-02-22 11:21:35 #1 store] 
Database 'C:\Users\alejo\git\Bets21\src\main\resources\bets.temp' is opened by 12712@LAPTOP-PFPBTTRT

[2022-02-22 11:21:35 #2 type.registry] 
New type domain.Question

[2022-02-22 11:21:35 #3 type] 
Type domain.Question is not enhanced.

[2022-02-22 11:21:35 #4 type.registry] 
New type domain.Event

[2022-02-22 11:21:35 #5 type] 
Type domain.Event is not enhanced.

[2022-02-22 11:21:35 #6 type.registry] 
New type java.util.Vector<domain.Question>

[2022-02-22 11:21:35 #7 type.registry] 
New type java.util.Vector<java.lang.Object>

------------------------------------------------------------------------------------------------------------------------

[2022-02-22 11:27:18 #1 store] 
Database 'C:\Users\alejo\git\Bets21\src\main\resources\bets.temp' is opened by 6148@LAPTOP-PFPBTTRT

[2022-02-22 11:27:19 #2 type.registry] 
New type domain.Question

[2022-02-22 11:27:19 #3 type] 
Type domain.Question is not enhanced.

[2022-02-22 11:27:19 #4 type.registry] 
New type domain.Event

[2022-02-22 11:27:19 #5 type] 
Type domain.Event is not enhanced.

[2022-02-22 11:27:19 #6 type.registry] 
New type java.util.Vector<domain.Question>

[2022-02-22 11:27:19 #7 type.registry] 
New type java.util.Vector<java.lang.Object>

------------------------------------------------------------------------------------------------------------------------

[2022-02-22 11:28:02 #1 store] 
Database 'C:\Users\alejo\git\Bets21\src\main\resources\bets.temp' is opened by 16168@LAPTOP-PFPBTTRT

[2022-02-22 11:28:03 #2 type.registry] 
New type domain.Question

[2022-02-22 11:28:03 #3 type] 
Type domain.Question is not enhanced.

[2022-02-22 11:28:03 #4 type.registry] 
New type domain.Event

[2022-02-22 11:28:03 #5 type] 
Type domain.Event is not enhanced.

[2022-02-22 11:28:03 #6 type.registry] 
New type java.util.Vector<domain.Question>

[2022-02-22 11:28:03 #7 type.registry] 
New type java.util.Vector<java.lang.Object>

------------------------------------------------------------------------------------------------------------------------

[2022-02-22 11:30:43 #1 store] 
Database 'C:\Users\alejo\git\Bets21\src\main\resources\bets.temp' is opened by 11592@LAPTOP-PFPBTTRT

[2022-02-22 11:30:43 #2 type.registry] 
New type domain.Question

[2022-02-22 11:30:43 #3 type] 
Type domain.Question is not enhanced.

[2022-02-22 11:30:43 #4 type.registry] 
New type domain.Event

[2022-02-22 11:30:43 #5 type] 
Type domain.Event is not enhanced.

[2022-02-22 11:30:43 #6 type.registry] 
New type java.util.Vector<domain.Question>

[2022-02-22 11:30:43 #7 type.registry] 
New type java.util.Vector<java.lang.Object>

------------------------------------------------------------------------------------------------------------------------

[2022-02-22 11:33:34 #1 store] 
Database 'C:\Users\alejo\git\Bets21\src\main\resources\bets.temp' is opened by 9372@LAPTOP-PFPBTTRT

[2022-02-22 11:33:34 #2 type.registry] 
New type domain.Question

[2022-02-22 11:33:34 #3 type] 
Type domain.Question is not enhanced.

[2022-02-22 11:33:34 #4 type.registry] 
New type domain.Event

[2022-02-22 11:33:34 #5 type] 
Type domain.Event is not enhanced.

[2022-02-22 11:33:34 #6 type.registry] 
New type java.util.Vector<domain.Question>

[2022-02-22 11:33:34 #7 type.registry] 
New type java.util.Vector<java.lang.Object>

[2022-02-22 11:33:42 #8 type.registry] 
New type domain.User

[2022-02-22 11:33:42 #9 type] 
Type domain.User is not enhanced.

------------------------------------------------------------------------------------------------------------------------

[2022-02-22 11:35:18 #1 store] 
Database 'C:\Users\alejo\git\Bets21\src\main\resources\bets.temp' is opened by 1416@LAPTOP-PFPBTTRT

[2022-02-22 11:35:18 #2 type.registry] 
New type domain.Question

[2022-02-22 11:35:18 #3 type] 
Type domain.Question is not enhanced.

[2022-02-22 11:35:18 #4 type.registry] 
New type domain.Event

[2022-02-22 11:35:18 #5 type] 
Type domain.Event is not enhanced.

[2022-02-22 11:35:18 #6 type.registry] 
New type java.util.Vector<domain.Question>

[2022-02-22 11:35:18 #7 type.registry] 
New type java.util.Vector<java.lang.Object>

[2022-02-22 11:35:21 #8 type.registry] 
New type domain.User

[2022-02-22 11:35:21 #9 type] 
Type domain.User is not enhanced.

------------------------------------------------------------------------------------------------------------------------

[2022-02-22 11:38:42 #1 store] 
Database 'C:\Users\alejo\git\Bets21\src\main\resources\bets.temp' is opened by 6732@LAPTOP-PFPBTTRT

[2022-02-22 11:38:43 #2 type.registry] 
New type domain.Question

[2022-02-22 11:38:43 #3 type] 
Type domain.Question is not enhanced.

[2022-02-22 11:38:43 #4 type.registry] 
New type domain.Event

[2022-02-22 11:38:43 #5 type] 
Type domain.Event is not enhanced.

[2022-02-22 11:38:43 #6 type.registry] 
New type java.util.Vector<domain.Question>

[2022-02-22 11:38:43 #7 type.registry] 
New type domain.User

[2022-02-22 11:38:43 #8 type] 
Type domain.User is not enhanced.

[2022-02-22 11:38:43 #9 type.registry] 
New type java.util.Vector<java.lang.Object>

------------------------------------------------------------------------------------------------------------------------

[2022-02-22 11:39:00 #1 store] 
Database 'C:\Users\alejo\git\Bets21\src\main\resources\bets.temp' is opened by 18464@LAPTOP-PFPBTTRT

[2022-02-22 11:39:00 #2 type.registry] 
New type domain.Question

[2022-02-22 11:39:00 #3 type] 
Type domain.Question is not enhanced.

[2022-02-22 11:39:00 #4 type.registry] 
New type domain.Event

[2022-02-22 11:39:00 #5 type] 
Type domain.Event is not enhanced.

[2022-02-22 11:39:00 #6 type.registry] 
New type java.util.Vector<domain.Question>

[2022-02-22 11:39:00 #7 type.registry] 
New type domain.User

[2022-02-22 11:39:00 #8 type] 
Type domain.User is not enhanced.

[2022-02-22 11:39:00 #9 type.registry] 
New type java.util.Vector<java.lang.Object>

------------------------------------------------------------------------------------------------------------------------

[2022-02-22 11:40:07 #1 store] 
Database 'C:\Users\alejo\git\Bets21\src\main\resources\bets.temp' is opened by 8836@LAPTOP-PFPBTTRT

[2022-02-22 11:40:07 #2 type.registry] 
New type domain.Question

[2022-02-22 11:40:07 #3 type] 
Type domain.Question is not enhanced.

[2022-02-22 11:40:07 #4 type.registry] 
New type domain.Event

[2022-02-22 11:40:07 #5 type] 
Type domain.Event is not enhanced.

[2022-02-22 11:40:08 #6 type.registry] 
New type java.util.Vector<domain.Question>

[2022-02-22 11:40:08 #7 type.registry] 
New type domain.User

[2022-02-22 11:40:08 #8 type] 
Type domain.User is not enhanced.

[2022-02-22 11:40:08 #9 type.registry] 
New type java.util.Vector<java.lang.Object>

------------------------------------------------------------------------------------------------------------------------

[2022-02-22 11:46:01 #1 store] 
Database 'C:\Users\alejo\git\Bets21\src\main\resources\bets.temp' is opened by 12372@LAPTOP-PFPBTTRT

[2022-02-22 11:46:01 #2 type.registry] 
New type domain.Question

[2022-02-22 11:46:01 #3 type] 
Type domain.Question is not enhanced.

[2022-02-22 11:46:01 #4 type.registry] 
New type domain.Event

[2022-02-22 11:46:01 #5 type] 
Type domain.Event is not enhanced.

[2022-02-22 11:46:01 #6 type.registry] 
New type java.util.Vector<domain.Question>

[2022-02-22 11:46:01 #7 type.registry] 
New type domain.User

[2022-02-22 11:46:01 #8 type] 
Type domain.User is not enhanced.

[2022-02-22 11:46:01 #9 type.registry] 
New type java.util.Vector<java.lang.Object>

------------------------------------------------------------------------------------------------------------------------

[2022-02-22 11:46:45 #1 store] 
Database 'C:\Users\alejo\git\Bets21\src\main\resources\bets.temp' is opened by 14608@LAPTOP-PFPBTTRT

[2022-02-22 11:46:45 #2 type.registry] 
New type domain.Question

[2022-02-22 11:46:45 #3 type] 
Type domain.Question is not enhanced.

[2022-02-22 11:46:45 #4 type.registry] 
New type domain.Event

[2022-02-22 11:46:45 #5 type] 
Type domain.Event is not enhanced.

[2022-02-22 11:46:45 #6 type.registry] 
New type java.util.Vector<domain.Question>

[2022-02-22 11:46:45 #7 type.registry] 
New type domain.User

[2022-02-22 11:46:45 #8 type] 
Type domain.User is not enhanced.

[2022-02-22 11:46:45 #9 type.registry] 
New type java.util.Vector<java.lang.Object>

------------------------------------------------------------------------------------------------------------------------

[2022-02-22 11:47:19 #1 store] 
Database 'C:\Users\alejo\git\Bets21\src\main\resources\bets.temp' is opened by 10484@LAPTOP-PFPBTTRT

[2022-02-22 11:47:19 #2 type.registry] 
New type domain.Question

[2022-02-22 11:47:19 #3 type] 
Type domain.Question is not enhanced.

[2022-02-22 11:47:19 #4 type.registry] 
New type domain.Event

[2022-02-22 11:47:19 #5 type] 
Type domain.Event is not enhanced.

[2022-02-22 11:47:19 #6 type.registry] 
New type java.util.Vector<domain.Question>

[2022-02-22 11:47:19 #7 type.registry] 
New type domain.User

[2022-02-22 11:47:19 #8 type] 
Type domain.User is not enhanced.

[2022-02-22 11:47:19 #9 type.registry] 
New type java.util.Vector<java.lang.Object>

------------------------------------------------------------------------------------------------------------------------

[2022-02-22 11:49:43 #1 store] 
Database 'C:\Users\alejo\git\Bets21\src\main\resources\bets.temp' is opened by 10448@LAPTOP-PFPBTTRT

[2022-02-22 11:49:44 #2 type.registry] 
New type domain.Question

[2022-02-22 11:49:44 #3 type] 
Type domain.Question is not enhanced.

[2022-02-22 11:49:44 #4 type.registry] 
New type domain.Event

[2022-02-22 11:49:44 #5 type] 
Type domain.Event is not enhanced.

[2022-02-22 11:49:44 #6 type.registry] 
New type java.util.Vector<domain.Question>

[2022-02-22 11:49:44 #7 type.registry] 
New type domain.User

[2022-02-22 11:49:44 #8 type] 
Type domain.User is not enhanced.

[2022-02-22 11:49:44 #9 type.registry] 
New type java.util.Vector<java.lang.Object>

------------------------------------------------------------------------------------------------------------------------

[2022-02-22 11:59:17 #1 store] 
Database 'C:\Users\alejo\git\Bets21\src\main\resources\bets.temp' is opened by 15812@LAPTOP-PFPBTTRT

[2022-02-22 11:59:17 #2 type.registry] 
New type domain.Question

[2022-02-22 11:59:17 #3 type] 
Type domain.Question is not enhanced.

[2022-02-22 11:59:17 #4 type.registry] 
New type domain.Event

[2022-02-22 11:59:17 #5 type] 
Type domain.Event is not enhanced.

[2022-02-22 11:59:17 #6 type.registry] 
New type java.util.Vector<domain.Question>

[2022-02-22 11:59:17 #7 type.registry] 
New type domain.User

[2022-02-22 11:59:17 #8 type] 
Type domain.User is not enhanced.

[2022-02-22 11:59:17 #9 type.registry] 
New type java.util.Vector<java.lang.Object>

------------------------------------------------------------------------------------------------------------------------

[2022-02-22 12:04:34 #1 store] 
Database 'C:\Users\alejo\git\Bets21\src\main\resources\bets.temp' is opened by 14220@LAPTOP-PFPBTTRT

[2022-02-22 12:04:34 #2 type.registry] 
New type domain.Question

[2022-02-22 12:04:34 #3 type] 
Type domain.Question is not enhanced.

[2022-02-22 12:04:34 #4 type.registry] 
New type domain.Event

[2022-02-22 12:04:34 #5 type] 
Type domain.Event is not enhanced.

[2022-02-22 12:04:34 #6 type.registry] 
New type java.util.Vector<domain.Question>

[2022-02-22 12:04:34 #7 type.registry] 
New type domain.User

[2022-02-22 12:04:34 #8 type] 
Type domain.User is not enhanced.

[2022-02-22 12:04:34 #9 type.registry] 
New type java.util.Vector<java.lang.Object>

