------------------------------------------------------------------------------------------------------------------------

[2022-03-29 11:17:31 #1 store] 
Database 'D:\git\Bet21\Bets21\src\main\resources\bets.temp' is opened by 16396@LAPTOP-PFPBTTRT

[2022-03-29 11:17:56 #2 type.registry] 
New type domain.User

[2022-03-29 11:17:56 #3 type] 
Type domain.User is not enhanced.

[2022-03-29 11:17:56 #4 type.registry] 
New type domain.Bet

[2022-03-29 11:17:56 #5 type.registry] 
New type java.util.ArrayList<domain.Bet>

[2022-03-29 11:17:56 #6 type.registry] 
New type domain.Transaction

[2022-03-29 11:17:56 #7 type.registry] 
New type java.util.ArrayList<domain.Transaction>

[2022-03-29 11:17:56 #8 type] 
Type domain.Bet is not enhanced.

[2022-03-29 11:17:56 #9 type.registry] 
New type domain.Cuote

[2022-03-29 11:17:56 #10 type] 
Type domain.Transaction is not enhanced.

[2022-03-29 11:17:56 #11 type] 
Type domain.Cuote is not enhanced.

[2022-03-29 11:17:56 #12 type.registry] 
New type domain.Question

[2022-03-29 11:17:56 #13 type] 
Type domain.Question is not enhanced.

[2022-03-29 11:17:56 #14 type.registry] 
New type java.util.ArrayList<domain.Cuote>

[2022-03-29 11:17:56 #15 type.registry] 
New type domain.Event

[2022-03-29 11:17:56 #16 type] 
Type domain.Event is not enhanced.

[2022-03-29 11:17:56 #17 type.registry] 
New type java.util.Vector<domain.Question>

------------------------------------------------------------------------------------------------------------------------

[2022-03-29 11:18:08 #1 store] 
Database 'D:\git\Bet21\Bets21\src\main\resources\bets.temp' has been recovered (tr. 1-3)

[2022-03-29 11:18:08 #2 store] 
Database 'D:\git\Bet21\Bets21\src\main\resources\bets.temp' is opened by 16540@LAPTOP-PFPBTTRT

[2022-03-29 11:18:09 #3 type] 
Type domain.User is not enhanced.

[2022-03-29 11:18:09 #4 type] 
Type domain.Bet is not enhanced.

[2022-03-29 11:18:09 #5 type] 
Type domain.Transaction is not enhanced.

[2022-03-29 11:18:09 #6 type] 
Type domain.Cuote is not enhanced.

[2022-03-29 11:18:09 #7 type] 
Type domain.Question is not enhanced.

[2022-03-29 11:18:09 #8 type] 
Type domain.Event is not enhanced.

------------------------------------------------------------------------------------------------------------------------

[2022-03-29 11:19:03 #1 store] 
Database 'D:\git\Bet21\Bets21\src\main\resources\bets.temp' is opened by 9240@LAPTOP-PFPBTTRT

[2022-03-29 11:19:04 #2 type.registry] 
New type domain.Question

[2022-03-29 11:19:04 #3 type] 
Type domain.Question is not enhanced.

[2022-03-29 11:19:04 #4 type.registry] 
New type domain.Cuote

[2022-03-29 11:19:04 #5 type.registry] 
New type java.util.ArrayList<domain.Cuote>

[2022-03-29 11:19:04 #6 type.registry] 
New type domain.Event

[2022-03-29 11:19:04 #7 type] 
Type domain.Cuote is not enhanced.

[2022-03-29 11:19:04 #8 type.registry] 
New type domain.Bet

[2022-03-29 11:19:04 #9 type.registry] 
New type java.util.ArrayList<domain.Bet>

[2022-03-29 11:19:04 #10 type] 
Type domain.Event is not enhanced.

[2022-03-29 11:19:04 #11 type.registry] 
New type java.util.Vector<domain.Question>

[2022-03-29 11:19:04 #12 type] 
Type domain.Bet is not enhanced.

[2022-03-29 11:19:04 #13 type.registry] 
New type domain.User

[2022-03-29 11:19:04 #14 type] 
Type domain.User is not enhanced.

[2022-03-29 11:19:04 #15 type.registry] 
New type domain.Transaction

[2022-03-29 11:19:04 #16 type.registry] 
New type java.util.ArrayList<domain.Transaction>

[2022-03-29 11:19:04 #17 type] 
Type domain.Transaction is not enhanced.

[2022-03-29 11:19:04 #18 type.registry] 
New type java.util.ArrayList<java.lang.Object>

[2022-03-29 11:19:04 #19 type.registry] 
New type java.util.Vector<java.lang.Object>

------------------------------------------------------------------------------------------------------------------------

[2022-03-29 11:19:18 #1 store] 
Database 'D:\git\Bet21\Bets21\src\main\resources\bets.temp' has been recovered (tr. 1-6)

[2022-03-29 11:19:18 #2 store] 
Database 'D:\git\Bet21\Bets21\src\main\resources\bets.temp' is opened by 17068@LAPTOP-PFPBTTRT

[2022-03-29 11:19:18 #3 type] 
Type domain.Question is not enhanced.

[2022-03-29 11:19:18 #4 type] 
Type domain.Cuote is not enhanced.

[2022-03-29 11:19:18 #5 type] 
Type domain.Event is not enhanced.

[2022-03-29 11:19:18 #6 type] 
Type domain.Bet is not enhanced.

[2022-03-29 11:19:18 #7 type] 
Type domain.User is not enhanced.

[2022-03-29 11:19:18 #8 type] 
Type domain.Transaction is not enhanced.

------------------------------------------------------------------------------------------------------------------------

[2022-03-29 11:22:48 #1 store] 
Database 'D:\git\Bet21\Bets21\src\main\resources\bets.temp' has been recovered (tr. 7-9)

[2022-03-29 11:22:48 #2 store] 
Database 'D:\git\Bet21\Bets21\src\main\resources\bets.temp' is opened by 12380@LAPTOP-PFPBTTRT

[2022-03-29 11:22:48 #3 type] 
Type domain.Question is not enhanced.

[2022-03-29 11:22:48 #4 type] 
Type domain.Cuote is not enhanced.

[2022-03-29 11:22:48 #5 type] 
Type domain.Event is not enhanced.

[2022-03-29 11:22:48 #6 type] 
Type domain.Bet is not enhanced.

[2022-03-29 11:22:48 #7 type] 
Type domain.User is not enhanced.

[2022-03-29 11:22:48 #8 type] 
Type domain.Transaction is not enhanced.

------------------------------------------------------------------------------------------------------------------------

[2022-03-29 11:24:08 #1 store] 
Database 'D:\git\Bet21\Bets21\src\main\resources\bets.temp' is opened by 13948@LAPTOP-PFPBTTRT

[2022-03-29 11:24:08 #2 type] 
Type domain.Question is not enhanced.

[2022-03-29 11:24:08 #3 type] 
Type domain.Cuote is not enhanced.

[2022-03-29 11:24:08 #4 type] 
Type domain.Event is not enhanced.

[2022-03-29 11:24:08 #5 type] 
Type domain.Bet is not enhanced.

[2022-03-29 11:24:08 #6 type] 
Type domain.User is not enhanced.

[2022-03-29 11:24:08 #7 type] 
Type domain.Transaction is not enhanced.

------------------------------------------------------------------------------------------------------------------------

[2022-03-29 11:24:46 #1 store] 
Database 'D:\git\Bet21\Bets21\src\main\resources\bets.temp' is opened by 13848@LAPTOP-PFPBTTRT

[2022-03-29 11:24:46 #2 type] 
Type domain.Question is not enhanced.

[2022-03-29 11:24:46 #3 type] 
Type domain.Cuote is not enhanced.

[2022-03-29 11:24:46 #4 type] 
Type domain.Event is not enhanced.

[2022-03-29 11:24:46 #5 type] 
Type domain.Bet is not enhanced.

[2022-03-29 11:24:46 #6 type] 
Type domain.User is not enhanced.

[2022-03-29 11:24:46 #7 type] 
Type domain.Transaction is not enhanced.

------------------------------------------------------------------------------------------------------------------------

[2022-03-29 11:25:34 #1 store] 
Database 'D:\git\Bet21\Bets21\src\main\resources\bets.temp' is opened by 14668@LAPTOP-PFPBTTRT

[2022-03-29 11:25:34 #2 type] 
Type domain.Question is not enhanced.

[2022-03-29 11:25:34 #3 type] 
Type domain.Cuote is not enhanced.

[2022-03-29 11:25:34 #4 type] 
Type domain.Event is not enhanced.

[2022-03-29 11:25:34 #5 type] 
Type domain.Bet is not enhanced.

[2022-03-29 11:25:34 #6 type] 
Type domain.User is not enhanced.

[2022-03-29 11:25:34 #7 type] 
Type domain.Transaction is not enhanced.

------------------------------------------------------------------------------------------------------------------------

[2022-03-29 11:26:24 #1 store] 
Database 'D:\git\Bet21\Bets21\src\main\resources\bets.temp' is opened by 984@LAPTOP-PFPBTTRT

[2022-03-29 11:26:24 #2 type] 
Type domain.Question is not enhanced.

[2022-03-29 11:26:24 #3 type] 
Type domain.Cuote is not enhanced.

[2022-03-29 11:26:24 #4 type] 
Type domain.Event is not enhanced.

[2022-03-29 11:26:24 #5 type] 
Type domain.Bet is not enhanced.

[2022-03-29 11:26:24 #6 type] 
Type domain.User is not enhanced.

[2022-03-29 11:26:24 #7 type] 
Type domain.Transaction is not enhanced.

------------------------------------------------------------------------------------------------------------------------

[2022-03-29 11:28:05 #1 store] 
Database 'D:\git\Bet21\Bets21\src\main\resources\bets.temp' is opened by 1404@LAPTOP-PFPBTTRT

[2022-03-29 11:28:05 #2 type] 
Type domain.Question is not enhanced.

[2022-03-29 11:28:05 #3 type] 
Type domain.Cuote is not enhanced.

[2022-03-29 11:28:05 #4 type] 
Type domain.Event is not enhanced.

[2022-03-29 11:28:05 #5 type] 
Type domain.Bet is not enhanced.

[2022-03-29 11:28:05 #6 type] 
Type domain.User is not enhanced.

[2022-03-29 11:28:05 #7 type] 
Type domain.Transaction is not enhanced.

------------------------------------------------------------------------------------------------------------------------

[2022-03-29 11:28:48 #1 store] 
Database 'D:\git\Bet21\Bets21\src\main\resources\bets.temp' is opened by 7664@LAPTOP-PFPBTTRT

[2022-03-29 11:28:48 #2 type] 
Type domain.Question is not enhanced.

[2022-03-29 11:28:48 #3 type] 
Type domain.Cuote is not enhanced.

[2022-03-29 11:28:48 #4 type] 
Type domain.Event is not enhanced.

[2022-03-29 11:28:48 #5 type] 
Type domain.Bet is not enhanced.

[2022-03-29 11:28:48 #6 type] 
Type domain.User is not enhanced.

[2022-03-29 11:28:48 #7 type] 
Type domain.Transaction is not enhanced.

------------------------------------------------------------------------------------------------------------------------

[2022-03-29 11:32:46 #1 store] 
Database 'D:\git\Bet21\Bets21\src\main\resources\bets.temp' has been recovered (tr. 10-11)

[2022-03-29 11:32:46 #2 store] 
Database 'D:\git\Bet21\Bets21\src\main\resources\bets.temp' is opened by 7696@LAPTOP-PFPBTTRT

[2022-03-29 11:32:46 #3 type] 
Type domain.Question is not enhanced.

[2022-03-29 11:32:46 #4 type] 
Type domain.Cuote is not enhanced.

[2022-03-29 11:32:46 #5 type] 
Type domain.Event is not enhanced.

[2022-03-29 11:32:46 #6 type] 
Type domain.Bet is not enhanced.

[2022-03-29 11:32:46 #7 type] 
Type domain.User is not enhanced.

[2022-03-29 11:32:46 #8 type] 
Type domain.Transaction is not enhanced.

------------------------------------------------------------------------------------------------------------------------

[2022-03-29 11:34:11 #1 store] 
Database 'D:\git\Bet21\Bets21\src\main\resources\bets.temp' has been recovered (tr. 12-13)

[2022-03-29 11:34:11 #2 store] 
Database 'D:\git\Bet21\Bets21\src\main\resources\bets.temp' is opened by 1776@LAPTOP-PFPBTTRT

[2022-03-29 11:34:11 #3 type] 
Type domain.Question is not enhanced.

[2022-03-29 11:34:11 #4 type] 
Type domain.Cuote is not enhanced.

[2022-03-29 11:34:11 #5 type] 
Type domain.Event is not enhanced.

[2022-03-29 11:34:11 #6 type] 
Type domain.Bet is not enhanced.

[2022-03-29 11:34:11 #7 type] 
Type domain.User is not enhanced.

[2022-03-29 11:34:11 #8 type] 
Type domain.Transaction is not enhanced.

------------------------------------------------------------------------------------------------------------------------

[2022-03-29 11:36:40 #1 store] 
Database 'D:\git\Bet21\Bets21\src\main\resources\bets.temp' has been recovered (tr. 14-14)

[2022-03-29 11:36:40 #2 store] 
Database 'D:\git\Bet21\Bets21\src\main\resources\bets.temp' is opened by 3400@LAPTOP-PFPBTTRT

[2022-03-29 11:36:40 #3 type] 
Type domain.Question is not enhanced.

[2022-03-29 11:36:40 #4 type] 
Type domain.Cuote is not enhanced.

[2022-03-29 11:36:40 #5 type] 
Type domain.Event is not enhanced.

[2022-03-29 11:36:40 #6 type] 
Type domain.Bet is not enhanced.

[2022-03-29 11:36:40 #7 type] 
Type domain.User is not enhanced.

[2022-03-29 11:36:40 #8 type] 
Type domain.Transaction is not enhanced.

------------------------------------------------------------------------------------------------------------------------

[2022-03-29 11:39:25 #1 store] 
Database 'D:\git\Bet21\Bets21\src\main\resources\bets.temp' is opened by 8480@LAPTOP-PFPBTTRT

[2022-03-29 11:39:26 #2 type] 
Type domain.Question is not enhanced.

[2022-03-29 11:39:26 #3 type] 
Type domain.Cuote is not enhanced.

[2022-03-29 11:39:26 #4 type] 
Type domain.Event is not enhanced.

[2022-03-29 11:39:26 #5 type] 
Type domain.Bet is not enhanced.

[2022-03-29 11:39:26 #6 type] 
Type domain.User is not enhanced.

[2022-03-29 11:39:26 #7 type] 
Type domain.Transaction is not enhanced.

------------------------------------------------------------------------------------------------------------------------

[2022-03-29 11:40:46 #1 store] 
Database 'D:\git\Bet21\Bets21\src\main\resources\bets.temp' has been recovered (tr. 18-18)

[2022-03-29 11:40:46 #2 store] 
Database 'D:\git\Bet21\Bets21\src\main\resources\bets.temp' is opened by 756@LAPTOP-PFPBTTRT

[2022-03-29 11:40:46 #3 type] 
Type domain.Question is not enhanced.

[2022-03-29 11:40:46 #4 type] 
Type domain.Cuote is not enhanced.

[2022-03-29 11:40:46 #5 type] 
Type domain.Event is not enhanced.

[2022-03-29 11:40:46 #6 type] 
Type domain.Bet is not enhanced.

[2022-03-29 11:40:46 #7 type] 
Type domain.User is not enhanced.

[2022-03-29 11:40:46 #8 type] 
Type domain.Transaction is not enhanced.

------------------------------------------------------------------------------------------------------------------------

[2022-03-29 11:45:29 #1 store] 
Database 'D:\git\Bet21\Bets21\src\main\resources\bets.temp' is opened by 7056@LAPTOP-PFPBTTRT

[2022-03-29 11:45:29 #2 type] 
Type domain.Question is not enhanced.

[2022-03-29 11:45:29 #3 type] 
Type domain.Cuote is not enhanced.

[2022-03-29 11:45:29 #4 type] 
Type domain.Event is not enhanced.

[2022-03-29 11:45:29 #5 type] 
Type domain.Bet is not enhanced.

[2022-03-29 11:45:29 #6 type] 
Type domain.User is not enhanced.

[2022-03-29 11:45:29 #7 type] 
Type domain.Transaction is not enhanced.

------------------------------------------------------------------------------------------------------------------------

[2022-03-29 11:48:54 #1 store] 
Database 'D:\git\Bet21\Bets21\src\main\resources\bets.temp' is opened by 14716@LAPTOP-PFPBTTRT

[2022-03-29 11:48:54 #2 type] 
Type domain.Question is not enhanced.

[2022-03-29 11:48:54 #3 type] 
Type domain.Cuote is not enhanced.

[2022-03-29 11:48:54 #4 type] 
Type domain.Event is not enhanced.

[2022-03-29 11:48:54 #5 type] 
Type domain.Bet is not enhanced.

[2022-03-29 11:48:54 #6 type] 
Type domain.User is not enhanced.

[2022-03-29 11:48:54 #7 type] 
Type domain.Transaction is not enhanced.

------------------------------------------------------------------------------------------------------------------------

[2022-03-29 11:56:23 #1 store] 
Database 'D:\git\Bet21\Bets21\src\main\resources\bets.temp' has been recovered (tr. 19-21)

[2022-03-29 11:56:23 #2 store] 
Database 'D:\git\Bet21\Bets21\src\main\resources\bets.temp' is opened by 11864@LAPTOP-PFPBTTRT

[2022-03-29 11:56:23 #3 type] 
Type domain.Question is not enhanced.

[2022-03-29 11:56:23 #4 type] 
Type domain.Cuote is not enhanced.

[2022-03-29 11:56:23 #5 type] 
Type domain.Event is not enhanced.

[2022-03-29 11:56:23 #6 type] 
Type domain.Bet is not enhanced.

[2022-03-29 11:56:23 #7 type] 
Type domain.User is not enhanced.

[2022-03-29 11:56:23 #8 type] 
Type domain.Transaction is not enhanced.

------------------------------------------------------------------------------------------------------------------------

[2022-03-29 12:00:28 #1 store] 
Database 'D:\git\Bet21\Bets21\src\main\resources\bets.temp' has been recovered (tr. 22-22)

[2022-03-29 12:00:28 #2 store] 
Database 'D:\git\Bet21\Bets21\src\main\resources\bets.temp' is opened by 8004@LAPTOP-PFPBTTRT

[2022-03-29 12:00:28 #3 type] 
Type domain.Question is not enhanced.

[2022-03-29 12:00:28 #4 type] 
Type domain.Cuote is not enhanced.

[2022-03-29 12:00:28 #5 type] 
Type domain.Event is not enhanced.

[2022-03-29 12:00:28 #6 type] 
Type domain.Bet is not enhanced.

[2022-03-29 12:00:28 #7 type] 
Type domain.User is not enhanced.

[2022-03-29 12:00:28 #8 type] 
Type domain.Transaction is not enhanced.

------------------------------------------------------------------------------------------------------------------------

[2022-03-29 12:03:29 #1 store] 
Database 'D:\git\Bet21\Bets21\src\main\resources\bets.temp' has been recovered (tr. 23-23)

[2022-03-29 12:03:29 #2 store] 
Database 'D:\git\Bet21\Bets21\src\main\resources\bets.temp' is opened by 1284@LAPTOP-PFPBTTRT

[2022-03-29 12:03:29 #3 type] 
Type domain.Question is not enhanced.

[2022-03-29 12:03:29 #4 type] 
Type domain.Cuote is not enhanced.

[2022-03-29 12:03:29 #5 type] 
Type domain.Event is not enhanced.

[2022-03-29 12:03:29 #6 type] 
Type domain.Bet is not enhanced.

[2022-03-29 12:03:29 #7 type] 
Type domain.User is not enhanced.

[2022-03-29 12:03:29 #8 type] 
Type domain.Transaction is not enhanced.

------------------------------------------------------------------------------------------------------------------------

[2022-03-29 12:03:46 #1 store] 
Database 'D:\git\Bet21\Bets21\src\main\resources\bets.temp' is opened by 8984@LAPTOP-PFPBTTRT

[2022-03-29 12:03:46 #2 type] 
Type domain.Question is not enhanced.

[2022-03-29 12:03:46 #3 type] 
Type domain.Cuote is not enhanced.

[2022-03-29 12:03:46 #4 type] 
Type domain.Event is not enhanced.

[2022-03-29 12:03:46 #5 type] 
Type domain.Bet is not enhanced.

[2022-03-29 12:03:46 #6 type] 
Type domain.User is not enhanced.

[2022-03-29 12:03:46 #7 type] 
Type domain.Transaction is not enhanced.

------------------------------------------------------------------------------------------------------------------------

[2022-03-29 12:05:34 #1 store] 
Database 'D:\git\Bet21\Bets21\src\main\resources\bets.temp' is opened by 11728@LAPTOP-PFPBTTRT

[2022-03-29 12:05:35 #2 type] 
Type domain.Question is not enhanced.

[2022-03-29 12:05:35 #3 type] 
Type domain.Cuote is not enhanced.

[2022-03-29 12:05:35 #4 type] 
Type domain.Event is not enhanced.

[2022-03-29 12:05:35 #5 type] 
Type domain.Bet is not enhanced.

[2022-03-29 12:05:35 #6 type] 
Type domain.User is not enhanced.

[2022-03-29 12:05:35 #7 type] 
Type domain.Transaction is not enhanced.

------------------------------------------------------------------------------------------------------------------------

[2022-03-29 12:07:38 #1 store] 
Database 'D:\git\Bet21\Bets21\src\main\resources\bets.temp' is opened by 6900@LAPTOP-PFPBTTRT

[2022-03-29 12:07:38 #2 type] 
Type domain.Question is not enhanced.

[2022-03-29 12:07:38 #3 type] 
Type domain.Cuote is not enhanced.

[2022-03-29 12:07:38 #4 type] 
Type domain.Event is not enhanced.

[2022-03-29 12:07:38 #5 type] 
Type domain.Bet is not enhanced.

[2022-03-29 12:07:38 #6 type] 
Type domain.User is not enhanced.

[2022-03-29 12:07:38 #7 type] 
Type domain.Transaction is not enhanced.

------------------------------------------------------------------------------------------------------------------------

[2022-03-29 12:09:41 #1 store] 
Database 'D:\git\Bet21\Bets21\src\main\resources\bets.temp' is opened by 1744@LAPTOP-PFPBTTRT

[2022-03-29 12:09:41 #2 type] 
Type domain.Question is not enhanced.

[2022-03-29 12:09:41 #3 type] 
Type domain.Cuote is not enhanced.

[2022-03-29 12:09:41 #4 type] 
Type domain.Event is not enhanced.

[2022-03-29 12:09:41 #5 type] 
Type domain.Bet is not enhanced.

[2022-03-29 12:09:41 #6 type] 
Type domain.User is not enhanced.

[2022-03-29 12:09:41 #7 type] 
Type domain.Transaction is not enhanced.

------------------------------------------------------------------------------------------------------------------------

[2022-03-29 12:10:26 #1 store] 
Database 'D:\git\Bet21\Bets21\src\main\resources\bets.temp' has been recovered (tr. 24-25)

[2022-03-29 12:10:26 #2 store] 
Database 'D:\git\Bet21\Bets21\src\main\resources\bets.temp' is opened by 4916@LAPTOP-PFPBTTRT

[2022-03-29 12:10:26 #3 type] 
Type domain.Question is not enhanced.

[2022-03-29 12:10:26 #4 type] 
Type domain.Cuote is not enhanced.

[2022-03-29 12:10:26 #5 type] 
Type domain.Event is not enhanced.

[2022-03-29 12:10:26 #6 type] 
Type domain.Bet is not enhanced.

[2022-03-29 12:10:26 #7 type] 
Type domain.User is not enhanced.

[2022-03-29 12:10:26 #8 type] 
Type domain.Transaction is not enhanced.

------------------------------------------------------------------------------------------------------------------------

[2022-03-29 12:10:53 #1 store] 
Database 'D:\git\Bet21\Bets21\src\main\resources\bets.temp' is opened by 1508@LAPTOP-PFPBTTRT

[2022-03-29 12:10:54 #2 type] 
Type domain.Question is not enhanced.

[2022-03-29 12:10:54 #3 type] 
Type domain.Cuote is not enhanced.

[2022-03-29 12:10:54 #4 type] 
Type domain.Event is not enhanced.

[2022-03-29 12:10:54 #5 type] 
Type domain.Bet is not enhanced.

[2022-03-29 12:10:54 #6 type] 
Type domain.User is not enhanced.

[2022-03-29 12:10:54 #7 type] 
Type domain.Transaction is not enhanced.

