------------------------------------------------------------------------------------------------------------------------

[2022-05-03 11:46:20 #1 store] 
Database 'C:\Users\alejo\git\Bet21_3iterazioa\Bets21\src\main\resources\bets.temp' is opened by 5332@LAPTOP-PFPBTTRT

[2022-05-03 11:46:20 #2 type.registry] 
New type domain.Question

[2022-05-03 11:46:20 #3 type] 
Type domain.Question is not enhanced.

[2022-05-03 11:46:20 #4 type.registry] 
New type domain.Cuote

[2022-05-03 11:46:20 #5 type.registry] 
New type java.util.ArrayList<domain.Cuote>

[2022-05-03 11:46:20 #6 type.registry] 
New type domain.Event

[2022-05-03 11:46:20 #7 type] 
Type domain.Cuote is not enhanced.

[2022-05-03 11:46:20 #8 type.registry] 
New type domain.Bet

[2022-05-03 11:46:20 #9 type.registry] 
New type java.util.ArrayList<domain.Bet>

[2022-05-03 11:46:20 #10 type] 
Type domain.Event is not enhanced.

[2022-05-03 11:46:20 #11 type.registry] 
New type java.util.Vector<domain.Question>

[2022-05-03 11:46:20 #12 type] 
Type domain.Bet is not enhanced.

[2022-05-03 11:46:20 #13 type.registry] 
New type domain.User

[2022-05-03 11:46:20 #14 type] 
Type domain.User is not enhanced.

[2022-05-03 11:46:20 #15 type.registry] 
New type domain.NormalUser

[2022-05-03 11:46:20 #16 type] 
Type domain.NormalUser is not enhanced.

[2022-05-03 11:46:20 #17 type.registry] 
New type domain.Transaction

[2022-05-03 11:46:20 #18 type.registry] 
New type java.util.ArrayList<domain.Transaction>

[2022-05-03 11:46:20 #19 type] 
Type domain.Transaction is not enhanced.

[2022-05-03 11:46:20 #20 type.registry] 
New type domain.Admin

[2022-05-03 11:46:20 #21 type] 
Type domain.Admin is not enhanced.

[2022-05-03 11:46:20 #22 type.registry] 
New type java.util.ArrayList<java.lang.Object>

[2022-05-03 11:46:20 #23 type.registry] 
New type java.util.Vector<java.lang.Object>

------------------------------------------------------------------------------------------------------------------------

[2022-05-03 11:47:00 #1 store] 
Database 'C:\Users\alejo\git\Bet21_3iterazioa\Bets21\src\main\resources\bets.temp' is opened by 3692@LAPTOP-PFPBTTRT

[2022-05-03 11:47:00 #2 type.registry] 
New type domain.Question

[2022-05-03 11:47:00 #3 type] 
Type domain.Question is not enhanced.

[2022-05-03 11:47:00 #4 type.registry] 
New type domain.Cuote

[2022-05-03 11:47:00 #5 type.registry] 
New type java.util.ArrayList<domain.Cuote>

[2022-05-03 11:47:00 #6 type.registry] 
New type domain.Event

[2022-05-03 11:47:00 #7 type] 
Type domain.Cuote is not enhanced.

[2022-05-03 11:47:00 #8 type.registry] 
New type domain.Bet

[2022-05-03 11:47:00 #9 type.registry] 
New type java.util.ArrayList<domain.Bet>

[2022-05-03 11:47:00 #10 type] 
Type domain.Event is not enhanced.

[2022-05-03 11:47:00 #11 type.registry] 
New type java.util.Vector<domain.Question>

[2022-05-03 11:47:00 #12 type] 
Type domain.Bet is not enhanced.

[2022-05-03 11:47:00 #13 type.registry] 
New type domain.User

[2022-05-03 11:47:00 #14 type] 
Type domain.User is not enhanced.

[2022-05-03 11:47:00 #15 type.registry] 
New type domain.NormalUser

[2022-05-03 11:47:00 #16 type] 
Type domain.NormalUser is not enhanced.

[2022-05-03 11:47:00 #17 type.registry] 
New type domain.Transaction

[2022-05-03 11:47:00 #18 type.registry] 
New type java.util.ArrayList<domain.Transaction>

[2022-05-03 11:47:00 #19 type] 
Type domain.Transaction is not enhanced.

[2022-05-03 11:47:00 #20 type.registry] 
New type domain.Admin

[2022-05-03 11:47:00 #21 type] 
Type domain.Admin is not enhanced.

[2022-05-03 11:47:01 #22 type.registry] 
New type java.util.ArrayList<java.lang.Object>

[2022-05-03 11:47:01 #23 type.registry] 
New type java.util.Vector<java.lang.Object>

------------------------------------------------------------------------------------------------------------------------

[2022-05-03 11:49:07 #1 store] 
Database 'C:\Users\alejo\git\Bet21_3iterazioa\Bets21\src\main\resources\bets.temp' is opened by 12192@LAPTOP-PFPBTTRT

[2022-05-03 11:49:07 #2 type.registry] 
New type domain.Question

[2022-05-03 11:49:07 #3 type] 
Type domain.Question is not enhanced.

[2022-05-03 11:49:07 #4 type.registry] 
New type domain.Cuote

[2022-05-03 11:49:07 #5 type.registry] 
New type java.util.ArrayList<domain.Cuote>

[2022-05-03 11:49:07 #6 type.registry] 
New type domain.Event

[2022-05-03 11:49:07 #7 type] 
Type domain.Cuote is not enhanced.

[2022-05-03 11:49:07 #8 type.registry] 
New type domain.Bet

[2022-05-03 11:49:07 #9 type.registry] 
New type java.util.ArrayList<domain.Bet>

[2022-05-03 11:49:07 #10 type] 
Type domain.Event is not enhanced.

[2022-05-03 11:49:07 #11 type.registry] 
New type java.util.Vector<domain.Question>

[2022-05-03 11:49:07 #12 type] 
Type domain.Bet is not enhanced.

[2022-05-03 11:49:07 #13 type.registry] 
New type domain.User

[2022-05-03 11:49:07 #14 type] 
Type domain.User is not enhanced.

[2022-05-03 11:49:07 #15 type.registry] 
New type domain.NormalUser

[2022-05-03 11:49:07 #16 type] 
Type domain.NormalUser is not enhanced.

[2022-05-03 11:49:07 #17 type.registry] 
New type domain.Transaction

[2022-05-03 11:49:07 #18 type.registry] 
New type java.util.ArrayList<domain.Transaction>

[2022-05-03 11:49:07 #19 type] 
Type domain.Transaction is not enhanced.

[2022-05-03 11:49:07 #20 type.registry] 
New type domain.Admin

[2022-05-03 11:49:07 #21 type] 
Type domain.Admin is not enhanced.

[2022-05-03 11:49:07 #22 type.registry] 
New type java.util.ArrayList<java.lang.Object>

[2022-05-03 11:49:07 #23 type.registry] 
New type java.util.Vector<java.lang.Object>

------------------------------------------------------------------------------------------------------------------------

[2022-05-03 11:55:18 #1 store] 
Database 'C:\Users\alejo\git\Bet21_3iterazioa\Bets21\src\main\resources\bets.temp' is opened by 6296@LAPTOP-PFPBTTRT

[2022-05-03 11:55:18 #2 type.registry] 
New type domain.Question

[2022-05-03 11:55:18 #3 type] 
Type domain.Question is not enhanced.

[2022-05-03 11:55:18 #4 type.registry] 
New type domain.Cuote

[2022-05-03 11:55:18 #5 type.registry] 
New type java.util.ArrayList<domain.Cuote>

[2022-05-03 11:55:18 #6 type.registry] 
New type domain.Event

[2022-05-03 11:55:18 #7 type] 
Type domain.Cuote is not enhanced.

[2022-05-03 11:55:18 #8 type.registry] 
New type domain.Bet

[2022-05-03 11:55:18 #9 type.registry] 
New type java.util.ArrayList<domain.Bet>

[2022-05-03 11:55:18 #10 type] 
Type domain.Event is not enhanced.

[2022-05-03 11:55:18 #11 type.registry] 
New type java.util.Vector<domain.Question>

[2022-05-03 11:55:18 #12 type] 
Type domain.Bet is not enhanced.

[2022-05-03 11:55:18 #13 type.registry] 
New type domain.User

[2022-05-03 11:55:18 #14 type] 
Type domain.User is not enhanced.

[2022-05-03 11:55:18 #15 type.registry] 
New type domain.NormalUser

[2022-05-03 11:55:18 #16 type] 
Type domain.NormalUser is not enhanced.

[2022-05-03 11:55:18 #17 type.registry] 
New type domain.Transaction

[2022-05-03 11:55:18 #18 type.registry] 
New type java.util.ArrayList<domain.Transaction>

[2022-05-03 11:55:18 #19 type] 
Type domain.Transaction is not enhanced.

[2022-05-03 11:55:18 #20 type.registry] 
New type domain.Admin

[2022-05-03 11:55:18 #21 type] 
Type domain.Admin is not enhanced.

[2022-05-03 11:55:18 #22 type.registry] 
New type java.util.ArrayList<java.lang.Object>

[2022-05-03 11:55:18 #23 type.registry] 
New type java.util.Vector<java.lang.Object>

------------------------------------------------------------------------------------------------------------------------

[2022-05-03 23:41:03 #1 store] 
Database 'C:\Users\alejo\git\Bet21_3iterazioa\Bets21\src\main\resources\bets.temp' is opened by 14240@LAPTOP-PFPBTTRT

[2022-05-03 23:41:04 #2 type.registry] 
New type domain.Question

[2022-05-03 23:41:04 #3 type] 
Type domain.Question is not enhanced.

[2022-05-03 23:41:04 #4 type.registry] 
New type domain.Cuote

[2022-05-03 23:41:04 #5 type.registry] 
New type java.util.ArrayList<domain.Cuote>

[2022-05-03 23:41:04 #6 type.registry] 
New type domain.Event

[2022-05-03 23:41:04 #7 type] 
Type domain.Cuote is not enhanced.

[2022-05-03 23:41:04 #8 type.registry] 
New type domain.Bet

[2022-05-03 23:41:04 #9 type.registry] 
New type java.util.ArrayList<domain.Bet>

[2022-05-03 23:41:04 #10 type] 
Type domain.Event is not enhanced.

[2022-05-03 23:41:04 #11 type.registry] 
New type java.util.Vector<domain.Question>

[2022-05-03 23:41:04 #12 type] 
Type domain.Bet is not enhanced.

[2022-05-03 23:41:04 #13 type.registry] 
New type domain.User

[2022-05-03 23:41:04 #14 type] 
Type domain.User is not enhanced.

[2022-05-03 23:41:04 #15 type.registry] 
New type domain.NormalUser

[2022-05-03 23:41:04 #16 type] 
Type domain.NormalUser is not enhanced.

[2022-05-03 23:41:04 #17 type.registry] 
New type domain.Transaction

[2022-05-03 23:41:04 #18 type.registry] 
New type java.util.ArrayList<domain.Transaction>

[2022-05-03 23:41:04 #19 type] 
Type domain.Transaction is not enhanced.

[2022-05-03 23:41:04 #20 type.registry] 
New type domain.Admin

[2022-05-03 23:41:04 #21 type] 
Type domain.Admin is not enhanced.

[2022-05-03 23:41:04 #22 type.registry] 
New type java.util.ArrayList<java.lang.Object>

[2022-05-03 23:41:04 #23 type.registry] 
New type java.util.Vector<java.lang.Object>

